NF-GYPSY-228_1#CLASSI/LTR/GYPSY	ltr-1_family-33#LTR/Gypsy	97.913	3067	46	13	1086	4135	567	3632	0.0	5330
NF-GYPSY-228_1#CLASSI/LTR/GYPSY	ltr-1_family-32#LTR/Unknown	98.689	305	3	1	6719	7022	1	305	4.53e-154	542
NF-GYPSY-228_1#CLASSI/LTR/GYPSY	ltr-1_family-71#LTR/Gypsy	74.823	282	57	12	5708	5982	6458	6732	1.17e-25	115
NF-GYPSY-228_1#CLASSI/LTR/GYPSY	rnd-5_family-15326#Unknown	100.000	51	0	0	6719	6769	1	51	1.52e-19	95.3
NF-HELITRON-24_1#CLASSII/HELITRON	rnd-1_family-145#RC/Helitron	99.859	1422	2	0	423	1844	1422	1	0.0	2615
NF-HELITRON-24_1#CLASSII/HELITRON	rnd-1_family-162#RC/Helitron	99.328	595	3	1	1600	2193	1	595	0.0	1075
NF-HELITRON-24_1#CLASSII/HELITRON	rnd-1_family-135#RC/Helitron	99.492	591	3	0	344	934	3	593	0.0	1075
NF-HELITRON-24_1#CLASSII/HELITRON	rnd-4_family-691#RC/Helitron	92.399	592	36	5	1611	2193	1	592	0.0	865
NF-HELITRON-24_1#CLASSII/HELITRON	rnd-1_family-147#Unknown	88.732	213	11	5	202	412	204	3	2.65e-67	252
NF-HELITRON-24_1#CLASSII/HELITRON	rnd-1_family-323#RC/Helitron	99.180	122	0	1	1939	2059	1	122	2.69e-57	219
NF-HELITRON-24_1#CLASSII/HELITRON	rnd-1_family-438#RC/Helitron	100.000	68	0	0	1735	1802	68	1	1.68e-29	126
NF-HELITRON-24_2#CLASSII/HELITRON	rnd-1_family-162#RC/Helitron	99.234	1566	8	1	261	1822	1566	1	0.0	2822
NF-HELITRON-24_2#CLASSII/HELITRON	rnd-1_family-145#RC/Helitron	99.226	1422	7	1	1582	2999	1	1422	0.0	2562
NF-HELITRON-24_2#CLASSII/HELITRON	rnd-4_family-691#RC/Helitron	89.352	911	65	21	925	1811	903	1	0.0	1164
NF-HELITRON-24_2#CLASSII/HELITRON	rnd-1_family-135#RC/Helitron	99.494	593	3	0	2488	3080	593	1	0.0	1079
NF-HELITRON-24_2#CLASSII/HELITRON	rnd-1_family-229#RC/Helitron	98.893	271	2	1	1	270	271	1	1.37e-136	483
NF-HELITRON-24_2#CLASSII/HELITRON	rnd-1_family-147#Unknown	91.617	167	12	1	3073	3237	1	167	1.53e-61	233
NF-HELITRON-24_2#CLASSII/HELITRON	rnd-1_family-323#RC/Helitron	99.180	122	1	0	1366	1487	122	1	1.19e-57	220
NF-HELITRON-24_2#CLASSII/HELITRON	rnd-1_family-438#RC/Helitron	100.000	71	0	0	1624	1694	1	71	5.73e-31	132
NF-LINE-6_1#CLASSI/LINE	rnd-5_family-6362#LINE/R1	90.426	1880	138	9	40	1878	172	2050	0.0	2503
NF-LINE-6_1#CLASSI/LINE	rnd-1_family-314#LINE/R1	75.896	1004	231	11	1882	2881	1	997	4.68e-163	571
NF-LINE-6_1#CLASSI/LINE	rnd-5_family-6361#LINE/R1	88.514	296	34	0	3317	3612	308	13	1.83e-102	370
Jockey-8_DF_1#CLASSI/LINE/JOCKEY	rnd-1_family-412#LINE/I-Jockey	95.222	586	28	0	110	695	1	586	0.0	928
Jockey-8_DF_1#CLASSI/LINE/JOCKEY	rnd-1_family-473#LINE/I-Jockey	91.667	432	10	4	972	1377	125	556	2.41e-165	577
Jockey-8_DF_1#CLASSI/LINE/JOCKEY	rnd-1_family-366#LINE/I-Jockey	94.180	378	16	1	1	372	412	789	1.12e-163	571
Jockey-8_DF_1#CLASSI/LINE/JOCKEY	rnd-1_family-454#LINE/I-Jockey	92.098	367	22	3	609	968	1	367	2.48e-145	510
Jockey-8_DF_1#CLASSI/LINE/JOCKEY	rnd-1_family-297#LINE/I-Jockey	97.696	217	4	1	1162	1377	1	217	1.22e-103	372
NF-LINE-43_1#CLASSI/LINE	rnd-1_family-384#LINE/R1	87.980	391	47	0	532	922	1	391	5.31e-135	477
NF-LINE-43_1#CLASSI/LINE	rnd-1_family-576#LINE/R1	93.548	93	6	0	2441	2533	1	93	7.92e-34	141
NF-LINE-43_1#CLASSI/LINE	rnd-1_family-548#LINE/R1	92.157	51	4	0	266	316	1	51	8.15e-14	75.0
NF-JOCKEY-6_1#CLASSI/LINE/JOCKEY	rnd-5_family-2241#LINE/I-Jockey	91.820	2384	148	19	193	2530	3	2385	0.0	3330
NF-LINE-38_1#CLASSI/LINE	rnd-5_family-1880#LINE/R1	80.989	647	79	30	2172	2814	1	607	3.54e-147	518
NF-LINE-38_1#CLASSI/LINE	rnd-5_family-11052#LINE/R1	95.210	167	8	0	1562	1728	1	167	1.09e-72	270
NF-LINE-38_1#CLASSI/LINE	rnd-1_family-10#Unknown	96.471	85	3	0	398	482	172	88	8.95e-34	141
NF-LINE-38_1#CLASSI/LINE	rnd-5_family-13402#LINE/R1	79.167	120	19	4	2048	2167	1	114	1.98e-15	80.5
NF-GYPSY-131_1#CLASSI/LTR/GYPSY	rnd-5_family-82#LTR/Gypsy	100.000	5120	0	0	1	5120	37	5156	0.0	9455
NF-HELITRON-113_1#CLASSII/HELITRON	rnd-3_family-20#RC/Helitron	97.598	458	6	4	1	453	479	22	0.0	782
NF-HELITRON-113_1#CLASSII/HELITRON	rnd-5_family-946#RC/Helitron	97.357	454	8	2	1	453	1026	1476	0.0	771
NF-HELITRON-113_1#CLASSII/HELITRON	rnd-6_family-258#RC/Helitron	96.739	460	9	3	1	454	639	180	0.0	763
NF-HELITRON-113_1#CLASSII/HELITRON	rnd-3_family-11#RC/Helitron	96.522	460	9	3	1	454	1382	924	0.0	758
NF-HELITRON-113_1#CLASSII/HELITRON	ltr-1_family-71#LTR/Gypsy	97.111	450	12	1	2	450	4723	5172	0.0	758
NF-HELITRON-113_1#CLASSII/HELITRON	rnd-6_family-373#LINE/CR1	96.689	453	11	3	2	450	493	41	0.0	756
NF-HELITRON-113_1#CLASSII/HELITRON	rnd-1_family-5#RC/Helitron	96.312	461	8	5	2	453	1684	1224	0.0	749
NF-HELITRON-113_1#CLASSII/HELITRON	rnd-1_family-10#Unknown	98.131	428	7	1	27	453	855	428	0.0	745
NF-HELITRON-113_1#CLASSII/HELITRON	rnd-2_family-26#RC/Helitron	95.887	462	7	5	1	450	464	3	0.0	741
NF-HELITRON-113_1#CLASSII/HELITRON	ltr-1_family-33#LTR/Gypsy	95.879	461	10	5	2	453	3950	4410	0.0	737
NF-HELITRON-113_1#CLASSII/HELITRON	rnd-1_family-6#RC/Helitron	95.075	467	8	9	2	453	467	1	0.0	728
NF-HELITRON-113_1#CLASSII/HELITRON	ltr-1_family-4#LTR/Gypsy	94.647	467	11	7	1	453	3789	4255	0.0	717
NF-HELITRON-113_1#CLASSII/HELITRON	rnd-4_family-26#RC/Helitron	94.635	466	7	9	2	449	466	1	0.0	710
NF-HELITRON-113_1#CLASSII/HELITRON	ltr-1_family-95#LTR/Gypsy	93.528	479	14	4	2	463	7784	7306	0.0	697
NF-HELITRON-113_1#CLASSII/HELITRON	ltr-1_family-70#LTR/Pao	92.887	478	10	9	2	455	2249	2726	0.0	680
NF-HELITRON-113_1#CLASSII/HELITRON	ltr-1_family-56#LTR/Gypsy	93.162	468	10	8	2	457	4107	4564	0.0	667
NF-HELITRON-113_1#CLASSII/HELITRON	ltr-1_family-73#LTR/Pao	88.535	471	21	19	2	453	6144	6600	1.34e-154	540
NF-HELITRON-113_1#CLASSII/HELITRON	rnd-1_family-7#Unknown	97.712	306	6	1	1	305	1525	1830	1.05e-150	527
NF-HELITRON-113_1#CLASSII/HELITRON	rnd-1_family-8#Unknown	97.712	306	6	1	1	305	1164	1469	1.05e-150	527
NF-HELITRON-113_1#CLASSII/HELITRON	ltr-1_family-5#LTR/Gypsy	89.947	378	22	6	81	453	3125	2759	1.38e-134	473
NF-HELITRON-113_1#CLASSII/HELITRON	rnd-1_family-13#RC/Helitron	94.667	300	3	9	167	453	761	462	1.80e-128	453
NF-HELITRON-113_1#CLASSII/HELITRON	rnd-1_family-1#RC/Helitron	97.984	248	4	1	208	454	585	338	3.03e-121	429
NF-HELITRON-113_1#CLASSII/HELITRON	rnd-1_family-15#RC/Helitron	96.500	200	2	3	255	453	434	239	1.14e-90	327
NF-HELITRON-113_1#CLASSII/HELITRON	rnd-1_family-17#RC/Helitron	97.143	175	4	1	280	453	175	1	1.15e-80	294
NF-HELITRON-113_1#CLASSII/HELITRON	rnd-1_family-18#RC/Helitron	96.571	175	5	1	280	453	175	1	5.37e-79	289
NF-HELITRON-113_1#CLASSII/HELITRON	rnd-1_family-16#RC/Helitron	97.546	163	4	0	291	453	322	160	3.23e-76	279
NF-HELITRON-113_1#CLASSII/HELITRON	rnd-1_family-12#RC/Helitron	95.977	174	2	3	166	338	170	1	1.16e-75	278
NF-HELITRON-113_1#CLASSII/HELITRON	rnd-1_family-57#Unknown	100.000	77	0	0	485	561	1	77	4.43e-35	143
NF-HELITRON-113_1#CLASSII/HELITRON	rnd-1_family-27#DNA/P	97.531	81	1	1	279	358	537	457	2.06e-33	137
NF-HELITRON-113_1#CLASSII/HELITRON	rnd-1_family-9#DNA/hAT-hobo	97.436	78	2	0	2	79	3564	3641	2.66e-32	134
NF-HELITRON-113_1#CLASSII/HELITRON	rnd-1_family-11#DNA/hAT-hobo	97.436	78	2	0	2	79	940	1017	2.66e-32	134
NF-HELITRON-113_1#CLASSII/HELITRON	rnd-1_family-3#Unknown	96.154	78	3	0	2	79	1971	2048	9.58e-32	132
NF-HELITRON-113_1#CLASSII/HELITRON	rnd-1_family-104#DNA/hAT-Charlie	100.000	69	0	0	501	569	14	82	1.24e-30	128
NF-HELITRON-113_1#CLASSII/HELITRON	rnd-1_family-130#LINE/R1-LOA	100.000	46	0	0	524	569	1	46	7.57e-18	86.1
NF-LTR-106_1#CLASSI/LTR	rnd-1_family-591#Unknown	93.662	426	14	7	5	417	1	426	0.0	627
NF-LTR-106_1#CLASSI/LTR	rnd-1_family-243#LTR/Pao	98.000	50	1	0	368	417	1719	1670	1.45e-18	87.9
Copia-2_DPer_1#CLASSI/LTR/COPIA	ltr-1_family-51#LTR/Copia	99.901	4044	3	1	256	4298	1	4044	0.0	7444
Copia-2_DPer_1#CLASSI/LTR/COPIA	ltr-1_family-90#LTR	97.857	3687	47	15	618	4298	10879	14539	0.0	6342
Copia-2_DPer_1#CLASSI/LTR/COPIA	ltr-1_family-89#LTR/Unknown	100.000	255	0	0	1	255	255	1	3.89e-133	472
Copia-2_DPer_1#CLASSI/LTR/COPIA	ltr-1_family-50#LTR/Unknown	100.000	255	0	0	1	255	4	258	3.89e-133	472
Copia-2_DPer_2#CLASSI/LTR/COPIA	ltr-1_family-51#LTR/Copia	100.000	499	0	0	1	499	3546	4044	0.0	922
Copia-2_DPer_2#CLASSI/LTR/COPIA	ltr-1_family-90#LTR	99.800	500	0	1	1	499	14040	14539	0.0	917
Copia-2_DPer_2#CLASSI/LTR/COPIA	ltr-1_family-89#LTR/Unknown	100.000	258	0	0	500	757	258	1	1.38e-135	477
Copia-2_DPer_2#CLASSI/LTR/COPIA	ltr-1_family-50#LTR/Unknown	100.000	258	0	0	500	757	1	258	1.38e-135	477
BEL-3_DPer_1#CLASSI/LTR/BELPAO	ltr-1_family-75#LTR/Pao	97.314	5585	112	13	327	5899	1	5559	0.0	9448
BEL-3_DPer_1#CLASSI/LTR/BELPAO	rnd-1_family-134#LTR/Pao	81.047	955	175	6	4604	5555	3	954	0.0	880
BEL-3_DPer_1#CLASSI/LTR/BELPAO	ltr-1_family-74#LTR/Unknown	96.373	386	13	1	5900	6285	1	385	0.0	640
BEL-3_DPer_1#CLASSI/LTR/BELPAO	rnd-1_family-183#LTR/Pao	78.925	707	142	7	4604	5306	3	706	3.09e-165	579
BEL-3_DPer_1#CLASSI/LTR/BELPAO	rnd-1_family-204#LTR/Pao	84.488	303	47	0	4912	5214	1	303	1.23e-89	327
LOA-1_DPer_1#CLASSI/LINE/LOA	rnd-4_family-692#LINE/R1-LOA	97.325	5272	139	2	2	5271	1	5272	0.0	8988
LOA-1_DPer_1#CLASSI/LINE/LOA	rnd-6_family-282#LINE/R1-LOA	93.079	4609	273	21	918	5513	1	4576	0.0	6885
LOA-1_DPer_1#CLASSI/LINE/LOA	rnd-1_family-64#LINE/R1-LOA	95.029	2977	144	2	535	3507	1	2977	0.0	4734
LOA-1_DPer_1#CLASSI/LINE/LOA	rnd-5_family-4300#LINE/R1-LOA	97.624	2694	60	3	165	2854	3	2696	0.0	4639
LOA-1_DPer_1#CLASSI/LINE/LOA	rnd-1_family-41#LINE/R1-LOA	95.052	2769	125	9	2718	5476	1	2767	0.0	4388
LOA-1_DPer_1#CLASSI/LINE/LOA	rnd-1_family-62#LINE/R1-LOA	94.538	2087	112	2	2002	4086	1	2087	0.0	3269
LOA-1_DPer_1#CLASSI/LINE/LOA	rnd-1_family-43#LINE/R1-LOA	94.808	2003	104	0	3511	5513	1	2003	0.0	3168
LOA-1_DPer_1#CLASSI/LINE/LOA	rnd-1_family-239#LINE/R1-LOA	94.421	1452	80	1	247	1698	1	1451	0.0	2254
LOA-1_DPer_1#CLASSI/LINE/LOA	rnd-1_family-282#LINE/R1-LOA	96.159	781	30	0	1	781	2	782	0.0	1284
LOA-1_DPer_1#CLASSI/LINE/LOA	rnd-1_family-228#LINE/R1-LOA	93.770	305	19	0	5097	5401	1	305	6.11e-132	468
LOA-1_DPer_1#CLASSI/LINE/LOA	rnd-1_family-79#LTR/Pao	94.093	237	14	0	3926	4162	15	251	1.07e-99	361
LOA-1_DPer_1#CLASSI/LINE/LOA	rnd-1_family-247#LINE/R1-LOA	92.735	234	17	0	5168	5401	1	234	2.99e-95	346
LOA-1_DPer_1#CLASSI/LINE/LOA	rnd-1_family-130#LINE/R1-LOA	92.857	182	12	1	3416	3596	49	230	1.85e-72	270
LOA-1_DPer_1#CLASSI/LINE/LOA	rnd-1_family-472#LINE/R1-LOA	93.452	168	11	0	1312	1479	1	168	5.18e-68	255
LOA-1_DPer_1#CLASSI/LINE/LOA	rnd-1_family-400#LINE/R1-LOA	95.062	81	4	0	3516	3596	1	81	3.28e-30	130
LOA-1_DPer_1#CLASSI/LINE/LOA	rnd-1_family-429#LINE/R1-LOA	94.286	70	4	0	2572	2641	254	323	3.30e-25	113
BEL-8_DPe_1#CLASSI/LTR/BELPAO	ltr-1_family-16#LTR/Pao	98.733	2762	34	1	164	2924	954	3715	0.0	4957
BEL-8_DPe_1#CLASSI/LTR/BELPAO	rnd-1_family-39#LTR/Pao	85.904	3682	475	38	1429	5082	1	3666	0.0	4093
BEL-8_DPe_1#CLASSI/LTR/BELPAO	ltr-1_family-83#LTR/Pao	80.767	2844	516	25	468	3297	1115	3941	0.0	2193
BEL-8_DPe_1#CLASSI/LTR/BELPAO	rnd-6_family-1389#LTR/Pao	80.419	1527	244	43	468	1959	454	1960	0.0	1206
BEL-8_DPe_1#CLASSI/LTR/BELPAO	rnd-1_family-383#LTR/Pao	84.816	461	54	10	3260	3708	317	773	8.41e-131	464
BEL-8_DPe_1#CLASSI/LTR/BELPAO	ltr-1_family-15#LTR/Unknown	97.321	224	6	0	5636	5859	1	224	5.20e-108	388
Loa-1_DK_1#CLASSI/LINE/LOA	rnd-1_family-45#Unknown	93.921	3175	193	0	2219	5393	1	3175	0.0	4828
Loa-1_DK_1#CLASSI/LINE/LOA	rnd-1_family-94#LINE/R1-LOA	93.061	2277	154	3	942	3215	1	2276	0.0	3395
Loa-1_DK_1#CLASSI/LINE/LOA	rnd-1_family-98#LINE/R1-LOA	96.639	952	32	0	2386	3337	1	952	0.0	1583
Loa-1_DK_1#CLASSI/LINE/LOA	rnd-1_family-38#LINE/R1-LOA	78.123	1417	272	31	2714	4102	1258	2664	0.0	996
Loa-1_DK_1#CLASSI/LINE/LOA	rnd-1_family-270#LINE/R1-LOA	90.672	729	43	15	47	772	1	707	0.0	959
Loa-1_DK_1#CLASSI/LINE/LOA	rnd-1_family-322#LINE/R1-LOA	85.877	701	93	4	592	1291	1	696	0.0	769
Loa-1_DK_1#CLASSI/LINE/LOA	rnd-1_family-210#LINE/R1-LOA	90.625	224	21	0	2120	2343	1	224	1.38e-83	307
Loa-1_DK_1#CLASSI/LINE/LOA	rnd-1_family-41#LINE/R1-LOA	92.537	67	5	0	5327	5393	2744	2810	3.25e-20	97.1
BEL-2_DPer_1#CLASSI/LTR/BELPAO	ltr-1_family-119#LTR/Pao	99.674	2148	7	0	1	2148	2148	1	0.0	3928
BEL-2_DPer_1#CLASSI/LTR/BELPAO	rnd-1_family-591#Unknown	99.242	396	3	0	2156	2551	1	396	0.0	717
CR1-1_DPer_1#CLASSI/LINE/CR1	rnd-4_family-32#LINE/CR1	97.663	3722	81	1	824	4539	1	3722	0.0	6399
CR1-1_DPer_1#CLASSI/LINE/CR1	rnd-1_family-35#LINE/CR1	98.820	2882	32	2	1662	4543	1	2880	0.0	5132
CR1-1_DPer_1#CLASSI/LINE/CR1	rnd-1_family-58#LINE/CR1	98.088	2825	52	2	93	2916	1	2824	0.0	4920
CR1-1_DPer_1#CLASSI/LINE/CR1	rnd-1_family-65#LINE/CR1	98.992	1884	18	1	2351	4233	1	1884	0.0	3374
CR1-1_DPer_1#CLASSI/LINE/CR1	rnd-1_family-76#LINE/CR1	98.640	1250	17	0	2984	4233	1	1250	0.0	2217
CR1-1_DPer_1#CLASSI/LINE/CR1	rnd-1_family-80#LINE/CR1	98.557	1247	18	0	2987	4233	1	1247	0.0	2206
CR1-1_DPer_1#CLASSI/LINE/CR1	rnd-5_family-13991#LINE/CR1	97.271	1136	20	4	2804	3937	488	1614	0.0	1921
CR1-1_DPer_1#CLASSI/LINE/CR1	rnd-6_family-333#LINE/CR1	95.485	1196	43	5	3350	4542	16	1203	0.0	1917
CR1-1_DPer_1#CLASSI/LINE/CR1	rnd-1_family-179#LINE/CR1	98.109	1005	18	1	1	1004	65	1069	0.0	1753
CR1-1_DPer_1#CLASSI/LINE/CR1	rnd-1_family-4#LINE/CR1	98.795	747	9	0	3797	4543	1	747	0.0	1330
CR1-1_DPer_1#CLASSI/LINE/CR1	rnd-1_family-267#LINE/CR1	99.351	616	4	0	2325	2940	1	616	0.0	1118
CR1-1_DPer_1#CLASSI/LINE/CR1	rnd-1_family-101#LINE/CR1	98.553	553	8	0	3781	4333	1	553	0.0	977
CR1-1_DPer_1#CLASSI/LINE/CR1	rnd-1_family-146#LINE/CR1	99.010	505	5	0	3299	3803	1	505	0.0	905
CR1-1_DPer_1#CLASSI/LINE/CR1	rnd-1_family-164#LINE/CR1	99.393	494	3	0	2441	2934	1	494	0.0	896
CR1-1_DPer_1#CLASSI/LINE/CR1	rnd-1_family-181#LINE/CR1	97.007	401	12	0	3808	4208	1	401	0.0	684
CR1-1_DPer_1#CLASSI/LINE/CR1	rnd-6_family-373#LINE/CR1	96.867	383	11	1	3385	3767	1700	2081	0.0	643
CR1-1_DPer_1#CLASSI/LINE/CR1	rnd-1_family-174#LINE/CR1	99.013	304	3	0	2801	3104	1	304	2.26e-155	545
CR1-1_DPer_1#CLASSI/LINE/CR1	rnd-1_family-388#LINE/CR1	98.734	237	3	0	1879	2115	1	237	1.10e-118	424
CR1-1_DPer_1#CLASSI/LINE/CR1	rnd-1_family-477#LINE/CR1	89.668	271	23	2	521	786	94	364	6.79e-101	364
CR1-1_DPer_1#CLASSI/LINE/CR1	rnd-1_family-501#LINE/CR1	99.005	201	2	0	1859	2059	1	201	2.44e-100	363
CR1-1_DPer_1#CLASSI/LINE/CR1	rnd-1_family-177#LINE/L2	94.180	189	11	0	3285	3473	1187	1375	2.51e-80	296
CR1-1_DPer_1#CLASSI/LINE/CR1	rnd-1_family-193#LINE/L2	94.406	143	8	0	3331	3473	7	149	7.19e-61	231
CR1-1_DPer_1#CLASSI/LINE/CR1	rnd-1_family-251#LINE/CR1	98.450	129	2	0	2976	3104	1	129	9.30e-60	228
CR1-1_DPer_1#CLASSI/LINE/CR1	rnd-1_family-83#LINE/CR1	99.107	112	1	0	2339	2450	298	409	5.64e-52	202
CR1-1_DPer_1#CLASSI/LINE/CR1	rnd-1_family-167#LINE/L2	94.118	119	7	0	3355	3473	327	445	3.39e-49	193
CR1-1_DPer_1#CLASSI/LINE/CR1	rnd-1_family-327#LINE/CR1	97.959	98	2	0	1403	1500	1	98	4.42e-43	172
Mariner-5_DAn_1#CLASSII/TIR/TC1MARINER	rnd-5_family-1664#DNA/TcMar-Tc1	92.515	1296	73	13	1	1277	6	1296	0.0	1893
Helitron-1_DPe_1#CLASSII/HELITRON	rnd-5_family-9076#RC/Helitron	95.978	5942	170	29	1002	6880	1	5936	0.0	9614
Helitron-1_DPe_1#CLASSII/HELITRON	rnd-1_family-417#Unknown	85.152	330	41	8	235	561	334	10	6.25e-93	339
Helitron-1_DPe_1#CLASSII/HELITRON	rnd-1_family-423#RC/Helitron	80.818	391	56	11	58	435	4	388	1.37e-79	294
Mariner-25_DF_1#CLASSII/TIR/TC1MARINER	rnd-5_family-14123#DNA/TcMar-Tc1	97.908	1434	12	2	127	1542	155	1588	0.0	2473
Mariner-9_DK_1#CLASSII/TIR/TC1MARINER	rnd-5_family-7960#DNA/TcMar-Tc1	99.887	1769	2	0	2	1770	1	1769	0.0	3256
Transib-2_DEl_1#CLASSII/TIR/TRANSIB	rnd-5_family-2432#DNA/CMC-Transib	100.000	854	0	0	1	854	1	854	0.0	1559
Transib-3_DAn_1#CLASSII/TIR/TRANSIB	rnd-5_family-2243#DNA/CMC-Transib	100.000	2414	0	0	1	2414	1	2414	0.0	4377
Kiri-2_DPer_1#CLASSI/LINE/L2	rnd-5_family-1665#Unknown	100.000	109	0	0	1018	1126	1	109	1.49e-52	202
Kiri-2_DPer_1#CLASSI/LINE/L2	rnd-1_family-518#Unknown	98.462	65	1	0	1129	1193	65	1	2.00e-26	115
NF-GYPSY-162_1#CLASSI/LTR/GYPSY	ltr-1_family-130#LTR/Gypsy	99.931	5812	0	2	340	6150	1	5809	0.0	10707
NF-GYPSY-162_1#CLASSI/LTR/GYPSY	ltr-1_family-118#LTR/Gypsy	81.051	2074	383	9	3676	5744	2748	4816	0.0	1648
NF-GYPSY-162_1#CLASSI/LTR/GYPSY	ltr-1_family-129#LTR/Unknown	99.443	359	2	0	7331	7689	1	359	0.0	652
Nobel_I_1#CLASSI/LTR/BELPAO	ltr-1_family-83#LTR/Pao	99.173	3384	19	4	1132	4514	566	3941	0.0	6085
Nobel_I_1#CLASSI/LTR/BELPAO	rnd-1_family-39#LTR/Pao	89.038	3731	387	16	2643	6355	1	3727	0.0	4817
Nobel_I_1#CLASSI/LTR/BELPAO	ltr-1_family-16#LTR/Pao	80.202	2470	460	23	1688	4141	1259	3715	0.0	1847
Nobel_I_1#CLASSI/LTR/BELPAO	rnd-6_family-1389#LTR/Pao	79.943	2114	326	61	1419	3454	173	2266	0.0	1576
Nobel_I_1#CLASSI/LTR/BELPAO	rnd-1_family-148#Unknown	92.743	937	41	9	574	1485	935	1	0.0	1347
Nobel_I_1#CLASSI/LTR/BELPAO	rnd-1_family-484#Unknown	94.656	524	23	4	366	885	523	1	0.0	824
Nobel_I_1#CLASSI/LTR/BELPAO	rnd-1_family-383#LTR/Pao	85.861	488	54	11	4450	4925	289	773	6.01e-148	521
Nobel_I_1#CLASSI/LTR/BELPAO	ltr-1_family-82#LTR/Unknown	94.444	324	10	5	1	317	2	324	1.31e-139	494
Nobel_I_1#CLASSI/LTR/BELPAO	rnd-1_family-2#DNA/CMC-Chapaev-3	90.558	233	13	6	6856	7081	1130	1360	2.37e-82	303
Nobel_I_1#CLASSI/LTR/BELPAO	rnd-1_family-312#Unknown	92.308	52	4	0	1052	1103	1	52	5.62e-14	76.8
NF-GYPSY-208_1#CLASSI/LTR/GYPSY	ltr-1_family-20#LTR/Gypsy	98.422	6339	34	22	405	6684	1	6332	0.0	11101
NF-GYPSY-208_1#CLASSI/LTR/GYPSY	ltr-1_family-48#LTR/Gypsy	98.107	1532	19	5	4625	6147	3571	5101	0.0	2660
NF-GYPSY-208_1#CLASSI/LTR/GYPSY	ltr-1_family-26#LTR/Gypsy	78.569	2921	579	38	3436	6327	3256	6158	0.0	1912
NF-GYPSY-208_1#CLASSI/LTR/GYPSY	rnd-1_family-202#LTR/Gypsy	91.772	474	25	1	3214	3673	1	474	0.0	671
NF-GYPSY-208_1#CLASSI/LTR/GYPSY	ltr-1_family-19#LTR/Unknown	93.240	429	4	1	1	404	33	461	4.22e-174	608
NF-GYPSY-208_1#CLASSI/LTR/GYPSY	ltr-1_family-47#LTR/Unknown	95.918	294	12	0	73	366	355	62	3.46e-135	479
NF-GYPSY-208_1#CLASSI/LTR/GYPSY	rnd-1_family-272#LTR/Gypsy	94.231	208	5	6	208	412	1041	838	1.33e-84	311
NF-GYPSY-208_1#CLASSI/LTR/GYPSY	rnd-1_family-306#Unknown	94.180	189	7	4	6555	6741	1	187	6.25e-78	289
NF-GYPSY-208_1#CLASSI/LTR/GYPSY	rnd-1_family-346#Unknown	91.720	157	6	6	257	407	1	156	3.87e-55	213
NF-GYPSY-208_1#CLASSI/LTR/GYPSY	rnd-1_family-510#LTR/Gypsy	90.909	110	9	1	1020	1128	83	192	2.38e-37	154
NF-GYPSY-208_1#CLASSI/LTR/GYPSY	rnd-1_family-432#Unknown	96.386	83	2	1	6623	6704	1	83	8.62e-32	135
NF-COPIA-29_1#CLASSI/LTR/COPIA	ltr-1_family-37#LTR/Copia	97.334	4126	61	19	206	4314	1	4094	0.0	6994
NF-COPIA-29_1#CLASSI/LTR/COPIA	rnd-1_family-9#DNA/hAT-hobo	99.107	336	2	1	4175	4510	2990	2656	1.31e-172	603
NF-COPIA-29_1#CLASSI/LTR/COPIA	rnd-1_family-11#DNA/hAT-hobo	99.107	336	2	1	4175	4510	366	32	1.31e-172	603
NF-COPIA-29_1#CLASSI/LTR/COPIA	rnd-1_family-453#Unknown	98.350	303	5	0	43	345	304	2	1.75e-151	532
NF-COPIA-29_1#CLASSI/LTR/COPIA	ltr-1_family-36#LTR/Unknown	98.537	205	2	1	1	205	2	205	8.72e-100	361
NF-BELPAO-84_1#CLASSI/LTR/BELPAO	ltr-1_family-41#LTR/Pao	99.695	5253	12	3	424	5675	80	5329	0.0	9609
NF-BELPAO-84_1#CLASSI/LTR/BELPAO	ltr-1_family-40#LTR/Unknown	100.000	276	0	0	1	276	2	277	1.08e-144	510
NF-BELPAO-113_1#CLASSI/LTR/BELPAO	ltr-1_family-53#LTR/Pao	83.246	2489	368	34	485	2948	1	2465	0.0	2242
NF-BELPAO-113_1#CLASSI/LTR/BELPAO	ltr-1_family-66#LTR/Pao	84.563	1328	189	14	540	1861	5579	4262	0.0	1303
NF-BELPAO-113_1#CLASSI/LTR/BELPAO	rnd-1_family-124#LTR/Pao	84.677	992	136	10	2108	3086	1	989	0.0	1050
NF-BELPAO-113_1#CLASSI/LTR/BELPAO	rnd-1_family-168#Unknown	96.701	485	13	3	2944	3425	485	1	0.0	809
NF-BELPAO-113_1#CLASSI/LTR/BELPAO	rnd-1_family-129#Unknown	96.250	480	15	3	2949	3425	480	1	0.0	789
NF-BELPAO-113_1#CLASSI/LTR/BELPAO	rnd-1_family-237#Unknown	97.161	317	6	3	2958	3271	317	1	3.69e-152	534
NF-BELPAO-113_1#CLASSI/LTR/BELPAO	rnd-1_family-48#LINE/R1	97.518	282	5	2	3146	3425	2087	1806	4.88e-136	481
NF-BELPAO-113_1#CLASSI/LTR/BELPAO	rnd-1_family-67#LINE/R1	97.509	281	6	1	3146	3425	1312	1032	1.75e-135	479
NF-BELPAO-113_1#CLASSI/LTR/BELPAO	ltr-1_family-52#LTR/Unknown	83.437	483	24	31	2949	3425	1	433	1.41e-111	399
NF-BELPAO-113_1#CLASSI/LTR/BELPAO	rnd-1_family-524#LTR/Pao	90.945	254	16	1	2697	2943	1	254	8.64e-94	340
NF-BELPAO-113_1#CLASSI/LTR/BELPAO	rnd-1_family-212#Unknown	95.238	105	5	0	3321	3425	105	1	1.55e-41	167
NF-BELPAO-113_1#CLASSI/LTR/BELPAO	rnd-1_family-187#DNA/TcMar-Mariner	100.000	72	0	0	2949	3020	72	1	1.57e-31	134
NF-BELPAO-113_1#CLASSI/LTR/BELPAO	rnd-1_family-309#Unknown	100.000	54	0	0	452	505	1	54	1.60e-21	100
NF-BELPAO-113_1#CLASSI/LTR/BELPAO	ltr-1_family-65#LTR/Unknown	94.595	37	2	0	2949	2985	1	37	2.71e-09	60.2
NF-BELPAO-44_1#CLASSI/LTR/BELPAO	ltr-1_family-66#LTR/Pao	99.982	5646	0	1	442	6086	1	5646	0.0	10419
NF-BELPAO-44_1#CLASSI/LTR/BELPAO	rnd-6_family-375#LTR/Pao	81.397	2290	378	34	462	2724	3860	1592	0.0	2025
NF-BELPAO-44_1#CLASSI/LTR/BELPAO	ltr-1_family-53#LTR/Pao	85.469	1280	167	16	4733	5999	1344	71	0.0	1317
NF-BELPAO-44_1#CLASSI/LTR/BELPAO	ltr-1_family-65#LTR/Unknown	99.773	441	1	0	1	441	441	1	0.0	811
NF-BELPAO-44_1#CLASSI/LTR/BELPAO	rnd-1_family-73#LTR/Pao	75.704	568	129	7	2972	3534	2379	1816	2.14e-87	320
NF-BELPAO-44_1#CLASSI/LTR/BELPAO	rnd-1_family-118#LTR/Pao	77.778	279	56	4	3148	3423	1687	1412	6.25e-53	206
NF-BELPAO-44_1#CLASSI/LTR/BELPAO	rnd-1_family-124#LTR/Pao	97.727	88	2	0	405	492	885	798	8.26e-37	152
NF-BELPAO-44_1#CLASSI/LTR/BELPAO	rnd-1_family-524#LTR/Pao	100.000	46	0	0	447	492	254	209	8.50e-17	86.1
NF-BELPAO-44_1#CLASSI/LTR/BELPAO	rnd-1_family-168#Unknown	95.238	42	2	0	405	446	444	485	8.56e-12	69.4
NF-BELPAO-44_1#CLASSI/LTR/BELPAO	rnd-1_family-129#Unknown	100.000	37	0	0	405	441	444	480	8.56e-12	69.4
NF-BELPAO-44_1#CLASSI/LTR/BELPAO	rnd-1_family-67#LINE/R1	93.182	44	3	0	405	448	1442	1485	1.11e-10	65.8
NF-BELPAO-44_1#CLASSI/LTR/BELPAO	rnd-1_family-187#DNA/TcMar-Mariner	97.297	37	1	0	405	441	36	72	3.98e-10	63.9
NF-BELPAO-114_1#CLASSI/LTR/BELPAO	ltr-1_family-76#LTR/Pao	97.484	1868	46	1	749	2616	1	1867	0.0	3188
NF-BELPAO-114_1#CLASSI/LTR/BELPAO	ltr-1_family-46#LTR/Unknown	98.956	766	8	0	2617	3382	1	766	0.0	1371
NF-BELPAO-114_1#CLASSI/LTR/BELPAO	rnd-1_family-128#Unknown	87.840	551	41	19	468	997	65	610	0.0	636
NF-BELPAO-114_1#CLASSI/LTR/BELPAO	rnd-1_family-238#LTR/Pao	82.117	548	85	12	902	1443	78	618	1.72e-140	496
NF-BELPAO-114_1#CLASSI/LTR/BELPAO	rnd-1_family-139#Unknown	83.828	303	23	20	468	748	299	1	3.15e-73	272
NF-BELPAO-114_1#CLASSI/LTR/BELPAO	rnd-1_family-532#Unknown	89.928	139	10	2	768	903	1	138	1.52e-46	183
NF-BELPAO-114_1#CLASSI/LTR/BELPAO	rnd-1_family-66#Unknown	78.498	293	28	19	467	734	133	415	5.50e-41	165
NF-BELPAO-114_1#CLASSI/LTR/BELPAO	rnd-1_family-117#Unknown	94.667	75	4	0	3155	3229	115	41	1.56e-26	117
NF-BELPAO-114_1#CLASSI/LTR/BELPAO	rnd-1_family-209#LTR/Pao	92.500	80	5	1	2573	2651	229	308	5.62e-26	115
NF-BELPAO-114_1#CLASSI/LTR/BELPAO	rnd-1_family-121#Unknown	98.000	50	1	0	3159	3208	96	47	1.23e-17	87.9
NF-BELPAO-114_1#CLASSI/LTR/BELPAO	rnd-1_family-119#Unknown	97.917	48	1	0	3161	3208	59	12	1.58e-16	84.2
NF-BELPAO-114_1#CLASSI/LTR/BELPAO	rnd-1_family-53#Unknown	94.000	50	1	1	3161	3208	338	289	9.54e-14	75.0
NF-BELPAO-114_1#CLASSI/LTR/BELPAO	rnd-1_family-75#Unknown	90.385	52	1	1	3161	3208	126	75	5.74e-11	65.8
NF-BELPAO-86_1#CLASSI/LTR/BELPAO	ltr-1_family-77#LTR/Unknown	98.636	220	3	0	1	220	1	220	1.45e-108	390
NF-GYPSY-353_1#CLASSI/LTR/GYPSY	ltr-1_family-99#LTR/Gypsy	97.995	3292	40	4	195	3486	1	3266	0.0	5690
NF-GYPSY-353_1#CLASSI/LTR/GYPSY	rnd-1_family-492#LTR/Gypsy	93.351	767	44	6	3277	4038	1	765	0.0	1157
NF-GYPSY-353_1#CLASSI/LTR/GYPSY	ltr-1_family-98#LTR/Unknown	94.505	273	3	5	4944	5204	1	273	2.74e-115	412
NF-BELPAO-113_2#CLASSI/LTR/BELPAO	ltr-1_family-53#LTR/Pao	99.797	2466	4	1	455	2920	1	2465	0.0	4527
NF-BELPAO-113_2#CLASSI/LTR/BELPAO	ltr-1_family-66#LTR/Pao	85.494	1296	168	18	526	1814	5559	4277	0.0	1334
NF-BELPAO-113_2#CLASSI/LTR/BELPAO	ltr-1_family-52#LTR/Unknown	95.364	453	1	7	2921	3373	1	433	0.0	704
NF-BELPAO-113_2#CLASSI/LTR/BELPAO	rnd-1_family-124#LTR/Pao	76.394	1004	201	28	2071	3054	2	989	1.29e-166	582
NF-BELPAO-113_2#CLASSI/LTR/BELPAO	rnd-1_family-168#Unknown	88.797	482	24	14	1	454	480	1	3.62e-162	568
NF-BELPAO-113_2#CLASSI/LTR/BELPAO	rnd-1_family-129#Unknown	87.759	482	29	14	1	454	480	1	2.19e-154	542
NF-BELPAO-113_2#CLASSI/LTR/BELPAO	rnd-1_family-48#LINE/R1	93.993	283	6	7	182	454	2087	1806	3.85e-117	418
NF-BELPAO-113_2#CLASSI/LTR/BELPAO	rnd-1_family-67#LINE/R1	93.972	282	7	6	182	454	1312	1032	3.85e-117	418
NF-BELPAO-113_2#CLASSI/LTR/BELPAO	rnd-1_family-237#Unknown	87.147	319	19	10	2930	3228	317	1	6.63e-95	344
NF-BELPAO-113_2#CLASSI/LTR/BELPAO	rnd-1_family-212#Unknown	96.190	105	4	0	3269	3373	105	1	3.31e-43	172
NF-BELPAO-113_2#CLASSI/LTR/BELPAO	rnd-1_family-309#Unknown	100.000	57	0	0	422	478	1	57	3.41e-23	106
NF-GYPSY-191_1#CLASSI/LTR/GYPSY	rnd-1_family-116#LTR/Gypsy	96.549	5360	182	2	25	5384	1	5357	0.0	8975
NF-GYPSY-191_1#CLASSI/LTR/GYPSY	rnd-1_family-298#LTR/Gypsy	99.696	3287	9	1	4006	7291	1	3287	0.0	6017
NF-GYPSY-191_1#CLASSI/LTR/GYPSY	rnd-1_family-315#LTR/Gypsy	99.564	2294	10	0	2	2295	1	2294	0.0	4185
NF-GYPSY-191_1#CLASSI/LTR/GYPSY	ltr-1_family-102#LTR/Gypsy	99.952	2073	1	0	3751	5823	1317	3389	0.0	3823
NF-BELPAO-14_1#CLASSI/LTR/BELPAO	ltr-1_family-11#LTR/Pao	99.927	6826	1	4	317	7141	1	6823	0.0	12574
NF-BELPAO-14_1#CLASSI/LTR/BELPAO	ltr-1_family-93#LTR/Pao	78.385	5052	1004	75	2088	7090	2079	7091	0.0	3214
NF-BELPAO-14_1#CLASSI/LTR/BELPAO	rnd-1_family-111#LTR/Pao	77.541	3099	642	39	2584	5651	1	3076	0.0	2098
NF-BELPAO-14_1#CLASSI/LTR/BELPAO	rnd-1_family-88#LTR/Pao	74.109	1684	377	50	4012	5666	1	1654	0.0	806
NF-BELPAO-14_1#CLASSI/LTR/BELPAO	ltr-1_family-10#LTR/Unknown	100.000	331	0	0	7142	7472	1	331	3.62e-175	612
NF-BELPAO-14_1#CLASSI/LTR/BELPAO	rnd-1_family-85#LTR/Pao	79.469	565	114	2	3146	3709	2364	2927	8.41e-122	435
NF-BELPAO-14_1#CLASSI/LTR/BELPAO	rnd-1_family-79#LTR/Pao	77.876	226	38	10	5137	5356	578	797	5.71e-34	143
NF-LINE-10_1#CLASSI/LINE	rnd-1_family-38#LINE/R1-LOA	89.166	4006	367	51	1410	5381	1	3973	0.0	5072
NF-LINE-10_1#CLASSI/LINE	rnd-1_family-443#LINE/RTE-BovB	99.506	1214	5	1	1	1214	10	1222	0.0	2207
NF-LINE-10_1#CLASSI/LINE	rnd-1_family-307#LINE/R1-LOA	99.636	1099	3	1	619	1717	1	1098	0.0	2006
NF-MITE-52_1#CLASSII/MITE	rnd-1_family-155#DNA/TcMar-Tc1	95.810	883	37	0	1	883	5	887	0.0	1435
NF-MITE-52_1#CLASSII/MITE	rnd-1_family-159#DNA/TcMar-Tc1	93.069	808	51	5	843	1648	1	805	0.0	1190
NF-MITE-52_1#CLASSII/MITE	rnd-1_family-122#Unknown	93.145	248	17	0	1	248	5	252	1.47e-103	372
NF-MITE-52_1#CLASSII/MITE	rnd-1_family-230#Unknown	92.632	95	7	0	1	95	752	846	5.83e-33	137
NF-LINE-23_1#CLASSI/LINE	rnd-1_family-287#LINE/L2	95.624	2011	88	0	224	2234	1	2011	0.0	3299
NF-LINE-23_1#CLASSI/LINE	rnd-1_family-177#LINE/L2	84.295	1751	251	21	2080	3820	1	1737	0.0	1847
NF-LINE-23_1#CLASSI/LINE	rnd-1_family-227#LINE/L2	82.532	1311	213	13	2908	4214	1	1299	0.0	1288
NF-LINE-23_1#CLASSI/LINE	rnd-5_family-1876#Unknown	97.768	224	5	0	4312	4535	1	224	4.03e-108	388
NF-LINE-23_1#CLASSI/LINE	rnd-1_family-544#LINE/L2	88.390	267	26	4	823	1085	265	530	3.18e-94	342
NF-R1-63_1#CLASSI/LINE/R1	rnd-1_family-188#LINE/R1	82.535	1002	148	6	1762	2760	190	1167	0.0	942
NF-R1-63_1#CLASSI/LINE/R1	rnd-1_family-67#LINE/R1	83.125	800	124	10	1951	2745	211	1004	0.0	750
NF-R1-63_1#CLASSI/LINE/R1	rnd-1_family-329#LINE/R1	80.519	385	71	4	1	381	89	473	4.41e-91	331
NF-R1-63_1#CLASSI/LINE/R1	rnd-1_family-203#LINE/R1	100.000	33	0	0	1727	1759	1	33	6.39e-10	62.1
NF-R1-58_1#CLASSI/LINE/R1	rnd-1_family-48#LINE/R1	88.791	794	89	0	3517	4310	985	1778	0.0	1000
NF-R1-58_1#CLASSI/LINE/R1	rnd-1_family-67#LINE/R1	88.413	794	92	0	3517	4310	211	1004	0.0	989
NF-R1-58_1#CLASSI/LINE/R1	rnd-1_family-203#LINE/R1	82.366	930	162	2	3265	4193	1	929	0.0	898
NF-R1-58_1#CLASSI/LINE/R1	rnd-1_family-200#LINE/R1	80.576	973	181	7	2786	3755	1	968	0.0	852
NF-R1-58_1#CLASSI/LINE/R1	rnd-1_family-245#LINE/R1	82.680	612	105	1	3423	4034	1	611	4.57e-177	617
NF-R1-63_2#CLASSI/LINE/R1	rnd-1_family-329#LINE/R1	82.875	473	79	1	198	668	1	473	7.78e-135	475
NF-MITE-254_1#CLASSII/MITE	rnd-1_family-378#DNA/CMC-Transib	96.632	1069	30	3	309	1371	1	1069	0.0	1784
NF-MITE-254_1#CLASSII/MITE	rnd-1_family-442#DNA/CMC-Transib	96.456	790	26	2	1	788	790	1	0.0	1319
BEL-14_DP_1#CLASSI/LTR/BELPAO	rnd-1_family-73#LTR/Pao	80.399	2408	459	11	1137	3537	1	2402	0.0	2036
BEL-14_DP_1#CLASSI/LTR/BELPAO	rnd-1_family-123#LTR/Pao	79.565	1840	350	19	3334	5161	3	1828	0.0	1495
BEL-14_DP_1#CLASSI/LTR/BELPAO	rnd-1_family-118#LTR/Pao	77.967	1702	357	18	1644	3340	1	1689	0.0	1232
BEL-14_DP_1#CLASSI/LTR/BELPAO	rnd-1_family-128#Unknown	92.974	612	40	3	96	706	1	610	0.0	902
BEL-14_DP_1#CLASSI/LTR/BELPAO	ltr-1_family-76#LTR/Pao	96.926	488	13	2	458	944	1	487	0.0	817
BEL-14_DP_1#CLASSI/LTR/BELPAO	rnd-1_family-238#LTR/Pao	87.311	528	63	4	3359	3884	663	1188	0.0	649
BEL-14_DP_1#CLASSI/LTR/BELPAO	rnd-6_family-375#LTR/Pao	83.587	658	99	8	2980	3631	847	1501	0.0	645
BEL-14_DP_1#CLASSI/LTR/BELPAO	rnd-1_family-139#Unknown	91.577	463	33	3	1	457	463	1	0.0	645
BEL-14_DP_1#CLASSI/LTR/BELPAO	rnd-1_family-55#LTR/Pao	86.165	412	51	3	2685	3094	2718	3125	5.66e-128	455
BEL-14_DP_1#CLASSI/LTR/BELPAO	rnd-1_family-338#LTR/Pao	89.058	329	32	4	3570	3896	1	327	5.74e-118	422
BEL-14_DP_1#CLASSI/LTR/BELPAO	rnd-1_family-409#LTR/Pao	86.068	323	35	10	886	1198	1	323	7.64e-97	351
BEL-14_DP_1#CLASSI/LTR/BELPAO	rnd-1_family-360#LTR/Pao	91.509	212	18	0	3617	3828	1	212	2.17e-82	303
BEL-14_DP_1#CLASSI/LTR/BELPAO	rnd-1_family-421#LTR/Pao	89.868	227	23	0	773	999	1	227	2.17e-82	303
BEL-14_DP_1#CLASSI/LTR/BELPAO	rnd-1_family-48#LINE/R1	94.211	190	7	2	5874	6059	1	190	2.18e-77	287
BEL-14_DP_1#CLASSI/LTR/BELPAO	rnd-1_family-209#LTR/Pao	90.698	172	15	1	5877	6047	110	281	2.23e-62	237
BEL-14_DP_1#CLASSI/LTR/BELPAO	rnd-1_family-532#Unknown	89.209	139	11	2	477	612	1	138	1.37e-44	178
NF-MITE-119_1#CLASSII/MITE	rnd-1_family-420#DNA/TcMar-Tc1	98.007	602	12	0	1054	1655	1	602	0.0	1053
NF-MITE-119_1#CLASSII/MITE	rnd-1_family-476#DNA/TcMar-Tc1	97.394	614	16	0	39	652	614	1	0.0	1048
NF-MITE-119_1#CLASSII/MITE	rnd-1_family-404#DNA/TcMar-Tc1	95.825	503	20	1	493	994	1	503	0.0	813
NF-MITE-119_1#CLASSII/MITE	rnd-1_family-491#DNA/TcMar-Tc1	97.183	213	6	0	930	1142	1	213	3.18e-100	361
CR1-3_DPer_1#CLASSI/LINE/CR1	rnd-5_family-860#LINE/CR1	97.160	1162	30	3	3306	4464	1	1162	0.0	1965
CR1-3_DPer_1#CLASSI/LINE/CR1	rnd-1_family-494#LINE/CR1	92.810	1057	73	3	1054	2108	1056	1	0.0	1557
CR1-3_DPer_1#CLASSI/LINE/CR1	rnd-5_family-1511#LINE/CR1	97.549	816	9	10	1	805	1	816	0.0	1387
CR1-3_DPer_1#CLASSI/LINE/CR1	rnd-1_family-522#LINE/CR1	95.719	841	36	0	2241	3081	841	1	0.0	1373
CR1-3_DPer_1#CLASSI/LINE/CR1	rnd-1_family-549#LINE/CR1	94.379	854	46	2	2083	2934	1	854	0.0	1328
CR1-3_DPer_1#CLASSI/LINE/CR1	rnd-1_family-525#LINE/CR1	92.766	788	50	6	807	1588	787	1	0.0	1151
CR1-3_DPer_1#CLASSI/LINE/CR1	rnd-1_family-437#LINE/CR1	92.199	564	44	0	2739	3302	1	564	0.0	808
NF-BELPAO-38_1#CLASSI/LTR/BELPAO	rnd-1_family-535#LTR/Pao	84.992	613	67	20	5413	6008	1	605	0.0	632
NF-BELPAO-38_1#CLASSI/LTR/BELPAO	rnd-1_family-383#LTR/Pao	97.619	336	7	1	3272	3606	1	336	1.16e-164	577
NF-LINE-26_1#CLASSI/LINE	rnd-4_family-645#LINE/CR1	94.919	2578	121	8	1632	4203	1	2574	0.0	4124
NF-LINE-26_1#CLASSI/LINE	rnd-5_family-2425#Unknown	95.513	468	6	8	1	461	61	520	0.0	736
NF-LINE-26_1#CLASSI/LINE	rnd-1_family-506#LINE/CR1	92.506	427	32	0	1211	1637	1	427	0.0	630
NF-LINE-26_1#CLASSI/LINE	rnd-1_family-581#LINE/CR1	95.442	351	16	0	1552	1902	1	351	1.64e-161	566
NF-LINE-26_1#CLASSI/LINE	rnd-1_family-335#LINE/CR1	89.571	326	34	0	3980	4305	1	326	2.89e-124	442
NF-LINE-26_1#CLASSI/LINE	rnd-5_family-2374#LINE/CR1	98.333	240	4	0	970	1209	240	1	3.76e-118	422
NF-LINE-26_1#CLASSI/LINE	rnd-1_family-477#LINE/CR1	79.842	506	91	9	468	968	4	503	1.37e-107	387
NF-LINE-26_1#CLASSI/LINE	rnd-1_family-388#LINE/CR1	92.513	187	11	3	2130	2313	212	398	4.01e-73	272
Jockey-8_DF_2#CLASSI/LINE/JOCKEY	rnd-5_family-1256#LINE/I-Jockey	95.365	863	35	2	1	863	45	902	0.0	1369
Jockey-8_DF_2#CLASSI/LINE/JOCKEY	rnd-1_family-297#LINE/I-Jockey	98.448	773	12	0	3099	3871	1	773	0.0	1362
Jockey-8_DF_2#CLASSI/LINE/JOCKEY	rnd-1_family-366#LINE/I-Jockey	97.465	789	20	0	1434	2222	1	789	0.0	1351
Jockey-8_DF_2#CLASSI/LINE/JOCKEY	rnd-1_family-473#LINE/I-Jockey	98.220	618	11	0	2760	3377	1	618	0.0	1083
Jockey-8_DF_2#CLASSI/LINE/JOCKEY	rnd-1_family-412#LINE/I-Jockey	98.123	586	11	0	1960	2545	1	586	0.0	1022
Jockey-8_DF_2#CLASSI/LINE/JOCKEY	rnd-1_family-424#LINE/I-Jockey	97.741	487	11	0	4098	4584	1	487	0.0	839
Jockey-8_DF_2#CLASSI/LINE/JOCKEY	rnd-1_family-454#LINE/I-Jockey	97.609	460	10	1	2459	2918	1	459	0.0	787
Jockey-8_DF_2#CLASSI/LINE/JOCKEY	rnd-1_family-339#LINE/I-Jockey	96.352	466	17	0	3632	4097	1	466	0.0	769
Jockey-8_DF_2#CLASSI/LINE/JOCKEY	rnd-1_family-570#LINE/I-Jockey	97.115	416	11	1	865	1280	1	415	0.0	702
Jockey-8_DF_2#CLASSI/LINE/JOCKEY	rnd-1_family-436#LINE/I-Jockey	97.659	299	7	0	3971	4269	1	299	6.54e-146	514
Jockey-8_DF_2#CLASSI/LINE/JOCKEY	rnd-1_family-449#LINE/I-Jockey	86.834	319	38	1	3335	3653	15	329	2.49e-105	379
Jockey-8_DF_2#CLASSI/LINE/JOCKEY	rnd-1_family-415#LINE/I-Jockey	94.681	188	9	1	4475	4661	1	188	1.20e-78	291
Jockey-8_DF_2#CLASSI/LINE/JOCKEY	rnd-5_family-1257#LINE/I-Jockey	99.329	149	1	0	1283	1431	1	149	1.56e-72	270
NF-TIR-5_1#CLASSII/TIR	rnd-5_family-3427#DNA/TcMar-Tc1	96.060	1726	46	13	4	1720	1	1713	0.0	2809
NF-TIR-5_1#CLASSII/TIR	rnd-5_family-8746#DNA/TcMar-Tc1	91.935	124	7	3	474	596	3	124	6.00e-43	171
Mariner-20_DRh_1#CLASSII/MITE	rnd-5_family-9724#DNA/TcMar-Tc1	96.247	1572	55	1	26	1597	1	1568	0.0	2603
NF-LINE-16_1#CLASSI/LINE	rnd-5_family-1880#LINE/R1	73.264	1814	391	80	1691	3492	33	1764	0.0	682
NF-MITE-45_1#CLASSII/MITE	rnd-5_family-3728#DNA/TcMar-Tc1	100.000	1608	0	0	1	1608	1	1608	0.0	2918
NF-LINE-32_1#CLASSI/LINE	rnd-5_family-900#LINE/R1	94.382	356	13	5	1568	1916	1	356	2.04e-157	551
NF-BELPAO-113_3#CLASSI/LTR/BELPAO	ltr-1_family-53#LTR/Pao	96.607	501	12	2	1	500	497	1	0.0	828
NF-BELPAO-113_3#CLASSI/LTR/BELPAO	rnd-1_family-168#Unknown	96.881	481	15	0	501	981	1	481	0.0	809
NF-BELPAO-113_3#CLASSI/LTR/BELPAO	rnd-1_family-129#Unknown	95.833	480	20	0	501	980	1	480	0.0	782
NF-BELPAO-113_3#CLASSI/LTR/BELPAO	rnd-1_family-237#Unknown	96.530	317	11	0	655	971	1	317	1.78e-150	527
NF-BELPAO-113_3#CLASSI/LTR/BELPAO	rnd-1_family-48#LINE/R1	98.227	282	3	2	501	780	1806	2087	6.51e-140	492
NF-BELPAO-113_3#CLASSI/LTR/BELPAO	rnd-1_family-67#LINE/R1	98.221	281	4	1	501	780	1032	1312	2.34e-139	490
NF-BELPAO-113_3#CLASSI/LTR/BELPAO	ltr-1_family-52#LTR/Unknown	85.892	482	17	20	501	980	433	1	1.10e-132	468
NF-BELPAO-113_3#CLASSI/LTR/BELPAO	ltr-1_family-66#LTR/Pao	83.885	453	53	16	1	445	5139	5579	1.45e-116	414
NF-BELPAO-113_3#CLASSI/LTR/BELPAO	rnd-1_family-124#LTR/Pao	92.254	142	11	0	840	981	989	848	1.23e-52	202
NF-BELPAO-113_3#CLASSI/LTR/BELPAO	rnd-1_family-212#Unknown	96.190	105	4	0	501	605	1	105	9.63e-44	172
NF-BELPAO-113_3#CLASSI/LTR/BELPAO	rnd-1_family-309#Unknown	100.000	57	0	0	477	533	57	1	9.90e-24	106
NF-BELPAO-113_3#CLASSI/LTR/BELPAO	rnd-1_family-187#DNA/TcMar-Mariner	93.056	72	5	0	909	980	1	72	9.90e-24	106
NF-BELPAO-113_3#CLASSI/LTR/BELPAO	ltr-1_family-65#LTR/Unknown	94.595	37	2	0	944	980	37	1	7.82e-10	60.2
NF-MITE-622_1#CLASSII/MITE	rnd-1_family-207#Unknown	94.273	227	12	1	2	228	1	226	1.13e-98	353
NF-MITE-622_1#CLASSII/MITE	rnd-1_family-5#RC/Helitron	87.273	110	8	2	1	110	904	801	1.25e-28	121
NF-MITE-676_1#CLASSII/MITE	rnd-1_family-269#DNA/P	97.778	360	5	3	223	579	1	360	4.53e-179	621
NF-MITE-676_1#CLASSII/MITE	rnd-1_family-259#Unknown	97.817	229	4	1	12	240	4	231	2.31e-112	399
NF-MITE-359_1#CLASSII/MITE	rnd-5_family-1520#Unknown	98.669	601	8	0	180	780	1	601	0.0	1072
NF-LINE-25_1#CLASSI/LINE	rnd-5_family-1514#Unknown	96.479	142	0	1	3557	3698	1	137	2.11e-60	230
NF-GYPSY-342_1#CLASSI/LTR/GYPSY	ltr-1_family-13#LTR/Gypsy	97.930	4541	66	12	423	4951	1	4525	0.0	7899
NF-GYPSY-342_1#CLASSI/LTR/GYPSY	ltr-1_family-12#LTR/Unknown	98.818	423	5	0	4954	5376	1	423	0.0	763
NF-COPIA-4_1#CLASSI/LTR/COPIA	ltr-1_family-162#LTR/Copia	100.000	681	0	0	2700	3380	168	848	0.0	1258
NF-COPIA-4_1#CLASSI/LTR/COPIA	ltr-1_family-163#LTR/Unknown	98.907	366	3	1	1	366	4	368	0.0	652
NF-GYPSY-423_1#CLASSI/LTR/GYPSY	ltr-1_family-4#LTR/Gypsy	99.914	2336	0	1	612	2945	1136	3471	0.0	4301
NF-GYPSY-423_1#CLASSI/LTR/GYPSY	ltr-1_family-3#LTR/Unknown	99.635	274	1	0	1	274	2	275	5.23e-142	501
NF-BELPAO-30_1#CLASSI/LTR/BELPAO	ltr-1_family-35#LTR/Pao	99.907	6466	2	4	270	6731	1	6466	0.0	11904
NF-BELPAO-30_1#CLASSI/LTR/BELPAO	ltr-1_family-34#LTR/Unknown	100.000	296	0	0	6732	7027	1	296	9.74e-156	547
NF-BELPAO-30_1#CLASSI/LTR/BELPAO	rnd-6_family-1389#LTR/Pao	82.528	269	27	14	3052	3301	1973	2240	5.18e-59	226
NF-GYPSY-372_1#CLASSI/LTR/GYPSY	ltr-1_family-18#LTR/Gypsy	99.878	2451	2	1	278	2727	1	2451	0.0	4508
NF-GYPSY-372_1#CLASSI/LTR/GYPSY	rnd-1_family-215#LTR/Gypsy	85.905	2320	310	14	2069	4384	1	2307	0.0	2651
NF-GYPSY-372_1#CLASSI/LTR/GYPSY	rnd-1_family-250#LTR/Gypsy	83.487	1847	293	12	2367	4211	1	1837	0.0	1903
NF-GYPSY-372_1#CLASSI/LTR/GYPSY	rnd-1_family-310#LTR/Gypsy	81.461	739	131	6	2367	3105	1	733	0.0	675
NF-GYPSY-372_1#CLASSI/LTR/GYPSY	rnd-1_family-402#LTR/Gypsy	86.654	517	59	8	2960	3469	1	514	8.99e-170	593
NF-GYPSY-372_1#CLASSI/LTR/GYPSY	ltr-1_family-17#LTR/Unknown	99.638	276	0	1	3	277	1	276	1.56e-142	503
NF-MITE-692_1#CLASSII/MITE	rnd-5_family-3137#DNA/hAT-hATx	97.985	546	6	4	3	543	1	546	0.0	946
NF-HELITRON-24_3#CLASSII/HELITRON	rnd-1_family-162#RC/Helitron	99.925	1326	1	0	47	1372	1	1326	0.0	2444
NF-HELITRON-24_3#CLASSII/HELITRON	rnd-1_family-229#RC/Helitron	99.254	1207	3	4	1643	2849	1	1201	0.0	2174
NF-HELITRON-24_3#CLASSII/HELITRON	rnd-1_family-142#RC/Helitron	99.632	1087	4	0	2422	3508	1	1087	0.0	1988
NF-HELITRON-24_3#CLASSII/HELITRON	rnd-4_family-691#RC/Helitron	90.560	911	58	20	58	948	1	903	0.0	1229
NF-HELITRON-24_3#CLASSII/HELITRON	rnd-5_family-2766#RC/Helitron	77.340	1346	256	37	2097	3414	1	1325	0.0	861
NF-HELITRON-24_3#CLASSII/HELITRON	rnd-1_family-145#RC/Helitron	100.000	291	0	0	1	291	291	1	2.92e-153	538
NF-HELITRON-24_3#CLASSII/HELITRON	rnd-1_family-323#RC/Helitron	100.000	122	0	0	386	507	1	122	2.58e-59	226
NF-HELITRON-24_3#CLASSII/HELITRON	rnd-1_family-438#RC/Helitron	100.000	71	0	0	179	249	71	1	5.79e-31	132
NF-TC1MARINER-101_1#CLASSII/TIR/TC1MARINER	rnd-5_family-5664#DNA/TcMar-Tc1	94.836	1433	58	6	111	1541	1	1419	0.0	2252
NF-TC1MARINER-135_1#CLASSII/TIR/TC1MARINER	rnd-5_family-6045#DNA/TcMar-Tc1	96.851	1302	38	3	1	1300	4	1304	0.0	2187
NF-MITE-106_1#CLASSII/MITE	rnd-5_family-17007#DNA/TcMar-Tc1	97.886	1656	9	6	5	1634	1	1656	0.0	2848
Polinton-1_DPe_1#CLASSII/MAVERICK	rnd-5_family-1885#DNA/Maverick	97.972	6706	91	19	1	6675	5907	12598	0.0	11605
Polinton-1_DPe_1#CLASSII/MAVERICK	ltr-1_family-156#DNA/Maverick	98.537	3075	40	4	321	3394	1036	4106	0.0	5424
Polinton-1_DPe_1#CLASSII/MAVERICK	rnd-1_family-344#Unknown	91.425	898	69	8	6743	7634	966	71	0.0	1253
Polinton-1_DPe_1#CLASSII/MAVERICK	rnd-1_family-590#Unknown	94.857	350	16	2	6720	7068	422	770	7.28e-158	555
Polinton-1_DPe_1#CLASSII/MAVERICK	rnd-1_family-578#Unknown	86.957	345	44	1	7072	7415	345	1	6.00e-114	409
Polinton-1_DPe_1#CLASSII/MAVERICK	rnd-1_family-377#Unknown	94.709	189	7	2	7733	7919	2	189	1.75e-79	294
Polinton-1_DPe_1#CLASSII/MAVERICK	rnd-1_family-499#Unknown	96.522	115	4	0	8296	8410	115	1	1.83e-49	195
NF-CMC-3_1#CLASSII/TIR/CMC	rnd-1_family-19#DNA/CMC-Chapaev-3	98.777	2944	22	7	2	2938	2937	1	0.0	5241
NF-CMC-3_1#CLASSII/TIR/CMC	rnd-1_family-2#DNA/CMC-Chapaev-3	99.467	1501	5	1	815	2312	3020	1520	0.0	2728
NF-CMC-3_1#CLASSII/TIR/CMC	rnd-1_family-23#DNA/CMC-Chapaev-3	99.326	1484	6	2	833	2312	1484	1	0.0	2684
NF-CMC-3_1#CLASSII/TIR/CMC	rnd-5_family-5118#DNA/CMC-Chapaev-3	99.073	1402	11	1	1032	2433	1400	1	0.0	2523
NF-CMC-3_1#CLASSII/TIR/CMC	rnd-6_family-41#Unknown	97.200	893	22	3	2700	3591	1	891	0.0	1515
NF-CMC-3_1#CLASSII/TIR/CMC	rnd-1_family-25#Unknown	97.312	744	14	4	1	741	741	1	0.0	1273
NF-CMC-3_1#CLASSII/TIR/CMC	rnd-1_family-40#Unknown	98.913	276	2	1	37	312	1	275	6.61e-140	494
NF-CMC-3_1#CLASSII/TIR/CMC	rnd-3_family-11#RC/Helitron	88.372	344	29	5	3074	3414	2141	1806	5.25e-121	431
NF-CMC-3_1#CLASSII/TIR/CMC	rnd-1_family-28#Unknown	100.000	219	0	0	2965	3183	1	219	3.19e-113	405
NF-CMC-3_1#CLASSII/TIR/CMC	rnd-1_family-150#DNA/CMC-Chapaev-3	97.143	210	3	3	924	1131	209	1	1.17e-97	353
NF-CMC-3_1#CLASSII/TIR/CMC	rnd-5_family-2975#Unknown	97.479	119	3	0	484	602	559	677	1.25e-52	204
NF-CMC-3_1#CLASSII/TIR/CMC	rnd-1_family-86#Unknown	100.000	85	0	0	3079	3163	2	86	9.85e-39	158
NF-CMC-3_1#CLASSII/TIR/CMC	rnd-1_family-37#Unknown	96.774	93	3	0	3499	3591	93	1	9.85e-39	158
NF-CMC-3_1#CLASSII/TIR/CMC	rnd-1_family-301#Unknown	100.000	64	0	0	2334	2397	8	71	4.65e-27	119
NF-CMC-3_1#CLASSII/TIR/CMC	rnd-1_family-211#Unknown	98.438	64	1	0	898	961	38	101	6.01e-26	115
NF-L2-6_1#CLASSI/LINE/L2	rnd-1_family-167#LINE/L2	80.118	850	161	6	1098	1942	1	847	0.0	719
NF-L2-6_1#CLASSI/LINE/L2	rnd-1_family-364#LINE/L2	86.758	438	55	3	951	1385	1	438	1.61e-153	538
NF-L2-6_1#CLASSI/LINE/L2	rnd-1_family-385#LINE/L2	83.990	381	51	7	579	953	1	377	6.17e-108	387
NF-L2-6_1#CLASSI/LINE/L2	rnd-1_family-227#LINE/L2	73.199	694	162	19	995	1675	1	683	3.79e-90	327
NF-L2-6_1#CLASSI/LINE/L2	rnd-1_family-348#LINE/L2	85.897	234	31	2	1426	1658	1	233	3.90e-70	261
NF-L2-6_1#CLASSI/LINE/L2	rnd-1_family-433#LINE/L2	86.854	213	28	0	1141	1353	1	213	1.40e-69	259
NF-L2-6_1#CLASSI/LINE/L2	rnd-1_family-328#LINE/L2	85.246	183	27	0	1760	1942	1	183	1.43e-54	209
NF-L2-6_2#CLASSI/LINE/L2	rnd-1_family-167#LINE/L2	81.532	1110	198	7	1014	2118	1	1108	0.0	1024
NF-L2-6_2#CLASSI/LINE/L2	rnd-1_family-193#LINE/L2	81.872	844	148	5	1429	2269	121	962	0.0	798
NF-L2-6_2#CLASSI/LINE/L2	rnd-1_family-328#LINE/L2	84.899	596	87	3	1676	2269	1	595	0.0	656
NF-L2-6_2#CLASSI/LINE/L2	rnd-1_family-364#LINE/L2	86.758	438	56	2	866	1301	1	438	5.23e-154	540
NF-L2-6_2#CLASSI/LINE/L2	rnd-1_family-502#LINE/L2	91.941	273	22	0	1845	2117	273	1	2.58e-112	401
NF-L2-6_2#CLASSI/LINE/L2	rnd-1_family-385#LINE/L2	83.990	381	51	7	494	868	1	377	7.21e-108	387
NF-L2-6_2#CLASSI/LINE/L2	rnd-1_family-227#LINE/L2	73.199	694	163	19	910	1591	1	683	4.43e-90	327
NF-L2-6_2#CLASSI/LINE/L2	rnd-1_family-348#LINE/L2	85.897	234	31	2	1342	1574	1	233	4.56e-70	261
NF-L2-6_2#CLASSI/LINE/L2	rnd-1_family-433#LINE/L2	86.854	213	28	0	1057	1269	1	213	1.64e-69	259
NF-LINE-35_1#CLASSI/LINE	rnd-5_family-10315#LINE/CR1	94.514	401	21	1	1316	1715	12	412	2.80e-178	621
NF-LINE-35_1#CLASSI/LINE	rnd-1_family-563#LINE/CR1	94.760	229	11	1	3181	3408	1	229	2.43e-99	359
NF-LINE-35_1#CLASSI/LINE	rnd-5_family-2078#LINE/CR1	97.143	70	1	1	1	69	1261	1330	1.61e-26	117
NF-GYPSY-283_1#CLASSI/LTR/GYPSY	ltr-1_family-39#LTR/Gypsy	99.847	5237	4	4	305	5537	1	5237	0.0	9624
NF-GYPSY-283_1#CLASSI/LTR/GYPSY	ltr-1_family-38#LTR/Unknown	100.000	303	0	0	2	304	1	303	1.04e-159	560
NF-BELPAO-22_1#CLASSI/LTR/BELPAO	ltr-1_family-43#LTR/Pao	99.831	7709	7	4	269	7971	1	7709	0.0	14159
NF-BELPAO-22_1#CLASSI/LTR/BELPAO	rnd-6_family-377#LTR/Pao	93.583	1122	53	11	1107	2219	1079	2190	0.0	1672
NF-BELPAO-22_1#CLASSI/LTR/BELPAO	ltr-1_family-42#LTR/Unknown	94.403	268	14	1	7972	8238	1	268	4.32e-120	429
NF-BELPAO-111_1#CLASSI/LTR/BELPAO	ltr-1_family-58#LTR/Pao	99.515	2679	10	2	338	3013	3	2681	0.0	4876
NF-BELPAO-111_1#CLASSI/LTR/BELPAO	ltr-1_family-2#LTR/Pao	97.184	2521	59	8	516	3034	72	2582	0.0	4252
NF-BELPAO-111_1#CLASSI/LTR/BELPAO	ltr-1_family-57#LTR/Unknown	99.681	626	2	0	2900	3525	627	2	0.0	1146
NF-BELPAO-111_1#CLASSI/LTR/BELPAO	ltr-1_family-1#LTR/Unknown	96.289	539	15	5	2990	3525	99	635	0.0	889
NF-BELPAO-111_1#CLASSI/LTR/BELPAO	ltr-1_family-14#LTR/Pao	93.471	582	24	4	398	965	1	582	0.0	852
NF-LTR-16_1#CLASSI/LTR	ltr-1_family-68#LTR/Gypsy	99.929	4215	3	0	180	4394	1	4215	0.0	7768
NF-LTR-16_1#CLASSI/LTR	ltr-1_family-67#LTR/Unknown	100.000	179	0	0	1	179	1	179	6.93e-91	331
NF-BELPAO-66_1#CLASSI/LTR/BELPAO	ltr-1_family-87#LTR/Pao	99.880	5847	4	3	195	6040	1	5845	0.0	10756
NF-BELPAO-66_1#CLASSI/LTR/BELPAO	ltr-1_family-29#LTR/Pao	99.443	2874	9	5	195	3066	1	2869	0.0	5212
NF-BELPAO-28_1#CLASSI/LTR/BELPAO	rnd-1_family-42#LTR/Pao	98.977	6060	61	1	440	6498	1	6060	0.0	10859
NF-BELPAO-28_1#CLASSI/LTR/BELPAO	ltr-1_family-79#LTR/Pao	99.089	4501	25	4	543	5027	1	4501	0.0	8089
NF-BELPAO-28_1#CLASSI/LTR/BELPAO	rnd-4_family-281#LTR/Pao	97.413	2861	50	3	2168	5027	2192	5029	0.0	4855
NF-BELPAO-28_1#CLASSI/LTR/BELPAO	ltr-1_family-78#LTR/Unknown	100.000	535	0	0	6865	7399	1	535	0.0	989
NF-BELPAO-28_1#CLASSI/LTR/BELPAO	rnd-1_family-271#LTR/Pao	97.609	460	11	0	2807	3266	1	460	0.0	797
NF-BELPAO-28_1#CLASSI/LTR/BELPAO	rnd-1_family-240#Unknown	94.987	399	2	1	189	569	597	199	1.29e-174	610
NF-BELPAO-28_1#CLASSI/LTR/BELPAO	rnd-1_family-434#LTR/Pao	99.160	238	2	0	3710	3947	1	238	1.08e-120	431
NF-BELPAO-28_1#CLASSI/LTR/BELPAO	rnd-1_family-547#LTR/Pao	92.169	166	13	0	3388	3553	1	166	4.19e-65	246
NF-BELPAO-28_1#CLASSI/LTR/BELPAO	rnd-1_family-490#LTR/Pao	98.507	134	2	0	2387	2520	1	134	2.52e-62	237
NF-BELPAO-2_3#CLASSI/LTR/BELPAO	ltr-1_family-93#LTR/Pao	99.395	8429	36	10	282	8700	1	8424	0.0	15302
NF-BELPAO-2_3#CLASSI/LTR/BELPAO	ltr-1_family-11#LTR/Pao	78.610	5049	995	72	2354	7365	1772	6772	0.0	3262
NF-BELPAO-2_3#CLASSI/LTR/BELPAO	rnd-1_family-111#LTR/Pao	80.384	3074	570	26	2850	5907	1	3057	0.0	2586
NF-BELPAO-2_3#CLASSI/LTR/BELPAO	rnd-1_family-161#LTR/Pao	83.656	930	148	3	6583	7512	1	926	0.0	959
NF-BELPAO-2_3#CLASSI/LTR/BELPAO	ltr-1_family-92#LTR/Unknown	100.000	284	0	0	8701	8984	1	284	5.83e-149	525
NF-BELPAO-2_3#CLASSI/LTR/BELPAO	ltr-1_family-18#LTR/Gypsy	98.944	284	3	0	8701	8984	2452	2735	5.87e-144	508
NF-BELPAO-2_3#CLASSI/LTR/BELPAO	rnd-1_family-85#LTR/Pao	78.871	549	115	1	3437	3984	2380	2928	7.93e-113	405
NF-BELPAO-2_3#CLASSI/LTR/BELPAO	ltr-1_family-31#LTR/Pao	74.727	550	136	3	3437	3984	3418	3966	6.58e-64	243
NF-BELPAO-2_3#CLASSI/LTR/BELPAO	rnd-1_family-221#Unknown	79.112	383	46	25	277	635	510	138	3.96e-61	233
NF-BELPAO-2_3#CLASSI/LTR/BELPAO	rnd-1_family-372#Unknown	82.723	191	22	10	454	634	211	22	6.81e-39	159
NF-MITE-252_1#CLASSII/MITE	rnd-5_family-4238#DNA/CMC-Transib	96.742	890	25	1	484	1373	886	1	0.0	1489
NF-MITE-252_1#CLASSII/MITE	rnd-1_family-284#DNA/CMC-Transib	98.340	482	5	3	1	481	1	480	0.0	848
NF-MITE-252_1#CLASSII/MITE	rnd-1_family-211#Unknown	93.617	94	6	0	745	838	451	544	2.89e-35	145
NF-MITE-252_1#CLASSII/MITE	rnd-1_family-419#DNA/CMC-Transib	90.909	77	7	0	11	87	14	90	3.79e-24	108
NF-MITE-252_1#CLASSII/MITE	rnd-1_family-406#DNA/CMC-Transib	89.024	82	7	2	2	82	1	81	4.90e-23	104
NF-MITE-252_1#CLASSII/MITE	rnd-1_family-255#DNA/CMC-Transib	100.000	37	0	0	1	37	248	212	1.79e-12	69.4
NF-MITE-252_1#CLASSII/MITE	rnd-1_family-536#DNA/hAT-Ac	97.297	37	1	0	1	37	115	79	2.31e-11	65.8
NF-MITE-252_1#CLASSII/MITE	rnd-1_family-521#DNA/CMC-Transib	97.297	37	1	0	1	37	105	69	2.31e-11	65.8
NF-R1-85_1#CLASSI/LINE/R1	rnd-1_family-324#LINE/R1	84.295	936	142	5	366	1299	1	933	0.0	987
NF-R1-85_1#CLASSI/LINE/R1	rnd-1_family-384#LINE/R1	88.491	391	45	0	1565	1955	1	391	2.65e-138	488
NF-R1-85_1#CLASSI/LINE/R1	rnd-1_family-548#LINE/R1	89.773	88	9	0	1250	1337	1	88	1.44e-26	117
NF-HELITRON-24_4#CLASSII/HELITRON	rnd-1_family-145#RC/Helitron	97.187	1422	28	4	59	1468	1422	1	0.0	2394
NF-HELITRON-24_4#CLASSII/HELITRON	rnd-1_family-162#RC/Helitron	97.964	1326	9	2	1224	2531	1	1326	0.0	2283
NF-HELITRON-24_4#CLASSII/HELITRON	rnd-1_family-229#RC/Helitron	96.503	1201	14	3	2802	3974	1	1201	0.0	1960
NF-HELITRON-24_4#CLASSII/HELITRON	rnd-1_family-142#RC/Helitron	99.003	1003	8	1	3547	4547	1	1003	0.0	1796
NF-HELITRON-24_4#CLASSII/HELITRON	rnd-4_family-691#RC/Helitron	88.119	909	67	19	1235	2108	1	903	0.0	1092
NF-HELITRON-24_4#CLASSII/HELITRON	rnd-1_family-135#RC/Helitron	95.088	570	19	2	1	561	24	593	0.0	889
NF-HELITRON-24_4#CLASSII/HELITRON	rnd-5_family-2766#RC/Helitron	76.212	1341	252	38	3248	4537	1	1325	0.0	750
NF-HELITRON-24_4#CLASSII/HELITRON	rnd-1_family-323#RC/Helitron	100.000	122	0	0	1546	1667	1	122	3.35e-59	226
NF-HELITRON-24_4#CLASSII/HELITRON	rnd-1_family-438#RC/Helitron	100.000	68	0	0	1359	1426	68	1	3.49e-29	126
NF-HELITRON-24_4#CLASSII/HELITRON	rnd-1_family-147#Unknown	92.000	50	4	0	1	50	50	1	1.66e-12	71.3
NF-HELITRON-30_1#CLASSII/HELITRON	rnd-5_family-2422#RC/Helitron	99.772	876	1	1	6	880	1	876	0.0	1605
NF-HELITRON-30_1#CLASSII/HELITRON	rnd-5_family-2766#RC/Helitron	81.738	794	117	23	1564	2340	1	783	0.0	695
NF-MITE-423_1#CLASSII/MITE	rnd-5_family-10371#DNA/hAT-Blackjack	93.299	970	16	19	16	937	1	969	0.0	1389
NF-MITE-334_1#CLASSII/MITE	rnd-5_family-2979#DNA/hAT-Tip100	96.771	1115	25	4	1	1105	3	1116	0.0	1853
NF-GYPSY-33_1#CLASSI/LTR/GYPSY	ltr-1_family-5#LTR/Gypsy	98.478	6439	71	15	503	6935	3893	10310	0.0	11322
NF-GYPSY-33_1#CLASSI/LTR/GYPSY	rnd-1_family-78#LTR/Gypsy	84.928	1818	247	20	1501	3301	1808	1	0.0	1886
NF-GYPSY-33_1#CLASSI/LTR/GYPSY	rnd-1_family-132#LTR/Gypsy	84.646	1257	183	7	1514	2767	7	1256	0.0	1279
NF-GYPSY-33_1#CLASSI/LTR/GYPSY	rnd-1_family-110#LTR/Gypsy	85.305	1082	150	6	1689	2767	16	1091	0.0	1127
NF-GYPSY-33_1#CLASSI/LTR/GYPSY	ltr-1_family-9#LTR/Gypsy	80.763	1284	232	11	1493	2770	728	2002	0.0	996
NF-GYPSY-33_1#CLASSI/LTR/GYPSY	rnd-1_family-190#Unknown	96.914	486	13	1	1	486	37	520	0.0	813
NF-GYPSY-33_1#CLASSI/LTR/GYPSY	rnd-1_family-70#LTR/Gypsy	90.559	572	43	1	4532	5103	327	887	0.0	763
NF-GYPSY-33_1#CLASSI/LTR/GYPSY	rnd-1_family-160#LTR/Gypsy	81.841	804	127	17	3804	4597	371	1165	0.0	750
NF-GYPSY-33_1#CLASSI/LTR/GYPSY	rnd-1_family-197#Unknown	95.733	375	16	0	115	489	375	1	6.12e-173	604
NF-GYPSY-33_1#CLASSI/LTR/GYPSY	rnd-1_family-100#Unknown	94.444	234	11	2	544	776	1	233	1.46e-99	361
NF-GYPSY-33_1#CLASSI/LTR/GYPSY	rnd-1_family-105#Unknown	95.327	214	9	1	559	772	221	9	1.90e-93	340
NF-GYPSY-33_1#CLASSI/LTR/GYPSY	rnd-1_family-508#Unknown	86.145	166	21	2	6882	7046	47	211	4.39e-45	180
NF-MITE-270_1#CLASSII/MITE	rnd-1_family-394#Unknown	96.178	811	30	1	294	1103	1	811	0.0	1336
NF-MITE-270_1#CLASSII/MITE	rnd-1_family-413#Unknown	96.687	483	14	2	1	483	5	485	0.0	813
NF-MITE-270_1#CLASSII/MITE	rnd-1_family-483#Unknown	96.923	195	6	0	1101	1295	1	195	7.00e-91	329
NF-LINE-6_2#CLASSI/LINE	rnd-5_family-6362#LINE/R1	91.517	837	71	0	3808	4644	2050	1214	0.0	1206
NF-LINE-6_2#CLASSI/LINE	rnd-1_family-314#LINE/R1	75.996	1004	230	11	2805	3804	997	1	8.19e-165	577
NF-LINE-6_2#CLASSI/LINE	rnd-5_family-6361#LINE/R1	88.514	296	34	0	2074	2369	13	308	1.49e-102	370
NF-JOCKEY-21_1#CLASSI/LINE/JOCKEY	rnd-6_family-1735#LINE/I-Jockey	99.521	1671	7	1	3507	5176	1	1671	0.0	3040
NF-BELPAO-40_1#CLASSI/LTR/BELPAO	ltr-1_family-168#LTR/Unknown	96.288	916	20	10	389	1303	224	1126	0.0	1491
NF-BELPAO-40_1#CLASSI/LTR/BELPAO	ltr-1_family-103#LTR/Unknown	100.000	387	0	0	1	387	11	397	0.0	715
Gypsy-32_DP_1#CLASSI/LTR/GYPSY	ltr-1_family-106#LTR/Unknown	99.580	715	2	1	5	718	1	715	0.0	1303
Gypsy_DS_1#CLASSI/LTR/GYPSY	ltr-1_family-116#LTR/Gypsy	99.940	3324	0	2	3580	6903	2473	5794	0.0	6126
Gypsy_DS_1#CLASSI/LTR/GYPSY	ltr-1_family-115#LTR/Gypsy	99.658	584	1	1	6896	7478	1	584	0.0	1066
NF-GYPSY-351_1#CLASSI/LTR/GYPSY	ltr-1_family-122#LTR/Gypsy	98.135	2466	7	3	230	2656	1	2466	0.0	4266
NF-GYPSY-351_1#CLASSI/LTR/GYPSY	ltr-1_family-121#LTR/Unknown	97.326	187	5	0	1	187	4	190	1.63e-87	320
NF-GYPSY-450_1#CLASSI/LTR/GYPSY	ltr-1_family-134#LTR/Gypsy	99.910	2215	2	0	434	2648	1399	3613	0.0	4082
NF-GYPSY-450_1#CLASSI/LTR/GYPSY	ltr-1_family-133#LTR/Unknown	100.000	190	0	0	2650	2839	1	190	3.30e-97	351
NF-GYPSY-450_2#CLASSI/LTR/GYPSY	ltr-1_family-134#LTR/Gypsy	99.699	998	3	0	204	1201	1	998	0.0	1829
NF-GYPSY-450_2#CLASSI/LTR/GYPSY	ltr-1_family-133#LTR/Unknown	100.000	198	0	0	8	205	1	198	4.94e-102	366
NF-GYPSY-450_2#CLASSI/LTR/GYPSY	rnd-1_family-2#DNA/CMC-Chapaev-3	90.367	218	21	0	984	1201	455	672	3.96e-78	287
NF-GYPSY-198_1#CLASSI/LTR/GYPSY	ltr-1_family-142#LTR/Gypsy	96.180	1492	45	6	202	1681	2372	3863	0.0	2451
NF-GYPSY-198_1#CLASSI/LTR/GYPSY	ltr-1_family-101#LTR/Gypsy	91.590	1189	94	5	202	1385	3292	4479	0.0	1640
NF-GYPSY-241_1#CLASSI/LTR/GYPSY	ltr-1_family-147#LTR/Gypsy	97.997	799	10	4	380	1175	1	796	0.0	1386
NF-GYPSY-241_1#CLASSI/LTR/GYPSY	ltr-1_family-146#LTR/Unknown	92.172	396	13	5	1	379	4	398	2.16e-156	547
NF-GYPSY-68_1#CLASSI/LTR/GYPSY	ltr-1_family-169#LTR/Gypsy	98.180	1868	21	7	450	2309	1010	2872	0.0	3249
NF-GYPSY-68_1#CLASSI/LTR/GYPSY	ltr-1_family-170#LTR/Unknown	94.388	588	24	6	4901	5479	1	588	0.0	894
NF-GYPSY-208_2#CLASSI/LTR/GYPSY	ltr-1_family-20#LTR/Gypsy	99.834	2405	3	1	1	2405	3929	6332	0.0	4420
NF-GYPSY-208_2#CLASSI/LTR/GYPSY	ltr-1_family-48#LTR/Gypsy	98.433	1532	16	3	313	1837	3571	5101	0.0	2689
NF-GYPSY-208_2#CLASSI/LTR/GYPSY	ltr-1_family-26#LTR/Gypsy	78.265	2029	411	25	9	2017	4140	6158	0.0	1306
NF-GYPSY-208_2#CLASSI/LTR/GYPSY	ltr-1_family-19#LTR/Unknown	100.000	418	0	0	2406	2823	1	418	0.0	773
NF-GYPSY-208_2#CLASSI/LTR/GYPSY	ltr-1_family-47#LTR/Unknown	94.340	424	16	1	2406	2821	492	69	0.0	649
NF-GYPSY-208_2#CLASSI/LTR/GYPSY	rnd-1_family-306#Unknown	96.859	191	4	2	2276	2465	1	190	2.57e-88	322
NF-GYPSY-208_2#CLASSI/LTR/GYPSY	rnd-1_family-272#LTR/Gypsy	100.000	154	0	0	2670	2823	1041	888	3.37e-77	285
NF-GYPSY-208_2#CLASSI/LTR/GYPSY	rnd-1_family-346#Unknown	99.048	105	1	0	2719	2823	1	105	2.72e-48	189
NF-GYPSY-208_2#CLASSI/LTR/GYPSY	rnd-1_family-432#Unknown	100.000	83	0	0	2343	2425	1	83	9.93e-38	154
NF-GYPSY-298_1#CLASSI/LTR/GYPSY	ltr-1_family-24#LTR/Gypsy	96.904	3941	98	4	1	3936	66	3987	0.0	6588
NF-GYPSY-298_1#CLASSI/LTR/GYPSY	rnd-1_family-225#LTR/Gypsy	89.548	2631	257	13	1965	4586	1	2622	0.0	3445
NF-GYPSY-298_1#CLASSI/LTR/GYPSY	ltr-1_family-81#LTR/Gypsy	96.187	1049	39	1	1	1048	66	1114	0.0	1714
NF-GYPSY-298_1#CLASSI/LTR/GYPSY	ltr-1_family-23#LTR/Unknown	93.846	130	7	1	5035	5163	81	210	2.31e-51	200
NF-GYPSY-298_1#CLASSI/LTR/GYPSY	ltr-1_family-80#LTR/Unknown	93.130	131	9	0	5033	5163	207	77	3.86e-49	193
BEL-13_DTa_1#CLASSI/LTR/BELPAO	ltr-1_family-28#LTR/Pao	97.696	434	5	1	2434	2862	2689	3122	0.0	741
BEL-13_DTa_1#CLASSI/LTR/BELPAO	ltr-1_family-27#LTR/Pao	96.405	306	9	2	2863	3166	1	306	1.60e-145	512
NF-BELPAO-131_1#CLASSI/LTR/BELPAO	ltr-1_family-28#LTR/Pao	98.725	706	8	1	336	1040	1	706	0.0	1253
NF-BELPAO-131_1#CLASSI/LTR/BELPAO	ltr-1_family-27#LTR/Pao	96.743	307	7	3	31	335	1	306	1.45e-147	518
NF-GYPSY-228_2#CLASSI/LTR/GYPSY	ltr-1_family-33#LTR/Gypsy	98.053	3646	51	15	348	3987	1	3632	0.0	6364
NF-GYPSY-228_2#CLASSI/LTR/GYPSY	ltr-1_family-32#LTR/Unknown	97.701	348	6	2	2	347	1	348	5.11e-172	601
NF-LTR-86_1#CLASSI/LTR	rnd-1_family-168#Unknown	96.680	482	12	2	14	494	480	2	0.0	802
NF-LTR-86_1#CLASSI/LTR	rnd-1_family-129#Unknown	96.266	482	14	2	14	494	480	2	0.0	793
NF-LTR-86_1#CLASSI/LTR	rnd-1_family-237#Unknown	96.875	320	6	2	23	341	317	1	5.14e-153	534
NF-LTR-86_1#CLASSI/LTR	rnd-1_family-67#LINE/R1	98.233	283	1	2	213	494	1312	1033	3.14e-140	492
NF-LTR-86_1#CLASSI/LTR	rnd-1_family-48#LINE/R1	97.535	284	2	3	213	494	2087	1807	6.80e-137	481
NF-LTR-86_1#CLASSI/LTR	ltr-1_family-52#LTR/Unknown	84.091	484	22	25	14	494	1	432	5.40e-118	418
NF-LTR-86_1#CLASSI/LTR	rnd-1_family-124#LTR/Pao	96.454	141	4	1	14	153	849	989	7.56e-62	231
NF-LTR-86_1#CLASSI/LTR	rnd-1_family-212#Unknown	97.030	101	3	0	394	494	102	2	1.67e-43	171
NF-LTR-86_1#CLASSI/LTR	rnd-1_family-187#DNA/TcMar-Mariner	95.890	73	2	1	13	84	73	1	2.21e-27	117
NF-LTR-86_1#CLASSI/LTR	rnd-1_family-309#Unknown	100.000	32	0	0	463	494	1	32	3.77e-10	60.2
NF-LTR-86_1#CLASSI/LTR	ltr-1_family-65#LTR/Unknown	94.595	37	2	0	14	50	1	37	3.77e-10	60.2
NF-GYPSY-396_1#CLASSI/LTR/GYPSY	ltr-1_family-61#LTR/Unknown	99.605	253	1	0	22	274	1	253	3.63e-131	462
NF-GYPSY-396_1#CLASSI/LTR/GYPSY	ltr-1_family-62#LTR/Gypsy	97.189	249	4	3	475	721	163	410	7.97e-118	418
NF-GYPSY-396_2#CLASSI/LTR/GYPSY	ltr-1_family-62#LTR/Gypsy	99.796	490	1	0	1	490	4032	4521	0.0	900
NF-GYPSY-396_2#CLASSI/LTR/GYPSY	ltr-1_family-61#LTR/Unknown	99.209	253	1	1	491	742	1	253	6.34e-129	455
NF-GYPSY-292_1#CLASSI/LTR/GYPSY	ltr-1_family-64#LTR/Gypsy	98.705	1158	12	3	3106	4263	617	1771	0.0	2052
NF-GYPSY-292_1#CLASSI/LTR/GYPSY	ltr-1_family-63#LTR/Unknown	94.406	286	16	0	4264	4549	1	286	1.15e-123	440
NF-LTR-92_1#CLASSI/LTR	ltr-1_family-65#LTR/Unknown	92.063	441	31	4	3	439	1	441	1.30e-178	619
NF-LTR-92_1#CLASSI/LTR	rnd-1_family-129#Unknown	100.000	37	0	0	3	39	480	444	5.93e-13	69.4
NF-LTR-92_1#CLASSI/LTR	rnd-1_family-187#DNA/TcMar-Mariner	97.368	38	1	0	2	39	73	36	7.67e-12	65.8
NF-LTR-92_1#CLASSI/LTR	rnd-1_family-168#Unknown	97.297	37	1	0	3	39	480	444	2.76e-11	63.9
NF-LTR-92_1#CLASSI/LTR	rnd-1_family-124#LTR/Pao	97.297	37	1	0	3	39	849	885	2.76e-11	63.9
NF-LTR-92_1#CLASSI/LTR	rnd-1_family-67#LINE/R1	97.297	37	1	0	3	39	1478	1442	2.76e-11	63.9
BEL-3_DPer_2#CLASSI/LTR/BELPAO	ltr-1_family-75#LTR/Pao	95.783	498	14	2	407	904	1	491	0.0	797
BEL-3_DPer_2#CLASSI/LTR/BELPAO	ltr-1_family-74#LTR/Unknown	97.416	387	9	1	20	406	1	386	0.0	664
BEL-3_DPer_3#CLASSI/LTR/BELPAO	ltr-1_family-74#LTR/Unknown	92.765	387	25	3	1	386	1	385	1.82e-161	562
NF-LTR-55_1#CLASSI/LTR	ltr-1_family-81#LTR/Gypsy	98.196	499	8	1	1	498	499	1	0.0	870
NF-LTR-55_1#CLASSI/LTR	ltr-1_family-24#LTR/Gypsy	96.586	498	12	1	1	498	493	1	0.0	833
NF-LTR-55_1#CLASSI/LTR	ltr-1_family-80#LTR/Unknown	96.842	285	8	1	499	783	1	284	1.42e-135	477
NF-LTR-55_1#CLASSI/LTR	ltr-1_family-23#LTR/Unknown	89.583	288	26	4	499	783	287	1	8.87e-108	385
Dsus_1#CLASSI/LTR/GYPSY	ltr-1_family-88#LTR/Gypsy	99.763	422	1	0	485	906	1	422	0.0	776
Dsus_1#CLASSI/LTR/GYPSY	ltr-1_family-26#LTR/Gypsy	86.188	181	24	1	24	204	5973	6152	2.40e-54	207
Dsus_1#CLASSI/LTR/GYPSY	ltr-1_family-71#LTR/Gypsy	91.667	48	3	1	437	484	7400	7446	1.53e-11	65.8
Dsus_1#CLASSI/LTR/GYPSY	ltr-1_family-56#LTR/Gypsy	91.304	46	3	1	437	482	8182	8226	1.98e-10	62.1
NF-GYPSY-521_1#CLASSI/LTR/GYPSY	ltr-1_family-88#LTR/Gypsy	86.698	421	35	13	1	411	3	412	1.76e-127	449
NF-GYPSY-52_2#CLASSI/LTR/GYPSY	ltr-1_family-95#LTR/Gypsy	99.252	936	4	2	1507	2442	15	947	0.0	1687
NF-GYPSY-52_2#CLASSI/LTR/GYPSY	ltr-1_family-94#LTR/Unknown	99.569	464	2	0	998	1461	1	464	0.0	846
NF-GYPSY-320_1#CLASSI/LTR/GYPSY	ltr-1_family-97#LTR/Gypsy	98.061	1702	28	2	3259	4959	2949	4646	0.0	2955
NF-GYPSY-320_1#CLASSI/LTR/GYPSY	ltr-1_family-96#LTR/Unknown	89.744	234	2	3	4960	5171	1	234	2.90e-75	279
NF-GYPSY-320_1#CLASSI/LTR/GYPSY	rnd-1_family-250#LTR/Gypsy	73.898	295	74	3	3914	4207	1413	1705	6.59e-37	152
NF-GYPSY-353_2#CLASSI/LTR/GYPSY	ltr-1_family-99#LTR/Gypsy	100.000	4328	0	0	1	4328	1	4328	0.0	7993
NF-GYPSY-353_2#CLASSI/LTR/GYPSY	rnd-1_family-492#LTR/Gypsy	95.198	354	12	4	3263	3612	247	599	1.65e-161	566
NF-GYPSY-198_2#CLASSI/LTR/GYPSY	ltr-1_family-100#LTR/Unknown	99.281	417	3	0	408	824	1	417	0.0	760
NF-GYPSY-198_2#CLASSI/LTR/GYPSY	ltr-1_family-101#LTR/Gypsy	96.837	411	9	4	1	408	4070	4479	0.0	684
NF-GYPSY-198_2#CLASSI/LTR/GYPSY	ltr-1_family-142#LTR/Gypsy	89.381	452	44	4	1	449	3158	3608	1.44e-165	577
NF-GYPSY-198_2#CLASSI/LTR/GYPSY	ltr-1_family-141#LTR/Unknown	95.745	47	2	0	403	449	3	49	6.39e-15	76.8
NF-JOCKEY-153_1#CLASSI/LINE/JOCKEY	rnd-1_family-425#LINE/I-Jockey	98.633	439	4	1	195	631	1	439	0.0	778
NF-JOCKEY-153_1#CLASSI/LINE/JOCKEY	rnd-1_family-583#LINE/I-Jockey	99.222	257	2	0	128	384	1	257	2.98e-132	466
NF-JOCKEY-153_1#CLASSI/LINE/JOCKEY	rnd-1_family-486#Unknown	98.701	154	2	0	472	625	157	4	1.94e-74	274
NF-JOCKEY-153_1#CLASSI/LINE/JOCKEY	rnd-1_family-407#Unknown	97.122	139	1	2	606	741	1	139	1.19e-61	231
NF-JOCKEY-153_1#CLASSI/LINE/JOCKEY	rnd-5_family-2978#LINE/I-Jockey	89.928	139	1	8	1	126	130	268	3.39e-42	167
NF-R1-4_1#CLASSI/LINE/R1	rnd-1_family-430#LINE/R1	100.000	331	0	0	1	331	1	331	3.33e-163	568
NF-R1-4_1#CLASSI/LINE/R1	rnd-1_family-314#LINE/R1	91.636	275	18	4	4	276	732	1003	7.79e-105	374
NF-GYPSY-102_1#CLASSI/LTR/GYPSY	rnd-1_family-582#LTR/Gypsy	98.675	1283	15	1	5169	6451	1	1281	0.0	2278
NF-MITE-79_1#CLASSII/MITE	rnd-5_family-1334#DNA/TcMar-Tc1	100.000	1667	0	0	1	1667	1	1667	0.0	3046
NF-MITE-360_1#CLASSII/MITE	rnd-5_family-9471#DNA/CMC-Transib	100.000	972	0	0	1	972	1	972	0.0	1777
NF-BELPAO-35_1#CLASSI/LTR/BELPAO	rnd-5_family-3135#LTR/Pao	98.789	991	9	3	3260	4247	1	991	0.0	1760
NF-BELPAO-35_1#CLASSI/LTR/BELPAO	rnd-1_family-511#Unknown	90.141	142	7	2	4249	4383	182	323	9.16e-45	178
NF-HAT-37_1#CLASSII/TIR/HAT	rnd-5_family-11479#DNA/hAT-Ac	95.542	2131	64	13	57	2167	1	2120	0.0	3400
Polinton-1_DPe_2#CLASSII/MAVERICK	rnd-5_family-1885#DNA/Maverick	98.517	12612	139	22	1804	14381	1	12598	0.0	22242
Polinton-1_DPe_2#CLASSII/MAVERICK	ltr-1_family-156#DNA/Maverick	98.537	3075	40	4	8027	11100	1036	4106	0.0	5424
Polinton-1_DPe_2#CLASSII/MAVERICK	rnd-1_family-590#Unknown	97.017	771	21	2	1034	1803	770	1	0.0	1304
Polinton-1_DPe_2#CLASSII/MAVERICK	rnd-1_family-344#Unknown	91.648	898	67	8	468	1359	71	966	0.0	1264
Polinton-1_DPe_2#CLASSII/MAVERICK	rnd-1_family-578#Unknown	86.957	345	44	1	687	1030	1	345	1.11e-113	409
Polinton-1_DPe_2#CLASSII/MAVERICK	rnd-1_family-377#Unknown	94.709	189	7	2	15437	15623	2	189	3.24e-79	294
Polinton-1_DPe_2#CLASSII/MAVERICK	rnd-1_family-499#Unknown	96.522	115	4	0	16000	16114	115	1	3.38e-49	195
NF-MITE-265_1#CLASSII/MITE	rnd-1_family-114#LTR/ERV1	98.926	838	6	3	195	1030	1	837	0.0	1496
NF-MITE-265_1#CLASSII/MITE	rnd-1_family-185#Unknown	99.668	603	2	0	28	630	603	1	0.0	1105
NF-MITE-265_1#CLASSII/MITE	rnd-1_family-191#Unknown	100.000	376	0	0	955	1330	1	376	0.0	695
NF-MITE-265_1#CLASSII/MITE	rnd-1_family-158#Unknown	99.432	176	0	1	98	273	329	155	1.56e-87	318
NF-MITE-265_1#CLASSII/MITE	rnd-6_family-258#RC/Helitron	98.286	175	2	1	26	200	174	1	3.38e-84	307
NF-MITE-265_1#CLASSII/MITE	rnd-1_family-3#Unknown	95.833	144	6	0	98	241	2272	2415	5.81e-62	233
NF-MITE-596_1#CLASSII/MITE	rnd-1_family-99#Unknown	98.722	704	7	2	1	703	1	703	0.0	1253
NF-MITE-596_1#CLASSII/MITE	rnd-1_family-144#Unknown	97.996	549	10	1	135	683	1	548	0.0	955
NF-MITE-596_1#CLASSII/MITE	rnd-1_family-0#RC/Helitron	99.289	422	3	0	14	435	433	854	0.0	765
NF-MITE-596_1#CLASSII/MITE	rnd-1_family-14#Unknown	98.554	415	3	2	14	428	1	412	0.0	732
NF-MITE-596_1#CLASSII/MITE	rnd-1_family-172#Unknown	98.394	249	4	0	455	703	251	3	1.66e-124	440
NF-MITE-596_1#CLASSII/MITE	rnd-1_family-232#Unknown	99.225	129	1	0	50	178	129	1	3.03e-62	233
NF-MITE-596_1#CLASSII/MITE	rnd-1_family-222#Unknown	100.000	72	0	0	1	72	72	1	3.16e-32	134
NF-MITE-620_1#CLASSII/MITE	rnd-1_family-153#Unknown	99.077	650	6	0	1	650	3	652	0.0	1171
NF-MITE-511_1#CLASSII/MITE	rnd-1_family-214#Unknown	96.823	661	20	1	134	793	1	661	0.0	1107
NF-MITE-511_1#CLASSII/MITE	rnd-1_family-375#Unknown	98.381	247	4	0	14	260	1	247	8.73e-123	435
NF-MITE-760_1#CLASSII/MITE	rnd-1_family-460#Unknown	99.379	161	1	0	14	174	161	1	2.37e-80	292
NF-MITE-760_1#CLASSII/MITE	rnd-1_family-533#Unknown	98.261	115	2	0	120	234	1	115	1.14e-53	204
NF-MITE-760_1#CLASSII/MITE	rnd-5_family-4900#Unknown	96.203	79	2	1	257	335	78	1	7.08e-31	128
NF-MITE-586_1#CLASSII/MITE	rnd-5_family-858#Unknown	88.060	402	30	15	103	502	392	7	8.66e-132	464
NF-MITE-586_1#CLASSII/MITE	rnd-1_family-575#Unknown	92.308	143	9	2	31	172	1	142	2.09e-53	204
NF-MITE-381_1#CLASSII/MITE	rnd-5_family-9082#Unknown	99.119	1021	2	1	10	1030	1	1014	0.0	1829
NF-MITE-282_1#CLASSII/MITE	rnd-5_family-1253#Unknown	97.977	1236	24	1	6	1241	1	1235	0.0	2161
NF-MITE-752_1#CLASSII/MITE	rnd-5_family-11608#Unknown	99.469	377	2	0	1	377	2	378	0.0	686
