NF-GYPSY-228_1#CLASSI/LTR/GYPSY	NF-GYPSY-228_1#CLASSI/LTR/GYPSY	100.000	7022	0	0	1	7022	1	7022	0.0	12968
NF-GYPSY-228_1#CLASSI/LTR/GYPSY	NF-GYPSY-228_2#CLASSI/LTR/GYPSY	98.284	3962	49	13	1086	5032	927	4884	0.0	6922
NF-HELITRON-24_1#CLASSII/HELITRON	NF-HELITRON-24_1#CLASSII/HELITRON	100.000	2193	0	0	1	2193	1	2193	0.0	4050
NF-HELITRON-24_1#CLASSII/HELITRON	NF-HELITRON-24_2#CLASSII/HELITRON	99.190	1851	10	2	344	2193	3078	1232	0.0	3330
NF-HELITRON-24_1#CLASSII/HELITRON	NF-HELITRON-24_4#CLASSII/HELITRON	96.395	1831	34	7	365	2193	1	1801	0.0	2987
NF-HELITRON-24_1#CLASSII/HELITRON	NF-HELITRON-24_3#CLASSII/HELITRON	99.376	641	3	1	1554	2193	1	641	0.0	1160
NF-HELITRON-24_2#CLASSII/HELITRON	NF-HELITRON-24_2#CLASSII/HELITRON	100.000	3472	0	0	1	3472	1	3472	0.0	6412
NF-HELITRON-24_2#CLASSII/HELITRON	NF-HELITRON-24_4#CLASSII/HELITRON	96.720	2561	50	6	501	3057	2531	1	0.0	4233
NF-HELITRON-24_2#CLASSII/HELITRON	NF-HELITRON-24_1#CLASSII/HELITRON	99.190	1851	10	2	1232	3078	2193	344	0.0	3330
NF-HELITRON-24_2#CLASSII/HELITRON	NF-HELITRON-24_3#CLASSII/HELITRON	99.052	1372	9	1	501	1868	1372	1	0.0	2459
NF-LINE-6_1#CLASSI/LINE	NF-LINE-6_1#CLASSI/LINE	100.000	5701	0	0	1	5701	1	5701	0.0	10528
NF-LINE-6_1#CLASSI/LINE	NF-LINE-6_2#CLASSI/LINE	91.387	4644	400	0	1042	5685	4644	1	0.0	6360
Jockey-8_DF_1#CLASSI/LINE/JOCKEY	Jockey-8_DF_1#CLASSI/LINE/JOCKEY	100.000	1377	0	0	1	1377	1	1377	0.0	2543
Jockey-8_DF_1#CLASSI/LINE/JOCKEY	Jockey-8_DF_2#CLASSI/LINE/JOCKEY	91.624	979	68	5	1	965	1845	2823	0.0	1341
NF-LINE-43_1#CLASSI/LINE	NF-LINE-43_1#CLASSI/LINE	100.000	2892	0	0	1	2892	1	2892	0.0	5341
NF-LINE-43_1#CLASSI/LINE	NF-R1-85_1#CLASSI/LINE/R1	98.873	1775	18	2	309	2082	1343	3116	0.0	3166
NF-JOCKEY-6_1#CLASSI/LINE/JOCKEY	NF-JOCKEY-6_1#CLASSI/LINE/JOCKEY	100.000	4614	0	0	1	4614	1	4614	0.0	8521
NF-LINE-38_1#CLASSI/LINE	NF-LINE-38_1#CLASSI/LINE	100.000	3265	0	0	1	3265	1	3265	0.0	6030
NF-LINE-38_1#CLASSI/LINE	NF-LINE-16_1#CLASSI/LINE	76.201	2248	464	53	617	2815	80	2305	0.0	1122
NF-GYPSY-131_1#CLASSI/LTR/GYPSY	NF-GYPSY-131_1#CLASSI/LTR/GYPSY	100.000	7997	0	0	1	7997	1	7997	0.0	14768
NF-HELITRON-113_1#CLASSII/HELITRON	NF-HELITRON-113_1#CLASSII/HELITRON	100.000	596	0	0	1	596	1	596	0.0	1101
NF-LTR-106_1#CLASSI/LTR	NF-LTR-106_1#CLASSI/LTR	100.000	417	0	0	1	417	1	417	0.0	771
NF-LTR-106_1#CLASSI/LTR	BEL-2_DPer_1#CLASSI/LTR/BELPAO	93.182	396	14	7	5	387	2156	2551	5.30e-164	569
Copia-2_DPer_1#CLASSI/LTR/COPIA	Copia-2_DPer_1#CLASSI/LTR/COPIA	100.000	4539	0	0	1	4539	1	4539	0.0	8383
Copia-2_DPer_1#CLASSI/LTR/COPIA	Copia-2_DPer_2#CLASSI/LTR/COPIA	100.000	740	0	0	3800	4539	1	740	0.0	1367
Copia-2_DPer_2#CLASSI/LTR/COPIA	Copia-2_DPer_2#CLASSI/LTR/COPIA	100.000	766	0	0	1	766	1	766	0.0	1415
Copia-2_DPer_2#CLASSI/LTR/COPIA	Copia-2_DPer_1#CLASSI/LTR/COPIA	100.000	740	0	0	1	740	3800	4539	0.0	1367
BEL-3_DPer_1#CLASSI/LTR/BELPAO	BEL-3_DPer_1#CLASSI/LTR/BELPAO	100.000	6285	0	0	1	6285	1	6285	0.0	11607
BEL-3_DPer_1#CLASSI/LTR/BELPAO	BEL-3_DPer_2#CLASSI/LTR/BELPAO	98.545	825	10	2	1	824	81	904	0.0	1456
BEL-3_DPer_1#CLASSI/LTR/BELPAO	BEL-3_DPer_3#CLASSI/LTR/BELPAO	93.299	388	22	4	5900	6285	1	386	8.33e-163	569
LOA-1_DPer_1#CLASSI/LINE/LOA	LOA-1_DPer_1#CLASSI/LINE/LOA	100.000	5513	0	0	1	5513	1	5513	0.0	10181
BEL-8_DPe_1#CLASSI/LTR/BELPAO	BEL-8_DPe_1#CLASSI/LTR/BELPAO	100.000	5859	0	0	1	5859	1	5859	0.0	10820
BEL-8_DPe_1#CLASSI/LTR/BELPAO	Nobel_I_1#CLASSI/LTR/BELPAO	80.208	5376	969	67	468	5806	1688	7005	0.0	3945
Loa-1_DK_1#CLASSI/LINE/LOA	Loa-1_DK_1#CLASSI/LINE/LOA	100.000	5393	0	0	1	5393	1	5393	0.0	9960
BEL-2_DPer_1#CLASSI/LTR/BELPAO	BEL-2_DPer_1#CLASSI/LTR/BELPAO	100.000	2609	0	0	1	2609	1	2609	0.0	4819
BEL-2_DPer_1#CLASSI/LTR/BELPAO	NF-LTR-106_1#CLASSI/LTR	93.182	396	14	7	2156	2551	5	387	3.44e-163	569
CR1-1_DPer_1#CLASSI/LINE/CR1	CR1-1_DPer_1#CLASSI/LINE/CR1	100.000	4543	0	0	1	4543	1	4543	0.0	8390
Mariner-5_DAn_1#CLASSII/TIR/TC1MARINER	Mariner-5_DAn_1#CLASSII/TIR/TC1MARINER	100.000	1622	0	0	1	1622	1	1622	0.0	2996
Helitron-1_DPe_1#CLASSII/HELITRON	Helitron-1_DPe_1#CLASSII/HELITRON	100.000	6890	0	0	1	6890	1	6890	0.0	12724
Mariner-25_DF_1#CLASSII/TIR/TC1MARINER	Mariner-25_DF_1#CLASSII/TIR/TC1MARINER	100.000	1544	0	0	1	1544	1	1544	0.0	2852
Mariner-9_DK_1#CLASSII/TIR/TC1MARINER	Mariner-9_DK_1#CLASSII/TIR/TC1MARINER	100.000	1773	0	0	1	1773	1	1773	0.0	3275
Transib-2_DEl_1#CLASSII/TIR/TRANSIB	Transib-2_DEl_1#CLASSII/TIR/TRANSIB	100.000	854	0	0	1	854	1	854	0.0	1559
Transib-3_DAn_1#CLASSII/TIR/TRANSIB	Transib-3_DAn_1#CLASSII/TIR/TRANSIB	100.000	2414	0	0	1	2414	1	2414	0.0	4377
Kiri-2_DPer_1#CLASSI/LINE/L2	Kiri-2_DPer_1#CLASSI/LINE/L2	100.000	1217	0	0	1	1217	1	1217	0.0	2248
NF-GYPSY-162_1#CLASSI/LTR/GYPSY	NF-GYPSY-162_1#CLASSI/LTR/GYPSY	100.000	7692	0	0	1	7692	1	7692	0.0	14205
Nobel_I_1#CLASSI/LTR/BELPAO	Nobel_I_1#CLASSI/LTR/BELPAO	100.000	7150	0	0	1	7150	1	7150	0.0	13204
Nobel_I_1#CLASSI/LTR/BELPAO	BEL-8_DPe_1#CLASSI/LTR/BELPAO	80.212	5377	967	70	1688	7005	468	5806	0.0	3945
NF-GYPSY-208_1#CLASSI/LTR/GYPSY	NF-GYPSY-208_1#CLASSI/LTR/GYPSY	100.000	6741	0	0	1	6741	1	6741	0.0	12449
NF-GYPSY-208_1#CLASSI/LTR/GYPSY	NF-GYPSY-208_2#CLASSI/LTR/GYPSY	98.173	2463	10	14	4313	6741	1	2462	0.0	4266
NF-COPIA-29_1#CLASSI/LTR/COPIA	NF-COPIA-29_1#CLASSI/LTR/COPIA	100.000	4510	0	0	1	4510	1	4510	0.0	8329
NF-BELPAO-84_1#CLASSI/LTR/BELPAO	NF-BELPAO-84_1#CLASSI/LTR/BELPAO	100.000	5951	0	0	1	5951	1	5951	0.0	10990
NF-BELPAO-113_1#CLASSI/LTR/BELPAO	NF-BELPAO-113_1#CLASSI/LTR/BELPAO	100.000	3430	0	0	1	3430	1	3430	0.0	6335
NF-BELPAO-113_1#CLASSI/LTR/BELPAO	NF-BELPAO-113_2#CLASSI/LTR/BELPAO	84.553	3457	418	71	1	3426	3	3374	0.0	3319
NF-BELPAO-113_1#CLASSI/LTR/BELPAO	NF-BELPAO-113_3#CLASSI/LTR/BELPAO	96.341	984	30	4	1	984	978	1	0.0	1613
NF-BELPAO-113_1#CLASSI/LTR/BELPAO	NF-BELPAO-44_1#CLASSI/LTR/BELPAO	83.789	1425	202	26	455	1861	6116	4703	0.0	1325
NF-BELPAO-113_1#CLASSI/LTR/BELPAO	NF-LTR-86_1#CLASSI/LTR	96.266	482	11	6	2949	3424	14	494	0.0	784
NF-BELPAO-113_1#CLASSI/LTR/BELPAO	NF-LTR-92_1#CLASSI/LTR	97.297	37	1	0	2949	2985	3	39	9.39e-11	63.9
NF-BELPAO-44_1#CLASSI/LTR/BELPAO	NF-BELPAO-44_1#CLASSI/LTR/BELPAO	100.000	6512	0	0	1	6512	1	6512	0.0	12026
NF-BELPAO-44_1#CLASSI/LTR/BELPAO	NF-BELPAO-113_2#CLASSI/LTR/BELPAO	84.549	1398	179	31	4733	6116	1799	425	0.0	1351
NF-BELPAO-44_1#CLASSI/LTR/BELPAO	NF-BELPAO-113_1#CLASSI/LTR/BELPAO	83.826	1422	201	26	4706	6116	1858	455	0.0	1325
NF-BELPAO-44_1#CLASSI/LTR/BELPAO	NF-LTR-92_1#CLASSI/LTR	92.308	442	28	6	1	441	439	3	6.53e-179	623
NF-BELPAO-44_1#CLASSI/LTR/BELPAO	NF-BELPAO-113_3#CLASSI/LTR/BELPAO	82.332	549	66	22	5580	6116	1	530	4.22e-126	448
NF-BELPAO-44_1#CLASSI/LTR/BELPAO	NF-LTR-86_1#CLASSI/LTR	97.297	37	1	0	405	441	50	14	1.79e-10	63.9
NF-BELPAO-114_1#CLASSI/LTR/BELPAO	NF-BELPAO-114_1#CLASSI/LTR/BELPAO	100.000	3382	0	0	1	3382	1	3382	0.0	6246
NF-BELPAO-114_1#CLASSI/LTR/BELPAO	BEL-14_DP_1#CLASSI/LTR/BELPAO	90.510	706	56	10	536	1235	244	944	0.0	922
NF-BELPAO-86_1#CLASSI/LTR/BELPAO	NF-BELPAO-86_1#CLASSI/LTR/BELPAO	100.000	5871	0	0	1	5871	1	5871	0.0	10842
NF-GYPSY-353_1#CLASSI/LTR/GYPSY	NF-GYPSY-353_1#CLASSI/LTR/GYPSY	100.000	5204	0	0	1	5204	1	5204	0.0	9611
NF-GYPSY-353_1#CLASSI/LTR/GYPSY	NF-GYPSY-353_2#CLASSI/LTR/GYPSY	97.995	3292	40	4	195	3486	1	3266	0.0	5690
NF-BELPAO-113_2#CLASSI/LTR/BELPAO	NF-BELPAO-113_2#CLASSI/LTR/BELPAO	100.000	3408	0	0	1	3408	1	3408	0.0	6294
NF-BELPAO-113_2#CLASSI/LTR/BELPAO	NF-BELPAO-113_1#CLASSI/LTR/BELPAO	84.562	3459	414	73	3	3374	1	3426	0.0	3319
NF-BELPAO-113_2#CLASSI/LTR/BELPAO	NF-BELPAO-113_3#CLASSI/LTR/BELPAO	93.992	982	27	11	1	952	980	1	0.0	1458
NF-BELPAO-113_2#CLASSI/LTR/BELPAO	NF-BELPAO-44_1#CLASSI/LTR/BELPAO	84.371	1414	182	34	425	1814	6116	4718	0.0	1351
NF-BELPAO-113_2#CLASSI/LTR/BELPAO	NF-LTR-86_1#CLASSI/LTR	88.613	483	23	13	1	453	14	494	9.76e-160	558
NF-GYPSY-191_1#CLASSI/LTR/GYPSY	NF-GYPSY-191_1#CLASSI/LTR/GYPSY	100.000	7291	0	0	1	7291	1	7291	0.0	13465
NF-BELPAO-14_1#CLASSI/LTR/BELPAO	NF-BELPAO-14_1#CLASSI/LTR/BELPAO	100.000	7472	0	0	1	7472	1	7472	0.0	13799
NF-BELPAO-14_1#CLASSI/LTR/BELPAO	NF-BELPAO-2_3#CLASSI/LTR/BELPAO	78.603	5052	992	75	2088	7090	2354	7365	0.0	3258
NF-LINE-10_1#CLASSI/LINE	NF-LINE-10_1#CLASSI/LINE	100.000	5381	0	0	1	5381	1	5381	0.0	9937
NF-MITE-52_1#CLASSII/MITE	NF-MITE-52_1#CLASSII/MITE	100.000	1655	0	0	1	1655	1	1655	0.0	3057
NF-LINE-23_1#CLASSI/LINE	NF-LINE-23_1#CLASSI/LINE	100.000	4544	0	0	1	4544	1	4544	0.0	8392
NF-R1-63_1#CLASSI/LINE/R1	NF-R1-63_1#CLASSI/LINE/R1	100.000	2912	0	0	1	2912	1	2912	0.0	5378
NF-R1-63_1#CLASSI/LINE/R1	NF-R1-63_2#CLASSI/LINE/R1	98.674	905	7	5	1	900	284	1188	0.0	1600
NF-R1-58_1#CLASSI/LINE/R1	NF-R1-58_1#CLASSI/LINE/R1	100.000	4397	0	0	1	4397	1	4397	0.0	8120
NF-R1-63_2#CLASSI/LINE/R1	NF-R1-63_2#CLASSI/LINE/R1	100.000	1188	0	0	1	1188	1	1188	0.0	2194
NF-R1-63_2#CLASSI/LINE/R1	NF-R1-63_1#CLASSI/LINE/R1	98.674	905	7	5	284	1188	1	900	0.0	1600
NF-MITE-254_1#CLASSII/MITE	NF-MITE-254_1#CLASSII/MITE	100.000	1371	0	0	1	1371	1	1371	0.0	2532
BEL-14_DP_1#CLASSI/LTR/BELPAO	BEL-14_DP_1#CLASSI/LTR/BELPAO	100.000	6551	0	0	1	6551	1	6551	0.0	12098
BEL-14_DP_1#CLASSI/LTR/BELPAO	NF-BELPAO-114_1#CLASSI/LTR/BELPAO	90.510	706	56	10	244	944	536	1235	0.0	922
NF-MITE-119_1#CLASSII/MITE	NF-MITE-119_1#CLASSII/MITE	100.000	1655	0	0	1	1655	1	1655	0.0	3057
CR1-3_DPer_1#CLASSI/LINE/CR1	CR1-3_DPer_1#CLASSI/LINE/CR1	100.000	4470	0	0	1	4470	1	4470	0.0	8255
NF-BELPAO-38_1#CLASSI/LTR/BELPAO	NF-BELPAO-38_1#CLASSI/LTR/BELPAO	100.000	6555	0	0	1	6555	1	6555	0.0	12105
NF-LINE-26_1#CLASSI/LINE	NF-LINE-26_1#CLASSI/LINE	100.000	4305	0	0	1	4305	1	4305	0.0	7950
Jockey-8_DF_2#CLASSI/LINE/JOCKEY	Jockey-8_DF_2#CLASSI/LINE/JOCKEY	100.000	4662	0	0	1	4662	1	4662	0.0	8610
Jockey-8_DF_2#CLASSI/LINE/JOCKEY	Jockey-8_DF_1#CLASSI/LINE/JOCKEY	91.624	979	68	5	1845	2823	1	965	0.0	1341
NF-TIR-5_1#CLASSII/TIR	NF-TIR-5_1#CLASSII/TIR	100.000	1726	0	0	1	1726	1	1726	0.0	3188
Mariner-20_DRh_1#CLASSII/MITE	Mariner-20_DRh_1#CLASSII/MITE	100.000	1604	0	0	1	1604	1	1604	0.0	2963
NF-LINE-16_1#CLASSI/LINE	NF-LINE-16_1#CLASSI/LINE	100.000	3626	0	0	1	3626	1	3626	0.0	6697
NF-LINE-16_1#CLASSI/LINE	NF-LINE-38_1#CLASSI/LINE	76.201	2248	464	53	80	2305	617	2815	0.0	1122
NF-MITE-45_1#CLASSII/MITE	NF-MITE-45_1#CLASSII/MITE	100.000	1608	0	0	1	1608	1	1608	0.0	2918
NF-LINE-32_1#CLASSI/LINE	NF-LINE-32_1#CLASSI/LINE	100.000	1916	0	0	1	1916	1	1916	0.0	3539
NF-BELPAO-113_3#CLASSI/LTR/BELPAO	NF-BELPAO-113_3#CLASSI/LTR/BELPAO	100.000	1004	0	0	1	1004	1	1004	0.0	1855
NF-BELPAO-113_3#CLASSI/LTR/BELPAO	NF-BELPAO-113_1#CLASSI/LTR/BELPAO	96.341	984	30	4	1	978	984	1	0.0	1613
NF-BELPAO-113_3#CLASSI/LTR/BELPAO	NF-BELPAO-113_2#CLASSI/LTR/BELPAO	93.992	982	27	11	1	980	952	1	0.0	1458
NF-BELPAO-113_3#CLASSI/LTR/BELPAO	NF-LTR-86_1#CLASSI/LTR	96.473	482	13	2	502	980	494	14	0.0	793
NF-BELPAO-113_3#CLASSI/LTR/BELPAO	NF-BELPAO-44_1#CLASSI/LTR/BELPAO	82.396	551	62	24	1	530	5580	6116	6.40e-127	448
NF-BELPAO-113_3#CLASSI/LTR/BELPAO	NF-LTR-92_1#CLASSI/LTR	97.297	37	1	0	944	980	39	3	2.71e-11	63.9
NF-MITE-622_1#CLASSII/MITE	NF-MITE-622_1#CLASSII/MITE	100.000	366	0	0	1	366	1	366	0.0	676
NF-MITE-676_1#CLASSII/MITE	NF-MITE-676_1#CLASSII/MITE	100.000	579	0	0	1	579	1	579	0.0	1070
NF-MITE-359_1#CLASSII/MITE	NF-MITE-359_1#CLASSII/MITE	100.000	1052	0	0	1	1052	1	1052	0.0	1943
NF-LINE-25_1#CLASSI/LINE	NF-LINE-25_1#CLASSI/LINE	100.000	3703	0	0	1	3703	1	3703	0.0	6839
NF-GYPSY-342_1#CLASSI/LTR/GYPSY	NF-GYPSY-342_1#CLASSI/LTR/GYPSY	100.000	5376	0	0	1	5376	1	5376	0.0	9928
NF-COPIA-4_1#CLASSI/LTR/COPIA	NF-COPIA-4_1#CLASSI/LTR/COPIA	100.000	5427	0	0	1	5427	1	5427	0.0	10022
NF-GYPSY-423_1#CLASSI/LTR/GYPSY	NF-GYPSY-423_1#CLASSI/LTR/GYPSY	100.000	4784	0	0	1	4784	1	4784	0.0	8835
NF-BELPAO-30_1#CLASSI/LTR/BELPAO	NF-BELPAO-30_1#CLASSI/LTR/BELPAO	100.000	7027	0	0	1	7027	1	7027	0.0	12977
NF-GYPSY-372_1#CLASSI/LTR/GYPSY	NF-GYPSY-372_1#CLASSI/LTR/GYPSY	100.000	5127	0	0	1	5127	1	5127	0.0	9468
NF-MITE-692_1#CLASSII/MITE	NF-MITE-692_1#CLASSII/MITE	100.000	544	0	0	1	544	1	544	0.0	1005
NF-HELITRON-24_3#CLASSII/HELITRON	NF-HELITRON-24_3#CLASSII/HELITRON	100.000	3508	0	0	1	3508	1	3508	0.0	6479
NF-HELITRON-24_3#CLASSII/HELITRON	NF-HELITRON-24_4#CLASSII/HELITRON	97.518	3424	31	8	1	3424	1178	4547	0.0	5803
NF-HELITRON-24_3#CLASSII/HELITRON	NF-HELITRON-24_2#CLASSII/HELITRON	99.052	1372	9	1	1	1372	1868	501	0.0	2459
NF-HELITRON-24_3#CLASSII/HELITRON	NF-HELITRON-24_1#CLASSII/HELITRON	99.376	641	3	1	1	641	1554	2193	0.0	1160
NF-TC1MARINER-101_1#CLASSII/TIR/TC1MARINER	NF-TC1MARINER-101_1#CLASSII/TIR/TC1MARINER	100.000	1558	0	0	1	1558	1	1558	0.0	2878
NF-TC1MARINER-135_1#CLASSII/TIR/TC1MARINER	NF-TC1MARINER-135_1#CLASSII/TIR/TC1MARINER	100.000	1300	0	0	1	1300	1	1300	0.0	2401
NF-MITE-106_1#CLASSII/MITE	NF-MITE-106_1#CLASSII/MITE	100.000	1635	0	0	1	1635	1	1635	0.0	3020
Polinton-1_DPe_1#CLASSII/MAVERICK	Polinton-1_DPe_1#CLASSII/MAVERICK	100.000	8784	0	0	1	8784	1	8784	0.0	16222
Polinton-1_DPe_1#CLASSII/MAVERICK	Polinton-1_DPe_2#CLASSII/MAVERICK	99.930	8528	4	2	1	8528	7707	16232	0.0	15714
NF-CMC-3_1#CLASSII/TIR/CMC	NF-CMC-3_1#CLASSII/TIR/CMC	100.000	3616	0	0	1	3616	1	3616	0.0	6678
NF-L2-6_1#CLASSI/LINE/L2	NF-L2-6_1#CLASSI/LINE/L2	100.000	1944	0	0	1	1944	1	1944	0.0	3591
NF-L2-6_1#CLASSI/LINE/L2	NF-L2-6_2#CLASSI/LINE/L2	99.517	1865	3	5	81	1944	1	1860	0.0	3389
NF-L2-6_2#CLASSI/LINE/L2	NF-L2-6_2#CLASSI/LINE/L2	100.000	2269	0	0	1	2269	1	2269	0.0	4191
NF-L2-6_2#CLASSI/LINE/L2	NF-L2-6_1#CLASSI/LINE/L2	99.517	1865	3	5	1	1860	81	1944	0.0	3389
NF-LINE-35_1#CLASSI/LINE	NF-LINE-35_1#CLASSI/LINE	100.000	3491	0	0	1	3491	1	3491	0.0	6447
NF-GYPSY-283_1#CLASSI/LTR/GYPSY	NF-GYPSY-283_1#CLASSI/LTR/GYPSY	100.000	5839	0	0	1	5839	1	5839	0.0	10783
NF-BELPAO-22_1#CLASSI/LTR/BELPAO	NF-BELPAO-22_1#CLASSI/LTR/BELPAO	100.000	8238	0	0	1	8238	1	8238	0.0	15213
NF-BELPAO-111_1#CLASSI/LTR/BELPAO	NF-BELPAO-111_1#CLASSI/LTR/BELPAO	100.000	3525	0	0	1	3525	1	3525	0.0	6510
NF-LTR-16_1#CLASSI/LTR	NF-LTR-16_1#CLASSI/LTR	100.000	4572	0	0	1	4572	1	4572	0.0	8444
NF-BELPAO-66_1#CLASSI/LTR/BELPAO	NF-BELPAO-66_1#CLASSI/LTR/BELPAO	100.000	6254	0	0	1	6254	1	6254	0.0	11550
NF-BELPAO-28_1#CLASSI/LTR/BELPAO	NF-BELPAO-28_1#CLASSI/LTR/BELPAO	100.000	7399	0	0	1	7399	1	7399	0.0	13664
NF-BELPAO-2_3#CLASSI/LTR/BELPAO	NF-BELPAO-2_3#CLASSI/LTR/BELPAO	100.000	8984	0	0	1	8984	1	8984	0.0	16591
NF-BELPAO-2_3#CLASSI/LTR/BELPAO	NF-BELPAO-14_1#CLASSI/LTR/BELPAO	78.590	5049	998	70	2354	7365	2088	7090	0.0	3258
NF-MITE-252_1#CLASSII/MITE	NF-MITE-252_1#CLASSII/MITE	100.000	1373	0	0	1	1373	1	1373	0.0	2536
NF-R1-85_1#CLASSI/LINE/R1	NF-R1-85_1#CLASSI/LINE/R1	100.000	3116	0	0	1	3116	1	3116	0.0	5755
NF-R1-85_1#CLASSI/LINE/R1	NF-LINE-43_1#CLASSI/LINE	98.873	1775	18	2	1343	3116	309	2082	0.0	3166
NF-HELITRON-24_4#CLASSII/HELITRON	NF-HELITRON-24_4#CLASSII/HELITRON	100.000	4547	0	0	1	4547	1	4547	0.0	8397
NF-HELITRON-24_4#CLASSII/HELITRON	NF-HELITRON-24_3#CLASSII/HELITRON	97.518	3424	31	8	1178	4547	1	3424	0.0	5803
NF-HELITRON-24_4#CLASSII/HELITRON	NF-HELITRON-24_2#CLASSII/HELITRON	96.720	2561	50	6	1	2531	3057	501	0.0	4233
NF-HELITRON-24_4#CLASSII/HELITRON	NF-HELITRON-24_1#CLASSII/HELITRON	96.393	1830	36	5	1	1801	365	2193	0.0	2987
NF-HELITRON-30_1#CLASSII/HELITRON	NF-HELITRON-30_1#CLASSII/HELITRON	100.000	2471	0	0	1	2471	1	2471	0.0	4564
NF-MITE-423_1#CLASSII/MITE	NF-MITE-423_1#CLASSII/MITE	100.000	957	0	0	1	957	1	957	0.0	1768
NF-MITE-334_1#CLASSII/MITE	NF-MITE-334_1#CLASSII/MITE	100.000	1105	0	0	1	1105	1	1105	0.0	2041
NF-GYPSY-33_1#CLASSI/LTR/GYPSY	NF-GYPSY-33_1#CLASSI/LTR/GYPSY	100.000	7543	0	0	1	7543	1	7543	0.0	13930
NF-MITE-270_1#CLASSII/MITE	NF-MITE-270_1#CLASSII/MITE	100.000	1295	0	0	1	1295	1	1295	0.0	2392
NF-LINE-6_2#CLASSI/LINE	NF-LINE-6_2#CLASSI/LINE	100.000	4644	0	0	1	4644	1	4644	0.0	8576
NF-LINE-6_2#CLASSI/LINE	NF-LINE-6_1#CLASSI/LINE	91.387	4644	400	0	1	4644	5685	1042	0.0	6360
NF-JOCKEY-21_1#CLASSI/LINE/JOCKEY	NF-JOCKEY-21_1#CLASSI/LINE/JOCKEY	100.000	5176	0	0	1	5176	1	5176	0.0	9559
NF-BELPAO-40_1#CLASSI/LTR/BELPAO	NF-BELPAO-40_1#CLASSI/LTR/BELPAO	100.000	5044	0	0	1	5044	1	5044	0.0	9315
Gypsy-32_DP_1#CLASSI/LTR/GYPSY	Gypsy-32_DP_1#CLASSI/LTR/GYPSY	100.000	723	0	0	1	723	1	723	0.0	1336
Gypsy_DS_1#CLASSI/LTR/GYPSY	Gypsy_DS_1#CLASSI/LTR/GYPSY	100.000	7478	0	0	1	7478	1	7478	0.0	13810
NF-GYPSY-351_1#CLASSI/LTR/GYPSY	NF-GYPSY-351_1#CLASSI/LTR/GYPSY	100.000	4976	0	0	1	4976	1	4976	0.0	9190
NF-GYPSY-450_1#CLASSI/LTR/GYPSY	NF-GYPSY-450_1#CLASSI/LTR/GYPSY	100.000	2839	0	0	1	2839	1	2839	0.0	5243
NF-GYPSY-450_1#CLASSI/LTR/GYPSY	NF-GYPSY-450_2#CLASSI/LTR/GYPSY	100.000	191	0	0	2649	2839	7	197	4.11e-98	353
NF-GYPSY-450_2#CLASSI/LTR/GYPSY	NF-GYPSY-450_2#CLASSI/LTR/GYPSY	100.000	1201	0	0	1	1201	1	1201	0.0	2218
NF-GYPSY-450_2#CLASSI/LTR/GYPSY	NF-GYPSY-450_1#CLASSI/LTR/GYPSY	100.000	191	0	0	7	197	2649	2839	1.72e-98	353
NF-GYPSY-198_1#CLASSI/LTR/GYPSY	NF-GYPSY-198_1#CLASSI/LTR/GYPSY	100.000	1681	0	0	1	1681	1	1681	0.0	3105
NF-GYPSY-198_1#CLASSI/LTR/GYPSY	NF-GYPSY-198_2#CLASSI/LTR/GYPSY	90.519	443	39	3	985	1426	9	449	2.84e-167	582
NF-GYPSY-241_1#CLASSI/LTR/GYPSY	NF-GYPSY-241_1#CLASSI/LTR/GYPSY	100.000	1573	0	0	1	1573	1	1573	0.0	2905
NF-GYPSY-68_1#CLASSI/LTR/GYPSY	NF-GYPSY-68_1#CLASSI/LTR/GYPSY	100.000	6082	0	0	1	6082	1	6082	0.0	11232
NF-GYPSY-208_2#CLASSI/LTR/GYPSY	NF-GYPSY-208_2#CLASSI/LTR/GYPSY	100.000	2823	0	0	1	2823	1	2823	0.0	5214
NF-GYPSY-208_2#CLASSI/LTR/GYPSY	NF-GYPSY-208_1#CLASSI/LTR/GYPSY	98.173	2463	10	14	1	2462	4313	6741	0.0	4266
NF-GYPSY-298_1#CLASSI/LTR/GYPSY	NF-GYPSY-298_1#CLASSI/LTR/GYPSY	100.000	5163	0	0	1	5163	1	5163	0.0	9535
NF-GYPSY-298_1#CLASSI/LTR/GYPSY	NF-LTR-55_1#CLASSI/LTR	97.460	433	11	0	1	433	433	1	0.0	739
BEL-13_DTa_1#CLASSI/LTR/BELPAO	BEL-13_DTa_1#CLASSI/LTR/BELPAO	100.000	3171	0	0	1	3171	1	3171	0.0	5856
BEL-13_DTa_1#CLASSI/LTR/BELPAO	NF-BELPAO-131_1#CLASSI/LTR/BELPAO	97.712	306	4	3	2863	3166	31	335	3.31e-149	523
NF-BELPAO-131_1#CLASSI/LTR/BELPAO	NF-BELPAO-131_1#CLASSI/LTR/BELPAO	100.000	1351	0	0	1	1351	1	1351	0.0	2495
NF-BELPAO-131_1#CLASSI/LTR/BELPAO	BEL-13_DTa_1#CLASSI/LTR/BELPAO	97.712	306	4	3	31	335	2863	3166	1.40e-149	523
NF-GYPSY-228_2#CLASSI/LTR/GYPSY	NF-GYPSY-228_2#CLASSI/LTR/GYPSY	100.000	4884	0	0	1	4884	1	4884	0.0	9020
NF-GYPSY-228_2#CLASSI/LTR/GYPSY	NF-GYPSY-228_1#CLASSI/LTR/GYPSY	98.284	3962	49	13	927	4884	1086	5032	0.0	6922
NF-LTR-86_1#CLASSI/LTR	NF-LTR-86_1#CLASSI/LTR	100.000	494	0	0	1	494	1	494	0.0	913
NF-LTR-86_1#CLASSI/LTR	NF-BELPAO-113_3#CLASSI/LTR/BELPAO	96.473	482	13	2	14	494	980	502	0.0	793
NF-LTR-86_1#CLASSI/LTR	NF-BELPAO-113_1#CLASSI/LTR/BELPAO	96.266	482	11	6	14	494	2949	3424	0.0	784
NF-LTR-86_1#CLASSI/LTR	NF-BELPAO-113_2#CLASSI/LTR/BELPAO	88.613	483	23	13	14	494	1	453	1.37e-160	558
NF-LTR-86_1#CLASSI/LTR	NF-LTR-92_1#CLASSI/LTR	97.368	38	1	0	13	50	2	39	3.64e-12	65.8
NF-LTR-86_1#CLASSI/LTR	NF-BELPAO-44_1#CLASSI/LTR/BELPAO	97.297	37	1	0	14	50	441	405	1.31e-11	63.9
NF-GYPSY-396_1#CLASSI/LTR/GYPSY	NF-GYPSY-396_1#CLASSI/LTR/GYPSY	100.000	721	0	0	1	721	1	721	0.0	1332
NF-GYPSY-396_1#CLASSI/LTR/GYPSY	NF-GYPSY-396_2#CLASSI/LTR/GYPSY	99.242	264	0	2	21	284	490	751	2.09e-135	475
NF-GYPSY-396_2#CLASSI/LTR/GYPSY	NF-GYPSY-396_2#CLASSI/LTR/GYPSY	100.000	751	0	0	1	751	1	751	0.0	1387
NF-GYPSY-396_2#CLASSI/LTR/GYPSY	NF-GYPSY-396_1#CLASSI/LTR/GYPSY	99.242	264	0	2	490	751	21	284	2.18e-135	475
NF-GYPSY-292_1#CLASSI/LTR/GYPSY	NF-GYPSY-292_1#CLASSI/LTR/GYPSY	100.000	4748	0	0	1	4748	1	4748	0.0	8769
NF-LTR-92_1#CLASSI/LTR	NF-LTR-92_1#CLASSI/LTR	100.000	468	0	0	1	468	1	468	0.0	865
NF-LTR-92_1#CLASSI/LTR	NF-BELPAO-44_1#CLASSI/LTR/BELPAO	92.290	441	30	4	3	439	441	1	4.52e-180	623
NF-LTR-92_1#CLASSI/LTR	NF-LTR-86_1#CLASSI/LTR	97.368	38	1	0	2	39	13	50	3.44e-12	65.8
NF-LTR-92_1#CLASSI/LTR	NF-BELPAO-113_3#CLASSI/LTR/BELPAO	97.297	37	1	0	3	39	980	944	1.24e-11	63.9
NF-LTR-92_1#CLASSI/LTR	NF-BELPAO-113_1#CLASSI/LTR/BELPAO	97.297	37	1	0	3	39	2949	2985	1.24e-11	63.9
BEL-3_DPer_2#CLASSI/LTR/BELPAO	BEL-3_DPer_2#CLASSI/LTR/BELPAO	100.000	904	0	0	1	904	1	904	0.0	1670
BEL-3_DPer_2#CLASSI/LTR/BELPAO	BEL-3_DPer_1#CLASSI/LTR/BELPAO	98.545	825	10	2	81	904	1	824	0.0	1456
BEL-3_DPer_2#CLASSI/LTR/BELPAO	BEL-3_DPer_3#CLASSI/LTR/BELPAO	94.845	388	16	4	20	405	1	386	1.16e-173	603
BEL-3_DPer_3#CLASSI/LTR/BELPAO	BEL-3_DPer_3#CLASSI/LTR/BELPAO	100.000	386	0	0	1	386	1	386	0.0	713
BEL-3_DPer_3#CLASSI/LTR/BELPAO	BEL-3_DPer_2#CLASSI/LTR/BELPAO	94.845	388	16	4	1	386	20	405	4.82e-174	603
BEL-3_DPer_3#CLASSI/LTR/BELPAO	BEL-3_DPer_1#CLASSI/LTR/BELPAO	93.299	388	22	4	1	386	5900	6285	4.89e-164	569
NF-LTR-55_1#CLASSI/LTR	NF-LTR-55_1#CLASSI/LTR	100.000	789	0	0	1	789	1	789	0.0	1458
NF-LTR-55_1#CLASSI/LTR	NF-GYPSY-298_1#CLASSI/LTR/GYPSY	97.460	433	11	0	1	433	433	1	0.0	739
Dsus_1#CLASSI/LTR/GYPSY	Dsus_1#CLASSI/LTR/GYPSY	100.000	916	0	0	1	916	1	916	0.0	1692
Dsus_1#CLASSI/LTR/GYPSY	NF-GYPSY-521_1#CLASSI/LTR/GYPSY	86.936	421	34	13	487	896	1	411	1.25e-128	453
NF-GYPSY-521_1#CLASSI/LTR/GYPSY	NF-GYPSY-521_1#CLASSI/LTR/GYPSY	100.000	455	0	0	1	455	1	455	0.0	841
NF-GYPSY-521_1#CLASSI/LTR/GYPSY	Dsus_1#CLASSI/LTR/GYPSY	86.936	421	34	13	1	411	487	896	6.10e-129	453
NF-GYPSY-52_2#CLASSI/LTR/GYPSY	NF-GYPSY-52_2#CLASSI/LTR/GYPSY	100.000	2459	0	0	1	2459	1	2459	0.0	4542
NF-GYPSY-320_1#CLASSI/LTR/GYPSY	NF-GYPSY-320_1#CLASSI/LTR/GYPSY	100.000	5194	0	0	1	5194	1	5194	0.0	9592
NF-GYPSY-353_2#CLASSI/LTR/GYPSY	NF-GYPSY-353_2#CLASSI/LTR/GYPSY	100.000	4328	0	0	1	4328	1	4328	0.0	7993
NF-GYPSY-353_2#CLASSI/LTR/GYPSY	NF-GYPSY-353_1#CLASSI/LTR/GYPSY	97.995	3292	40	4	1	3266	195	3486	0.0	5690
NF-GYPSY-198_2#CLASSI/LTR/GYPSY	NF-GYPSY-198_2#CLASSI/LTR/GYPSY	100.000	830	0	0	1	830	1	830	0.0	1533
NF-GYPSY-198_2#CLASSI/LTR/GYPSY	NF-GYPSY-198_1#CLASSI/LTR/GYPSY	90.519	443	39	3	9	449	985	1426	1.38e-167	582
NF-JOCKEY-153_1#CLASSI/LINE/JOCKEY	NF-JOCKEY-153_1#CLASSI/LINE/JOCKEY	100.000	765	0	0	1	765	1	765	0.0	1413
NF-R1-4_1#CLASSI/LINE/R1	NF-R1-4_1#CLASSI/LINE/R1	100.000	331	0	0	1	331	1	331	1.49e-163	568
NF-GYPSY-102_1#CLASSI/LTR/GYPSY	NF-GYPSY-102_1#CLASSI/LTR/GYPSY	100.000	6451	0	0	1	6451	1	6451	0.0	11913
NF-MITE-79_1#CLASSII/MITE	NF-MITE-79_1#CLASSII/MITE	100.000	1667	0	0	1	1667	1	1667	0.0	3046
NF-MITE-360_1#CLASSII/MITE	NF-MITE-360_1#CLASSII/MITE	100.000	972	0	0	1	972	1	972	0.0	1777
NF-BELPAO-35_1#CLASSI/LTR/BELPAO	NF-BELPAO-35_1#CLASSI/LTR/BELPAO	100.000	4383	0	0	1	4383	1	4383	0.0	8094
NF-HAT-37_1#CLASSII/TIR/HAT	NF-HAT-37_1#CLASSII/TIR/HAT	100.000	2271	0	0	1	2271	1	2271	0.0	4194
Polinton-1_DPe_2#CLASSII/MAVERICK	Polinton-1_DPe_2#CLASSII/MAVERICK	100.000	16232	0	0	1	16232	1	16232	0.0	29975
Polinton-1_DPe_2#CLASSII/MAVERICK	Polinton-1_DPe_1#CLASSII/MAVERICK	99.930	8528	4	2	7707	16232	1	8528	0.0	15714
NF-MITE-265_1#CLASSII/MITE	NF-MITE-265_1#CLASSII/MITE	100.000	1333	0	0	1	1333	1	1333	0.0	2462
NF-MITE-596_1#CLASSII/MITE	NF-MITE-596_1#CLASSII/MITE	100.000	703	0	0	1	703	1	703	0.0	1299
NF-MITE-620_1#CLASSII/MITE	NF-MITE-620_1#CLASSII/MITE	100.000	650	0	0	1	650	1	650	0.0	1201
NF-MITE-511_1#CLASSII/MITE	NF-MITE-511_1#CLASSII/MITE	100.000	793	0	0	1	793	1	793	0.0	1465
NF-MITE-760_1#CLASSII/MITE	NF-MITE-760_1#CLASSII/MITE	100.000	349	0	0	1	349	1	349	0.0	645
NF-MITE-586_1#CLASSII/MITE	NF-MITE-586_1#CLASSII/MITE	100.000	620	0	0	1	620	1	620	0.0	1146
NF-MITE-381_1#CLASSII/MITE	NF-MITE-381_1#CLASSII/MITE	100.000	1032	0	0	1	1032	1	1032	0.0	1906
NF-MITE-282_1#CLASSII/MITE	NF-MITE-282_1#CLASSII/MITE	100.000	1252	0	0	1	1252	1	1252	0.0	2313
NF-MITE-752_1#CLASSII/MITE	NF-MITE-752_1#CLASSII/MITE	100.000	381	0	0	1	381	1	381	0.0	704
