NF-GYPSY-228_1#CLASSI/LTR/GYPSY	ltr-1_family-32_s_2#CLASSI/LTR	100.000	7022	0	0	1	7022	1	7022	0.0	12968
NF-GYPSY-228_1#CLASSI/LTR/GYPSY	ltr-1_family-32_s_3_inc#CLASSI/LTR	98.284	3962	49	13	1086	5032	927	4884	0.0	6922
NF-GYPSY-228_1#CLASSI/LTR/GYPSY	ltr-1_family-33_inc#CLASSI/LTR/GYPSY	97.913	3067	46	13	1086	4135	567	3632	0.0	5330
NF-GYPSY-228_1#CLASSI/LTR/GYPSY	ltr-1_family-154_inc#CLASSI/LTR	88.907	1217	108	16	4239	5455	1248	2437	0.0	1474
NF-GYPSY-228_1#CLASSI/LTR/GYPSY	ltr-1_family-71_inc#CLASSI/LTR/GYPSY	74.823	282	57	12	5708	5982	6458	6732	1.55e-25	115
NF-GYPSY-228_1#CLASSI/LTR/GYPSY	ltr-1_family-25_s_3_inc#CLASSI/LTR/GYPSY	74.468	282	58	12	5708	5982	904	1178	7.23e-24	110
NF-HELITRON-24_1#CLASSII/HELITRON	rnd-1_family-135#CLASSII/HELITRON	100.000	2193	0	0	1	2193	1	2193	0.0	4050
NF-HELITRON-24_1#CLASSII/HELITRON	rnd-1_family-145#CLASSII/HELITRON	99.190	1851	10	2	344	2193	3078	1232	0.0	3330
NF-HELITRON-24_1#CLASSII/HELITRON	rnd-4_family-691_s_1#CLASSII/HELITRON	96.395	1831	34	7	365	2193	1	1801	0.0	2987
NF-HELITRON-24_1#CLASSII/HELITRON	rnd-4_family-691_s_2_inc#CLASSII/HELITRON	97.881	708	13	2	1488	2193	6877	7584	0.0	1223
NF-HELITRON-24_1#CLASSII/HELITRON	rnd-5_family-2766#CLASSII/HELITRON	99.376	641	3	1	1554	2193	1	641	0.0	1160
NF-HELITRON-24_1#CLASSII/HELITRON	rnd-1_family-147#CLASSII/HELITRON	97.744	665	4	8	1	662	657	1	0.0	1134
NF-HELITRON-24_1#CLASSII/HELITRON	rnd-1_family-162_inc#CLASSII/HELITRON	96.484	512	8	4	1683	2193	120	622	0.0	837
NF-HELITRON-24_2#CLASSII/HELITRON	rnd-1_family-145#CLASSII/HELITRON	100.000	3472	0	0	1	3472	1	3472	0.0	6412
NF-HELITRON-24_2#CLASSII/HELITRON	rnd-4_family-691_s_1#CLASSII/HELITRON	96.720	2561	50	6	501	3057	2531	1	0.0	4233
NF-HELITRON-24_2#CLASSII/HELITRON	rnd-1_family-135#CLASSII/HELITRON	99.190	1851	10	2	1232	3078	2193	344	0.0	3330
NF-HELITRON-24_2#CLASSII/HELITRON	rnd-1_family-162_inc#CLASSII/HELITRON	96.845	1743	25	7	1	1743	1832	120	0.0	2887
NF-HELITRON-24_2#CLASSII/HELITRON	rnd-5_family-2766#CLASSII/HELITRON	99.052	1372	9	1	501	1868	1372	1	0.0	2459
NF-HELITRON-24_2#CLASSII/HELITRON	rnd-4_family-691_s_2_inc#CLASSII/HELITRON	96.738	1441	37	6	501	1934	8314	6877	0.0	2392
NF-HELITRON-24_2#CLASSII/HELITRON	rnd-1_family-412_s_2_inc#CLASSI/LINE	96.885	610	15	4	501	1110	606	1	0.0	1018
NF-HELITRON-24_2#CLASSII/HELITRON	rnd-1_family-147#CLASSII/HELITRON	99.688	321	0	1	2760	3080	1	320	1.35e-167	586
NF-HELITRON-24_2#CLASSII/HELITRON	rnd-1_family-226_s_1#CLASSII/HELITRON	98.046	307	6	0	501	807	703	1009	4.96e-152	534
NF-LINE-6_1#CLASSI/LINE	rnd-1_family-314#CLASSI/LINE/R1	100.000	5701	0	0	1	5701	1	5701	0.0	10528
NF-LINE-6_1#CLASSI/LINE	rnd-5_family-6361#CLASSI/LINE/R1	92.665	5685	417	0	1	5685	5685	1	0.0	8189
NF-LINE-6_1#CLASSI/LINE	rnd-1_family-217_inc#CLASSI/LINE/R1	93.132	3247	203	5	2455	5701	442	3668	0.0	4743
Jockey-8_DF_1#CLASSI/LINE/JOCKEY	rnd-1_family-412_s_0#CLASSI/LINE	100.000	1377	0	0	1	1377	1	1377	0.0	2543
Jockey-8_DF_1#CLASSI/LINE/JOCKEY	rnd-5_family-1256#CLASSI/LINE	91.624	979	68	5	1	965	1845	2823	0.0	1341
Jockey-8_DF_1#CLASSI/LINE/JOCKEY	rnd-1_family-412_s_2_inc#CLASSI/LINE	87.500	808	72	11	1	801	7570	8355	0.0	905
NF-LINE-43_1#CLASSI/LINE	rnd-1_family-576#CLASSI/LINE/R1	100.000	2892	0	0	1	2892	1	2892	0.0	5341
NF-LINE-43_1#CLASSI/LINE	rnd-1_family-324#CLASSI/LINE/R1	98.873	1775	18	2	309	2082	1343	3116	0.0	3166
NF-JOCKEY-6_1#CLASSI/LINE/JOCKEY	rnd-5_family-2241#CLASSI/LINE	100.000	4614	0	0	1	4614	1	4614	0.0	8521
NF-LINE-38_1#CLASSI/LINE	rnd-5_family-11052#CLASSI/LINE/R1	100.000	3265	0	0	1	3265	1	3265	0.0	6030
NF-LINE-38_1#CLASSI/LINE	rnd-5_family-1880#CLASSI/LINE/R1	76.201	2248	464	53	617	2815	80	2305	0.0	1122
NF-LINE-38_1#CLASSI/LINE	rnd-1_family-71_s_2_unconfirmed#CLASSI/LTR	96.471	85	3	0	398	482	169	85	1.19e-33	141
NF-LINE-38_1#CLASSI/LINE	rnd-1_family-10_unconfirmed#CLASSI/LTR	94.118	85	3	1	398	482	3446	3364	9.25e-30	128
NF-LINE-38_1#CLASSI/LINE	rnd-5_family-13402_inc#CLASSI/LINE/R1	78.992	119	19	4	2048	2166	1	113	9.45e-15	78.7
NF-GYPSY-131_1#CLASSI/LTR/GYPSY	rnd-5_family-82#CLASSI/LTR/GYPSY	100.000	7997	0	0	1	7997	1	7997	0.0	14768
NF-HELITRON-113_1#CLASSII/HELITRON	rnd-1_family-57_s_1#CLASSII/HELITRON	100.000	596	0	0	1	596	1	596	0.0	1101
NF-HELITRON-113_1#CLASSII/HELITRON	rnd-5_family-946_inc#CLASSII/HELITRON	97.357	454	8	2	1	453	1026	1476	0.0	771
NF-HELITRON-113_1#CLASSII/HELITRON	rnd-3_family-11_inc#CLASSII/HELITRON	96.522	460	9	3	1	454	1382	924	0.0	758
NF-HELITRON-113_1#CLASSII/HELITRON	ltr-1_family-71_inc#CLASSI/LTR/GYPSY	97.111	450	12	1	2	450	4723	5172	0.0	758
NF-HELITRON-113_1#CLASSII/HELITRON	rnd-6_family-373#CLASSI/LINE/CR1	96.689	453	11	3	2	450	493	41	0.0	756
NF-HELITRON-113_1#CLASSII/HELITRON	rnd-5_family-9077#CLASSI/LTR	96.696	454	12	3	2	453	453	1	0.0	752
NF-HELITRON-113_1#CLASSII/HELITRON	ltr-1_family-33_inc#CLASSI/LTR/GYPSY	95.879	461	10	5	2	453	3950	4410	0.0	737
NF-HELITRON-113_1#CLASSII/HELITRON	rnd-1_family-223_s_1#CLASSI/LINE	96.421	447	15	1	2	447	3947	4393	0.0	736
NF-HELITRON-113_1#CLASSII/HELITRON	rnd-1_family-511_s_1#CLASSI/LTR	96.009	451	15	2	3	453	839	392	0.0	730
NF-HELITRON-113_1#CLASSII/HELITRON	rnd-1_family-5_inc#CLASSII/HELITRON	95.445	461	12	5	2	453	1126	666	0.0	726
NF-HELITRON-113_1#CLASSII/HELITRON	rnd-1_family-13_inc#CLASSII/HELITRON	95.269	465	9	9	2	453	6762	6298	0.0	725
NF-HELITRON-113_1#CLASSII/HELITRON	ltr-1_family-4_inc#CLASSI/LTR/GYPSY	94.647	467	11	7	1	453	3789	4255	0.0	717
NF-HELITRON-113_1#CLASSII/HELITRON	rnd-1_family-536_inc#CLASSII/TIR	95.154	454	16	4	1	453	2185	1737	0.0	712
NF-HELITRON-113_1#CLASSII/HELITRON	rnd-1_family-7_unconfirmed#CLASSI/LTR	94.635	466	12	6	1	453	3478	3943	0.0	710
NF-HELITRON-113_1#CLASSII/HELITRON	ltr-1_family-135_inc#CLASSI/LTR	94.421	466	17	1	1	457	1723	2188	0.0	708
NF-HELITRON-113_1#CLASSII/HELITRON	ltr-1_family-113_inc#CLASSI/LTR/GYPSY	94.900	451	19	2	1	450	5157	5604	0.0	702
NF-HELITRON-113_1#CLASSII/HELITRON	ltr-1_family-95_inc#CLASSI/LTR/GYPSY	93.528	479	14	4	2	463	7784	7306	0.0	697
NF-HELITRON-113_1#CLASSII/HELITRON	ltr-1_family-70_inc#CLASSI/LTR	92.887	478	10	9	2	455	2249	2726	0.0	680
NF-HELITRON-113_1#CLASSII/HELITRON	ltr-1_family-56_inc#CLASSI/LTR/GYPSY	93.162	468	10	8	2	457	4107	4564	0.0	667
NF-HELITRON-113_1#CLASSII/HELITRON	rnd-1_family-577_unconfirmed#CLASSI/LTR	92.373	472	18	3	1	454	778	1249	0.0	656
NF-HELITRON-113_1#CLASSII/HELITRON	rnd-1_family-71_s_2_unconfirmed#CLASSI/LTR	96.040	404	5	1	50	453	817	425	0.0	647
NF-HELITRON-113_1#CLASSII/HELITRON	rnd-1_family-10_unconfirmed#CLASSI/LTR	96.040	404	5	1	50	453	4094	3702	0.0	647
NF-HELITRON-113_1#CLASSII/HELITRON	rnd-5_family-8746_inc#CLASSII/TIR	91.630	454	25	4	2	453	1058	1500	2.87e-177	616
NF-HELITRON-113_1#CLASSII/HELITRON	rnd-1_family-15_inc#CLASSII/HELITRON	90.769	455	14	8	1	453	1305	877	2.92e-167	582
NF-HELITRON-113_1#CLASSII/HELITRON	rnd-1_family-261_s_1#CLASSII/MITE	90.132	456	34	9	2	453	862	1310	2.92e-167	582
NF-HELITRON-113_1#CLASSII/HELITRON	rnd-1_family-412_s_2_inc#CLASSI/LINE	93.606	391	18	5	26	416	12955	13338	1.36e-165	577
NF-HELITRON-113_1#CLASSII/HELITRON	rnd-1_family-187_inc#CLASSII/TIR	90.408	417	28	9	1	407	26	440	6.40e-154	538
NF-HELITRON-113_1#CLASSII/HELITRON	rnd-5_family-163_inc#CLASSII/TIR	87.665	454	35	14	1	453	2304	2737	5.02e-145	508
NF-HELITRON-113_1#CLASSII/HELITRON	rnd-1_family-21_inc#CLASSI/LTR	96.732	306	9	1	2	306	324	19	5.02e-145	508
NF-HELITRON-113_1#CLASSII/HELITRON	ltr-1_family-132_inc#CLASSI/LTR	93.201	353	10	7	100	452	2050	1712	1.80e-144	507
NF-HELITRON-113_1#CLASSII/HELITRON	rnd-1_family-27_inc#CLASSII/TIR/P	94.771	306	15	1	2	306	1215	910	5.09e-135	475
NF-HELITRON-113_1#CLASSII/HELITRON	ltr-1_family-5_inc#CLASSI/LTR/GYPSY	89.947	378	22	6	81	453	3125	2759	1.83e-134	473
NF-HELITRON-113_1#CLASSII/HELITRON	ltr-1_family-26_inc#CLASSI/LTR/GYPSY	90.332	331	2	6	124	453	15731	15430	1.88e-114	407
NF-HELITRON-113_1#CLASSII/HELITRON	rnd-6_family-149_inc#CLASSI/LINE	94.094	254	9	4	205	453	6848	6596	1.14e-106	381
NF-HELITRON-113_1#CLASSII/HELITRON	rnd-5_family-798#CLASSI/LTR	86.643	277	28	6	179	454	262	530	1.18e-81	298
NF-HELITRON-113_1#CLASSII/HELITRON	rnd-1_family-209#CLASSI/LTR	86.643	277	28	6	179	454	1223	1491	1.18e-81	298
NF-HELITRON-113_1#CLASSII/HELITRON	rnd-1_family-226_s_1#CLASSII/HELITRON	87.815	238	23	3	30	267	1236	1005	1.99e-74	274
NF-HELITRON-113_1#CLASSII/HELITRON	rnd-1_family-33_s_2#CLASSII/TIR	97.260	146	4	0	2	147	146	1	1.21e-66	248
NF-HELITRON-113_1#CLASSII/HELITRON	rnd-1_family-560_s_2#CLASSI/LTR	93.210	162	10	1	2	163	171	11	2.61e-63	237
NF-HELITRON-113_1#CLASSII/HELITRON	rnd-5_family-1661_s_1_unconfirmed#CLASSI/LTR	94.891	137	5	2	317	453	1838	1704	4.41e-56	213
NF-HELITRON-113_1#CLASSII/HELITRON	rnd-5_family-2386_unconfirmed#CLASSI/LTR	84.513	226	19	3	200	425	2365	2156	5.70e-55	209
NF-HELITRON-113_1#CLASSII/HELITRON	rnd-5_family-859_unconfirmed#CLASSI/LTR	84.052	232	21	3	194	425	2993	3208	5.70e-55	209
NF-HELITRON-113_1#CLASSII/HELITRON	rnd-4_family-691_s_2_inc#CLASSII/HELITRON	90.066	151	7	2	47	197	5880	5738	7.43e-49	189
NF-HELITRON-113_1#CLASSII/HELITRON	rnd-1_family-57_s_0#CLASSI/LINE	100.000	99	0	0	474	572	87	185	3.45e-47	183
NF-HELITRON-113_1#CLASSII/HELITRON	rnd-1_family-104#CLASSII/MITE	98.000	100	1	1	473	572	523	425	7.48e-44	172
NF-HELITRON-113_1#CLASSII/HELITRON	rnd-5_family-2434_unconfirmed#CLASSII/TIR	97.938	97	2	0	476	572	3261	3357	9.67e-43	169
NF-HELITRON-113_1#CLASSII/HELITRON	rnd-6_family-1735#CLASSI/LINE	97.938	97	2	0	476	572	449	353	9.67e-43	169
NF-HELITRON-113_1#CLASSII/HELITRON	rnd-4_family-819_inc#CLASSI/LTR/GYPSY	92.793	111	8	0	109	219	3309	3419	1.62e-40	161
NF-HELITRON-113_1#CLASSII/HELITRON	rnd-1_family-11_inc#CLASSII/TIR	97.436	78	2	0	2	79	2856	2933	3.53e-32	134
NF-HELITRON-113_1#CLASSII/HELITRON	rnd-1_family-9#CLASSII/TIR	97.436	78	2	0	2	79	1373	1450	3.53e-32	134
NF-HELITRON-113_1#CLASSII/HELITRON	ltr-1_family-7_inc#CLASSI/LTR	89.744	78	7	1	1	77	3836	3913	1.29e-21	99.0
NF-HELITRON-113_1#CLASSII/HELITRON	rnd-5_family-680_s_2#CLASSI	88.136	59	6	1	371	429	368	425	1.01e-12	69.4
NF-LTR-106_1#CLASSI/LTR	rnd-1_family-591_s_0#CLASSI/LTR	100.000	417	0	0	1	417	1	417	0.0	771
NF-LTR-106_1#CLASSI/LTR	rnd-1_family-591_s_1#CLASSI/LTR	93.182	396	14	7	5	387	2156	2551	1.57e-163	569
NF-LTR-106_1#CLASSI/LTR	rnd-1_family-537_inc#CLASSI/LTR	92.533	375	14	9	48	417	3199	2834	3.44e-150	525
NF-LTR-106_1#CLASSI/LTR	rnd-1_family-243_inc#CLASSI/LTR	97.917	48	1	0	370	417	4573	4526	2.49e-17	84.2
Copia-2_DPer_1#CLASSI/LTR/COPIA	ltr-1_family-50_s_1#CLASSI/LTR/COPIA	100.000	4539	0	0	1	4539	1	4539	0.0	8383
Copia-2_DPer_1#CLASSI/LTR/COPIA	ltr-1_family-90_inc#CLASSI/LTR	97.857	3686	47	15	618	4297	10879	14538	0.0	6340
Copia-2_DPer_1#CLASSI/LTR/COPIA	ltr-1_family-50_s_2#CLASSI/LTR/COPIA	100.000	740	0	0	3800	4539	1	740	0.0	1367
Copia-2_DPer_2#CLASSI/LTR/COPIA	ltr-1_family-50_s_2#CLASSI/LTR/COPIA	100.000	766	0	0	1	766	1	766	0.0	1415
Copia-2_DPer_2#CLASSI/LTR/COPIA	ltr-1_family-50_s_1#CLASSI/LTR/COPIA	100.000	740	0	0	1	740	3800	4539	0.0	1367
Copia-2_DPer_2#CLASSI/LTR/COPIA	ltr-1_family-90_inc#CLASSI/LTR	99.800	499	0	1	1	498	14040	14538	0.0	915
BEL-3_DPer_1#CLASSI/LTR/BELPAO	ltr-1_family-74_s_1#CLASSI/LTR	100.000	6285	0	0	1	6285	1	6285	0.0	11607
BEL-3_DPer_1#CLASSI/LTR/BELPAO	ltr-1_family-74_s_2_inc#CLASSI/LTR	98.545	825	10	2	1	824	81	904	0.0	1456
BEL-3_DPer_1#CLASSI/LTR/BELPAO	ltr-1_family-74_s_0_inc#CLASSI/LTR	93.299	388	22	4	5900	6285	1	386	2.47e-162	569
LOA-1_DPer_1#CLASSI/LINE/LOA	rnd-1_family-41#CLASSI/LINE	100.000	5513	0	0	1	5513	1	5513	0.0	10181
LOA-1_DPer_1#CLASSI/LINE/LOA	ltr-1_family-8_inc#CLASSI/LTR	97.376	2744	60	10	1202	3942	1	2735	0.0	4658
LOA-1_DPer_1#CLASSI/LINE/LOA	rnd-1_family-429_inc#CLASSI/LINE	85.677	384	49	5	3838	4219	1396	1775	3.01e-111	399
LOA-1_DPer_1#CLASSI/LINE/LOA	ltr-1_family-154_inc#CLASSI/LTR	85.202	223	32	1	3810	4032	3429	3650	1.50e-59	228
BEL-8_DPe_1#CLASSI/LTR/BELPAO	rnd-1_family-39_s_1_s_2#CLASSI/LTR	100.000	5859	0	0	1	5859	1	5859	0.0	10820
BEL-8_DPe_1#CLASSI/LTR/BELPAO	ltr-1_family-15_s_2_inc#CLASSI/LTR	99.787	2823	5	1	1	2822	1110	3932	0.0	5179
BEL-8_DPe_1#CLASSI/LTR/BELPAO	ltr-1_family-16_inc#CLASSI/LTR	98.733	2762	34	1	164	2924	954	3715	0.0	4957
BEL-8_DPe_1#CLASSI/LTR/BELPAO	ltr-1_family-15_s_1_s_1_s_1#CLASSI/LTR	80.208	5376	969	67	468	5806	1688	7005	0.0	3945
BEL-8_DPe_1#CLASSI/LTR/BELPAO	rnd-5_family-163_inc#CLASSII/TIR	80.665	3517	565	65	2312	5806	9623	6200	0.0	2621
BEL-8_DPe_1#CLASSI/LTR/BELPAO	ltr-1_family-83_inc#CLASSI/LTR	80.767	2844	516	25	468	3297	1115	3941	0.0	2193
BEL-8_DPe_1#CLASSI/LTR/BELPAO	rnd-1_family-543#CLASSI/LTR	96.756	524	14	3	194	716	2912	3433	0.0	870
BEL-8_DPe_1#CLASSI/LTR/BELPAO	rnd-5_family-9077#CLASSI/LTR	93.913	460	21	6	5401	5859	3150	2697	0.0	688
BEL-8_DPe_1#CLASSI/LTR/BELPAO	rnd-1_family-103_s_1#CLASSII/MITE	93.290	462	23	6	5401	5859	763	307	0.0	675
BEL-8_DPe_1#CLASSI/LTR/BELPAO	rnd-1_family-126_s_1#CLASSII/MITE	92.857	462	25	6	5401	5859	5948	6404	0.0	664
Loa-1_DK_1#CLASSI/LINE/LOA	rnd-1_family-322_s_3_s_1#CLASSI/LINE	100.000	5393	0	0	1	5393	1	5393	0.0	9960
Loa-1_DK_1#CLASSI/LINE/LOA	rnd-1_family-13_inc#CLASSII/HELITRON	91.711	2280	186	3	2546	4824	3886	1609	0.0	3160
Loa-1_DK_1#CLASSI/LINE/LOA	ltr-1_family-88_s_4_inc#CLASSI/LTR/GYPSY	87.382	317	16	3	2367	2683	3	295	5.03e-94	342
BEL-2_DPer_1#CLASSI/LTR/BELPAO	rnd-1_family-591_s_1#CLASSI/LTR	100.000	2609	0	0	1	2609	1	2609	0.0	4819
BEL-2_DPer_1#CLASSI/LTR/BELPAO	rnd-1_family-591_s_0#CLASSI/LTR	93.182	396	14	7	2156	2551	5	387	1.02e-162	569
BEL-2_DPer_1#CLASSI/LTR/BELPAO	rnd-1_family-537_inc#CLASSI/LTR	93.889	360	3	2	2199	2556	3199	2857	2.24e-149	525
CR1-1_DPer_1#CLASSI/LINE/CR1	rnd-4_family-32#CLASSI/LINE/CR1	100.000	4543	0	0	1	4543	1	4543	0.0	8390
CR1-1_DPer_1#CLASSI/LINE/CR1	rnd-1_family-187_inc#CLASSII/TIR	90.934	1114	54	19	3446	4543	2736	1654	0.0	1454
CR1-1_DPer_1#CLASSI/LINE/CR1	rnd-5_family-680_s_2#CLASSI	93.788	821	34	6	2183	3002	2812	2008	0.0	1218
CR1-1_DPer_1#CLASSI/LINE/CR1	rnd-1_family-78#CLASSI/LTR/GYPSY	89.382	631	45	7	2760	3382	5589	4973	0.0	774
CR1-1_DPer_1#CLASSI/LINE/CR1	rnd-1_family-70#CLASSI/LTR/GYPSY	89.382	631	45	7	2760	3382	5823	6439	0.0	774
CR1-1_DPer_1#CLASSI/LINE/CR1	rnd-6_family-373#CLASSI/LINE/CR1	96.859	382	11	1	3385	3766	1700	2080	0.0	641
CR1-1_DPer_1#CLASSI/LINE/CR1	ltr-1_family-113_inc#CLASSI/LTR/GYPSY	95.000	120	2	2	3771	3890	430	315	7.55e-47	185
Mariner-5_DAn_1#CLASSII/TIR/TC1MARINER	rnd-5_family-1664#CLASSII/TIR	100.000	1622	0	0	1	1622	1	1622	0.0	2996
Helitron-1_DPe_1#CLASSII/HELITRON	rnd-5_family-9076#CLASSII/HELITRON	100.000	6890	0	0	1	6890	1	6890	0.0	12724
Helitron-1_DPe_1#CLASSII/HELITRON	rnd-1_family-423_s_1_inc#CLASSII/HELITRON	89.734	1315	104	20	1162	2461	1540	2838	0.0	1652
Mariner-25_DF_1#CLASSII/TIR/TC1MARINER	rnd-5_family-14123#CLASSII/TIR	100.000	1544	0	0	1	1544	1	1544	0.0	2852
Mariner-9_DK_1#CLASSII/TIR/TC1MARINER	rnd-5_family-7960#CLASSII/TIR	100.000	1773	0	0	1	1773	1	1773	0.0	3275
Transib-2_DEl_1#CLASSII/TIR/TRANSIB	rnd-5_family-2432#CLASSII/TIR	100.000	854	0	0	1	854	1	854	0.0	1559
Transib-3_DAn_1#CLASSII/TIR/TRANSIB	rnd-5_family-2243#CLASSII/TIR	100.000	2414	0	0	1	2414	1	2414	0.0	4377
Kiri-2_DPer_1#CLASSI/LINE/L2	rnd-5_family-1665_s_1#CLASSI/LINE/L2	100.000	1217	0	0	1	1217	1	1217	0.0	2248
Kiri-2_DPer_1#CLASSI/LINE/L2	rnd-1_family-518_s_0#CLASSI/LINE	96.000	125	2	3	1075	1199	127	6	7.14e-52	200
NF-GYPSY-162_1#CLASSI/LTR/GYPSY	ltr-1_family-129_s_1#CLASSI/LTR	100.000	7692	0	0	1	7692	1	7692	0.0	14205
NF-GYPSY-162_1#CLASSI/LTR/GYPSY	ltr-1_family-117_s_1_inc#CLASSI/LTR	83.057	3140	520	11	2611	5744	1	3134	0.0	2841
NF-GYPSY-162_1#CLASSI/LTR/GYPSY	ltr-1_family-117_s_2_inc#CLASSI/LTR	81.884	138	15	8	790	923	622	753	2.85e-23	108
Nobel_I_1#CLASSI/LTR/BELPAO	ltr-1_family-15_s_1_s_1_s_1#CLASSI/LTR	100.000	7150	0	0	1	7150	1	7150	0.0	13204
Nobel_I_1#CLASSI/LTR/BELPAO	rnd-5_family-163_inc#CLASSII/TIR	96.779	3726	61	13	3411	7133	9741	6072	0.0	6161
Nobel_I_1#CLASSI/LTR/BELPAO	ltr-1_family-83_inc#CLASSI/LTR	99.173	3384	19	4	1132	4514	566	3941	0.0	6085
Nobel_I_1#CLASSI/LTR/BELPAO	rnd-1_family-39_s_1_s_2#CLASSI/LTR	80.212	5377	967	70	1688	7005	468	5806	0.0	3945
Nobel_I_1#CLASSI/LTR/BELPAO	ltr-1_family-16_inc#CLASSI/LTR	80.202	2470	460	23	1688	4141	1259	3715	0.0	1847
Nobel_I_1#CLASSI/LTR/BELPAO	ltr-1_family-15_s_2_inc#CLASSI/LTR	80.127	2370	438	25	1688	4039	1578	3932	0.0	1736
Nobel_I_1#CLASSI/LTR/BELPAO	rnd-1_family-2_inc#CLASSII/TIR	88.991	218	19	5	6856	7070	7773	7988	1.49e-70	265
NF-GYPSY-208_1#CLASSI/LTR/GYPSY	ltr-1_family-20#CLASSI/LTR/GYPSY	100.000	6741	0	0	1	6741	1	6741	0.0	12449
NF-GYPSY-208_1#CLASSI/LTR/GYPSY	ltr-1_family-19_s_1_inc#CLASSI/LTR	98.173	2463	10	14	4313	6741	1	2462	0.0	4266
NF-GYPSY-208_1#CLASSI/LTR/GYPSY	rnd-1_family-272_inc#CLASSI/LTR/GYPSY	95.457	2157	65	24	4299	6442	5701	3565	0.0	3410
NF-GYPSY-208_1#CLASSI/LTR/GYPSY	rnd-1_family-243_inc#CLASSI/LTR	95.480	1792	54	20	4299	6077	6094	7871	0.0	2835
NF-GYPSY-208_1#CLASSI/LTR/GYPSY	ltr-1_family-48#CLASSI/LTR/GYPSY	98.107	1532	19	5	4625	6147	3571	5101	0.0	2660
NF-GYPSY-208_1#CLASSI/LTR/GYPSY	rnd-1_family-510_inc#CLASSI/LTR/GYPSY	97.309	1115	25	4	1020	2130	1114	2227	0.0	1888
NF-GYPSY-208_1#CLASSI/LTR/GYPSY	ltr-1_family-26_inc#CLASSI/LTR/GYPSY	77.808	2920	596	44	3440	6327	9018	11917	0.0	1755
NF-GYPSY-208_1#CLASSI/LTR/GYPSY	rnd-1_family-543#CLASSI/LTR	97.122	278	8	0	73	350	282	5	2.76e-132	470
NF-GYPSY-208_1#CLASSI/LTR/GYPSY	rnd-5_family-9077#CLASSI/LTR	97.368	76	2	0	329	404	712	637	5.33e-30	130
NF-COPIA-29_1#CLASSI/LTR/COPIA	ltr-1_family-37#CLASSI/LTR/COPIA	100.000	4510	0	0	1	4510	1	4510	0.0	8329
NF-COPIA-29_1#CLASSI/LTR/COPIA	rnd-1_family-11_inc#CLASSII/TIR	98.810	336	2	2	4175	4510	2283	1950	8.12e-171	597
NF-COPIA-29_1#CLASSI/LTR/COPIA	rnd-1_family-9#CLASSII/TIR	98.810	336	2	2	4175	4510	4428	4095	8.12e-171	597
NF-BELPAO-84_1#CLASSI/LTR/BELPAO	ltr-1_family-41#CLASSI/LTR	100.000	5951	0	0	1	5951	1	5951	0.0	10990
NF-BELPAO-84_1#CLASSI/LTR/BELPAO	ltr-1_family-40_inc#CLASSI/LTR	99.229	778	1	4	1	775	501	1276	0.0	1399
NF-BELPAO-84_1#CLASSI/LTR/BELPAO	rnd-5_family-9324_inc#CLASSI/LTR/GYPSY	100.000	63	0	0	5676	5738	7187	7249	3.66e-26	117
NF-BELPAO-113_1#CLASSI/LTR/BELPAO	ltr-1_family-53_s_2_s_1#CLASSI/LTR	100.000	3430	0	0	1	3430	1	3430	0.0	6335
NF-BELPAO-113_1#CLASSI/LTR/BELPAO	rnd-1_family-124_s_1_s_1_s_1#CLASSI/LTR	84.553	3457	418	71	1	3426	3	3374	0.0	3319
NF-BELPAO-113_1#CLASSI/LTR/BELPAO	rnd-1_family-168_s_1#CLASSI/LTR	96.341	984	30	4	1	984	978	1	0.0	1613
NF-BELPAO-113_1#CLASSI/LTR/BELPAO	ltr-1_family-66#CLASSI/LTR	83.789	1425	202	26	455	1861	6116	4703	0.0	1325
NF-BELPAO-113_1#CLASSI/LTR/BELPAO	ltr-1_family-52_s_0_inc#CLASSI/LTR	96.266	482	11	6	2949	3424	14	494	0.0	784
NF-BELPAO-113_1#CLASSI/LTR/BELPAO	rnd-1_family-187_inc#CLASSII/TIR	96.959	296	5	4	2949	3240	742	447	8.32e-140	494
NF-BELPAO-113_1#CLASSI/LTR/BELPAO	rnd-1_family-149#CLASSI/LTR	91.409	291	13	5	3146	3425	3102	2813	4.04e-108	388
NF-BELPAO-113_1#CLASSI/LTR/BELPAO	rnd-1_family-48#CLASSI/LINE/R1	91.409	291	13	5	3146	3425	5446	5157	4.04e-108	388
NF-BELPAO-113_1#CLASSI/LTR/BELPAO	rnd-1_family-226_s_1#CLASSII/HELITRON	84.404	109	14	3	3318	3425	2369	2263	1.64e-22	104
NF-BELPAO-113_1#CLASSI/LTR/BELPAO	ltr-1_family-65_s_0_inc#CLASSI/LTR	97.297	37	1	0	2949	2985	3	39	2.78e-10	63.9
NF-BELPAO-44_1#CLASSI/LTR/BELPAO	ltr-1_family-66#CLASSI/LTR	100.000	6512	0	0	1	6512	1	6512	0.0	12026
NF-BELPAO-44_1#CLASSI/LTR/BELPAO	rnd-6_family-375_inc#CLASSI/LTR	81.397	2290	378	34	462	2724	3860	1592	0.0	2025
NF-BELPAO-44_1#CLASSI/LTR/BELPAO	rnd-1_family-124_s_1_s_1_s_1#CLASSI/LTR	84.549	1398	179	31	4733	6116	1799	425	0.0	1351
NF-BELPAO-44_1#CLASSI/LTR/BELPAO	ltr-1_family-53_s_2_s_1#CLASSI/LTR	83.826	1422	201	26	4706	6116	1858	455	0.0	1325
NF-BELPAO-44_1#CLASSI/LTR/BELPAO	ltr-1_family-65_s_0_inc#CLASSI/LTR	92.308	442	28	6	1	441	439	3	1.94e-178	623
NF-BELPAO-44_1#CLASSI/LTR/BELPAO	rnd-1_family-168_s_1#CLASSI/LTR	82.332	549	66	22	5580	6116	1	530	1.25e-125	448
NF-BELPAO-44_1#CLASSI/LTR/BELPAO	rnd-1_family-118_inc#CLASSI/LTR	77.778	279	56	4	3148	3423	1683	1408	8.32e-53	206
NF-BELPAO-44_1#CLASSI/LTR/BELPAO	rnd-1_family-149#CLASSI/LTR	97.368	38	1	0	404	441	3231	3268	1.47e-10	65.8
NF-BELPAO-44_1#CLASSI/LTR/BELPAO	ltr-1_family-52_s_0_inc#CLASSI/LTR	97.297	37	1	0	405	441	50	14	5.30e-10	63.9
NF-BELPAO-44_1#CLASSI/LTR/BELPAO	rnd-1_family-48#CLASSI/LINE/R1	93.182	44	2	1	399	441	5554	5597	5.30e-10	63.9
NF-BELPAO-114_1#CLASSI/LTR/BELPAO	ltr-1_family-76#CLASSI/LTR	100.000	3382	0	0	1	3382	1	3382	0.0	6246
NF-BELPAO-114_1#CLASSI/LTR/BELPAO	rnd-1_family-238_inc#CLASSI/LTR	89.818	1483	100	36	1	1454	89	1549	0.0	1855
NF-BELPAO-114_1#CLASSI/LTR/BELPAO	rnd-5_family-798#CLASSI/LTR	97.583	869	18	2	2514	3382	2436	3301	0.0	1485
NF-BELPAO-114_1#CLASSI/LTR/BELPAO	rnd-1_family-209#CLASSI/LTR	97.583	869	18	2	2514	3382	3400	4265	0.0	1485
NF-BELPAO-114_1#CLASSI/LTR/BELPAO	rnd-1_family-409#CLASSI/LTR	90.510	706	56	10	536	1235	244	944	0.0	922
NF-BELPAO-114_1#CLASSI/LTR/BELPAO	rnd-1_family-338_inc#CLASSI/LTR	81.378	784	101	35	692	1454	389	1148	6.08e-171	597
NF-BELPAO-114_1#CLASSI/LTR/BELPAO	rnd-4_family-691_s_2_inc#CLASSII/HELITRON	91.216	148	11	2	3237	3382	6404	6257	2.00e-51	200
NF-BELPAO-114_1#CLASSI/LTR/BELPAO	rnd-1_family-532#CLASSI/LTR	89.928	139	10	2	768	903	1	138	2.02e-46	183
NF-BELPAO-114_1#CLASSI/LTR/BELPAO	rnd-1_family-374#CLASSI/LTR	87.037	162	14	6	3073	3231	448	291	3.38e-44	176
NF-BELPAO-114_1#CLASSI/LTR/BELPAO	rnd-1_family-355_inc#CLASSI/LTR	90.000	80	7	1	520	599	276	354	5.81e-22	102
NF-BELPAO-86_1#CLASSI/LTR/BELPAO	ltr-1_family-77_s_1#CLASSI/LTR	100.000	5871	0	0	1	5871	1	5871	0.0	10842
NF-GYPSY-353_1#CLASSI/LTR/GYPSY	ltr-1_family-98#CLASSI/LTR	100.000	5204	0	0	1	5204	1	5204	0.0	9611
NF-GYPSY-353_1#CLASSI/LTR/GYPSY	ltr-1_family-99_inc#CLASSI/LTR/GYPSY	97.995	3292	40	4	195	3486	1	3266	0.0	5690
NF-BELPAO-113_2#CLASSI/LTR/BELPAO	rnd-1_family-124_s_1_s_1_s_1#CLASSI/LTR	100.000	3408	0	0	1	3408	1	3408	0.0	6294
NF-BELPAO-113_2#CLASSI/LTR/BELPAO	ltr-1_family-53_s_2_s_1#CLASSI/LTR	84.562	3459	414	73	3	3374	1	3426	0.0	3319
NF-BELPAO-113_2#CLASSI/LTR/BELPAO	rnd-1_family-168_s_1#CLASSI/LTR	93.992	982	27	11	1	952	980	1	0.0	1458
NF-BELPAO-113_2#CLASSI/LTR/BELPAO	ltr-1_family-66#CLASSI/LTR	84.371	1414	182	34	425	1814	6116	4718	0.0	1351
NF-BELPAO-113_2#CLASSI/LTR/BELPAO	ltr-1_family-52_s_0_inc#CLASSI/LTR	88.613	483	23	13	1	453	14	494	2.89e-159	558
NF-BELPAO-113_2#CLASSI/LTR/BELPAO	rnd-1_family-149#CLASSI/LTR	88.014	292	14	10	182	454	3102	2813	3.19e-89	326
NF-BELPAO-113_2#CLASSI/LTR/BELPAO	rnd-1_family-48#CLASSI/LINE/R1	88.014	292	14	10	182	454	5446	5157	3.19e-89	326
NF-BELPAO-113_2#CLASSI/LTR/BELPAO	rnd-1_family-187_inc#CLASSII/TIR	86.195	297	19	12	2921	3196	742	447	5.38e-82	302
NF-BELPAO-113_2#CLASSI/LTR/BELPAO	rnd-1_family-226_s_1#CLASSII/HELITRON	85.321	109	13	3	3266	3373	2369	2263	3.50e-24	110
NF-GYPSY-191_1#CLASSI/LTR/GYPSY	rnd-1_family-116#CLASSI/LTR/GYPSY	100.000	7291	0	0	1	7291	1	7291	0.0	13465
NF-GYPSY-191_1#CLASSI/LTR/GYPSY	rnd-1_family-226_s_1#CLASSII/HELITRON	94.158	736	24	4	1	719	6293	5560	0.0	1103
NF-BELPAO-14_1#CLASSI/LTR/BELPAO	rnd-1_family-111_s_1_s_2#CLASSI/LTR	100.000	7472	0	0	1	7472	1	7472	0.0	13799
NF-BELPAO-14_1#CLASSI/LTR/BELPAO	rnd-1_family-161#CLASSI/LTR	78.603	5052	992	75	2088	7090	2354	7365	0.0	3258
NF-BELPAO-14_1#CLASSI/LTR/BELPAO	ltr-1_family-10_inc#CLASSI/LTR	99.632	816	0	2	1	816	512	1324	0.0	1487
NF-BELPAO-14_1#CLASSI/LTR/BELPAO	rnd-1_family-88_inc#CLASSI/LTR	74.109	1684	377	50	4012	5666	1	1654	0.0	806
NF-LINE-10_1#CLASSI/LINE	rnd-1_family-38#CLASSI/LINE	100.000	5381	0	0	1	5381	1	5381	0.0	9937
NF-MITE-52_1#CLASSII/MITE	rnd-1_family-155#CLASSII/MITE	100.000	1655	0	0	1	1655	1	1655	0.0	3057
NF-MITE-52_1#CLASSII/MITE	rnd-5_family-798#CLASSI/LTR	92.000	175	9	1	1	175	847	1016	5.74e-64	241
NF-MITE-52_1#CLASSII/MITE	rnd-1_family-209#CLASSI/LTR	92.000	175	9	1	1	175	1811	1980	5.74e-64	241
NF-LINE-23_1#CLASSI/LINE	rnd-1_family-177#CLASSI/LINE/L2	100.000	4544	0	0	1	4544	1	4544	0.0	8392
NF-R1-63_1#CLASSI/LINE/R1	rnd-1_family-188#CLASSI/LINE/R1	100.000	2912	0	0	1	2912	1	2912	0.0	5378
NF-R1-63_1#CLASSI/LINE/R1	rnd-1_family-329#CLASSI/LINE/R1	98.674	905	7	5	1	900	284	1188	0.0	1600
NF-R1-58_1#CLASSI/LINE/R1	rnd-1_family-203#CLASSI/LINE/R1	100.000	4397	0	0	1	4397	1	4397	0.0	8120
NF-R1-58_1#CLASSI/LINE/R1	rnd-1_family-149#CLASSI/LTR	90.645	791	74	0	3520	4310	1995	2785	0.0	1051
NF-R1-58_1#CLASSI/LINE/R1	rnd-1_family-48#CLASSI/LINE/R1	90.645	791	74	0	3520	4310	4339	5129	0.0	1051
NF-R1-63_2#CLASSI/LINE/R1	rnd-1_family-329#CLASSI/LINE/R1	100.000	1188	0	0	1	1188	1	1188	0.0	2194
NF-R1-63_2#CLASSI/LINE/R1	rnd-1_family-188#CLASSI/LINE/R1	98.674	905	7	5	284	1188	1	900	0.0	1600
NF-MITE-254_1#CLASSII/MITE	rnd-1_family-378#CLASSII/MITE	100.000	1371	0	0	1	1371	1	1371	0.0	2532
BEL-14_DP_1#CLASSI/LTR/BELPAO	rnd-1_family-409#CLASSI/LTR	100.000	6551	0	0	1	6551	1	6551	0.0	12098
BEL-14_DP_1#CLASSI/LTR/BELPAO	ltr-1_family-7_inc#CLASSI/LTR	98.162	3047	35	6	3455	6499	331	3358	0.0	5297
BEL-14_DP_1#CLASSI/LTR/BELPAO	ltr-1_family-76#CLASSI/LTR	90.510	706	56	10	244	944	536	1235	0.0	922
BEL-14_DP_1#CLASSI/LTR/BELPAO	rnd-4_family-691_s_2_inc#CLASSII/HELITRON	93.966	464	21	3	1	457	6719	6256	0.0	695
BEL-14_DP_1#CLASSI/LTR/BELPAO	rnd-6_family-375_inc#CLASSI/LTR	83.587	658	99	8	2980	3631	847	1501	0.0	645
BEL-14_DP_1#CLASSI/LTR/BELPAO	rnd-1_family-238_inc#CLASSI/LTR	79.136	671	95	30	295	944	684	1330	7.63e-118	422
BEL-14_DP_1#CLASSI/LTR/BELPAO	rnd-1_family-149#CLASSI/LTR	83.646	373	52	5	2726	3094	531	898	6.11e-94	342
BEL-14_DP_1#CLASSI/LTR/BELPAO	rnd-1_family-48#CLASSI/LINE/R1	83.646	373	52	5	2726	3094	2878	3245	6.11e-94	342
BEL-14_DP_1#CLASSI/LTR/BELPAO	rnd-1_family-532#CLASSI/LTR	89.209	139	11	2	477	612	1	138	1.82e-44	178
NF-MITE-119_1#CLASSII/MITE	rnd-1_family-420#CLASSII/MITE	100.000	1655	0	0	1	1655	1	1655	0.0	3057
CR1-3_DPer_1#CLASSI/LINE/CR1	rnd-1_family-437#CLASSI/LINE/CR1	100.000	4470	0	0	1	4470	1	4470	0.0	8255
NF-BELPAO-38_1#CLASSI/LTR/BELPAO	rnd-1_family-535#CLASSI/LTR	100.000	6555	0	0	1	6555	1	6555	0.0	12105
NF-BELPAO-38_1#CLASSI/LTR/BELPAO	rnd-1_family-543#CLASSI/LTR	99.176	849	4	3	1950	2798	3438	4283	0.0	1526
NF-LINE-26_1#CLASSI/LINE	rnd-4_family-645#CLASSI/LINE/CR1	100.000	4305	0	0	1	4305	1	4305	0.0	7950
NF-LINE-26_1#CLASSI/LINE	rnd-5_family-1661_s_1_unconfirmed#CLASSI/LTR	98.630	73	1	0	4229	4301	1591	1663	3.40e-30	130
Jockey-8_DF_2#CLASSI/LINE/JOCKEY	rnd-5_family-1256#CLASSI/LINE	100.000	4662	0	0	1	4662	1	4662	0.0	8610
Jockey-8_DF_2#CLASSI/LINE/JOCKEY	rnd-1_family-412_s_2_inc#CLASSI/LINE	91.012	1324	78	15	1342	2664	7085	8368	0.0	1748
Jockey-8_DF_2#CLASSI/LINE/JOCKEY	rnd-1_family-412_s_0#CLASSI/LINE	91.624	979	68	5	1845	2823	1	965	0.0	1341
NF-TIR-5_1#CLASSII/TIR	rnd-5_family-3427#CLASSII/TIR	100.000	1726	0	0	1	1726	1	1726	0.0	3188
NF-TIR-5_1#CLASSII/TIR	rnd-5_family-8746_inc#CLASSII/TIR	91.129	124	7	4	474	596	3291	3411	3.71e-41	165
Mariner-20_DRh_1#CLASSII/MITE	rnd-5_family-9724#CLASSII/MITE	100.000	1604	0	0	1	1604	1	1604	0.0	2963
NF-LINE-16_1#CLASSI/LINE	rnd-5_family-1880#CLASSI/LINE/R1	100.000	3626	0	0	1	3626	1	3626	0.0	6697
NF-LINE-16_1#CLASSI/LINE	rnd-5_family-11052#CLASSI/LINE/R1	76.201	2248	464	53	80	2305	617	2815	0.0	1122
NF-MITE-45_1#CLASSII/MITE	rnd-5_family-3728#CLASSII/TIR	100.000	1608	0	0	1	1608	1	1608	0.0	2918
NF-LINE-32_1#CLASSI/LINE	rnd-5_family-900#CLASSI/LINE/R1	100.000	1916	0	0	1	1916	1	1916	0.0	3539
NF-BELPAO-113_3#CLASSI/LTR/BELPAO	rnd-1_family-168_s_1#CLASSI/LTR	100.000	1004	0	0	1	1004	1	1004	0.0	1855
NF-BELPAO-113_3#CLASSI/LTR/BELPAO	ltr-1_family-53_s_2_s_1#CLASSI/LTR	96.341	984	30	4	1	978	984	1	0.0	1613
NF-BELPAO-113_3#CLASSI/LTR/BELPAO	rnd-1_family-124_s_1_s_1_s_1#CLASSI/LTR	93.992	982	27	11	1	980	952	1	0.0	1458
NF-BELPAO-113_3#CLASSI/LTR/BELPAO	ltr-1_family-52_s_0_inc#CLASSI/LTR	96.473	482	13	2	502	980	494	14	0.0	793
NF-BELPAO-113_3#CLASSI/LTR/BELPAO	ltr-1_family-66#CLASSI/LTR	82.396	551	62	24	1	530	5580	6116	1.90e-126	448
NF-BELPAO-113_3#CLASSI/LTR/BELPAO	rnd-1_family-187_inc#CLASSII/TIR	93.919	296	17	1	686	980	447	742	6.82e-126	446
NF-BELPAO-113_3#CLASSI/LTR/BELPAO	rnd-1_family-149#CLASSI/LTR	92.096	291	11	5	501	780	2813	3102	5.39e-112	399
NF-BELPAO-113_3#CLASSI/LTR/BELPAO	rnd-1_family-48#CLASSI/LINE/R1	92.096	291	11	5	501	780	5157	5446	5.39e-112	399
NF-BELPAO-113_3#CLASSI/LTR/BELPAO	rnd-1_family-226_s_1#CLASSII/HELITRON	85.321	109	13	3	501	608	2263	2369	1.02e-24	110
NF-BELPAO-113_3#CLASSI/LTR/BELPAO	ltr-1_family-65_s_0_inc#CLASSI/LTR	97.297	37	1	0	944	980	39	3	8.03e-11	63.9
NF-MITE-622_1#CLASSII/MITE	rnd-1_family-207#CLASSI/LTR	100.000	366	0	0	1	366	1	366	0.0	676
NF-MITE-622_1#CLASSII/MITE	rnd-1_family-154#CLASSI/LTR/GYPSY	79.167	360	28	22	1	346	1300	974	4.44e-54	206
NF-MITE-622_1#CLASSII/MITE	rnd-1_family-5_inc#CLASSII/HELITRON	87.273	110	8	2	1	110	346	243	1.65e-28	121
NF-MITE-676_1#CLASSII/MITE	rnd-1_family-259#CLASSII/MITE	100.000	579	0	0	1	579	1	579	0.0	1070
NF-MITE-676_1#CLASSII/MITE	rnd-5_family-13928_unconfirmed#CLASSI/LTR	89.803	304	21	7	230	525	1942	1641	1.11e-106	381
NF-MITE-676_1#CLASSII/MITE	rnd-1_family-551_inc#CLASSI/LINE	89.145	304	21	8	230	525	8308	8607	8.62e-103	368
NF-MITE-676_1#CLASSII/MITE	rnd-5_family-8447_inc#CLASSII/TIR	90.909	187	15	2	55	239	3337	3523	3.26e-67	250
NF-MITE-359_1#CLASSII/MITE	rnd-5_family-1520_unconfirmed#CLASSII/TIR	100.000	1052	0	0	1	1052	1	1052	0.0	1943
NF-LINE-25_1#CLASSI/LINE	rnd-5_family-1514#CLASSI/LINE	100.000	3703	0	0	1	3703	1	3703	0.0	6839
NF-LINE-25_1#CLASSI/LINE	ltr-1_family-132_inc#CLASSI/LTR	84.559	136	1	10	3557	3692	5349	5464	2.27e-26	117
NF-GYPSY-342_1#CLASSI/LTR/GYPSY	ltr-1_family-13#CLASSI/LTR/GYPSY	100.000	5376	0	0	1	5376	1	5376	0.0	9928
NF-GYPSY-342_1#CLASSI/LTR/GYPSY	ltr-1_family-12_inc#CLASSI/LTR	97.119	2742	58	12	2641	5376	458	3184	0.0	4606
NF-COPIA-4_1#CLASSI/LTR/COPIA	ltr-1_family-163_s_1#CLASSI/LTR	100.000	5427	0	0	1	5427	1	5427	0.0	10022
NF-GYPSY-423_1#CLASSI/LTR/GYPSY	ltr-1_family-3_s_1#CLASSI/LTR	100.000	4784	0	0	1	4784	1	4784	0.0	8835
NF-GYPSY-423_1#CLASSI/LTR/GYPSY	ltr-1_family-4_inc#CLASSI/LTR/GYPSY	99.914	2336	0	1	612	2945	1136	3471	0.0	4301
NF-BELPAO-30_1#CLASSI/LTR/BELPAO	ltr-1_family-35#CLASSI/LTR	100.000	7027	0	0	1	7027	1	7027	0.0	12977
NF-BELPAO-30_1#CLASSI/LTR/BELPAO	ltr-1_family-34#CLASSI/LTR	99.413	5962	26	7	1066	7027	1	5953	0.0	10807
NF-BELPAO-30_1#CLASSI/LTR/BELPAO	ltr-1_family-86_inc#CLASSI/LTR	99.518	830	2	2	1	829	4345	5173	0.0	1509
NF-GYPSY-372_1#CLASSI/LTR/GYPSY	rnd-1_family-215#CLASSI/LTR/GYPSY	100.000	5127	0	0	1	5127	1	5127	0.0	9468
NF-GYPSY-372_1#CLASSI/LTR/GYPSY	ltr-1_family-18_inc#CLASSI/LTR/GYPSY	99.878	2451	2	1	278	2727	1	2451	0.0	4508
NF-GYPSY-372_1#CLASSI/LTR/GYPSY	ltr-1_family-17_inc#CLASSI/LTR	98.703	771	1	4	4357	5127	1	762	0.0	1360
NF-MITE-692_1#CLASSII/MITE	rnd-5_family-3137#CLASSII/MITE	100.000	544	0	0	1	544	1	544	0.0	1005
NF-HELITRON-24_3#CLASSII/HELITRON	rnd-5_family-2766#CLASSII/HELITRON	100.000	3508	0	0	1	3508	1	3508	0.0	6479
NF-HELITRON-24_3#CLASSII/HELITRON	rnd-4_family-691_s_1#CLASSII/HELITRON	97.518	3424	31	8	1	3424	1178	4547	0.0	5803
NF-HELITRON-24_3#CLASSII/HELITRON	rnd-4_family-691_s_2_inc#CLASSII/HELITRON	97.129	1811	38	6	1	1808	6943	8742	0.0	3044
NF-HELITRON-24_3#CLASSII/HELITRON	rnd-1_family-145#CLASSII/HELITRON	99.052	1372	9	1	1	1372	1868	501	0.0	2459
NF-HELITRON-24_3#CLASSII/HELITRON	rnd-1_family-162_inc#CLASSII/HELITRON	97.908	1243	15	5	130	1372	120	1351	0.0	2141
NF-HELITRON-24_3#CLASSII/HELITRON	rnd-1_family-412_s_2_inc#CLASSI/LINE	96.750	1046	22	5	763	1808	1	1034	0.0	1733
NF-HELITRON-24_3#CLASSII/HELITRON	rnd-1_family-135#CLASSII/HELITRON	99.376	641	3	1	1	641	1554	2193	0.0	1160
NF-HELITRON-24_3#CLASSII/HELITRON	rnd-1_family-226_s_1#CLASSII/HELITRON	97.731	617	12	2	1066	1681	1009	394	0.0	1061
NF-TC1MARINER-101_1#CLASSII/TIR/TC1MARINER	rnd-5_family-5664#CLASSII/TIR	100.000	1558	0	0	1	1558	1	1558	0.0	2878
NF-TC1MARINER-135_1#CLASSII/TIR/TC1MARINER	rnd-5_family-6045_inc#CLASSII/TIR	100.000	1300	0	0	1	1300	1	1300	0.0	2401
NF-MITE-106_1#CLASSII/MITE	rnd-5_family-17007#CLASSII/MITE	100.000	1635	0	0	1	1635	1	1635	0.0	3020
Polinton-1_DPe_1#CLASSII/MAVERICK	rnd-1_family-377_s_2#CLASSII/MAVERICK	100.000	8784	0	0	1	8784	1	8784	0.0	16222
Polinton-1_DPe_1#CLASSII/MAVERICK	rnd-5_family-1885_inc#CLASSII/MAVERICK	99.930	8528	4	2	1	8528	7707	16232	0.0	15714
NF-CMC-3_1#CLASSII/TIR/CMC	rnd-6_family-41#CLASSII/MITE	100.000	3616	0	0	1	3616	1	3616	0.0	6678
NF-CMC-3_1#CLASSII/TIR/CMC	rnd-1_family-2_inc#CLASSII/TIR	98.168	2292	29	8	28	2312	6080	3795	0.0	3988
NF-CMC-3_1#CLASSII/TIR/CMC	rnd-1_family-14#CLASSII/HELITRON	97.931	725	5	5	2	722	3418	4136	0.0	1247
NF-CMC-3_1#CLASSII/TIR/CMC	rnd-1_family-243_inc#CLASSI/LTR	97.388	689	1	9	2918	3603	5231	4557	0.0	1157
NF-CMC-3_1#CLASSII/TIR/CMC	rnd-1_family-150_s_1_inc#CLASSII/TIR	97.041	676	13	7	959	1634	669	1	0.0	1131
NF-CMC-3_1#CLASSII/TIR/CMC	rnd-1_family-223_s_1#CLASSI/LINE	95.030	664	3	10	1	663	6020	5386	0.0	1016
NF-CMC-3_1#CLASSII/TIR/CMC	rnd-5_family-2386_unconfirmed#CLASSI/LTR	88.631	431	31	13	2	429	44	459	3.13e-144	508
NF-CMC-3_1#CLASSII/TIR/CMC	rnd-5_family-859_unconfirmed#CLASSI/LTR	88.532	436	29	16	2	432	425	6	3.13e-144	508
NF-CMC-3_1#CLASSII/TIR/CMC	rnd-3_family-11_inc#CLASSII/HELITRON	88.372	344	29	5	3074	3414	2141	1806	6.98e-121	431
NF-CMC-3_1#CLASSII/TIR/CMC	rnd-1_family-272_inc#CLASSI/LTR/GYPSY	98.312	237	0	4	1	237	5865	6097	2.53e-115	412
NF-CMC-3_1#CLASSII/TIR/CMC	rnd-1_family-13_inc#CLASSII/HELITRON	92.857	266	13	4	1	266	260	1	7.13e-106	381
NF-CMC-3_1#CLASSII/TIR/CMC	ltr-1_family-44_s_2_inc#CLASSI/LTR	99.065	107	0	1	2	108	3232	3337	1.29e-48	191
NF-L2-6_1#CLASSI/LINE/L2	rnd-1_family-385#CLASSI/LINE/L2	100.000	1944	0	0	1	1944	272	2215	0.0	3591
NF-L2-6_1#CLASSI/LINE/L2	rnd-1_family-433#CLASSI/LINE/L2	99.179	1948	5	10	1	1944	227	2167	0.0	3498
NF-L2-6_2#CLASSI/LINE/L2	rnd-1_family-433#CLASSI/LINE/L2	100.000	2269	0	0	1	2269	308	2576	0.0	4191
NF-L2-6_2#CLASSI/LINE/L2	rnd-1_family-385#CLASSI/LINE/L2	99.517	1865	3	5	1	1860	352	2215	0.0	3389
NF-LINE-35_1#CLASSI/LINE	rnd-1_family-563#CLASSI/LINE/CR1	100.000	3491	0	0	1	3491	302	3792	0.0	6447
NF-LINE-35_1#CLASSI/LINE	rnd-5_family-2078_inc#CLASSI/LINE/CR1	94.007	267	7	4	1	265	1206	1465	2.46e-110	396
NF-GYPSY-283_1#CLASSI/LTR/GYPSY	ltr-1_family-38_s_2#CLASSI/LTR	100.000	5839	0	0	1	5839	1	5839	0.0	10783
NF-BELPAO-22_1#CLASSI/LTR/BELPAO	ltr-1_family-43#CLASSI/LTR	100.000	8238	0	0	1	8238	1	8238	0.0	15213
NF-BELPAO-22_1#CLASSI/LTR/BELPAO	rnd-6_family-377_inc#CLASSI/LTR	91.087	1122	70	14	1107	2219	3022	4122	0.0	1491
NF-BELPAO-22_1#CLASSI/LTR/BELPAO	rnd-1_family-186#CLASSI/LTR	79.446	1299	257	5	5224	6520	1733	3023	0.0	911
NF-BELPAO-22_1#CLASSI/LTR/BELPAO	rnd-1_family-88_inc#CLASSI/LTR	69.712	2397	636	77	3894	6245	1	2352	1.17e-161	568
NF-BELPAO-111_1#CLASSI/LTR/BELPAO	ltr-1_family-58#CLASSI/LTR	100.000	3525	0	0	1	3525	1	3525	0.0	6510
NF-BELPAO-111_1#CLASSI/LTR/BELPAO	ltr-1_family-2#CLASSI/LTR	97.184	2521	59	8	516	3034	72	2582	0.0	4252
NF-BELPAO-111_1#CLASSI/LTR/BELPAO	ltr-1_family-57#CLASSI/LTR	99.295	1277	6	2	2250	3525	1296	22	0.0	2305
NF-BELPAO-111_1#CLASSI/LTR/BELPAO	ltr-1_family-1_s_2_inc#CLASSI/LTR	91.262	721	40	12	2367	3082	489	1191	0.0	961
NF-BELPAO-111_1#CLASSI/LTR/BELPAO	ltr-1_family-14_inc#CLASSI/LTR	93.471	582	24	4	398	965	1	582	0.0	852
NF-LTR-16_1#CLASSI/LTR	ltr-1_family-67_s_2#CLASSI/LTR	100.000	4572	0	0	1	4572	1	4572	0.0	8444
NF-BELPAO-66_1#CLASSI/LTR/BELPAO	ltr-1_family-87#CLASSI/LTR	100.000	6254	0	0	1	6254	1	6254	0.0	11550
NF-BELPAO-66_1#CLASSI/LTR/BELPAO	ltr-1_family-29_inc#CLASSI/LTR	99.443	2874	9	5	195	3066	1	2869	0.0	5212
NF-BELPAO-28_1#CLASSI/LTR/BELPAO	rnd-1_family-42#CLASSI/LTR	100.000	7399	0	0	1	7399	1	7399	0.0	13664
NF-BELPAO-28_1#CLASSI/LTR/BELPAO	rnd-4_family-691_s_2_inc#CLASSII/HELITRON	97.330	3558	88	5	1455	5011	5518	1967	0.0	6037
NF-BELPAO-28_1#CLASSI/LTR/BELPAO	rnd-4_family-281#CLASSI/LTR	97.413	2861	50	3	2168	5027	2192	5029	0.0	4855
NF-BELPAO-28_1#CLASSI/LTR/BELPAO	rnd-6_family-377_inc#CLASSI/LTR	94.061	1970	94	10	2411	4378	1949	1	0.0	2968
NF-BELPAO-2_3#CLASSI/LTR/BELPAO	rnd-1_family-161#CLASSI/LTR	100.000	8984	0	0	1	8984	1	8984	0.0	16591
NF-BELPAO-2_3#CLASSI/LTR/BELPAO	rnd-1_family-111_s_1_s_2#CLASSI/LTR	78.590	5049	998	70	2354	7365	2088	7090	0.0	3258
NF-BELPAO-2_3#CLASSI/LTR/BELPAO	rnd-1_family-111_s_3_inc#CLASSI/LTR	75.118	2110	484	36	1886	3976	1710	3797	0.0	950
NF-BELPAO-2_3#CLASSI/LTR/BELPAO	ltr-1_family-18_inc#CLASSI/LTR/GYPSY	98.944	284	3	0	8701	8984	2452	2735	7.81e-144	508
NF-BELPAO-2_3#CLASSI/LTR/BELPAO	rnd-1_family-113_inc#CLASSI/LTR	73.468	1142	273	29	2850	3976	1	1127	3.79e-112	403
NF-BELPAO-2_3#CLASSI/LTR/BELPAO	ltr-1_family-120_inc#CLASSI/LTR	80.088	457	37	33	8378	8825	7	418	3.08e-78	291
NF-BELPAO-2_3#CLASSI/LTR/BELPAO	rnd-1_family-221_s_1#CLASSI/LTR	74.955	551	133	5	3437	3984	1555	1007	1.88e-65	248
NF-BELPAO-2_3#CLASSI/LTR/BELPAO	ltr-1_family-31#CLASSI/LTR	74.819	552	132	6	3437	3984	3769	4317	8.75e-64	243
NF-BELPAO-2_3#CLASSI/LTR/BELPAO	rnd-1_family-13_inc#CLASSII/HELITRON	82.778	180	22	8	454	625	7354	7532	1.52e-36	152
NF-BELPAO-2_3#CLASSI/LTR/BELPAO	rnd-4_family-691_s_2_inc#CLASSII/HELITRON	81.651	109	11	6	501	608	8757	8857	2.02e-15	82.4
NF-BELPAO-2_3#CLASSI/LTR/BELPAO	rnd-1_family-412_s_2_inc#CLASSI/LINE	80.734	109	12	6	501	608	1049	1149	9.39e-14	76.8
NF-MITE-252_1#CLASSII/MITE	rnd-1_family-284#CLASSII/MITE	100.000	1373	0	0	1	1373	1	1373	0.0	2536
NF-MITE-252_1#CLASSII/MITE	rnd-1_family-255#CLASSII/MITE	100.000	37	0	0	1	37	1774	1738	2.37e-12	69.4
NF-R1-85_1#CLASSI/LINE/R1	rnd-1_family-324#CLASSI/LINE/R1	100.000	3116	0	0	1	3116	1	3116	0.0	5755
NF-R1-85_1#CLASSI/LINE/R1	rnd-1_family-576#CLASSI/LINE/R1	98.873	1775	18	2	1343	3116	309	2082	0.0	3166
NF-HELITRON-24_4#CLASSII/HELITRON	rnd-4_family-691_s_1#CLASSII/HELITRON	100.000	4547	0	0	1	4547	1	4547	0.0	8397
NF-HELITRON-24_4#CLASSII/HELITRON	rnd-5_family-2766#CLASSII/HELITRON	97.518	3424	31	8	1178	4547	1	3424	0.0	5803
NF-HELITRON-24_4#CLASSII/HELITRON	rnd-1_family-145#CLASSII/HELITRON	96.720	2561	50	6	1	2531	3057	501	0.0	4233
NF-HELITRON-24_4#CLASSII/HELITRON	rnd-4_family-691_s_2_inc#CLASSII/HELITRON	96.060	1878	40	9	1112	2967	6877	8742	0.0	3027
NF-HELITRON-24_4#CLASSII/HELITRON	rnd-1_family-135#CLASSII/HELITRON	96.393	1830	36	5	1	1801	365	2193	0.0	2987
NF-HELITRON-24_4#CLASSII/HELITRON	rnd-1_family-162_inc#CLASSII/HELITRON	95.897	1243	22	7	1307	2531	120	1351	0.0	1986
NF-HELITRON-24_4#CLASSII/HELITRON	rnd-1_family-412_s_2_inc#CLASSI/LINE	96.272	1046	26	6	1923	2967	1	1034	0.0	1703
NF-HELITRON-24_4#CLASSII/HELITRON	rnd-1_family-226_s_1#CLASSII/HELITRON	97.083	617	15	3	2226	2840	1009	394	0.0	1037
NF-HELITRON-24_4#CLASSII/HELITRON	rnd-1_family-147#CLASSII/HELITRON	92.953	298	12	1	1	289	298	1	4.09e-119	425
NF-HELITRON-30_1#CLASSII/HELITRON	rnd-5_family-2422_s_1#CLASSII/HELITRON	100.000	2471	0	0	1	2471	1	2471	0.0	4564
NF-HELITRON-30_1#CLASSII/HELITRON	rnd-5_family-2422_s_2_inc#CLASSII/HELITRON	93.690	840	16	5	4	838	1376	2183	0.0	1223
NF-MITE-423_1#CLASSII/MITE	rnd-5_family-10371#CLASSII/MITE	100.000	957	0	0	1	957	1	957	0.0	1768
NF-MITE-334_1#CLASSII/MITE	rnd-5_family-2979#CLASSII/MITE	100.000	1105	0	0	1	1105	1	1105	0.0	2041
NF-GYPSY-33_1#CLASSI/LTR/GYPSY	rnd-1_family-100#CLASSI/LTR	100.000	7543	0	0	1	7543	1	7543	0.0	13930
NF-GYPSY-33_1#CLASSI/LTR/GYPSY	ltr-1_family-5_inc#CLASSI/LTR/GYPSY	98.478	6439	71	15	503	6935	3893	10310	0.0	11322
NF-GYPSY-33_1#CLASSI/LTR/GYPSY	rnd-1_family-455_s_2_inc#CLASSI/LTR/GYPSY	99.519	6034	22	3	1015	7047	1	6028	0.0	10975
NF-GYPSY-33_1#CLASSI/LTR/GYPSY	rnd-1_family-190_s_0_s_2#CLASSI/LTR	99.625	3464	9	4	3473	6935	1	3461	0.0	6322
NF-GYPSY-33_1#CLASSI/LTR/GYPSY	rnd-1_family-78#CLASSI/LTR/GYPSY	85.269	2118	263	22	1501	3588	2945	847	0.0	2137
NF-GYPSY-33_1#CLASSI/LTR/GYPSY	rnd-1_family-70#CLASSI/LTR/GYPSY	85.269	2118	263	22	1501	3588	2957	5055	0.0	2137
NF-GYPSY-33_1#CLASSI/LTR/GYPSY	ltr-1_family-8_inc#CLASSI/LTR	84.817	1337	163	13	1493	2827	4357	5655	0.0	1308
NF-GYPSY-33_1#CLASSI/LTR/GYPSY	rnd-1_family-97_s_2#CLASSI/LTR	79.047	1742	321	28	1054	2767	3574	1849	0.0	1155
NF-GYPSY-33_1#CLASSI/LTR/GYPSY	rnd-1_family-189_s_0_s_0_inc#CLASSI/LTR/GYPSY	81.187	1281	226	12	1493	2767	1535	2806	0.0	1016
NF-GYPSY-33_1#CLASSI/LTR/GYPSY	ltr-1_family-9#CLASSI/LTR/GYPSY	80.640	1281	233	13	1493	2767	1483	2754	0.0	977
NF-GYPSY-33_1#CLASSI/LTR/GYPSY	rnd-1_family-68_inc#CLASSI/LTR/GYPSY	78.844	813	136	25	3020	3826	414	1196	3.92e-146	516
NF-GYPSY-33_1#CLASSI/LTR/GYPSY	rnd-1_family-189_s_2_inc#CLASSI/LTR/GYPSY	82.759	435	71	4	3356	3788	3277	3709	1.15e-106	385
NF-MITE-270_1#CLASSII/MITE	rnd-1_family-394#CLASSI/LTR	100.000	1295	0	0	1	1295	1	1295	0.0	2392
NF-MITE-270_1#CLASSII/MITE	ltr-1_family-7_inc#CLASSI/LTR	94.696	905	27	8	331	1233	12451	11566	0.0	1386
NF-LINE-6_2#CLASSI/LINE	rnd-5_family-6361#CLASSI/LINE/R1	100.000	4644	0	0	1	4644	1	4644	0.0	8576
NF-LINE-6_2#CLASSI/LINE	rnd-1_family-314#CLASSI/LINE/R1	91.387	4644	400	0	1	4644	5685	1042	0.0	6360
NF-LINE-6_2#CLASSI/LINE	rnd-1_family-217_inc#CLASSI/LINE/R1	93.067	3231	204	5	1	3231	3652	442	0.0	4708
NF-JOCKEY-21_1#CLASSI/LINE/JOCKEY	rnd-6_family-1735#CLASSI/LINE	100.000	5176	0	0	1	5176	4274	9449	0.0	9559
NF-BELPAO-40_1#CLASSI/LTR/BELPAO	ltr-1_family-103_inc#CLASSI/LTR	100.000	5044	0	0	1	5044	1	5044	0.0	9315
Gypsy-32_DP_1#CLASSI/LTR/GYPSY	ltr-1_family-106_inc#CLASSI/LTR	100.000	723	0	0	1	723	1	723	0.0	1336
Gypsy_DS_1#CLASSI/LTR/GYPSY	ltr-1_family-115_s_1_inc#CLASSI/LTR/GYPSY	100.000	7478	0	0	1	7478	1	7478	0.0	13810
NF-GYPSY-351_1#CLASSI/LTR/GYPSY	ltr-1_family-122_inc#CLASSI/LTR/GYPSY	100.000	4976	0	0	1	4976	1	4976	0.0	9190
NF-GYPSY-351_1#CLASSI/LTR/GYPSY	ltr-1_family-121_s_1_inc#CLASSI/LTR	99.622	1850	3	2	3127	4976	1	1846	0.0	3374
NF-GYPSY-450_1#CLASSI/LTR/GYPSY	ltr-1_family-133_s_1_inc#CLASSI/LTR	100.000	2839	0	0	1	2839	1	2839	0.0	5243
NF-GYPSY-450_1#CLASSI/LTR/GYPSY	ltr-1_family-133_s_2_inc#CLASSI/LTR	100.000	191	0	0	2649	2839	7	197	1.22e-97	353
NF-GYPSY-450_2#CLASSI/LTR/GYPSY	ltr-1_family-133_s_2_inc#CLASSI/LTR	100.000	1201	0	0	1	1201	1	1201	0.0	2218
NF-GYPSY-450_2#CLASSI/LTR/GYPSY	ltr-1_family-133_s_1_inc#CLASSI/LTR	100.000	191	0	0	7	197	2649	2839	5.11e-98	353
NF-GYPSY-450_2#CLASSI/LTR/GYPSY	rnd-1_family-2_inc#CLASSII/TIR	90.367	218	21	0	984	1201	2731	2948	5.25e-78	287
NF-GYPSY-198_1#CLASSI/LTR/GYPSY	ltr-1_family-141_s_2_inc#CLASSI/LTR	100.000	1681	0	0	1	1681	1	1681	0.0	3105
NF-GYPSY-198_1#CLASSI/LTR/GYPSY	ltr-1_family-100_inc#CLASSI/LTR	90.519	443	39	3	985	1426	9	449	8.41e-167	582
NF-GYPSY-241_1#CLASSI/LTR/GYPSY	ltr-1_family-146_s_2_inc#CLASSI/LTR	100.000	1573	0	0	1	1573	1	1573	0.0	2905
NF-GYPSY-241_1#CLASSI/LTR/GYPSY	ltr-1_family-146_s_1_inc#CLASSI/LTR	97.668	386	1	1	1	378	2551	2936	0.0	656
NF-GYPSY-68_1#CLASSI/LTR/GYPSY	ltr-1_family-170_inc#CLASSI/LTR	100.000	6082	0	0	1	6082	1	6082	0.0	11232
NF-GYPSY-208_2#CLASSI/LTR/GYPSY	ltr-1_family-19_s_1_inc#CLASSI/LTR	100.000	2823	0	0	1	2823	1	2823	0.0	5214
NF-GYPSY-208_2#CLASSI/LTR/GYPSY	ltr-1_family-20#CLASSI/LTR/GYPSY	98.173	2463	10	14	1	2462	4313	6741	0.0	4266
NF-GYPSY-208_2#CLASSI/LTR/GYPSY	rnd-1_family-272_inc#CLASSI/LTR/GYPSY	95.847	2143	58	22	1	2132	5687	3565	0.0	3435
NF-GYPSY-208_2#CLASSI/LTR/GYPSY	rnd-1_family-243_inc#CLASSI/LTR	95.894	1778	48	18	1	1767	6108	7871	0.0	2856
NF-GYPSY-208_2#CLASSI/LTR/GYPSY	ltr-1_family-48#CLASSI/LTR/GYPSY	98.433	1532	16	3	313	1837	3571	5101	0.0	2689
NF-GYPSY-208_2#CLASSI/LTR/GYPSY	ltr-1_family-26_inc#CLASSI/LTR/GYPSY	77.078	2033	428	30	9	2017	9899	11917	0.0	1138
NF-GYPSY-208_2#CLASSI/LTR/GYPSY	rnd-1_family-543#CLASSI/LTR	95.904	415	9	1	2406	2812	419	5	0.0	665
NF-GYPSY-208_2#CLASSI/LTR/GYPSY	rnd-1_family-510_inc#CLASSI/LTR/GYPSY	95.884	413	9	1	2414	2818	1	413	0.0	662
NF-GYPSY-208_2#CLASSI/LTR/GYPSY	rnd-5_family-9077#CLASSI/LTR	100.000	33	0	0	2791	2823	712	680	8.23e-10	62.1
NF-GYPSY-298_1#CLASSI/LTR/GYPSY	ltr-1_family-23_s_2_inc#CLASSI/LTR	100.000	5163	0	0	1	5163	1	5163	0.0	9535
NF-GYPSY-298_1#CLASSI/LTR/GYPSY	ltr-1_family-81_inc#CLASSI/LTR/GYPSY	96.187	1049	39	1	1	1048	66	1114	0.0	1714
NF-GYPSY-298_1#CLASSI/LTR/GYPSY	ltr-1_family-80_s_2_inc#CLASSI/LTR	97.460	433	11	0	1	433	433	1	0.0	739
BEL-13_DTa_1#CLASSI/LTR/BELPAO	ltr-1_family-27_s_1_inc#CLASSI/LTR	100.000	3171	0	0	1	3171	1	3171	0.0	5856
BEL-13_DTa_1#CLASSI/LTR/BELPAO	ltr-1_family-28_inc#CLASSI/LTR	97.691	433	5	1	2434	2861	2689	3121	0.0	739
BEL-13_DTa_1#CLASSI/LTR/BELPAO	ltr-1_family-27_s_2_inc#CLASSI/LTR	97.712	306	4	3	2863	3166	31	335	9.81e-149	523
NF-BELPAO-131_1#CLASSI/LTR/BELPAO	ltr-1_family-27_s_2_inc#CLASSI/LTR	100.000	1351	0	0	1	1351	1	1351	0.0	2495
NF-BELPAO-131_1#CLASSI/LTR/BELPAO	ltr-1_family-28_inc#CLASSI/LTR	98.725	706	8	1	336	1040	1	706	0.0	1253
NF-BELPAO-131_1#CLASSI/LTR/BELPAO	ltr-1_family-27_s_1_inc#CLASSI/LTR	97.712	306	4	3	31	335	2863	3166	4.14e-149	523
NF-GYPSY-228_2#CLASSI/LTR/GYPSY	ltr-1_family-32_s_3_inc#CLASSI/LTR	100.000	4884	0	0	1	4884	1	4884	0.0	9020
NF-GYPSY-228_2#CLASSI/LTR/GYPSY	ltr-1_family-32_s_2#CLASSI/LTR	98.284	3962	49	13	927	4884	1086	5032	0.0	6922
NF-GYPSY-228_2#CLASSI/LTR/GYPSY	ltr-1_family-33_inc#CLASSI/LTR/GYPSY	98.053	3646	51	15	348	3987	1	3632	0.0	6364
NF-GYPSY-228_2#CLASSI/LTR/GYPSY	ltr-1_family-154_inc#CLASSI/LTR	87.154	794	76	13	4091	4884	1248	2015	0.0	878
NF-LTR-86_1#CLASSI/LTR	ltr-1_family-52_s_0_inc#CLASSI/LTR	100.000	494	0	0	1	494	1	494	0.0	913
NF-LTR-86_1#CLASSI/LTR	rnd-1_family-168_s_1#CLASSI/LTR	96.473	482	13	2	14	494	980	502	0.0	793
NF-LTR-86_1#CLASSI/LTR	ltr-1_family-53_s_2_s_1#CLASSI/LTR	96.266	482	11	6	14	494	2949	3424	0.0	784
NF-LTR-86_1#CLASSI/LTR	rnd-1_family-124_s_1_s_1_s_1#CLASSI/LTR	88.613	483	23	13	14	494	1	453	4.05e-160	558
NF-LTR-86_1#CLASSI/LTR	rnd-1_family-187_inc#CLASSII/TIR	95.333	300	9	3	13	310	743	447	5.43e-134	472
NF-LTR-86_1#CLASSI/LTR	rnd-1_family-149#CLASSI/LTR	93.448	290	10	4	213	494	3102	2814	5.55e-119	422
NF-LTR-86_1#CLASSI/LTR	rnd-1_family-48#CLASSI/LINE/R1	93.448	290	10	4	213	494	5446	5158	5.55e-119	422
NF-LTR-86_1#CLASSI/LTR	rnd-1_family-226_s_1#CLASSII/HELITRON	87.037	108	11	3	388	494	2369	2264	8.15e-28	119
NF-LTR-86_1#CLASSI/LTR	ltr-1_family-65_s_0_inc#CLASSI/LTR	97.368	38	1	0	13	50	2	39	1.08e-11	65.8
NF-LTR-86_1#CLASSI/LTR	ltr-1_family-66#CLASSI/LTR	97.297	37	1	0	14	50	441	405	3.87e-11	63.9
NF-GYPSY-396_1#CLASSI/LTR/GYPSY	ltr-1_family-61_s_1_inc#CLASSI/LTR	100.000	721	0	0	1	721	1	721	0.0	1332
NF-GYPSY-396_1#CLASSI/LTR/GYPSY	ltr-1_family-61_s_2_inc#CLASSI/LTR	99.242	264	0	2	21	284	490	751	6.20e-135	475
NF-GYPSY-396_1#CLASSI/LTR/GYPSY	ltr-1_family-62_inc#CLASSI/LTR/GYPSY	97.189	249	4	3	475	721	163	410	1.06e-117	418
NF-GYPSY-396_2#CLASSI/LTR/GYPSY	ltr-1_family-61_s_2_inc#CLASSI/LTR	100.000	751	0	0	1	751	1	751	0.0	1387
NF-GYPSY-396_2#CLASSI/LTR/GYPSY	ltr-1_family-62_inc#CLASSI/LTR/GYPSY	99.796	489	1	0	1	489	4032	4520	0.0	898
NF-GYPSY-396_2#CLASSI/LTR/GYPSY	ltr-1_family-61_s_1_inc#CLASSI/LTR	99.242	264	0	2	490	751	21	284	6.46e-135	475
NF-GYPSY-396_2#CLASSI/LTR/GYPSY	rnd-6_family-149_inc#CLASSI/LINE	93.333	225	6	4	3	218	1885	2109	2.48e-89	324
NF-GYPSY-292_1#CLASSI/LTR/GYPSY	ltr-1_family-63_inc#CLASSI/LTR	100.000	4748	0	0	1	4748	1	4748	0.0	8769
NF-GYPSY-292_1#CLASSI/LTR/GYPSY	ltr-1_family-64_inc#CLASSI/LTR/GYPSY	98.704	1157	12	3	3106	4262	617	1770	0.0	2050
NF-LTR-92_1#CLASSI/LTR	ltr-1_family-65_s_0_inc#CLASSI/LTR	100.000	468	0	0	1	468	1	468	0.0	865
NF-LTR-92_1#CLASSI/LTR	ltr-1_family-66#CLASSI/LTR	92.290	441	30	4	3	439	441	1	1.34e-179	623
NF-LTR-92_1#CLASSI/LTR	ltr-1_family-52_s_0_inc#CLASSI/LTR	97.368	38	1	0	2	39	13	50	1.02e-11	65.8
NF-LTR-92_1#CLASSI/LTR	rnd-1_family-168_s_1#CLASSI/LTR	97.297	37	1	0	3	39	980	944	3.66e-11	63.9
NF-LTR-92_1#CLASSI/LTR	rnd-1_family-149#CLASSI/LTR	97.297	37	1	0	3	39	3268	3232	3.66e-11	63.9
NF-LTR-92_1#CLASSI/LTR	rnd-1_family-48#CLASSI/LINE/R1	97.297	37	1	0	3	39	5597	5561	3.66e-11	63.9
NF-LTR-92_1#CLASSI/LTR	ltr-1_family-53_s_2_s_1#CLASSI/LTR	97.297	37	1	0	3	39	2949	2985	3.66e-11	63.9
BEL-3_DPer_2#CLASSI/LTR/BELPAO	ltr-1_family-74_s_2_inc#CLASSI/LTR	100.000	904	0	0	1	904	1	904	0.0	1670
BEL-3_DPer_2#CLASSI/LTR/BELPAO	ltr-1_family-74_s_1#CLASSI/LTR	98.545	825	10	2	81	904	1	824	0.0	1456
BEL-3_DPer_2#CLASSI/LTR/BELPAO	ltr-1_family-74_s_0_inc#CLASSI/LTR	94.845	388	16	4	20	405	1	386	3.44e-173	603
BEL-3_DPer_3#CLASSI/LTR/BELPAO	ltr-1_family-74_s_0_inc#CLASSI/LTR	100.000	386	0	0	1	386	1	386	0.0	713
BEL-3_DPer_3#CLASSI/LTR/BELPAO	ltr-1_family-74_s_2_inc#CLASSI/LTR	94.845	388	16	4	1	386	20	405	1.42e-173	603
BEL-3_DPer_3#CLASSI/LTR/BELPAO	ltr-1_family-74_s_1#CLASSI/LTR	93.299	388	22	4	1	386	5900	6285	1.45e-163	569
NF-LTR-55_1#CLASSI/LTR	ltr-1_family-80_s_2_inc#CLASSI/LTR	100.000	789	0	0	1	789	1	789	0.0	1458
NF-LTR-55_1#CLASSI/LTR	ltr-1_family-81_inc#CLASSI/LTR/GYPSY	98.196	499	8	1	1	498	499	1	0.0	870
NF-LTR-55_1#CLASSI/LTR	ltr-1_family-23_s_2_inc#CLASSI/LTR	97.460	433	11	0	1	433	433	1	0.0	739
Dsus_1#CLASSI/LTR/GYPSY	ltr-1_family-88_s_2_inc#CLASSI/LTR/GYPSY	100.000	916	0	0	1	916	1	916	0.0	1692
Dsus_1#CLASSI/LTR/GYPSY	ltr-1_family-88_s_1_inc#CLASSI/LTR/GYPSY	99.522	418	1	1	489	906	1	417	0.0	760
Dsus_1#CLASSI/LTR/GYPSY	ltr-1_family-88_s_0_inc#CLASSI/LTR/GYPSY	86.936	421	34	13	487	896	1	411	3.71e-128	453
Dsus_1#CLASSI/LTR/GYPSY	ltr-1_family-88_s_3_inc#CLASSI/LTR/GYPSY	82.743	452	59	16	437	884	341	777	1.37e-107	385
Dsus_1#CLASSI/LTR/GYPSY	ltr-1_family-25_s_3_inc#CLASSI/LTR/GYPSY	82.656	369	47	14	437	802	1846	2200	2.36e-85	311
Dsus_1#CLASSI/LTR/GYPSY	ltr-1_family-88_s_4_inc#CLASSI/LTR/GYPSY	78.660	403	59	18	485	884	298	676	8.75e-65	243
Dsus_1#CLASSI/LTR/GYPSY	ltr-1_family-26_inc#CLASSI/LTR/GYPSY	77.331	472	61	27	440	885	12127	12578	4.07e-63	237
Dsus_1#CLASSI/LTR/GYPSY	ltr-1_family-71_inc#CLASSI/LTR/GYPSY	91.489	47	3	1	437	483	7400	7445	7.31e-11	63.9
Dsus_1#CLASSI/LTR/GYPSY	ltr-1_family-56_inc#CLASSI/LTR/GYPSY	91.304	46	3	1	437	482	8182	8226	2.63e-10	62.1
NF-GYPSY-521_1#CLASSI/LTR/GYPSY	ltr-1_family-88_s_0_inc#CLASSI/LTR/GYPSY	100.000	455	0	0	1	455	1	455	0.0	841
NF-GYPSY-521_1#CLASSI/LTR/GYPSY	ltr-1_family-88_s_1_inc#CLASSI/LTR/GYPSY	86.866	434	34	15	13	438	13	431	8.34e-132	464
NF-GYPSY-521_1#CLASSI/LTR/GYPSY	ltr-1_family-88_s_2_inc#CLASSI/LTR/GYPSY	86.936	421	34	13	1	411	487	896	1.80e-128	453
NF-GYPSY-521_1#CLASSI/LTR/GYPSY	ltr-1_family-88_s_3_inc#CLASSI/LTR/GYPSY	83.252	412	36	26	1	401	390	779	8.76e-97	348
NF-GYPSY-521_1#CLASSI/LTR/GYPSY	ltr-1_family-25_s_3_inc#CLASSI/LTR/GYPSY	85.449	323	24	17	1	317	1895	2200	8.89e-87	315
NF-GYPSY-521_1#CLASSI/LTR/GYPSY	ltr-1_family-88_s_4_inc#CLASSI/LTR/GYPSY	80.535	411	38	28	1	401	300	678	1.17e-75	278
NF-GYPSY-52_2#CLASSI/LTR/GYPSY	ltr-1_family-94_inc#CLASSI/LTR	100.000	2459	0	0	1	2459	1	2459	0.0	4542
NF-GYPSY-52_2#CLASSI/LTR/GYPSY	ltr-1_family-95_inc#CLASSI/LTR/GYPSY	99.252	936	4	2	1507	2442	15	947	0.0	1687
NF-GYPSY-320_1#CLASSI/LTR/GYPSY	ltr-1_family-96_s_2_inc#CLASSI/LTR	100.000	5194	0	0	1	5194	1	5194	0.0	9592
NF-GYPSY-320_1#CLASSI/LTR/GYPSY	ltr-1_family-96_s_1_inc#CLASSI/LTR	94.919	2165	33	29	4	2159	511	2607	0.0	3317
NF-GYPSY-320_1#CLASSI/LTR/GYPSY	ltr-1_family-97_inc#CLASSI/LTR/GYPSY	98.060	1701	28	2	3259	4958	2949	4645	0.0	2953
NF-GYPSY-353_2#CLASSI/LTR/GYPSY	ltr-1_family-99_inc#CLASSI/LTR/GYPSY	100.000	4328	0	0	1	4328	1	4328	0.0	7993
NF-GYPSY-353_2#CLASSI/LTR/GYPSY	ltr-1_family-98#CLASSI/LTR	97.995	3292	40	4	1	3266	195	3486	0.0	5690
NF-GYPSY-198_2#CLASSI/LTR/GYPSY	ltr-1_family-100_inc#CLASSI/LTR	100.000	830	0	0	1	830	1	830	0.0	1533
NF-GYPSY-198_2#CLASSI/LTR/GYPSY	ltr-1_family-141_s_2_inc#CLASSI/LTR	90.519	443	39	3	9	449	985	1426	4.10e-167	582
NF-JOCKEY-153_1#CLASSI/LINE/JOCKEY	rnd-1_family-425_inc#CLASSI/LINE	100.000	765	0	0	1	765	1	765	0.0	1413
NF-JOCKEY-153_1#CLASSI/LINE/JOCKEY	rnd-5_family-2978_inc#CLASSI/LINE	89.047	493	31	8	1	481	245	726	2.25e-169	590
NF-R1-4_1#CLASSI/LINE/R1	rnd-1_family-430_inc#CLASSI/LINE/R1	100.000	331	0	0	1	331	1	331	4.42e-163	568
NF-GYPSY-102_1#CLASSI/LTR/GYPSY	rnd-1_family-582_inc#CLASSI/LTR/GYPSY	100.000	6451	0	0	1	6451	1	6451	0.0	11913
NF-MITE-79_1#CLASSII/MITE	rnd-5_family-1334_inc#CLASSII/TIR	100.000	1667	0	0	1	1667	1	1667	0.0	3046
NF-MITE-360_1#CLASSII/MITE	rnd-5_family-9471_inc#CLASSII/TIR	100.000	972	0	0	1	972	1	972	0.0	1777
NF-BELPAO-35_1#CLASSI/LTR/BELPAO	rnd-5_family-3135_inc#CLASSI/LTR	100.000	4383	0	0	1	4383	1	4383	0.0	8094
NF-BELPAO-35_1#CLASSI/LTR/BELPAO	rnd-1_family-511_s_1#CLASSI/LTR	90.602	681	47	3	310	990	3264	3927	0.0	887
NF-BELPAO-35_1#CLASSI/LTR/BELPAO	rnd-1_family-588_inc#CLASSII/TIR	87.013	308	34	4	2675	2978	1473	1168	4.08e-94	342
NF-BELPAO-35_1#CLASSI/LTR/BELPAO	rnd-1_family-13_inc#CLASSII/HELITRON	90.071	141	8	4	4249	4383	5367	5227	1.22e-44	178
NF-HAT-37_1#CLASSII/TIR/HAT	rnd-5_family-11479_inc#CLASSII/TIR	100.000	2271	0	0	1	2271	1	2271	0.0	4194
Polinton-1_DPe_2#CLASSII/MAVERICK	rnd-5_family-1885_inc#CLASSII/MAVERICK	100.000	16232	0	0	1	16232	1	16232	0.0	29975
Polinton-1_DPe_2#CLASSII/MAVERICK	rnd-1_family-377_s_2#CLASSII/MAVERICK	99.930	8528	4	2	7707	16232	1	8528	0.0	15714
NF-MITE-265_1#CLASSII/MITE	rnd-1_family-114_inc#CLASSI/LTR	100.000	1333	0	0	1	1333	1	1333	0.0	2462
NF-MITE-265_1#CLASSII/MITE	rnd-1_family-158_unconfirmed#CLASSI/LTR	93.684	380	11	5	954	1333	991	625	4.03e-159	556
NF-MITE-265_1#CLASSII/MITE	rnd-5_family-680_s_2#CLASSI	90.347	404	26	7	127	529	1345	1736	1.90e-147	518
NF-MITE-596_1#CLASSII/MITE	rnd-1_family-99_unconfirmed#CLASSII/TIR	100.000	703	0	0	1	703	1	703	0.0	1299
NF-MITE-596_1#CLASSII/MITE	rnd-1_family-14#CLASSII/HELITRON	90.692	419	15	6	14	428	422	820	2.73e-153	536
NF-MITE-620_1#CLASSII/MITE	rnd-1_family-153_unconfirmed#CLASSII/TIR	100.000	650	0	0	1	650	1	650	0.0	1201
NF-MITE-620_1#CLASSII/MITE	ltr-1_family-113_inc#CLASSI/LTR/GYPSY	94.118	136	8	0	495	630	4349	4484	2.24e-54	207
NF-MITE-511_1#CLASSII/MITE	rnd-1_family-375_unconfirmed#CLASSII/TIR	100.000	793	0	0	1	793	1	793	0.0	1465
NF-MITE-760_1#CLASSII/MITE	rnd-1_family-533_unconfirmed#CLASSII/TIR	100.000	349	0	0	1	349	1	349	0.0	645
NF-MITE-760_1#CLASSII/MITE	rnd-5_family-4900_unconfirmed#CLASSII/TIR	100.000	188	0	0	15	202	363	176	6.63e-97	348
NF-MITE-586_1#CLASSII/MITE	rnd-1_family-575_s_2_unconfirmed#CLASSI/LTR	100.000	620	0	0	1	620	1	620	0.0	1146
NF-MITE-381_1#CLASSII/MITE	rnd-5_family-9082_unconfirmed#CLASSII/TIR	100.000	1032	0	0	1	1032	1	1032	0.0	1906
NF-MITE-282_1#CLASSII/MITE	rnd-5_family-1253_unconfirmed#CLASSII/TIR	100.000	1252	0	0	1	1252	1	1252	0.0	2313
NF-MITE-282_1#CLASSII/MITE	rnd-4_family-819_inc#CLASSI/LTR/GYPSY	85.475	179	16	7	721	894	3497	3670	3.44e-45	178
NF-MITE-752_1#CLASSII/MITE	rnd-5_family-11608_unconfirmed#CLASSII/TIR	100.000	381	0	0	1	381	1	381	0.0	704
