Copia-2_DPer-I#CLASSI/LTR/COPIA	Copia-2_DPer_1#CLASSI/LTR/COPIA	100.000	4539	0	0	1	4539	1	4539	0.0	8383
Copia-2_DPer-I#CLASSI/LTR/COPIA	Copia-2_DPer_2#CLASSI/LTR/COPIA	100.000	740	0	0	3800	4539	1	740	0.0	1367
Copia-2_DPer-I_2#CLASSI/LTR/COPIA	Copia-2_DPer_2#CLASSI/LTR/COPIA	100.000	766	0	0	1	766	1	766	0.0	1415
Copia-2_DPer-I_2#CLASSI/LTR/COPIA	Copia-2_DPer_1#CLASSI/LTR/COPIA	100.000	740	0	0	1	740	3800	4539	0.0	1367
BEL-3_DPer-I#CLASSI/LTR/BELPAO	BEL-3_DPer_1#CLASSI/LTR/BELPAO	100.000	6285	0	0	1	6285	1	6285	0.0	11607
BEL-3_DPer-I#CLASSI/LTR/BELPAO	BEL-3_DPer_2#CLASSI/LTR/BELPAO	98.545	825	10	2	1	824	81	904	0.0	1456
BEL-3_DPer-I#CLASSI/LTR/BELPAO	BEL-3_DPer_3#CLASSI/LTR/BELPAO	93.299	388	22	4	5900	6285	1	386	8.33e-163	569
LOA-1_DPer#CLASSI/LINE/LOA	LOA-1_DPer_1#CLASSI/LINE/LOA	100.000	5513	0	0	1	5513	1	5513	0.0	10181
BEL-3_DYa-I#CLASSI/LTR/BELPAO	BEL-8_DPe_1#CLASSI/LTR/BELPAO	100.000	5859	0	0	1	5859	1	5859	0.0	10820
BEL-3_DYa-I#CLASSI/LTR/BELPAO	Nobel_I_1#CLASSI/LTR/BELPAO	80.208	5376	969	67	468	5806	1688	7005	0.0	3945
Loa-1_DK#CLASSI/LINE/LOA	Loa-1_DK_1#CLASSI/LINE/LOA	100.000	5393	0	0	1	5393	1	5393	0.0	9960
BEL-2_DPer-I#CLASSI/LTR/BELPAO	BEL-2_DPer_1#CLASSI/LTR/BELPAO	100.000	2609	0	0	1	2609	1	2609	0.0	4819
BEL-2_DPer-I#CLASSI/LTR/BELPAO	NF-LTR-106_1#CLASSI/LTR	93.182	396	14	7	2156	2551	5	387	3.44e-163	569
CR1-1_DPer#CLASSI/LINE/CR1	CR1-1_DPer_1#CLASSI/LINE/CR1	100.000	4543	0	0	1	4543	1	4543	0.0	8390
Mariner-5_DAn#CLASSII/MITE	Mariner-5_DAn_1#CLASSII/TIR/TC1MARINER	100.000	1622	0	0	1	1622	1	1622	0.0	2996
Helitron-1_DPe#CLASSII/HELITRON	Helitron-1_DPe_1#CLASSII/HELITRON	100.000	6890	0	0	1	6890	1	6890	0.0	12724
Mariner-25_DF#CLASSII/TIR/TC1MARINER	Mariner-25_DF_1#CLASSII/TIR/TC1MARINER	100.000	1245	0	0	1	1245	136	1380	0.0	2300
Mariner-9_DK#CLASSII/TIR/TC1MARINER	Mariner-9_DK_1#CLASSII/TIR/TC1MARINER	100.000	1773	0	0	1	1773	1	1773	0.0	3275
Transib-2_DEl#CLASSII/TIR	Transib-2_DEl_1#CLASSII/TIR/TRANSIB	100.000	854	0	0	1	854	1	854	0.0	1559
Transib-3_DAn#CLASSII/TIR	Transib-3_DAn_1#CLASSII/TIR/TRANSIB	100.000	2414	0	0	1	2414	1	2414	0.0	4377
Kiri-2_DPer#CLASSI/LINE/L2	Kiri-2_DPer_1#CLASSI/LINE/L2	100.000	1217	0	0	1	1217	1	1217	0.0	2248
LOA-1_DPer_duplicate1#CLASSI/LINE/LOA	LOA-1_DPer_1#CLASSI/LINE/LOA	97.376	2744	60	10	1	2735	1202	3942	0.0	4658
BEL-3_DPer-I_duplicate1#CLASSI/LTR	BEL-3_DPer_2#CLASSI/LTR/BELPAO	100.000	904	0	0	1	904	1	904	0.0	1670
BEL-3_DPer-I_duplicate1#CLASSI/LTR	BEL-3_DPer_1#CLASSI/LTR/BELPAO	98.545	825	10	2	81	904	1	824	0.0	1456
BEL-3_DPer-I_duplicate1#CLASSI/LTR	BEL-3_DPer_3#CLASSI/LTR/BELPAO	94.845	388	16	4	20	405	1	386	1.16e-173	603
BEL-3_DPer-I_2#CLASSI/LTR	BEL-3_DPer_3#CLASSI/LTR/BELPAO	100.000	386	0	0	1	386	1	386	0.0	713
BEL-3_DPer-I_2#CLASSI/LTR	BEL-3_DPer_2#CLASSI/LTR/BELPAO	94.845	388	16	4	1	386	20	405	4.82e-174	603
BEL-3_DPer-I_2#CLASSI/LTR	BEL-3_DPer_1#CLASSI/LTR/BELPAO	93.299	388	22	4	1	386	5900	6285	4.89e-164	569
D.tristis_nanopore_D2_GYPSY_1--newFamily#CLASSI/LTR/GYPSY	Gypsy_DS_1#CLASSI/LTR/GYPSY	100.000	7478	0	0	1	7478	1	7478	0.0	13810
D.tristis_nanopore_D2_GYPSY_2--newFamily#CLASSI/LTR/GYPSY	NF-GYPSY-208_1#CLASSI/LTR/GYPSY	77.785	2917	602	39	3633	6532	3440	6327	0.0	1755
D.tristis_nanopore_D2_GYPSY_2--newFamily#CLASSI/LTR/GYPSY	NF-GYPSY-208_2#CLASSI/LTR/GYPSY	77.078	2033	428	30	4514	6532	9	2017	0.0	1138
D.tristis_nanopore_D2_GYPSY_2--newFamily#CLASSI/LTR/GYPSY	Dsus_1#CLASSI/LTR/GYPSY	77.331	472	61	27	6742	7193	440	885	1.11e-62	237
D.tristis_nanopore_D2_GYPSY_3--newFamily#CLASSI/LTR/GYPSY	NF-GYPSY-33_1#CLASSI/LTR/GYPSY	98.508	6433	69	15	2	6413	509	6935	0.0	11322
D.tristis_nanopore_D2_BELPAO_4--newFamily#CLASSI/LTR/BELPAO	NF-MITE-270_1#CLASSII/MITE	100.000	35	0	0	7697	7731	1233	1199	5.90e-11	65.8
D.tristis_nanopore_D2_GYPSY_4--newFamily#CLASSI/LTR/GYPSY	NF-HELITRON-113_1#CLASSII/HELITRON	97.111	450	12	1	3544	3993	2	450	0.0	758
D.tristis_nanopore_D2_GYPSY_4--newFamily#CLASSI/LTR/GYPSY	NF-GYPSY-228_1#CLASSI/LTR/GYPSY	74.823	282	57	12	5279	5553	5708	5982	4.42e-26	115
D.tristis_nanopore_D2_GYPSY_5--newFamily#CLASSI/LTR/GYPSY	NF-GYPSY-320_1#CLASSI/LTR/GYPSY	100.000	5194	0	0	1	5194	1	5194	0.0	9592
D.tristis_nanopore_D2_MITE_2--newFamily#CLASSII/MITE	NF-MITE-265_1#CLASSII/MITE	100.000	1314	0	0	1	1314	20	1333	0.0	2427
D.tristis_nanopore_D2_HELITRON_2--newFamily#CLASSII/HELITRON	NF-HELITRON-24_2#CLASSII/HELITRON	96.897	1740	24	7	123	1832	1740	1	0.0	2887
D.tristis_nanopore_D2_HELITRON_2--newFamily#CLASSII/HELITRON	NF-HELITRON-24_3#CLASSII/HELITRON	97.908	1243	15	5	120	1351	130	1372	0.0	2141
D.tristis_nanopore_D2_HELITRON_2--newFamily#CLASSII/HELITRON	NF-HELITRON-24_4#CLASSII/HELITRON	95.897	1243	22	7	120	1351	1307	2531	0.0	1986
D.tristis_nanopore_D2_HELITRON_2--newFamily#CLASSII/HELITRON	NF-HELITRON-24_1#CLASSII/HELITRON	96.484	512	8	4	120	622	1683	2193	0.0	837
D.tristis_nanopore_D2_R1_1--newFamily#CLASSI/LINE/R1	NF-LINE-6_1#CLASSI/LINE	93.166	3234	203	3	3	3218	2468	5701	0.0	4732
D.tristis_nanopore_D2_R1_1--newFamily#CLASSI/LINE/R1	NF-LINE-6_2#CLASSI/LINE	93.101	3218	204	3	3	3202	3218	1	0.0	4697
D.tristis_nanopore_D2_CMC_1--newFamily#CLASSII/TIR/CMC	NF-BELPAO-114_1#CLASSI/LTR/BELPAO	90.000	80	7	1	27	105	520	599	8.61e-23	102
D.tristis_nanopore_D2_HELITRON_3--newFamily#CLASSII/HELITRON	Helitron-1_DPe_1#CLASSII/HELITRON	89.734	1315	104	20	1540	2838	1162	2461	0.0	1652
D.tristis_nanopore_D2_LARD_1--newFamily#CLASSI/LTR/LARD	NF-HELITRON-113_1#CLASSII/HELITRON	95.154	454	16	4	1737	2185	453	1	0.0	712
D.tristis_nanopore_D2_GYPSY_6--newFamily#CLASSI/LTR/GYPSY	NF-GYPSY-102_1#CLASSI/LTR/GYPSY	100.000	6451	0	0	1	6451	1	6451	0.0	11913
D.tristis_nanopore_D2_MAVERICK_1--newFamily#CLASSII/MAVERICK	Polinton-1_DPe_2#CLASSII/MAVERICK	100.000	16232	0	0	1	16232	1	16232	0.0	29975
D.tristis_nanopore_D2_MAVERICK_1--newFamily#CLASSII/MAVERICK	Polinton-1_DPe_1#CLASSII/MAVERICK	99.930	8528	4	2	7707	16232	1	8528	0.0	15714
D.tristis_nanopore_D2_HELITRON_5--newFamily#CLASSII/HELITRON	NF-HELITRON-30_1#CLASSII/HELITRON	93.690	840	16	5	1376	2183	4	838	0.0	1223
D.tristis_nanopore_D2_TC1MARINER_3--newFamily#CLASSII/TIR/TC1MARINER	NF-TC1MARINER-135_1#CLASSII/TIR/TC1MARINER	100.000	1300	0	0	1	1300	1	1300	0.0	2401
D.tristis_nanopore_D2_MITE_5--newFamily#CLASSII/MITE	NF-MITE-596_1#CLASSII/MITE	100.000	703	0	0	1	703	1	703	0.0	1299
D.tristis_nanopore_D2_MITE_6--newFamily#CLASSII/MITE	NF-MITE-620_1#CLASSII/MITE	100.000	650	0	0	1	650	1	650	0.0	1201
D.tristis_nanopore_D2_MITE_7--newFamily#CLASSII/MITE	NF-MITE-511_1#CLASSII/MITE	100.000	793	0	0	1	793	1	793	0.0	1465
D.tristis_nanopore_D2_MITE_8--newFamily#CLASSII/MITE	NF-MITE-760_1#CLASSII/MITE	100.000	349	0	0	1	349	1	349	0.0	645
D.tristis_nanopore_D2_MITE_9--newFamily#CLASSII/MITE	NF-MITE-586_1#CLASSII/MITE	100.000	586	0	0	1	586	25	610	0.0	1083
D.tristis_nanopore_D2_MITE_11--newFamily#CLASSII/MITE	NF-MITE-760_1#CLASSII/MITE	100.000	188	0	0	176	363	202	15	2.34e-97	348
D.tristis_nanopore_D2_MITE_12--newFamily#CLASSII/MITE	NF-MITE-381_1#CLASSII/MITE	100.000	1032	0	0	1	1032	1	1032	0.0	1906
D.tristis_nanopore_D2_MITE_13--newFamily#CLASSII/MITE	NF-MITE-359_1#CLASSII/MITE	100.000	1052	0	0	1	1052	1	1052	0.0	1943
D.tristis_nanopore_D2_MITE_14--newFamily#CLASSII/MITE	NF-MITE-282_1#CLASSII/MITE	100.000	1252	0	0	1	1252	1	1252	0.0	2313
D.tristis_nanopore_D2_MITE_15--newFamily#CLASSII/MITE	NF-MITE-752_1#CLASSII/MITE	100.000	381	0	0	1	381	1	381	0.0	704
D.tristis_nanopore_D2_LARD_2--newFamily#CLASSI/LTR/LARD	NF-HELITRON-113_1#CLASSII/HELITRON	94.286	140	6	2	5059	5196	453	314	1.39e-55	213
D.tristis_nanopore_D2_LARD_2--newFamily#CLASSI/LTR/LARD	NF-LINE-26_1#CLASSI/LINE	98.630	73	1	0	1591	1663	4229	4301	1.44e-30	130
