Copia-2_DPer-I#CLASSI/LTR/COPIA	Copia-2_DPer-I#CLASSI/LTR/COPIA	100.000	4539	0	0	1	4539	1	4539	0.0	8383
Copia-2_DPer-I#CLASSI/LTR/COPIA	Copia-2_DPer-I_2#CLASSI/LTR/COPIA	100.000	740	0	0	3800	4539	1	740	0.0	1367
Copia-2_DPer-I_2#CLASSI/LTR/COPIA	Copia-2_DPer-I_2#CLASSI/LTR/COPIA	100.000	766	0	0	1	766	1	766	0.0	1415
Copia-2_DPer-I_2#CLASSI/LTR/COPIA	Copia-2_DPer-I#CLASSI/LTR/COPIA	100.000	740	0	0	1	740	3800	4539	0.0	1367
BEL-3_DPer-I#CLASSI/LTR/BELPAO	BEL-3_DPer-I#CLASSI/LTR/BELPAO	100.000	6285	0	0	1	6285	1	6285	0.0	11607
BEL-3_DPer-I#CLASSI/LTR/BELPAO	BEL-3_DPer-I_duplicate1#CLASSI/LTR	98.545	825	10	2	1	824	81	904	0.0	1456
BEL-3_DPer-I#CLASSI/LTR/BELPAO	BEL-3_DPer-I_2#CLASSI/LTR	93.299	388	22	4	5900	6285	1	386	2.73e-163	569
LOA-1_DPer#CLASSI/LINE/LOA	LOA-1_DPer#CLASSI/LINE/LOA	100.000	5513	0	0	1	5513	1	5513	0.0	10181
LOA-1_DPer#CLASSI/LINE/LOA	LOA-1_DPer_duplicate1#CLASSI/LINE/LOA	97.376	2744	60	10	1202	3942	1	2735	0.0	4658
BEL-3_DYa-I#CLASSI/LTR/BELPAO	BEL-3_DYa-I#CLASSI/LTR/BELPAO	100.000	5859	0	0	1	5859	1	5859	0.0	10820
Loa-1_DK#CLASSI/LINE/LOA	Loa-1_DK#CLASSI/LINE/LOA	100.000	5393	0	0	1	5393	1	5393	0.0	9960
BEL-2_DPer-I#CLASSI/LTR/BELPAO	BEL-2_DPer-I#CLASSI/LTR/BELPAO	100.000	2609	0	0	1	2609	1	2609	0.0	4819
CR1-1_DPer#CLASSI/LINE/CR1	CR1-1_DPer#CLASSI/LINE/CR1	100.000	4543	0	0	1	4543	1	4543	0.0	8390
Mariner-5_DAn#CLASSII/MITE	Mariner-5_DAn#CLASSII/MITE	100.000	1622	0	0	1	1622	1	1622	0.0	2996
Helitron-1_DPe#CLASSII/HELITRON	Helitron-1_DPe#CLASSII/HELITRON	100.000	6890	0	0	1	6890	1	6890	0.0	12724
Helitron-1_DPe#CLASSII/HELITRON	D.tristis_nanopore_D2_HELITRON_3--newFamily#CLASSII/HELITRON	89.734	1315	104	20	1162	2461	1540	2838	0.0	1652
Mariner-25_DF#CLASSII/TIR/TC1MARINER	Mariner-25_DF#CLASSII/TIR/TC1MARINER	100.000	1245	0	0	1	1245	1	1245	0.0	2300
Mariner-9_DK#CLASSII/TIR/TC1MARINER	Mariner-9_DK#CLASSII/TIR/TC1MARINER	100.000	1773	0	0	1	1773	1	1773	0.0	3275
Transib-2_DEl#CLASSII/TIR	Transib-2_DEl#CLASSII/TIR	100.000	854	0	0	1	854	1	854	0.0	1559
Transib-3_DAn#CLASSII/TIR	Transib-3_DAn#CLASSII/TIR	100.000	2414	0	0	1	2414	1	2414	0.0	4377
Kiri-2_DPer#CLASSI/LINE/L2	Kiri-2_DPer#CLASSI/LINE/L2	100.000	1217	0	0	1	1217	1	1217	0.0	2248
LOA-1_DPer_duplicate1#CLASSI/LINE/LOA	LOA-1_DPer_duplicate1#CLASSI/LINE/LOA	100.000	3160	0	0	1	3160	1	3160	0.0	5836
LOA-1_DPer_duplicate1#CLASSI/LINE/LOA	LOA-1_DPer#CLASSI/LINE/LOA	97.376	2744	60	10	1	2735	1202	3942	0.0	4658
BEL-3_DPer-I_duplicate1#CLASSI/LTR	BEL-3_DPer-I_duplicate1#CLASSI/LTR	100.000	904	0	0	1	904	1	904	0.0	1670
BEL-3_DPer-I_duplicate1#CLASSI/LTR	BEL-3_DPer-I#CLASSI/LTR/BELPAO	98.545	825	10	2	81	904	1	824	0.0	1456
BEL-3_DPer-I_duplicate1#CLASSI/LTR	BEL-3_DPer-I_2#CLASSI/LTR	94.845	388	16	4	20	405	1	386	3.80e-174	603
BEL-3_DPer-I_2#CLASSI/LTR	BEL-3_DPer-I_2#CLASSI/LTR	100.000	386	0	0	1	386	1	386	0.0	713
BEL-3_DPer-I_2#CLASSI/LTR	BEL-3_DPer-I_duplicate1#CLASSI/LTR	94.845	388	16	4	1	386	20	405	1.58e-174	603
BEL-3_DPer-I_2#CLASSI/LTR	BEL-3_DPer-I#CLASSI/LTR/BELPAO	93.299	388	22	4	1	386	5900	6285	1.60e-164	569
D.tristis_nanopore_D2_GYPSY_1--newFamily#CLASSI/LTR/GYPSY	D.tristis_nanopore_D2_GYPSY_1--newFamily#CLASSI/LTR/GYPSY	100.000	7478	0	0	1	7478	1	7478	0.0	13810
D.tristis_nanopore_D2_GYPSY_2--newFamily#CLASSI/LTR/GYPSY	D.tristis_nanopore_D2_GYPSY_2--newFamily#CLASSI/LTR/GYPSY	100.000	7266	0	0	1	7266	1	7266	0.0	13418
D.tristis_nanopore_D2_GYPSY_2--newFamily#CLASSI/LTR/GYPSY	D.tristis_nanopore_D2_GYPSY_4--newFamily#CLASSI/LTR/GYPSY	79.991	2289	397	47	2055	4320	977	3227	0.0	1633
D.tristis_nanopore_D2_GYPSY_3--newFamily#CLASSI/LTR/GYPSY	D.tristis_nanopore_D2_GYPSY_3--newFamily#CLASSI/LTR/GYPSY	100.000	6459	0	0	1	6459	1	6459	0.0	11928
D.tristis_nanopore_D2_BELPAO_4--newFamily#CLASSI/LTR/BELPAO	D.tristis_nanopore_D2_BELPAO_4--newFamily#CLASSI/LTR/BELPAO	100.000	7731	0	0	1	7731	1	7731	0.0	14277
D.tristis_nanopore_D2_GYPSY_4--newFamily#CLASSI/LTR/GYPSY	D.tristis_nanopore_D2_GYPSY_4--newFamily#CLASSI/LTR/GYPSY	100.000	5921	0	0	1	5921	1	5921	0.0	10935
D.tristis_nanopore_D2_GYPSY_4--newFamily#CLASSI/LTR/GYPSY	D.tristis_nanopore_D2_GYPSY_2--newFamily#CLASSI/LTR/GYPSY	79.965	2286	403	42	977	3227	2055	4320	0.0	1633
D.tristis_nanopore_D2_GYPSY_4--newFamily#CLASSI/LTR/GYPSY	D.tristis_nanopore_D2_LARD_1--newFamily#CLASSI/LTR/LARD	90.897	780	59	4	3225	3993	780	2	0.0	1037
D.tristis_nanopore_D2_GYPSY_4--newFamily#CLASSI/LTR/GYPSY	D.tristis_nanopore_D2_LARD_2--newFamily#CLASSI/LTR/LARD	94.776	134	5	2	3860	3993	1838	1707	2.32e-54	207
D.tristis_nanopore_D2_GYPSY_5--newFamily#CLASSI/LTR/GYPSY	D.tristis_nanopore_D2_GYPSY_5--newFamily#CLASSI/LTR/GYPSY	100.000	5194	0	0	1	5194	1	5194	0.0	9592
D.tristis_nanopore_D2_MITE_2--newFamily#CLASSII/MITE	D.tristis_nanopore_D2_MITE_2--newFamily#CLASSII/MITE	100.000	1314	0	0	1	1314	1	1314	0.0	2427
D.tristis_nanopore_D2_HELITRON_2--newFamily#CLASSII/HELITRON	D.tristis_nanopore_D2_HELITRON_2--newFamily#CLASSII/HELITRON	100.000	2473	0	0	1	2473	1	2473	0.0	4567
D.tristis_nanopore_D2_R1_1--newFamily#CLASSI/LINE/R1	D.tristis_nanopore_D2_R1_1--newFamily#CLASSI/LINE/R1	100.000	3375	0	0	1	3375	1	3375	0.0	6233
D.tristis_nanopore_D2_CMC_1--newFamily#CLASSII/TIR/CMC	D.tristis_nanopore_D2_CMC_1--newFamily#CLASSII/TIR/CMC	100.000	1496	0	0	1	1496	1	1496	0.0	2763
D.tristis_nanopore_D2_HELITRON_3--newFamily#CLASSII/HELITRON	D.tristis_nanopore_D2_HELITRON_3--newFamily#CLASSII/HELITRON	100.000	3297	0	0	1	3297	1	3297	0.0	6089
D.tristis_nanopore_D2_HELITRON_3--newFamily#CLASSII/HELITRON	Helitron-1_DPe#CLASSII/HELITRON	89.734	1315	104	20	1540	2838	1162	2461	0.0	1652
D.tristis_nanopore_D2_LARD_1--newFamily#CLASSI/LTR/LARD	D.tristis_nanopore_D2_LARD_1--newFamily#CLASSI/LTR/LARD	100.000	2393	0	0	1	2393	1	2393	0.0	4420
D.tristis_nanopore_D2_LARD_1--newFamily#CLASSI/LTR/LARD	D.tristis_nanopore_D2_GYPSY_4--newFamily#CLASSI/LTR/GYPSY	90.897	780	59	4	2	780	3993	3225	0.0	1037
D.tristis_nanopore_D2_LARD_1--newFamily#CLASSI/LTR/LARD	D.tristis_nanopore_D2_LARD_2--newFamily#CLASSI/LTR/LARD	93.431	137	7	2	1737	1873	1704	1838	4.34e-53	202
D.tristis_nanopore_D2_GYPSY_6--newFamily#CLASSI/LTR/GYPSY	D.tristis_nanopore_D2_GYPSY_6--newFamily#CLASSI/LTR/GYPSY	100.000	6451	0	0	1	6451	1	6451	0.0	11913
D.tristis_nanopore_D2_HELITRON_4--newFamily#CLASSII/HELITRON	D.tristis_nanopore_D2_HELITRON_4--newFamily#CLASSII/HELITRON	100.000	5175	0	0	1	5175	1	5175	0.0	9557
D.tristis_nanopore_D2_MAVERICK_1--newFamily#CLASSII/MAVERICK	D.tristis_nanopore_D2_MAVERICK_1--newFamily#CLASSII/MAVERICK	100.000	16232	0	0	1	16232	1	16232	0.0	29975
D.tristis_nanopore_D2_HELITRON_5--newFamily#CLASSII/HELITRON	D.tristis_nanopore_D2_HELITRON_5--newFamily#CLASSII/HELITRON	100.000	2916	0	0	1	2916	1	2916	0.0	5385
D.tristis_nanopore_D2_MITE_3--newFamily#CLASSII/MITE	D.tristis_nanopore_D2_MITE_3--newFamily#CLASSII/MITE	100.000	518	0	0	1	518	1	518	0.0	957
D.tristis_nanopore_D2_MITE_4--newFamily#CLASSII/MITE	D.tristis_nanopore_D2_MITE_4--newFamily#CLASSII/MITE	100.000	759	0	0	1	759	1	759	0.0	1402
D.tristis_nanopore_D2_TC1MARINER_3--newFamily#CLASSII/TIR/TC1MARINER	D.tristis_nanopore_D2_TC1MARINER_3--newFamily#CLASSII/TIR/TC1MARINER	100.000	1300	0	0	1	1300	1	1300	0.0	2401
D.tristis_nanopore_D2_MITE_5--newFamily#CLASSII/MITE	D.tristis_nanopore_D2_MITE_5--newFamily#CLASSII/MITE	100.000	703	0	0	1	703	1	703	0.0	1299
D.tristis_nanopore_D2_MITE_6--newFamily#CLASSII/MITE	D.tristis_nanopore_D2_MITE_6--newFamily#CLASSII/MITE	100.000	650	0	0	1	650	1	650	0.0	1201
D.tristis_nanopore_D2_MITE_7--newFamily#CLASSII/MITE	D.tristis_nanopore_D2_MITE_7--newFamily#CLASSII/MITE	100.000	793	0	0	1	793	1	793	0.0	1465
D.tristis_nanopore_D2_MITE_8--newFamily#CLASSII/MITE	D.tristis_nanopore_D2_MITE_8--newFamily#CLASSII/MITE	100.000	349	0	0	1	349	1	349	0.0	645
D.tristis_nanopore_D2_MITE_8--newFamily#CLASSII/MITE	D.tristis_nanopore_D2_MITE_11--newFamily#CLASSII/MITE	100.000	188	0	0	15	202	363	176	7.39e-98	348
D.tristis_nanopore_D2_MITE_9--newFamily#CLASSII/MITE	D.tristis_nanopore_D2_MITE_9--newFamily#CLASSII/MITE	100.000	586	0	0	1	586	1	586	0.0	1083
D.tristis_nanopore_D2_MITE_10--newFamily#CLASSII/MITE	D.tristis_nanopore_D2_MITE_10--newFamily#CLASSII/MITE	100.000	543	0	0	1	543	1	543	0.0	1003
D.tristis_nanopore_D2_MITE_11--newFamily#CLASSII/MITE	D.tristis_nanopore_D2_MITE_11--newFamily#CLASSII/MITE	100.000	363	0	0	1	363	1	363	0.0	671
D.tristis_nanopore_D2_MITE_11--newFamily#CLASSII/MITE	D.tristis_nanopore_D2_MITE_8--newFamily#CLASSII/MITE	100.000	188	0	0	176	363	202	15	7.70e-98	348
D.tristis_nanopore_D2_MITE_12--newFamily#CLASSII/MITE	D.tristis_nanopore_D2_MITE_12--newFamily#CLASSII/MITE	100.000	1032	0	0	1	1032	1	1032	0.0	1906
D.tristis_nanopore_D2_MITE_13--newFamily#CLASSII/MITE	D.tristis_nanopore_D2_MITE_13--newFamily#CLASSII/MITE	100.000	1052	0	0	1	1052	1	1052	0.0	1943
D.tristis_nanopore_D2_MITE_14--newFamily#CLASSII/MITE	D.tristis_nanopore_D2_MITE_14--newFamily#CLASSII/MITE	100.000	1252	0	0	1	1252	1	1252	0.0	2313
D.tristis_nanopore_D2_MITE_15--newFamily#CLASSII/MITE	D.tristis_nanopore_D2_MITE_15--newFamily#CLASSII/MITE	100.000	381	0	0	1	381	1	381	0.0	704
D.tristis_nanopore_D2_LARD_2--newFamily#CLASSI/LTR/LARD	D.tristis_nanopore_D2_LARD_2--newFamily#CLASSI/LTR/LARD	100.000	5399	0	0	1	5399	1	5399	0.0	9971
D.tristis_nanopore_D2_LARD_2--newFamily#CLASSI/LTR/LARD	D.tristis_nanopore_D2_GYPSY_4--newFamily#CLASSI/LTR/GYPSY	94.161	137	6	2	5062	5196	3993	3857	2.12e-54	207
D.tristis_nanopore_D2_LARD_2--newFamily#CLASSI/LTR/LARD	D.tristis_nanopore_D2_LARD_1--newFamily#CLASSI/LTR/LARD	93.431	137	7	2	1704	1838	1737	1873	9.84e-53	202
