CR1-2_DK_1#CLASSI/LINE/CR1	CR1-2_DK_2#CLASSI/LINE/CR1	98.516	1820	8	13	942	2761	3275	1475	0.0	3193
CR1-3_DK_1#CLASSI/LINE/CR1	CR1-3_DK#CLASSI/LINE/CR1	97.964	2309	30	7	710	3010	3	2302	0.0	3988
CR1-2_DK_2#CLASSI/LINE/CR1	CR1-2_DK_2#CLASSI/LINE/CR1	94.122	2807	109	19	481	3233	3198	394	0.0	4218
Loa-2_DK_1#CLASSI/LINE/LOA	Loa-2_DK#CLASSI/LINE/R1	98.861	439	3	1	2836	3272	1	439	0.0	782
NF-HELITRON-81_1#CLASSII/HELITRON	Helitron-1_BM_duplicate1#CLASSII/HELITRON	93.975	1112	16	15	4	1115	1	1061	0.0	1635
NF-HELITRON-96_1#CLASSII/HELITRON	Helitron-1_BM_duplicate1#CLASSII/HELITRON	96.216	370	14	0	382	751	978	1347	6.35e-176	606
Loa-2_DK_2#CLASSI/LINE/LOA	Loa-2_DK#CLASSI/LINE/R1	97.818	779	8	8	2477	3247	1	778	0.0	1336
BEL-2_DBi_1#CLASSI/LTR/BELPAO	BEL-2_DBi-I#CLASSI/LTR/BELPAO	100.000	4684	0	0	1	4684	1	4684	0.0	8650
Loa-2_DK_3#CLASSI/LINE/LOA	Loa-2_DK#CLASSI/LINE/R1	100.000	2493	0	0	1	2493	1	2493	0.0	4604
CR1-2_DK_3#CLASSI/LINE/CR1	CR1-2_DK_2#CLASSI/LINE/CR1	99.113	2367	3	17	1	2359	2357	1	0.0	4239
CR1-2_DK_4#CLASSI/LINE/CR1	CR1-2_DK_2#CLASSI/LINE/CR1	100.000	3420	0	0	1	3420	1	3420	0.0	6316
CR1-3_DK_2#CLASSI/LINE/CR1	CR1-3_DK#CLASSI/LINE/CR1	100.000	3644	0	0	1	3644	1	3644	0.0	6730
NF-MITE-611_1#CLASSII/MITE	rnd-1_family-61_unconfirmed#CLASSII/MITE	100.000	672	0	0	1	672	1	672	0.0	1242
NF-MITE-339_1#CLASSII/MITE	rnd-1_family-28_unconfirmed#CLASSII/MITE	100.000	1091	0	0	1	1091	1	1091	0.0	2015
NF-MITE-603_1#CLASSII/MITE	rnd-1_family-33_unconfirmed#CLASSII/MITE	100.000	686	0	0	1	686	1	686	0.0	1267
NF-MITE-709_1#CLASSII/MITE	rnd-1_family-156_s_0_unconfirmed#CLASSII/MITE	100.000	516	0	0	1	516	1	516	0.0	953
NF-MITE-604_1#CLASSII/MITE	rnd-1_family-177_unconfirmed#CLASSII/MITE	100.000	578	0	0	50	627	1	578	0.0	1068
NF-MITE-604_1#CLASSII/MITE	rnd-1_family-136_unconfirmed#CLASSII/MITE	90.431	627	8	31	51	627	1	625	0.0	778
NF-MITE-537_1#CLASSII/MITE	rnd-1_family-271_unconfirmed#CLASSII/MITE	100.000	763	0	0	1	763	1	763	0.0	1410
NF-MITE-604_2#CLASSII/MITE	rnd-1_family-136_unconfirmed#CLASSII/MITE	96.677	632	10	11	47	668	631	1	0.0	1040
NF-MITE-604_2#CLASSII/MITE	rnd-1_family-177_unconfirmed#CLASSII/MITE	93.878	490	11	18	187	669	478	1	0.0	721
NF-MITE-765_1#CLASSII/MITE	rnd-1_family-370_unconfirmed#CLASSII/MITE	100.000	328	0	0	8	335	1	328	2.84e-176	606
NF-MITE-765_1#CLASSII/MITE	rnd-1_family-405_unconfirmed#CLASSII/MITE	89.342	319	14	6	12	330	299	1	5.21e-109	383
NF-MITE-765_2#CLASSII/MITE	rnd-1_family-405_unconfirmed#CLASSII/MITE	100.000	299	0	0	20	318	1	299	3.45e-160	553
NF-MITE-765_2#CLASSII/MITE	rnd-1_family-370_unconfirmed#CLASSII/MITE	89.198	324	15	6	15	318	328	5	3.71e-110	387
NF-MITE-687_1#CLASSII/MITE	rnd-1_family-485_unconfirmed#CLASSII/MITE	100.000	547	0	0	8	554	1	547	0.0	1011
NF-MITE-598_1#CLASSII/MITE	rnd-5_family-1632_unconfirmed#CLASSII/MITE	100.000	676	0	0	20	695	1	676	0.0	1249
