BEL-2_DBi-I#CLASSI/LTR/BELPAO	BEL-2_DBi_1#CLASSI/LTR/BELPAO	100.000	4684	0	0	1	4684	1	4684	0.0	8650
Loa-2_DK#CLASSI/LINE/R1	Loa-2_DK_3#CLASSI/LINE/LOA	100.000	2493	0	0	1	2493	1	2493	0.0	4604
Loa-2_DK#CLASSI/LINE/R1	Loa-2_DK_2#CLASSI/LINE/LOA	97.818	779	8	8	1	778	2477	3247	0.0	1336
Loa-2_DK#CLASSI/LINE/R1	Loa-2_DK_1#CLASSI/LINE/LOA	98.861	439	3	1	1	439	2836	3272	0.0	782
CR1-2_DK_2#CLASSI/LINE/CR1	CR1-2_DK_4#CLASSI/LINE/CR1	100.000	3420	0	0	1	3420	1	3420	0.0	6316
CR1-2_DK_2#CLASSI/LINE/CR1	CR1-2_DK_3#CLASSI/LINE/CR1	99.113	2367	3	17	1	2357	2359	1	0.0	4239
CR1-2_DK_2#CLASSI/LINE/CR1	CR1-2_DK_2#CLASSI/LINE/CR1	94.063	2813	111	19	394	3204	3233	475	0.0	4218
CR1-2_DK_2#CLASSI/LINE/CR1	CR1-2_DK_1#CLASSI/LINE/CR1	98.516	1820	8	13	1475	3275	2761	942	0.0	3193
CR1-3_DK#CLASSI/LINE/CR1	CR1-3_DK_2#CLASSI/LINE/CR1	100.000	3644	0	0	1	3644	1	3644	0.0	6730
CR1-3_DK#CLASSI/LINE/CR1	CR1-3_DK_1#CLASSI/LINE/CR1	97.964	2309	30	7	3	2302	710	3010	0.0	3988
Helitron-1_BM_duplicate1#CLASSII/HELITRON	NF-HELITRON-81_1#CLASSII/HELITRON	93.975	1112	16	15	1	1061	4	1115	0.0	1635
Helitron-1_BM_duplicate1#CLASSII/HELITRON	NF-HELITRON-96_1#CLASSII/HELITRON	96.216	370	14	0	978	1347	382	751	8.67e-175	606
rnd-1_family-61_unconfirmed#CLASSII/MITE	NF-MITE-611_1#CLASSII/MITE	100.000	672	0	0	1	672	1	672	0.0	1242
rnd-1_family-28_unconfirmed#CLASSII/MITE	NF-MITE-339_1#CLASSII/MITE	100.000	1091	0	0	1	1091	1	1091	0.0	2015
rnd-1_family-33_unconfirmed#CLASSII/MITE	NF-MITE-603_1#CLASSII/MITE	100.000	686	0	0	1	686	1	686	0.0	1267
rnd-1_family-136_unconfirmed#CLASSII/MITE	NF-MITE-604_2#CLASSII/MITE	96.677	632	10	11	1	631	668	47	0.0	1040
rnd-1_family-136_unconfirmed#CLASSII/MITE	NF-MITE-604_1#CLASSII/MITE	90.431	627	8	31	1	625	51	627	0.0	778
rnd-1_family-156_s_0_unconfirmed#CLASSII/MITE	NF-MITE-709_1#CLASSII/MITE	100.000	516	0	0	1	516	1	516	0.0	953
rnd-1_family-177_unconfirmed#CLASSII/MITE	NF-MITE-604_1#CLASSII/MITE	100.000	578	0	0	1	578	50	627	0.0	1068
rnd-1_family-177_unconfirmed#CLASSII/MITE	NF-MITE-604_2#CLASSII/MITE	93.878	490	11	18	1	478	669	187	0.0	721
rnd-1_family-271_unconfirmed#CLASSII/MITE	NF-MITE-537_1#CLASSII/MITE	100.000	763	0	0	1	763	1	763	0.0	1410
rnd-1_family-370_unconfirmed#CLASSII/MITE	NF-MITE-765_1#CLASSII/MITE	100.000	328	0	0	1	328	8	335	1.12e-175	606
rnd-1_family-370_unconfirmed#CLASSII/MITE	NF-MITE-765_2#CLASSII/MITE	89.198	324	15	6	5	328	318	15	1.59e-109	387
rnd-1_family-405_unconfirmed#CLASSII/MITE	NF-MITE-765_2#CLASSII/MITE	100.000	299	0	0	1	299	20	318	1.35e-159	553
rnd-1_family-405_unconfirmed#CLASSII/MITE	NF-MITE-765_1#CLASSII/MITE	89.342	319	14	6	1	299	330	12	1.87e-108	383
rnd-1_family-485_unconfirmed#CLASSII/MITE	NF-MITE-687_1#CLASSII/MITE	100.000	547	0	0	1	547	8	554	0.0	1011
rnd-5_family-1632_unconfirmed#CLASSII/MITE	NF-MITE-598_1#CLASSII/MITE	100.000	676	0	0	1	676	20	695	0.0	1249
