Helitron-1_BM_1#CLASSII/HELITRON	rnd-1_family-529_inc#CLASSII/HELITRON	91.195	1942	103	22	131	2064	1	1882	0.0	2577
Helitron-1_BM_1#CLASSII/HELITRON	rnd-1_family-495_inc#CLASSII/HELITRON	93.846	1495	14	46	827	2291	1	1447	0.0	2180
Helitron-1_BM_1#CLASSII/HELITRON	rnd-1_family-566_inc#CLASSII/HELITRON	94.957	1269	22	36	1	1260	1236	1	0.0	1951
Helitron-1_BM_1#CLASSII/HELITRON	Helitron-1_BM#CLASSII/HELITRON	90.160	752	36	19	1553	2291	1	727	0.0	944
Helitron-1_BM_1#CLASSII/HELITRON	Helitron-1_BM_2#CLASSII/HELITRON	87.059	85	7	3	2192	2272	1	85	7.97e-22	99.0
Helitron-1_BM_2#CLASSII/HELITRON	rnd-1_family-529_inc#CLASSII/HELITRON	90.302	1918	111	22	168	2046	1	1882	0.0	2442
Helitron-1_BM_2#CLASSII/HELITRON	rnd-1_family-566_inc#CLASSII/HELITRON	89.034	1304	78	39	1	1267	1276	1	0.0	1555
Helitron-1_BM_2#CLASSII/HELITRON	rnd-1_family-495_inc#CLASSII/HELITRON	88.188	1236	81	38	839	2049	3	1198	0.0	1413
Helitron-1_BM_3#CLASSII/HELITRON	rnd-1_family-495_inc#CLASSII/HELITRON	88.875	1564	85	49	720	2230	1	1528	0.0	1842
Helitron-1_BM_3#CLASSII/HELITRON	rnd-1_family-529_inc#CLASSII/HELITRON	84.567	1594	157	32	358	1894	321	1882	0.0	1498
Helitron-1_BM_3#CLASSII/HELITRON	rnd-1_family-566_inc#CLASSII/HELITRON	89.615	780	53	23	356	1129	779	22	0.0	966
Helitron-1_BM_3#CLASSII/HELITRON	Helitron-1_BM#CLASSII/HELITRON	84.316	746	66	17	1470	2195	63	777	0.0	682
Helitron-1_BM_4#CLASSII/HELITRON	rnd-1_family-495_inc#CLASSII/HELITRON	92.247	2038	94	39	1	2001	315	2325	0.0	2830
Helitron-1_BM_4#CLASSII/HELITRON	Helitron-1_BM#CLASSII/HELITRON	90.424	1650	73	39	385	2001	1	1598	0.0	2093
Helitron-1_BM_4#CLASSII/HELITRON	rnd-1_family-529_inc#CLASSII/HELITRON	85.412	898	95	18	1	881	1004	1882	0.0	900
NF-HELITRON-35_1#CLASSII/HELITRON	rnd-1_family-566_inc#CLASSII/HELITRON	95.300	617	8	17	23	632	1436	834	0.0	959
NF-HELITRON-35_1#CLASSII/HELITRON	rnd-1_family-529_inc#CLASSII/HELITRON	89.928	278	11	9	358	632	1	264	9.01e-96	342
NF-GYPSY-473_1#CLASSI/LTR/GYPSY	con2_gtwin_duplicate1_2#CLASSI/LTR/GYPSY	80.218	733	95	29	1	692	1172	449	2.86e-144	505
con7_Stalker4_1#CLASSI/LTR/GYPSY	con7_Stalker4#CLASSI/LTR/GYPSY	100.000	7367	0	0	1	7367	1	7367	0.0	13605
con8_UnFmcl025_RLX-comp_1#CLASSI/LTR/COPIA	con8_UnFmcl025_RLX-comp#CLASSI/LTR/COPIA	100.000	4563	0	0	1	4563	1	4563	0.0	8427
con8_UnFmcl025_RLX-comp_2#CLASSI/LTR/COPIA	con8_UnFmcl025_RLX-comp#CLASSI/LTR/COPIA	85.227	352	24	22	29	352	1	352	2.30e-94	337
mdg1_1#CLASSI/LTR/GYPSY	FBte0000015#CLASSI/LTR/GYPSY	100.000	7377	0	0	1	7377	1	7377	0.0	13623
mdg1_1#CLASSI/LTR/GYPSY	con16_blood#CLASSI/LTR/GYPSY	76.276	3566	761	71	3174	6692	2886	6413	0.0	1821
mdg1_1#CLASSI/LTR/GYPSY	ltr-1_family-16_inc#CLASSI/LTR/GYPSY	100.000	164	0	0	792	955	1	164	5.10e-83	303
Copia-4_DAn_1#CLASSI/LTR/COPIA	Copia-4_DAn-I#CLASSI/LTR/COPIA	100.000	4584	0	0	1	4584	1	4584	0.0	8466
Gypsy-7_DEl_1#CLASSI/LTR/GYPSY	Gypsy-7_DEl-I#CLASSI/LTR/GYPSY	100.000	4988	0	0	1	4988	1	4988	0.0	9212
con2_gtwin_1#CLASSI/LTR/GYPSY	con2_gtwin_duplicate1#CLASSI/LTR/GYPSY	100.000	7473	0	0	1	7473	1	7473	0.0	13801
con2_gtwin_1#CLASSI/LTR/GYPSY	con2_gtwin_duplicate1_2#CLASSI/LTR/GYPSY	87.591	6584	735	57	840	7372	308	6860	0.0	7557
con2_gtwin_1#CLASSI/LTR/GYPSY	con3_gypsy#CLASSI/LTR/GYPSY	74.502	2608	627	35	2835	5423	1860	4448	0.0	1098
con24_Transpac_1#CLASSI/LTR/GYPSY	con24_Transpac#CLASSI/LTR/GYPSY	100.000	5247	0	0	1	5247	1	5247	0.0	9690
NINJA_I_1#CLASSI/LTR/BELPAO	BEL-13_DTa-I#CLASSI/LTR/BELPAO	100.000	4291	0	0	1	4291	1	4291	0.0	7925
NINJA_I_1#CLASSI/LTR/BELPAO	NINJA_I_duplicate1_2#CLASSI/LTR/BELPAO	94.587	3806	157	9	1	3805	1773	5530	0.0	5842
NINJA_I_1#CLASSI/LTR/BELPAO	NINJA_I_duplicate1#CLASSI/LTR/BELPAO	92.280	2500	114	14	1	2500	1674	4094	0.0	3474
Copia-1_DYa_1#CLASSI/LTR/COPIA	Copia-1_DYa-I#CLASSI/LTR/COPIA	100.000	4371	0	0	1	4371	1	4371	0.0	8072
Copia-1_DYa_2#CLASSI/LTR/COPIA	Copia-1_DYa-I#CLASSI/LTR/COPIA	91.643	706	19	8	22	726	2	668	0.0	941
Gypsy-5_DSe_1#CLASSI/LTR/GYPSY	Gypsy-5_DSe-I#CLASSI/LTR/GYPSY	100.000	6208	0	0	1	6208	1	6208	0.0	11465
con15_flea_1#CLASSI/LTR/GYPSY	con15_flea#CLASSI/LTR/GYPSY	100.000	5029	0	0	1	5029	1	5029	0.0	9287
con21_Ivk_1#CLASSI/LINE/I	FBte0000608#CLASSI/LINE/I	100.000	5333	0	0	1	5333	1	5333	0.0	9849
con21_Ivk_1#CLASSI/LINE/I	con21_Ivk#CLASSI/LINE/I	93.526	1977	108	8	3368	5333	179	2146	0.0	2924
Mariner-22_AEc_1#CLASSII/TIR/TC1MARINER	Mariner-22_AEc#CLASSII/TIR/TC1MARINER	100.000	1318	0	0	1	1318	1	1318	0.0	2435
con21_springer_1#CLASSI/LTR/GYPSY	con21_springer#CLASSI/LTR/GYPSY	100.000	7668	0	0	1	7668	1	7668	0.0	14161
Jockey-6_DYa_1#CLASSI/LINE/JOCKEY	Jockey-6_DYa#CLASSI/LINE/JOCKEY	100.000	4688	0	0	1	4688	1	4688	0.0	8658
con10_Idefix_1#CLASSI/LTR/GYPSY	FBte0000104#CLASSI/LTR/GYPSY	100.000	5468	0	0	1	5468	1	5468	0.0	10098
con10_Idefix_1#CLASSI/LTR/GYPSY	FBte0000104_duplicate1#CLASSI/LTR/GYPSY	87.277	4205	456	36	927	5116	815	4955	0.0	4728
con2_gtwin_2#CLASSI/LTR/GYPSY	con2_gtwin_duplicate1_2#CLASSI/LTR/GYPSY	100.000	7058	0	0	1	7058	1	7058	0.0	13034
con2_gtwin_2#CLASSI/LTR/GYPSY	con2_gtwin_duplicate1#CLASSI/LTR/GYPSY	87.584	6580	743	52	308	6860	840	7372	0.0	7557
con2_gtwin_2#CLASSI/LTR/GYPSY	con3_gypsy#CLASSI/LTR/GYPSY	74.589	2495	604	30	2419	4898	1969	4448	0.0	1068
con3_gypsy_1#CLASSI/LTR/GYPSY	con3_gypsy#CLASSI/LTR/GYPSY	100.000	6442	0	0	1	6442	1	6442	0.0	11897
con3_gypsy_1#CLASSI/LTR/GYPSY	con2_gtwin_duplicate1#CLASSI/LTR/GYPSY	74.502	2608	627	35	1860	4448	2835	5423	0.0	1098
con3_gypsy_1#CLASSI/LTR/GYPSY	con2_gtwin_duplicate1_2#CLASSI/LTR/GYPSY	74.589	2495	604	30	1969	4448	2419	4898	0.0	1068
Mariner-1_DEl_1#CLASSII/TIR/TC1MARINER	Mariner-1_DEl#CLASSII/TIR/TC1MARINER	100.000	1323	0	0	1	1323	1	1323	0.0	2444
Mariner-1_DEl_1#CLASSII/TIR/TC1MARINER	Mariner-14_DBp#CLASSII/TIR/TC1MARINER	80.537	745	134	10	480	1219	812	74	1.35e-161	562
Mariner-4_CFl_1#CLASSII/TIR/TC1MARINER	Mariner-4_CFl#CLASSII/TIR/TC1MARINER	100.000	678	0	0	1	678	1	678	0.0	1253
Mariner-4_CFl_1#CLASSII/TIR/TC1MARINER	Mariner-2_DF#CLASSII/TIR/TC1MARINER	99.514	617	2	1	1	617	703	1318	0.0	1122
Helitron-1_BM_5#CLASSII/HELITRON	Helitron-1_BM#CLASSII/HELITRON	100.000	3104	0	0	1	3104	1	3104	0.0	5733
Helitron-1_BM_5#CLASSII/HELITRON	rnd-1_family-495_inc#CLASSII/HELITRON	90.024	1664	69	42	1	1599	695	2326	0.0	2063
Helitron-1_BM_5#CLASSII/HELITRON	rnd-1_family-529_inc#CLASSII/HELITRON	85.352	512	44	17	3	497	1385	1882	7.06e-143	501
Gypsy-29_DYa_1#CLASSI/LTR/GYPSY	Gypsy-29_DYa-I_duplicate1#CLASSI/LTR/GYPSY	100.000	5151	0	0	1	5151	1	5151	0.0	9513
hAT-1_DSi_1#CLASSII/TIR/HAT	hAT-1_DSi#CLASSII/TIR/HAT	100.000	2655	0	0	1	2655	1	2655	0.0	4903
Helitron-1_BM_6#CLASSII/HELITRON	Helitron-1_BM_2#CLASSII/HELITRON	100.000	246	0	0	1	246	1	246	5.44e-119	418
Helitron-1_BM_6#CLASSII/HELITRON	rnd-1_family-495_inc#CLASSII/HELITRON	86.585	246	17	12	1	246	1346	1575	1.25e-75	274
Mariner-2_DF_1#CLASSII/TIR/TC1MARINER	Mariner-2_DF#CLASSII/TIR/TC1MARINER	100.000	1318	0	0	1	1318	1	1318	0.0	2435
Mariner-2_DF_1#CLASSII/TIR/TC1MARINER	Mariner-4_CFl#CLASSII/TIR/TC1MARINER	99.514	617	2	1	703	1318	1	617	0.0	1122
con4_invader6_1#CLASSI/LTR/GYPSY	con4_invader6#CLASSI/LTR/GYPSY	100.000	5292	0	0	1	5292	1	5292	0.0	9773
con2_gtwin_3#CLASSI/LTR/GYPSY	con2_gtwin_duplicate1_2#CLASSI/LTR/GYPSY	88.757	2028	197	24	1	1997	2702	4729	0.0	2453
con2_gtwin_3#CLASSI/LTR/GYPSY	con2_gtwin_duplicate1#CLASSI/LTR/GYPSY	86.299	2029	245	25	1	1997	3227	5254	0.0	2176
con2_gtwin_3#CLASSI/LTR/GYPSY	con3_gypsy#CLASSI/LTR/GYPSY	74.896	1924	435	45	25	1915	2278	4186	0.0	833
NINJA_I_2#CLASSI/LTR/BELPAO	NINJA_I_duplicate1#CLASSI/LTR/BELPAO	100.000	4177	0	0	1	4177	1	4177	0.0	7714
NINJA_I_2#CLASSI/LTR/BELPAO	NINJA_I_duplicate1_2#CLASSI/LTR/BELPAO	90.146	3755	256	36	431	4094	502	4233	0.0	4780
NINJA_I_2#CLASSI/LTR/BELPAO	BEL-13_DTa-I#CLASSI/LTR/BELPAO	92.280	2500	114	14	1674	4094	1	2500	0.0	3474
Gypsy-3_DSim_1#CLASSI/LTR/GYPSY	Gypsy-3_DSim-I#CLASSI/LTR/GYPSY	100.000	5434	0	0	1	5434	1	5434	0.0	10035
Helena_Ds_1#CLASSI/LINE/JOCKEY	Helena_Ds#CLASSI/LINE/JOCKEY	100.000	4878	0	0	1	4878	1	4878	0.0	9009
NINJA_I_3#CLASSI/LTR/BELPAO	NINJA_I_duplicate1_2#CLASSI/LTR/BELPAO	100.000	5820	0	0	1	5820	1	5820	0.0	10748
NINJA_I_3#CLASSI/LTR/BELPAO	BEL-13_DTa-I#CLASSI/LTR/BELPAO	94.587	3806	157	9	1773	5530	1	3805	0.0	5842
NINJA_I_3#CLASSI/LTR/BELPAO	NINJA_I_duplicate1#CLASSI/LTR/BELPAO	90.146	3755	256	36	502	4233	431	4094	0.0	4780
Mariner-14_DBp_1#CLASSII/TIR/TC1MARINER	Mariner-14_DBp#CLASSII/TIR/TC1MARINER	100.000	1289	0	0	1	1289	1	1289	0.0	2381
Mariner-14_DBp_1#CLASSII/TIR/TC1MARINER	Mariner-1_DEl#CLASSII/TIR/TC1MARINER	80.593	742	133	10	77	812	1216	480	1.32e-161	562
con14_F-element_1#CLASSI/LINE/JOCKEY	con14_F-element#CLASSI/LINE/JOCKEY	100.000	4728	0	0	1	4728	1	4728	0.0	8732
Gypsy-11_DSim_1#CLASSI/LTR/GYPSY	Gypsy-11_DSim-I#CLASSI/LTR/GYPSY	100.000	7305	0	0	1	7305	1	7305	0.0	13490
Gypsy-11_DSim_1#CLASSI/LTR/GYPSY	ltr-1_family-16_inc#CLASSI/LTR/GYPSY	98.983	3244	29	4	1	3240	160	3403	0.0	5805
Gypsy-1_DSim_1#CLASSI/LTR/GYPSY	Gypsy-1_DSim-I_duplicate1#CLASSI/LTR/GYPSY	100.000	5342	0	0	1	5342	1	5342	0.0	9865
Mariner-4_SIn_1#CLASSII/TIR/TC1MARINER	Mariner-4_SIn#CLASSII/TIR/TC1MARINER	100.000	1306	0	0	1	1306	1	1306	0.0	2412
Mariner-6_HSal_1#CLASSII/TIR/TC1MARINER	Mariner-6_HSal#CLASSII/TIR/TC1MARINER	100.000	1434	0	0	1	1434	1	1434	0.0	2649
BDGP_rooA_1#CLASSI/LTR/BELPAO	BDGP_rooA#CLASSI/LTR/BELPAO	100.000	5997	0	0	1	5997	4	6000	0.0	11075
Helitron-1_BM_7#CLASSII/HELITRON	Helitron-1_BM#CLASSII/HELITRON	88.419	639	43	7	1	639	2481	3088	0.0	741
con10_Idefix_2#CLASSI/LTR/GYPSY	FBte0000104#CLASSI/LTR/GYPSY	96.760	4629	128	19	391	5019	862	5468	0.0	7697
con10_Idefix_2#CLASSI/LTR/GYPSY	FBte0000104_duplicate1#CLASSI/LTR/GYPSY	85.187	4199	549	33	468	4660	824	4955	0.0	4241
NF-HELITRON-35_2#CLASSII/HELITRON	Helitron-1_BM#CLASSII/HELITRON	88.599	307	19	4	18	321	2795	3088	8.41e-101	359
con46_1#CLASSI/LTR/GYPSY	Gypsy-5_DSe-I#CLASSI/LTR/GYPSY	77.402	4403	927	53	2027	6386	1830	6207	0.0	2556
Mariner-4_CFl_2#CLASSII/TIR/TC1MARINER	Mariner-2_DF#CLASSII/TIR/TC1MARINER	99.478	766	3	1	221	986	554	1318	0.0	1391
Mariner-4_CFl_2#CLASSII/TIR/TC1MARINER	Mariner-4_CFl#CLASSII/TIR/TC1MARINER	99.687	638	0	2	370	1007	1	636	0.0	1166
con7_Stalker4_2#CLASSI/LTR/GYPSY	con7_Stalker4#CLASSI/LTR/GYPSY	99.824	5127	7	1	1684	6808	2241	7367	0.0	9417
con46_2#CLASSI/LTR/GYPSY	Gypsy-5_DSe-I#CLASSI/LTR/GYPSY	78.099	242	35	11	368	599	210	443	4.75e-33	137
con46_3#CLASSI/LTR/GYPSY	Gypsy-5_DSe-I#CLASSI/LTR/GYPSY	81.994	311	32	14	306	605	146	443	1.10e-64	243
Gypsy-1_DSim_2#CLASSI/LTR/GYPSY	Gypsy-1_DSim-I_duplicate1#CLASSI/LTR/GYPSY	99.490	4311	22	0	2533	6843	1	4311	0.0	7840
NF-GYPSY-484_1#CLASSI/LTR/GYPSY	con21_springer#CLASSI/LTR/GYPSY	93.220	59	4	0	2309	2367	2460	2518	1.86e-18	87.9
NF-GYPSY-197_1#CLASSI/LTR/GYPSY	con7_Stalker4#CLASSI/LTR/GYPSY	76.553	2866	622	43	1798	4640	3822	6660	0.0	1524
NF-LTR-129_1#CLASSI/LTR	Gypsy-29_DYa-I_duplicate1#CLASSI/LTR/GYPSY	91.701	241	13	5	1	238	1	237	9.10e-92	327
con10_Idefix_3#CLASSI/LTR/GYPSY	FBte0000104_duplicate1#CLASSI/LTR/GYPSY	100.000	4955	0	0	1	4955	1	4955	0.0	9151
con10_Idefix_3#CLASSI/LTR/GYPSY	FBte0000104#CLASSI/LTR/GYPSY	87.277	4205	456	36	815	4955	927	5116	0.0	4728
NF-GYPSY-520_1#CLASSI/LTR/GYPSY	FBte0000015#CLASSI/LTR/GYPSY	96.552	58	1	1	1	58	2202	2258	2.01e-21	95.3
NF-GYPSY-519_1#CLASSI/LTR/GYPSY	con3_gypsy#CLASSI/LTR/GYPSY	93.220	472	31	1	1	472	5972	6442	0.0	693
NF-MAVERICK-8_1#CLASSII/MAVERICK	rnd-6_family-43_inc#CLASSII/MAVERICK	100.000	7779	0	0	1	7779	1	7779	0.0	14366
