Gypsy-29_DWil-I#CLASSI/LTR/GYPSY	Gypsy-8_DMoj_1#CLASSI/LTR/GYPSY	100.000	963	0	0	1	963	1	963	0.0	1779
Gypsy-29_DWil-I#CLASSI/LTR/GYPSY	Gypsy-8_DMoj_2#CLASSI/LTR/GYPSY	88.111	900	42	38	88	963	17	875	0.0	1009
Gypsy-30_DWil-I#CLASSI/LTR/GYPSY	Gypsy-30_DWil_1#CLASSI/LTR/GYPSY	100.000	5367	0	0	1	5367	1	5367	0.0	9912
Gypsy-29_DWil-I_2#CLASSI/LTR/GYPSY	Gypsy-8_DMoj_2#CLASSI/LTR/GYPSY	100.000	6484	0	0	1	6484	1	6484	0.0	11974
Gypsy-29_DWil-I_2#CLASSI/LTR/GYPSY	Gypsy-8_DMoj_1#CLASSI/LTR/GYPSY	88.111	900	42	38	17	875	88	963	0.0	1009
Gypsy-2_DBp-I#CLASSI/LTR/GYPSY	Gypsy-2_DBp_2#CLASSI/LTR/GYPSY	100.000	113	0	0	1	113	1	113	1.69e-47	180
Helitron-2_DF#CLASSII/HELITRON	Helitron-2_DF_1#CLASSII/HELITRON	100.000	926	0	0	1	926	1	926	0.0	1711
Helitron-2_DF#CLASSII/HELITRON	Helitron-2_DF_2#CLASSII/HELITRON	92.680	970	13	41	1	923	959	1	0.0	1345
Gypsy-22_DWil-I#CLASSI/LTR/GYPSY	Gypsy-22_DWil_1#CLASSI/LTR/GYPSY	100.000	2280	0	0	1	2280	1	2280	0.0	4211
Helitron-2_DF_2#CLASSII/HELITRON	Helitron-2_DF_2#CLASSII/HELITRON	100.000	1140	0	0	1	1140	1	1140	0.0	2106
Helitron-2_DF_2#CLASSII/HELITRON	Helitron-2_DF_1#CLASSII/HELITRON	92.680	970	13	41	1	959	923	1	0.0	1345
SMAR7#CLASSII/TIR/TC1MARINER	SMAR7_1#CLASSII/TIR/TC1MARINER	100.000	1287	0	0	1	1287	1	1287	0.0	2377
Mariner-9_DK_duplicate1#CLASSII/MITE	Mariner-9_DK_1#CLASSII/TIR/TC1MARINER	100.000	1792	0	0	1	1792	1	1792	0.0	3310
Gypsy-62_DWil-I#CLASSI/LTR/GYPSY	Gypsy-62_DWil_1#CLASSI/LTR/GYPSY	100.000	6474	0	0	1	6474	900	7373	0.0	11956
Gypsy-62_DWil-I_2#CLASSI/LTR/GYPSY	Gypsy-62_DWil_1#CLASSI/LTR/GYPSY	89.981	2146	135	34	1	2102	5174	7283	0.0	2699
Gypsy-29_DWil-I_2_duplicate1#CLASSI/LTR	Gypsy-8_DMoj_2#CLASSI/LTR/GYPSY	90.814	381	20	14	38	418	1	366	6.46e-142	496
Gypsy-29_DWil-I_2_duplicate1#CLASSI/LTR	Gypsy-8_DMoj_1#CLASSI/LTR/GYPSY	79.634	383	50	16	54	414	88	464	5.55e-68	250
Gypsy-62_DWil-I_duplicate1#CLASSI/LTR/GYPSY	Gypsy-62_DWil_1#CLASSI/LTR/GYPSY	94.342	5302	228	38	39	5310	1666	6925	0.0	8109
Gypsy-62_DWil-I_2_duplicate1#CLASSI/LTR/GYPSY	Gypsy-62_DWil_1#CLASSI/LTR/GYPSY	90.592	1031	53	17	2	988	6235	7265	0.0	1327
D.neocordata_nanopore_00_BELPAO_2--newFamily#CLASSI/LTR/BELPAO	NF-BELPAO-42_1#CLASSI/LTR/BELPAO	83.219	1609	238	24	967	2552	1238	2837	0.0	1447
D.neocordata_nanopore_00_HELITRON_5--newFamily#CLASSII/HELITRON	Helitron-2_DF_2#CLASSII/HELITRON	94.215	121	5	2	1605	1725	1125	1007	2.46e-47	183
D.neocordata_nanopore_00_HELITRON_9--newFamily#CLASSII/HELITRON	Helitron-2_DF_2#CLASSII/HELITRON	95.652	115	4	1	658	772	1120	1007	1.20e-47	183
D.neocordata_nanopore_00_HELITRON_10--newFamily#CLASSII/HELITRON	Helitron-2_DF_2#CLASSII/HELITRON	93.966	116	4	3	643	757	1120	1007	2.66e-44	172
D.neocordata_nanopore_00_R1_1--newFamily#CLASSI/LINE/R1	NF-R1-48_1#CLASSI/LINE/R1	96.290	3073	113	1	2317	5389	877	3948	0.0	5042
D.neocordata_nanopore_00_R1_1--newFamily#CLASSI/LINE/R1	NF-R1-48_2#CLASSI/LINE/R1	80.071	3106	586	31	2312	5405	1916	5000	0.0	2276
D.neocordata_nanopore_00_R1_1--newFamily#CLASSI/LINE/R1	NF-R1-27_1#CLASSI/LINE/R1	87.724	1450	173	4	861	2306	870	2318	0.0	1687
D.neocordata_nanopore_00_R1_1--newFamily#CLASSI/LINE/R1	NF-R1-48_3#CLASSI/LINE/R1	79.682	566	114	1	3649	4213	96	661	3.04e-130	460
D.neocordata_nanopore_00_HELITRON_11--newFamily#CLASSII/HELITRON	Helitron-2_DF_2#CLASSII/HELITRON	94.944	712	13	15	191	896	695	1	0.0	1094
D.neocordata_nanopore_00_HELITRON_11--newFamily#CLASSII/HELITRON	Helitron-2_DF_1#CLASSII/HELITRON	90.070	715	16	33	191	899	261	926	0.0	876
D.neocordata_nanopore_00_HELITRON_12--newFamily#CLASSII/HELITRON	Helitron-2_DF_2#CLASSII/HELITRON	85.782	211	16	5	1419	1615	385	175	3.26e-55	211
D.neocordata_nanopore_00_HELITRON_12--newFamily#CLASSII/HELITRON	Helitron-2_DF_1#CLASSII/HELITRON	83.412	211	12	12	1419	1615	550	751	4.27e-44	174
D.neocordata_nanopore_00_TC1MARINER_2--newFamily#CLASSII/TIR/TC1MARINER	NF-TC1MARINER-139_1#CLASSII/TIR/TC1MARINER	100.000	1300	0	0	2	1301	1	1300	0.0	2401
D.neocordata_nanopore_00_GYPSY_15--newFamily#CLASSI/LTR/GYPSY	NF-TRIM-1_1#CLASSI/LTR/TRIM	90.323	124	12	0	1	124	184	307	9.02e-41	163
D.neocordata_nanopore_00_GYPSY_15--newFamily#CLASSI/LTR/GYPSY	Gypsy-2_DBp_2#CLASSI/LTR/GYPSY	81.982	111	20	0	4994	5104	3	113	1.19e-24	110
D.neocordata_nanopore_00_TC1MARINER_3--newFamily#CLASSII/TIR/TC1MARINER	NF-TC1MARINER-70_1#CLASSII/TIR/TC1MARINER	100.000	1666	0	0	1	1666	1	1666	0.0	3077
D.neocordata_nanopore_00_HELITRON_15--newFamily#CLASSII/HELITRON	NF-HELITRON-3_1#CLASSII/HELITRON	81.560	282	34	11	118	389	86	359	1.62e-57	217
D.neocordata_nanopore_00_MITE_6--newFamily#CLASSII/MITE	NF-TC1MARINER-131_1#CLASSII/TIR/TC1MARINER	88.498	426	27	8	507	911	594	1018	2.12e-141	496
D.neocordata_nanopore_00_MITE_8--newFamily#CLASSII/MITE	NF-MITE-42_1#CLASSII/MITE	100.000	1973	0	0	1	1973	1	1973	0.0	3644
