Copia-2_DGri-I#CLASSI/LTR/COPIA	Copia-2_DGri_1#CLASSI/LTR/COPIA	100.000	4079	0	0	1	4079	1	4079	0.0	7533
Gypsy-5_DGri-I#CLASSI/LTR/GYPSY	Gypsy-5_DGri_1#CLASSI/LTR/GYPSY	100.000	7188	0	0	1	7188	1	7188	0.0	13274
FBte0000190#CLASSII/TIR/TC1MARINER	Uhu_1#CLASSII/TIR/TC1MARINER	100.000	1653	0	0	1	1653	1	1653	0.0	3053
Helitron-2_DVir#CLASSII/HELITRON	Helitron-2_DVir_1#CLASSII/HELITRON	100.000	226	0	0	1	226	1	226	8.91e-120	418
Helitron-2_DVir#CLASSII/HELITRON	NF-HELITRON-86_2#CLASSII/HELITRON	91.525	59	5	0	1	59	102	160	1.33e-18	82.4
Helitron-2_DVir_2#CLASSII/HELITRON	Helitron-2_DVir_1#CLASSII/HELITRON	90.667	150	7	6	2	150	226	83	3.76e-52	193
LOA-2_DGri#CLASSI/LINE/LOA	LOA-2_DGri_2#CLASSI/LINE/LOA	100.000	860	0	0	1	860	1	860	0.0	1589
LOA-2_DGri#CLASSI/LINE/LOA	LOA-2_DGri_3#CLASSI/LINE/LOA	93.396	848	38	18	17	860	835	2	0.0	1240
LOA-2_DGri#CLASSI/LINE/LOA	LOA-2_DGri_1#CLASSI/LINE/LOA	89.625	694	42	28	36	729	699	36	0.0	856
LOA-2_DGri_2#CLASSII/TIR/TC1MARINER	LOA-2_DGri_3#CLASSI/LINE/LOA	100.000	1109	0	0	1	1109	1	1109	0.0	2049
LOA-2_DGri_2#CLASSII/TIR/TC1MARINER	LOA-2_DGri_2#CLASSI/LINE/LOA	93.396	848	38	18	2	835	860	17	0.0	1240
LOA-2_DGri_2#CLASSII/TIR/TC1MARINER	LOA-2_DGri_1#CLASSI/LINE/LOA	90.027	732	30	37	91	814	1	697	0.0	907
LOA-2_DGri_2#CLASSII/TIR/TC1MARINER	NF-LINE-78_1#CLASSI/LINE	86.420	243	24	8	17	254	239	1	1.06e-70	257
Copia-3_DGri-I#CLASSI/LTR/COPIA	Copia-3_DGri_1#CLASSI/LTR/COPIA	100.000	267	0	0	1	267	1	267	1.72e-142	494
LOA-1_DGri#CLASSI/LINE/LOA	LOA_4#CLASSI/LINE/LOA	100.000	5781	0	0	1	5781	1	5781	0.0	10676
LOA-1_DGri#CLASSI/LINE/LOA	LOA_6#CLASSI/LINE/LOA	92.857	1288	80	11	4476	5759	1	1280	0.0	1858
LOA-1_DGri#CLASSI/LINE/LOA	LOA_7#CLASSI/LINE/LOA	83.925	902	109	16	4734	5635	962	97	0.0	830
LOA-2_DGri_3#CLASSI/LINE	LOA-2_DGri_4#CLASSI/LINE/LOA	100.000	666	0	0	1	666	1	666	0.0	1230
FBte0000284#CLASSI/LINE/LOA	LOA_6#CLASSI/LINE/LOA	100.000	1303	0	0	1	1303	1	1303	0.0	2407
FBte0000284#CLASSI/LINE/LOA	LOA_4#CLASSI/LINE/LOA	92.857	1288	80	11	1	1280	4476	5759	0.0	1858
FBte0000284#CLASSI/LINE/LOA	LOA_7#CLASSI/LINE/LOA	90.263	914	50	16	259	1167	962	83	0.0	1158
LOA-2_DGri_2_2#CLASSI/LINE	NF-LINE-78_1#CLASSI/LINE	100.000	242	0	0	1	242	1	242	1.22e-128	448
LOA-2_DGri_2_2#CLASSI/LINE	LOA-2_DGri_3#CLASSI/LINE/LOA	86.420	243	24	8	1	239	254	17	2.21e-71	257
D.planitibia_NA2_COPIA_3--newFamily#CLASSI/LTR/COPIA	NF-COPIA-42_1#CLASSI/LTR/COPIA	100.000	4484	0	0	1	4484	1	4484	0.0	8281
D.planitibia_NA2_COPIA_3--newFamily#CLASSI/LTR/COPIA	NF-LTR-128_1#CLASSI/LTR	92.593	216	8	4	4269	4484	12	219	5.50e-84	303
D.planitibia_NA2_TC1MARINER_3--newFamily#CLASSII/TIR/TC1MARINER	NF-TC1MARINER-160_1#CLASSII/TIR/TC1MARINER	100.000	963	0	0	1	963	1	963	0.0	1779
D.planitibia_NA2_MITE_1--newFamily#CLASSII/MITE	NF-TC1MARINER-124_1#CLASSII/TIR/TC1MARINER	100.000	1498	0	0	1	1498	1	1498	0.0	2767
D.planitibia_NA2_MITE_1--newFamily#CLASSII/MITE	NF-TC1MARINER-124_3#CLASSII/TIR/TC1MARINER	91.301	1299	25	62	23	1268	1264	1	0.0	1692
D.planitibia_NA2_MITE_1--newFamily#CLASSII/MITE	NF-TC1MARINER-124_2#CLASSII/TIR/TC1MARINER	91.188	783	11	36	24	753	778	1	0.0	1011
D.planitibia_NA2_MITE_1--newFamily#CLASSII/MITE	NF-TC1MARINER-124_4#CLASSII/TIR/TC1MARINER	80.918	1111	93	57	71	1128	1	1045	0.0	767
D.planitibia_NA2_LOA_4--newFamily#CLASSI/LINE/LOA	LOA_7#CLASSI/LINE/LOA	100.000	962	0	0	6	967	1	962	0.0	1777
D.planitibia_NA2_LOA_4--newFamily#CLASSI/LINE/LOA	LOA_6#CLASSI/LINE/LOA	88.109	1026	56	25	3	967	1279	259	0.0	1158
D.planitibia_NA2_LOA_4--newFamily#CLASSI/LINE/LOA	LOA_4#CLASSI/LINE/LOA	83.925	902	109	16	102	967	5635	4734	0.0	830
D.planitibia_NA2_MITE_2--newFamily#CLASSII/MITE	NF-HELITRON-86_1#CLASSII/HELITRON	100.000	883	0	0	1	883	1	883	0.0	1631
D.planitibia_NA2_MITE_2--newFamily#CLASSII/MITE	NF-HELITRON-86_2#CLASSII/HELITRON	98.933	656	6	1	228	883	656	2	0.0	1171
D.planitibia_NA2_MITE_2--newFamily#CLASSII/MITE	NF-HELITRON-86_4#CLASSII/HELITRON	94.100	661	25	6	223	883	648	2	0.0	1005
D.planitibia_NA2_MITE_2--newFamily#CLASSII/MITE	NF-HELITRON-86_5#CLASSII/HELITRON	85.179	641	47	23	250	882	601	1	0.0	632
D.planitibia_NA2_MITE_2--newFamily#CLASSII/MITE	NF-HELITRON-86_3#CLASSII/HELITRON	90.385	260	22	3	454	713	257	1	3.76e-99	351
D.planitibia_NA2_LTR_1--newFamily#CLASSI/LTR	NF-LTR-128_1#CLASSI/LTR	100.000	252	0	0	1	252	1	252	3.53e-134	466
D.planitibia_NA2_LTR_1--newFamily#CLASSI/LTR	NF-COPIA-42_1#CLASSI/LTR/COPIA	92.593	216	8	4	12	219	4269	4484	2.93e-85	303
D.planitibia_NA2_MITE_3--newFamily#CLASSII/MITE	NF-HELITRON-86_2#CLASSII/HELITRON	100.000	765	0	0	1	765	1	765	0.0	1413
D.planitibia_NA2_MITE_3--newFamily#CLASSII/MITE	NF-HELITRON-86_1#CLASSII/HELITRON	98.640	662	8	1	2	662	883	222	0.0	1171
D.planitibia_NA2_MITE_3--newFamily#CLASSII/MITE	NF-HELITRON-86_4#CLASSII/HELITRON	93.750	656	28	5	1	656	1	643	0.0	985
D.planitibia_NA2_MITE_3--newFamily#CLASSII/MITE	NF-HELITRON-86_5#CLASSII/HELITRON	85.023	641	47	20	3	634	1	601	0.0	625
D.planitibia_NA2_MITE_3--newFamily#CLASSII/MITE	NF-HELITRON-86_3#CLASSII/HELITRON	90.000	260	23	3	172	431	1	257	1.51e-97	346
D.planitibia_NA2_TIR_1--newFamily#CLASSII/TIR	NF-TC1MARINER-124_3#CLASSII/TIR/TC1MARINER	100.000	1377	0	0	1	1377	1	1377	0.0	2543
D.planitibia_NA2_TIR_1--newFamily#CLASSII/TIR	NF-TC1MARINER-124_1#CLASSII/TIR/TC1MARINER	91.244	1302	26	62	1	1267	1268	20	0.0	1692
D.planitibia_NA2_TIR_1--newFamily#CLASSII/TIR	NF-TC1MARINER-124_2#CLASSII/TIR/TC1MARINER	93.006	815	27	24	506	1295	1	810	0.0	1162
D.planitibia_NA2_TIR_1--newFamily#CLASSII/TIR	NF-TC1MARINER-124_4#CLASSII/TIR/TC1MARINER	83.019	1113	89	47	135	1215	1045	1	0.0	917
D.planitibia_NA2_MITE_3--newFamily_2#CLASSII/HELITRON	NF-HELITRON-86_4#CLASSII/HELITRON	82.297	418	32	20	2	380	1	415	1.62e-94	335
D.planitibia_NA2_MITE_3--newFamily_2#CLASSII/HELITRON	NF-HELITRON-86_5#CLASSII/HELITRON	81.095	402	40	17	7	379	3	397	3.53e-86	307
D.planitibia_NA2_MITE_3--newFamily_2#CLASSII/HELITRON	NF-HELITRON-86_2#CLASSII/HELITRON	83.913	230	28	6	159	380	189	417	1.02e-61	226
D.planitibia_NA2_MITE_3--newFamily_2#CLASSII/HELITRON	NF-HELITRON-86_1#CLASSII/HELITRON	83.475	236	30	6	159	386	696	462	1.02e-61	226
D.planitibia_NA2_MITE_3--newFamily_2#CLASSII/HELITRON	NF-HELITRON-86_3#CLASSII/HELITRON	80.952	231	31	11	159	380	17	243	1.33e-50	189
D.planitibia_NA2_MITE_2--newFamily#CLASSII/MITE	NF-HELITRON-86_2#CLASSII/HELITRON	90.351	228	14	6	2	221	1	228	3.11e-84	302
D.planitibia_NA2_MITE_2--newFamily#CLASSII/MITE	NF-HELITRON-86_4#CLASSII/HELITRON	89.823	226	17	5	2	221	1	226	2.42e-80	289
D.planitibia_NA2_MITE_2--newFamily#CLASSII/MITE	NF-HELITRON-86_1#CLASSII/HELITRON	89.427	227	16	6	3	221	883	657	2.42e-80	289
D.planitibia_NA2_MITE_2--newFamily#CLASSII/MITE	NF-HELITRON-86_5#CLASSII/HELITRON	76.142	197	28	11	356	533	405	601	9.49e-20	87.9
D.planitibia_NA2_MITE_1--newFamily#CLASSII/HELITRON	NF-HELITRON-86_4#CLASSII/HELITRON	100.000	647	0	0	1	647	2	648	0.0	1170
D.planitibia_NA2_MITE_1--newFamily#CLASSII/HELITRON	NF-HELITRON-86_1#CLASSII/HELITRON	94.109	662	25	6	1	648	883	222	0.0	1007
D.planitibia_NA2_MITE_1--newFamily#CLASSII/HELITRON	NF-HELITRON-86_2#CLASSII/HELITRON	93.740	655	28	5	1	642	2	656	0.0	983
D.planitibia_NA2_MITE_1--newFamily#CLASSII/HELITRON	NF-HELITRON-86_5#CLASSII/HELITRON	82.473	639	58	27	2	624	1	601	1.51e-156	542
D.planitibia_NA2_MITE_1--newFamily#CLASSII/HELITRON	NF-HELITRON-86_3#CLASSII/HELITRON	90.000	260	23	3	169	428	1	257	2.74e-99	351
D.tristis_nanopore_D2_LARD_1--newFamily#CLASSII/HELITRON	NF-HELITRON-86_5#CLASSII/HELITRON	83.333	90	4	7	18	99	55	141	8.96e-17	75.0
D.tristis_nanopore_D2_LARD_1--newFamily#CLASSII/HELITRON	NF-HELITRON-86_2#CLASSII/HELITRON	85.294	68	8	1	34	99	73	140	4.17e-15	69.4
D.tristis_nanopore_D2_LARD_1--newFamily#CLASSII/HELITRON	NF-HELITRON-86_1#CLASSII/HELITRON	85.294	68	8	1	34	99	812	745	4.17e-15	69.4
D.tristis_nanopore_D2_LARD_1--newFamily#CLASSII/HELITRON	NF-HELITRON-86_4#CLASSII/HELITRON	79.592	98	12	5	7	99	46	140	5.39e-14	65.8
D.planitibia_NA2_TIR_2--newFamily#CLASSII/TIR	NF-TC1MARINER-124_4#CLASSII/TIR/TC1MARINER	100.000	1045	0	0	1	1045	1	1045	0.0	1930
D.planitibia_NA2_TIR_2--newFamily#CLASSII/TIR	NF-TC1MARINER-124_3#CLASSII/TIR/TC1MARINER	83.019	1113	89	47	1	1045	1215	135	0.0	917
D.planitibia_NA2_TIR_2--newFamily#CLASSII/TIR	NF-TC1MARINER-124_1#CLASSII/TIR/TC1MARINER	80.918	1111	93	57	1	1045	71	1128	0.0	767
D.planitibia_NA2_MITE_4--newFamily#CLASSII/MITE	NF-MITE-682_1#CLASSII/MITE	100.000	537	0	0	1	537	1	537	0.0	992
D.planitibia_NA2_MITE_5--newFamily#CLASSII/MITE	NF-MITE-772_1#CLASSII/MITE	100.000	308	0	0	1	308	1	308	9.01e-161	555
