Gypsy7_Dya_1#CLASSI/LTR/GYPSY	Gypsy7-I_Dya_2#CLASSI/LINE	98.070	1606	31	0	1733	3338	1	1606	0.0	2811
Gypsy7_Dya_1#CLASSI/LTR/GYPSY	Gypsy7-I_Dya#CLASSI/SINE	95.825	503	12	3	1	494	230	732	0.0	811
con26_mdg3_1#CLASSI/LTR/GYPSY	MDG3_I#CLASSI/LTR/BELPAO	100.000	5417	0	0	1	5417	1	5417	0.0	10004
BEL-19_DAn_1#CLASSI/LTR/BELPAO	BEL-2_DAn-I#CLASSI/LTR/BELPAO	100.000	3143	0	0	1	3143	1	3143	0.0	5805
Gypsy-23_DY_1#CLASSI/LTR/GYPSY	Gypsy-23_DY-I#CLASSI/SINE	100.000	1229	0	0	1	1229	1	1229	0.0	2270
Gypsy-23_DY_1#CLASSI/LTR/GYPSY	ltr-1_family-18_s_1_inc#CLASSI/LTR/GYPSY	85.694	713	70	19	1	696	713	16	0.0	723
Gypsy-4_DSe_1#CLASSI/LTR/GYPSY	Gypsy-30_DWil-I#CLASSI/LTR	98.140	645	4	8	1	637	1394	2038	0.0	1118
Gypsy-4_DSe_1#CLASSI/LTR/GYPSY	DF0001586.1#CLASSII/HELITRON	82.911	158	3	19	584	722	95	247	1.05e-28	121
Gypsy-4_DSe_1#CLASSI/LTR/GYPSY	rnd-1_family-24_s_0_inc#CLASSII/HELITRON	85.714	105	1	12	627	722	165	264	4.92e-22	99.0
Gypsy-4_DSe_1#CLASSI/LTR/GYPSY	Gypsy20-I_Dya#CLASSI/LTR/GYPSY	83.621	116	4	10	586	686	124	9	6.36e-21	95.3
Gypsy-4_DSe_1#CLASSI/LTR/GYPSY	rnd-5_family-1111_inc#CLASSII/HELITRON	85.294	102	1	12	630	722	388	484	2.29e-20	93.5
Gypsy-4_DSe_1#CLASSI/LTR/GYPSY	rnd-1_family-6_inc#CLASSI/LTR/LARD	93.750	64	1	3	627	687	42	105	2.29e-20	93.5
Gypsy-4_DSe_1#CLASSI/LTR/GYPSY	rnd-1_family-24_s_2_inc#CLASSII/HELITRON	84.762	105	2	12	627	722	918	1017	2.29e-20	93.5
Gypsy-4_DSe_1#CLASSI/LTR/GYPSY	rnd-1_family-10_s_2_inc#CLASSII/HELITRON	82.787	122	2	15	584	687	1100	1220	8.23e-20	91.6
Gypsy-4_DSe_1#CLASSI/LTR/GYPSY	DNAREP1_DSim#CLASSII/HELITRON	83.810	105	2	12	627	722	159	257	3.83e-18	86.1
Gypsy-4_DSe_1#CLASSI/LTR/GYPSY	rnd-1_family-12_inc#CLASSII/HELITRON	92.857	56	1	3	634	686	2645	2590	6.41e-16	78.7
Gypsy6_Dya_1#CLASSI/LTR/GYPSY	Gypsy6-I_Dya#CLASSI/LTR/GYPSY	100.000	7374	0	0	1	7374	1	7374	0.0	13618
con7_Stalker4_1#CLASSI/LTR/GYPSY	con7_Stalker4#CLASSI/LTR/GYPSY	100.000	7260	0	0	1	7260	1	7260	0.0	13407
con7_Stalker4_1#CLASSI/LTR/GYPSY	con45_Tabor#CLASSI/LTR/GYPSY	74.385	2885	672	55	3691	6537	3655	6510	0.0	1171
con7_Stalker4_1#CLASSI/LTR/GYPSY	con7_Stalker4_duplicate1#CLASSI/LTR/GYPSY	80.548	365	62	8	1	362	10	368	2.78e-73	272
con48_roo_1#CLASSI/LTR/BELPAO	con48_roo#CLASSI/LTR	100.000	929	0	0	1	929	1	929	0.0	1716
con48_roo_1#CLASSI/LTR/BELPAO	ltr-1_family-192_s_2_inc#CLASSII/MITE	100.000	427	0	0	501	927	1	427	0.0	789
Gypsy7_Dya_2#CLASSI/LTR/GYPSY	Gypsy7-I_Dya#CLASSI/SINE	100.000	732	0	0	1	732	1	732	0.0	1352
Gypsy7_Dya_2#CLASSI/LTR/GYPSY	Gypsy7-I_Dya_2#CLASSI/LINE	98.148	216	1	2	13	228	3012	3224	7.29e-105	374
Gypsy17_Dya_1#CLASSI/LTR/GYPSY	Gypsy17-I_Dya#CLASSI/LTR/GYPSY	100.000	4619	0	0	1	4619	1	4619	0.0	8530
BEL1_Dya_1#CLASSI/LTR/BELPAO	BEL1-I_Dya_3#CLASSII/HELITRON	92.647	272	11	6	1	270	265	1	5.05e-108	383
BEL1_Dya_1#CLASSI/LTR/BELPAO	BEL1-I_Dya_2#CLASSI/LTR/BELPAO	83.333	222	20	4	1	221	7973	8178	1.18e-49	189
BEL1_Dya_2#CLASSI/LTR/BELPAO	BEL1-I_Dya_2#CLASSI/LTR/BELPAO	100.000	8178	0	0	1	8178	1	8178	0.0	15103
BEL1_Dya_2#CLASSI/LTR/BELPAO	BEL1-I_Dya_3#CLASSII/HELITRON	86.028	637	41	28	7572	8178	665	47	0.0	640
BEL-3_DYa_1#CLASSI/LTR/BELPAO	BEL-8_DPe-I#CLASSI/LTR/BELPAO	100.000	4747	0	0	1	4747	1	4747	0.0	8767
BEL-3_DYa_1#CLASSI/LTR/BELPAO	BEL-3_DYa-I#CLASSI/LTR	98.421	190	2	1	4559	4747	1	190	8.20e-92	333
BEL-3_DYa_2#CLASSI/LTR/BELPAO	BEL-3_DYa-I#CLASSI/LTR	100.000	334	0	0	1	334	1	334	1.35e-178	617
BEL-3_DYa_2#CLASSI/LTR/BELPAO	BEL-8_DPe-I#CLASSI/LTR/BELPAO	98.421	190	2	1	1	190	4559	4747	5.47e-93	333
con13_diver_1#CLASSI/LTR/BELPAO	con13_diver#CLASSI/LTR/BELPAO	100.000	6126	0	0	1	6126	1	6126	0.0	11313
con45_Tabor_1#CLASSI/LTR/GYPSY	con45_Tabor#CLASSI/LTR/GYPSY	100.000	7392	0	0	1	7392	1	7392	0.0	13651
con45_Tabor_1#CLASSI/LTR/GYPSY	con7_Stalker4#CLASSI/LTR/GYPSY	74.358	2882	678	50	3655	6510	3691	6537	0.0	1171
con45_Tabor_1#CLASSI/LTR/GYPSY	TABOR_I#CLASSI/LTR	93.663	505	17	6	2	505	1	491	0.0	741
con45_Tabor_2#CLASSI/LTR/GYPSY	TABOR_I#CLASSI/LTR	100.000	491	0	0	1	491	1	491	0.0	907
con45_Tabor_2#CLASSI/LTR/GYPSY	con45_Tabor#CLASSI/LTR/GYPSY	93.663	505	17	6	1	491	2	505	0.0	741
BEL-6_DYa_1#CLASSI/LTR/BELPAO	BEL-6_DYa-I#CLASSI/LTR/BELPAO	100.000	6202	0	0	1	6202	1	6202	0.0	11454
BEL-6_DYa_1#CLASSI/LTR/BELPAO	con2_diver2#CLASSI/LTR	93.866	538	21	5	4864	5395	102	633	0.0	804
BEL-6_DYa_1#CLASSI/LTR/BELPAO	ltr-1_family-165_inc#CLASSII/MITE	91.209	91	7	1	1	90	94	4	2.53e-28	122
BEL-6_DYa_1#CLASSI/LTR/BELPAO	rnd-5_family-1111_inc#CLASSII/HELITRON	90.110	91	8	1	1	90	305	215	1.18e-26	117
BEL-6_DYa_1#CLASSI/LTR/BELPAO	rnd-1_family-6_inc#CLASSI/LTR/LARD	90.110	91	8	1	1	90	854	764	1.18e-26	117
BEL-6_DYa_1#CLASSI/LTR/BELPAO	DNAREP1_DSim#CLASSII/HELITRON	90.110	91	8	1	1	90	93	3	1.18e-26	117
BEL-6_DYa_1#CLASSI/LTR/BELPAO	DF0001586.1#CLASSII/HELITRON	90.110	91	7	2	1	90	104	15	1.18e-26	117
BEL-6_DYa_1#CLASSI/LTR/BELPAO	DNAREP1_DYak#CLASSI/LTR/GYPSY	94.030	67	3	1	1	66	553	619	1.18e-21	100
BEL-6_DYa_1#CLASSI/LTR/BELPAO	rnd-1_family-10_s_2_inc#CLASSII/HELITRON	89.855	69	4	3	1	68	1381	1315	3.32e-17	86.1
BEL-6_DYa_1#CLASSI/LTR/BELPAO	Gypsy20-I_Dya#CLASSI/LTR/GYPSY	96.226	53	1	1	3	54	7000	7052	3.32e-17	86.1
con2_gypsy10_1#CLASSI/LTR/GYPSY	con2_gypsy10#CLASSI/LTR	100.000	486	0	0	1	486	1	486	0.0	898
Copia-2_DAn_1#CLASSI/LTR/COPIA	Copia-2_DAn-I#CLASSI/LTR/COPIA	100.000	4409	0	0	1	4409	1	4409	0.0	8142
con20_HMS-Beagle_1#CLASSI/LTR/GYPSY	con20_HMS-Beagle#CLASSI/LTR/BELPAO	100.000	7065	0	0	1	7065	1	7065	0.0	13047
con20_HMS-Beagle_1#CLASSI/LTR/GYPSY	ltr-1_family-76_inc#CLASSI/LTR/GYPSY	74.950	1505	356	19	3365	4860	3076	4568	0.0	671
BDGP_ZAM_1#CLASSI/LTR/GYPSY	BDGP_ZAM#CLASSI/LTR/GYPSY	100.000	8389	0	0	1	8389	1	8389	0.0	15492
Gypsy-25_DYa_1#CLASSI/LTR/GYPSY	Gypsy-25_DYa-I#CLASSI/LTR/GYPSY	100.000	770	0	0	1	770	1	770	0.0	1423
Gypsy2_DV_1#CLASSI/LTR/GYPSY	Gypsy2-I_DV#CLASSI/LTR/GYPSY	100.000	5369	0	0	1	5369	1	5369	0.0	9915
con10S18_1#CLASSI/LTR/BELPAO	con10_3S18#CLASSI/LTR/BELPAO	100.000	6184	0	0	1	6184	1	6184	0.0	11420
BEL-5_DYa_1#CLASSI/LTR/BELPAO	BEL-5_DYa-I#CLASSI/LTR/BELPAO	100.000	6240	0	0	1	6240	1	6240	0.0	11524
Gypsy1_Dya_1#CLASSI/LTR/GYPSY	Gypsy1-I_Dya#CLASSI/LTR/GYPSY	100.000	2460	0	0	1	2460	1	2460	0.0	4543
Gypsy-1_DSim_1#CLASSI/LTR/GYPSY	Gypsy-1_DSim-I#CLASSI/LTR/GYPSY	100.000	5641	0	0	1	5641	1	5641	0.0	10418
Gypsy-1_DSim_1#CLASSI/LTR/GYPSY	Gypsy-1_DSim-I_duplicate1#CLASSI/LTR	94.358	514	17	8	5130	5641	2	505	0.0	778
Gypsy-1_DKi_1#CLASSI/LTR/GYPSY	Gypsy-1_DKi-I#CLASSI/LTR/GYPSY	100.000	5198	0	0	1	5198	1	5198	0.0	9600
NINJA_I_1#CLASSI/LTR/BELPAO	NINJA_I#CLASSI/LTR/BELPAO	100.000	6737	0	0	1	6737	1	6737	0.0	12441
NINJA_I_1#CLASSI/LTR/BELPAO	NINJA_I_2#CLASSI/LTR	87.494	2175	161	33	708	2860	602	2687	0.0	2407
Doc2-element_1#CLASSI/LINE/JOCKEY	FBte0000103#CLASSI/LINE/JOCKEY	100.000	4754	0	0	1	4754	1	4754	0.0	8780
Doc2-element_1#CLASSI/LINE/JOCKEY	con4_Doc2#CLASSI/LINE/JOCKEY	97.512	4260	32	22	13	4272	1	4186	0.0	7212
Doc2-element_1#CLASSI/LINE/JOCKEY	con3_Doc3#CLASSI/LINE/JOCKEY	73.980	711	181	4	893	1601	736	1444	2.33e-77	285
Doc2-element_1#CLASSI/LINE/JOCKEY	Jockey-1_DYa#CLASSI/LINE/JOCKEY	72.644	435	101	14	4051	4476	4069	4494	4.16e-30	128
con17_Max-element_1#CLASSI/LTR/BELPAO	FBte0000304#CLASSI/LTR/BELPAO	100.000	7466	0	0	1	7466	1	7466	0.0	13788
con5_Cr1a_1#CLASSI/LINE/CR1	con5_Cr1a#CLASSI/LINE	100.000	4413	0	0	1	4413	1	4413	0.0	8150
Doc2-element_2#CLASSI/LINE/JOCKEY	con4_Doc2#CLASSI/LINE/JOCKEY	100.000	4367	0	0	1	4367	1	4367	0.0	8065
Doc2-element_2#CLASSI/LINE/JOCKEY	FBte0000103#CLASSI/LINE/JOCKEY	97.512	4260	32	22	1	4186	13	4272	0.0	7212
con20_Burdock_1#CLASSI/LTR/GYPSY	con20_Burdock#CLASSI/LTR/GYPSY	100.000	5991	0	0	1	5991	1	5991	0.0	11064
con20_Burdock_1#CLASSI/LTR/GYPSY	con20_Burdock_2#CLASSI/LTR/GYPSY	100.000	2166	0	0	1	2166	464	2629	0.0	4000
con2_gtwin_1#CLASSI/LTR/GYPSY	con2_gtwin#CLASSI/LTR/GYPSY	100.000	7375	0	0	1	7375	1	7375	0.0	13620
con2_gtwin_1#CLASSI/LTR/GYPSY	con3_gypsy_2#CLASSI/LTR/GYPSY	73.965	4202	1025	57	2900	7074	1530	5689	0.0	1635
Jockey-1_DYa_1#CLASSI/LINE/JOCKEY	Jockey-1_DYa#CLASSI/LINE/JOCKEY	100.000	4773	0	0	1	4773	1	4773	0.0	8815
Jockey-1_DYa_1#CLASSI/LINE/JOCKEY	FBte0000103#CLASSI/LINE/JOCKEY	72.581	434	103	14	4069	4494	4051	4476	4.18e-30	128
Mariner-4_DY_1#CLASSII/TIR/TC1MARINER	Mariner-4_DY#CLASSII/TIR/TC1MARINER	100.000	1301	0	0	1	1301	1	1301	0.0	2403
DNAREP1_DYak_1#CLASSII/HELITRON	DF0001586.1#CLASSII/HELITRON	100.000	628	0	0	1	628	1	628	0.0	1160
DNAREP1_DYak_1#CLASSII/HELITRON	DNAREP1_DSim#CLASSII/HELITRON	91.715	519	10	14	13	499	1	518	0.0	695
DNAREP1_DYak_1#CLASSII/HELITRON	rnd-1_family-6_inc#CLASSI/LTR/LARD	91.837	490	13	11	2	465	751	1239	0.0	658
DNAREP1_DYak_1#CLASSII/HELITRON	rnd-1_family-24_s_0_inc#CLASSII/HELITRON	91.743	436	12	15	6	420	4	436	2.65e-168	584
DNAREP1_DYak_1#CLASSII/HELITRON	rnd-1_family-10_s_1_inc#CLASSII/HELITRON	87.574	507	32	16	3	499	7112	7597	1.60e-160	558
DNAREP1_DYak_1#CLASSII/HELITRON	rnd-5_family-1111_inc#CLASSII/HELITRON	96.429	336	5	7	143	471	378	713	3.47e-157	547
DNAREP1_DYak_1#CLASSII/HELITRON	DNAREP1_DYak#CLASSI/LTR/GYPSY	87.928	497	17	21	38	499	619	131	1.25e-156	545
DNAREP1_DYak_1#CLASSII/HELITRON	rnd-1_family-10_s_2_inc#CLASSII/HELITRON	86.837	509	25	23	3	488	1285	1774	3.50e-152	531
DNAREP1_DYak_1#CLASSII/HELITRON	rnd-1_family-12_inc#CLASSII/HELITRON	94.615	260	10	3	143	398	2657	2398	1.03e-112	399
DNAREP1_DYak_1#CLASSII/HELITRON	rnd-1_family-24_s_2_inc#CLASSII/HELITRON	86.740	362	35	10	22	379	799	1151	6.19e-110	390
DNAREP1_DYak_1#CLASSII/HELITRON	ltr-1_family-165_inc#CLASSII/MITE	85.285	333	22	9	143	471	166	475	2.96e-88	318
DNAREP1_DYak_1#CLASSII/HELITRON	Gypsy20-I_Dya#CLASSI/LTR/GYPSY	92.913	127	1	5	97	218	124	1	5.25e-46	178
DNAREP1_DYak_1#CLASSII/HELITRON	BEL-6_DYa-I#CLASSI/LTR/BELPAO	90.110	91	7	2	15	104	90	1	1.16e-27	117
DNAREP1_DYak_1#CLASSII/HELITRON	rnd-5_family-780_inc#CLASSII/HELITRON	98.214	56	0	1	3	57	34	89	1.51e-21	97.1
DNAREP1_DYak_1#CLASSII/HELITRON	Gypsy-30_DWil-I#CLASSI/LTR	93.333	60	2	2	95	154	1981	2038	9.10e-19	87.9
con10_Idefix_1#CLASSI/LTR/GYPSY	con10_Idefix#CLASSI/LTR/GYPSY	100.000	7360	0	0	1	7360	1	7360	0.0	13592
con10_Idefix_1#CLASSI/LTR/GYPSY	con10_Idefix_duplicate1#CLASSI/LTR/GYPSY	86.429	280	38	0	3637	3916	1	280	2.12e-94	342
Mariner1_DYa_1#CLASSII/TIR/TC1MARINER	Mariner1_DYa#CLASSII/TIR/TC1MARINER	100.000	1298	0	0	1	1298	1	1298	0.0	2398
Gypsy20_Dya_1#CLASSI/LTR/GYPSY	Gypsy20-I_Dya#CLASSI/LTR/GYPSY	100.000	7053	0	0	1	7053	1	7053	0.0	13025
Gypsy20_Dya_1#CLASSI/LTR/GYPSY	DF0001586.1#CLASSII/HELITRON	92.913	127	1	5	1	124	218	97	6.05e-45	178
Gypsy20_Dya_1#CLASSI/LTR/GYPSY	rnd-1_family-10_s_2_inc#CLASSII/HELITRON	91.667	132	3	5	1	124	1505	1374	2.18e-44	176
Gypsy20_Dya_1#CLASSI/LTR/GYPSY	rnd-1_family-24_s_0_inc#CLASSII/HELITRON	87.857	140	1	12	1	124	235	96	1.32e-36	150
Gypsy20_Dya_1#CLASSI/LTR/GYPSY	DNAREP1_DSim#CLASSII/HELITRON	86.713	143	0	7	1	124	228	86	7.94e-34	141
Gypsy20_Dya_1#CLASSI/LTR/GYPSY	rnd-1_family-6_inc#CLASSI/LTR/LARD	96.429	84	1	2	1	82	112	29	1.03e-32	137
Gypsy20_Dya_1#CLASSI/LTR/GYPSY	rnd-5_family-1111_inc#CLASSII/HELITRON	95.294	85	0	3	1	83	455	373	4.78e-31	132
Gypsy20_Dya_1#CLASSI/LTR/GYPSY	rnd-1_family-24_s_2_inc#CLASSII/HELITRON	94.048	84	3	2	1	82	988	905	2.22e-29	126
Gypsy20_Dya_1#CLASSI/LTR/GYPSY	rnd-1_family-12_inc#CLASSII/HELITRON	92.857	84	4	2	1	82	2582	2665	1.03e-27	121
Gypsy20_Dya_1#CLASSI/LTR/GYPSY	ltr-1_family-165_inc#CLASSII/MITE	100.000	54	0	0	7000	7053	92	39	1.35e-21	100
Gypsy20_Dya_1#CLASSI/LTR/GYPSY	DNAREP1_DYak#CLASSI/LTR/GYPSY	98.148	54	1	0	7000	7053	555	608	6.27e-20	95.3
Gypsy20_Dya_1#CLASSI/LTR/GYPSY	BEL-6_DYa-I#CLASSI/LTR/BELPAO	96.226	53	1	1	7000	7052	3	54	3.77e-17	86.1
Gypsy20_Dya_1#CLASSI/LTR/GYPSY	Gypsy-30_DWil-I#CLASSI/LTR	92.857	56	2	2	71	124	2038	1983	1.76e-15	80.5
Helitron-2_DRh_1#CLASSII/HELITRON	Helitron-1_DEu#CLASSII/HELITRON	100.000	767	0	0	1	767	1	767	0.0	1406
Helitron-2_DRh_1#CLASSII/HELITRON	rnd-5_family-780_inc#CLASSII/HELITRON	97.391	575	13	1	195	767	3750	4324	0.0	977
Helitron-2_DRh_1#CLASSII/HELITRON	rnd-1_family-114_inc#CLASSII/HELITRON	91.827	208	15	1	1	208	598	803	6.12e-81	294
BEL-6_DYa_2#CLASSI/LTR/BELPAO	con2_diver2#CLASSI/LTR	100.000	633	0	0	1	633	1	633	0.0	1162
BEL-6_DYa_2#CLASSI/LTR/BELPAO	BEL-6_DYa-I#CLASSI/LTR/BELPAO	93.866	538	21	5	102	633	4864	5395	0.0	804
con21_springer_1#CLASSI/LTR/GYPSY	con21_springer#CLASSI/LTR/GYPSY	100.000	7838	0	0	1	7838	1	7838	0.0	14475
con12_Doc_1#CLASSI/LINE/JOCKEY	con12_Doc#CLASSI/LINE/JOCKEY	100.000	4696	0	0	1	4696	1	4696	0.0	8672
Mariner-7_DYa_1#CLASSII/TIR/TC1MARINER	Mariner-7_DYa#CLASSII/TIR/TC1MARINER	100.000	1677	0	0	1	1677	1	1677	0.0	3097
con3_gypsy_1#CLASSI/LTR/GYPSY	con3_gypsy_2#CLASSI/LTR/GYPSY	100.000	5968	0	0	1	5968	1	5968	0.0	11021
con3_gypsy_1#CLASSI/LTR/GYPSY	con2_gtwin#CLASSI/LTR/GYPSY	73.934	4197	1035	47	1530	5689	2900	7074	0.0	1635
con6_UnFmcl028_RLX-incomp_1#CLASSI/LTR/GYPSY	con6_UnFmcl028_RLX-incomp#CLASSI/LTR/GYPSY	100.000	4424	0	0	1	4424	1	4424	0.0	8170
Gypsy-23_DY_3#CLASSI/LTR/GYPSY	Gypsy-23_DY-I_2#CLASSI/LTR/GYPSY	100.000	5128	0	0	1	5128	1	5128	0.0	9470
invader3_1#CLASSI/LTR/GYPSY	Gypsy-2_DRh-I#CLASSI/LTR/GYPSY	100.000	3182	0	0	1	3182	1	3182	0.0	5877
RTE-1_DSa_1#CLASSI/LINE/RTE	RTE-1_DSa#CLASSI/LINE/RTE	100.000	2985	0	0	1	2985	1	2985	0.0	5513
RTE-1_DSa_1#CLASSI/LINE/RTE	RTE-1_DSa_3#CLASSI/LINE	96.520	2500	29	49	535	2985	200	2690	0.0	4082
RTE-1_DSa_1#CLASSI/LINE/RTE	RTE-1_DSa_4#CLASSI/LINE	94.240	1823	70	27	109	1903	1816	1	0.0	2752
RTE-1_DSa_1#CLASSI/LINE/RTE	RTE-1_DSa_2#CLASSI/LINE	89.617	809	62	19	178	973	1	800	0.0	1009
RTE-1_DSa_1#CLASSI/LINE/RTE	RTE-1B_DSa#CLASSI/LINE	95.802	405	3	11	109	501	470	68	0.0	641
RTE-1_DSa_2#CLASSI/LINE/RTE	RTE-1_DSa_2#CLASSI/LINE	100.000	800	0	0	1	800	1	800	0.0	1478
RTE-1_DSa_2#CLASSI/LINE/RTE	RTE-1_DSa_4#CLASSI/LINE	91.728	810	57	7	1	800	1741	932	0.0	1116
RTE-1_DSa_2#CLASSI/LINE/RTE	RTE-1_DSa#CLASSI/LINE/RTE	89.617	809	62	19	1	800	178	973	0.0	1009
RTE-1_DSa_2#CLASSI/LINE/RTE	RTE-1_DSa_3#CLASSI/LINE	90.703	441	32	7	360	800	200	631	1.58e-166	579
RTE-1_DSa_2#CLASSI/LINE/RTE	RTE-1B_DSa#CLASSI/LINE	86.462	325	26	13	13	326	385	68	8.10e-95	340
con3_Doc3_1#CLASSI/LINE/JOCKEY	con3_Doc3#CLASSI/LINE/JOCKEY	100.000	4583	0	0	1	4583	1	4583	0.0	8464
con3_Doc3_1#CLASSI/LINE/JOCKEY	FBte0000103#CLASSI/LINE/JOCKEY	73.980	711	181	4	736	1444	893	1601	2.25e-77	285
Gypsy7_Dya_3#CLASSI/LTR/GYPSY	Gypsy7-I_Dya_2#CLASSI/LINE	100.000	3224	0	0	1	3224	1	3224	0.0	5954
Gypsy7_Dya_3#CLASSI/LTR/GYPSY	Gypsy7-I_Dya#CLASSI/SINE	98.148	216	1	2	3012	3224	13	228	3.28e-104	374
Gypsy-4_DSe_2#CLASSI/LTR/GYPSY	Gypsy-30_DWil-I#CLASSI/LTR	100.000	2038	0	0	1	2038	1	2038	0.0	3764
Gypsy-4_DSe_2#CLASSI/LTR/GYPSY	rnd-5_family-1111_inc#CLASSII/HELITRON	96.552	58	2	0	1981	2038	296	353	5.00e-21	97.1
Gypsy-4_DSe_2#CLASSI/LTR/GYPSY	rnd-1_family-12_inc#CLASSII/HELITRON	96.552	58	2	0	1981	2038	2739	2682	5.00e-21	97.1
Gypsy-4_DSe_2#CLASSI/LTR/GYPSY	DNAREP1_DSim#CLASSII/HELITRON	96.552	58	2	0	1981	2038	84	141	5.00e-21	97.1
Gypsy-4_DSe_2#CLASSI/LTR/GYPSY	rnd-1_family-6_inc#CLASSI/LTR/LARD	94.828	58	3	0	1981	2038	845	902	2.33e-19	91.6
Gypsy-4_DSe_2#CLASSI/LTR/GYPSY	rnd-1_family-24_s_0_inc#CLASSII/HELITRON	94.828	58	3	0	1981	2038	94	151	2.33e-19	91.6
Gypsy-4_DSe_2#CLASSI/LTR/GYPSY	rnd-1_family-10_s_2_inc#CLASSII/HELITRON	94.828	58	3	0	1981	2038	1100	1157	2.33e-19	91.6
Gypsy-4_DSe_2#CLASSI/LTR/GYPSY	DF0001586.1#CLASSII/HELITRON	93.333	60	2	2	1981	2038	95	154	3.01e-18	87.9
Gypsy-4_DSe_2#CLASSI/LTR/GYPSY	ltr-1_family-165_inc#CLASSII/MITE	93.103	58	3	1	1981	2038	85	141	3.90e-17	84.2
Gypsy-4_DSe_2#CLASSI/LTR/GYPSY	Gypsy20-I_Dya#CLASSI/LTR/GYPSY	92.857	56	2	2	1983	2038	124	71	5.04e-16	80.5
con4_invader6_1#CLASSI/LTR/GYPSY	con4_invader6#CLASSI/LTR/GYPSY	100.000	5314	0	0	1	5314	1	5314	0.0	9814
con14_F-element_1#CLASSI/LINE/JOCKEY	con14_F-element#CLASSI/LINE/JOCKEY	100.000	2127	0	0	65	2191	1	2127	0.0	3928
con14_F-element_1#CLASSI/LINE/JOCKEY	con14_F-element_2#CLASSI/LINE/JOCKEY	97.861	1449	19	12	756	2196	1	1445	0.0	2494
con4_GATE_1#CLASSI/LTR/BELPAO	con4_GATE#CLASSI/LTR	100.000	375	0	0	1	375	1	375	0.0	678
RTE-1_DSa_3#CLASSI/LINE/RTE	RTE-1_DSa_3#CLASSI/LINE	100.000	3125	0	0	1	3125	1	3125	0.0	5771
RTE-1_DSa_3#CLASSI/LINE/RTE	RTE-1_DSa#CLASSI/LINE/RTE	96.520	2500	29	49	200	2690	535	2985	0.0	4082
RTE-1_DSa_3#CLASSI/LINE/RTE	RTE-1_DSa_4#CLASSI/LINE	94.630	1378	59	9	200	1568	1372	1	0.0	2121
RTE-1_DSa_3#CLASSI/LINE/RTE	RTE-1_DSa_2#CLASSI/LINE	90.703	441	32	7	200	631	360	800	6.27e-166	579
RTE-1_DSa_3#CLASSI/LINE/RTE	RTE-1B_DSa#CLASSI/LINE	91.935	62	3	1	66	127	529	470	1.67e-17	86.1
con14_F-element_2#CLASSI/LINE/JOCKEY	con14_F-element_2#CLASSI/LINE/JOCKEY	100.000	2867	0	0	1	2867	1	2867	0.0	5295
con14_F-element_2#CLASSI/LINE/JOCKEY	con14_F-element#CLASSI/LINE/JOCKEY	97.853	1444	19	12	1	1440	692	2127	0.0	2484
con24_X-element_1#CLASSI/LINE/JOCKEY	con24_X-element#CLASSI/LINE/JOCKEY	100.000	3069	0	0	1	3069	1	3069	0.0	5668
R1-1_DYa_1#CLASSI/LINE/R1	R1-1_DYa#CLASSI/LINE/R1	100.000	3305	0	0	1	3305	1	3305	0.0	6104
R1-1_DYa_1#CLASSI/LINE/R1	R1-1_DYa_2#CLASSI/LINE/R1	99.570	1164	5	0	1	1164	2081	3244	0.0	2122
con14_Rt1a_1#CLASSI/LINE/R1	DF0001581.1#CLASSI/LINE/R1	100.000	849	0	0	1	849	1	849	0.0	1568
con20_Burdock_2#CLASSI/LTR/GYPSY	con20_Burdock_2#CLASSI/LTR/GYPSY	100.000	2629	0	0	1	2629	1	2629	0.0	4855
con20_Burdock_2#CLASSI/LTR/GYPSY	con20_Burdock#CLASSI/LTR/GYPSY	100.000	2166	0	0	464	2629	1	2166	0.0	4000
RTE-1_DSa_4#CLASSI/LINE/RTE	RTE-1_DSa_4#CLASSI/LINE	100.000	1962	0	0	1	1962	1	1962	0.0	3624
RTE-1_DSa_4#CLASSI/LINE/RTE	RTE-1_DSa#CLASSI/LINE/RTE	94.240	1823	70	27	1	1816	1903	109	0.0	2752
RTE-1_DSa_4#CLASSI/LINE/RTE	RTE-1_DSa_3#CLASSI/LINE	94.630	1378	59	9	1	1372	1568	200	0.0	2121
RTE-1_DSa_4#CLASSI/LINE/RTE	RTE-1_DSa_2#CLASSI/LINE	91.728	810	57	7	932	1741	800	1	0.0	1116
RTE-1_DSa_4#CLASSI/LINE/RTE	RTE-1B_DSa#CLASSI/LINE	91.368	475	26	11	1409	1879	70	533	0.0	636
Polinton-1_DY_1#CLASSII/MAVERICK	Polinton-1_DY#CLASSII/MAVERICK	100.000	6295	0	0	1	6295	1	6295	0.0	11625
Polinton-1_DY_1#CLASSII/MAVERICK	rnd-5_family-1508_inc#CLASSII/MAVERICK	99.329	3874	4	2	2422	6295	8556	4705	0.0	6990
Polinton-1_DY_1#CLASSII/MAVERICK	rnd-1_family-374_inc#CLASSII/MAVERICK	99.107	1456	10	2	1	1456	5199	3747	0.0	2614
Polinton-1_DY_1#CLASSII/MAVERICK	rnd-1_family-629_inc#CLASSII/MAVERICK	99.121	1024	7	2	433	1456	1	1022	0.0	1840
I-4_DYa_1#CLASSI/LINE/I	I-4_DYa#CLASSI/LINE/I	100.000	3895	0	0	1	3895	1	3895	0.0	7193
con4_GATE_2#CLASSI/LTR/BELPAO	con4_GATE_2#CLASSI/LTR	100.000	3073	0	0	1	3073	1	3073	0.0	5675
con4_GATE_2#CLASSI/LTR/BELPAO	con4_GATE_2_duplicate1#CLASSI/LTR/BELPAO	96.066	2847	67	10	264	3073	2	2840	0.0	4595
con4_GATE_2#CLASSI/LTR/BELPAO	ltr-1_family-18_s_1_inc#CLASSI/LTR/GYPSY	94.805	154	4	3	1	153	6084	6234	4.28e-63	237
Gypsy-22_DY_1#CLASSI/LTR/GYPSY	Gypsy-22_DY-I#CLASSI/LTR	100.000	3573	0	0	1	3573	1	3573	0.0	6599
con17_rover_1#CLASSI/LTR/BELPAO	con17_rover#CLASSI/LTR/GYPSY	100.000	6851	0	0	1	6851	1	6851	0.0	12652
con12_UnFmcl011_RLX-incomp_2#CLASSI/LTR/GYPSY	con12_UnFmcl011_RLX-incomp_2#CLASSI/LTR/GYPSY	100.000	3167	0	0	1	3167	1	3167	0.0	5849
I-1_DYa_1#CLASSI/LINE/I	I-1_DYa#CLASSI/LINE/I	100.000	5335	0	0	1	5335	1	5335	0.0	9852
Gypsy19_Dya_1#CLASSI/LTR/GYPSY	Gypsy19-I_Dya#CLASSI/LTR	100.000	738	0	0	1	738	1	738	0.0	1363
NF-GYPSY-511_1#CLASSI/LTR/GYPSY	Gypsy-4_DSim-I#CLASSI/LTR	100.000	524	0	0	328	851	1	524	0.0	968
BEL1_Dya_3#CLASSI/LTR/BELPAO	BEL1-I_Dya_3#CLASSII/HELITRON	100.000	665	0	0	1	665	1	665	0.0	1229
BEL1_Dya_3#CLASSI/LTR/BELPAO	BEL1-I_Dya_2#CLASSI/LTR/BELPAO	86.028	637	41	27	47	665	8178	7572	0.0	640
R1-3_DYa_1#CLASSI/LINE/R1	R1-3_DYa_2#CLASSI/LINE/R1	100.000	5420	0	0	1	5420	1	5420	0.0	10009
R1-3_DYa_1#CLASSI/LINE/R1	R1-3_DYa#CLASSI/LINE/R1	86.842	152	14	5	3618	3766	1	149	7.78e-43	171
NINJA_I_2#CLASSI/LTR/BELPAO	NINJA_I_2#CLASSI/LTR	100.000	2687	0	0	1	2687	1	2687	0.0	4963
NINJA_I_2#CLASSI/LTR/BELPAO	NINJA_I#CLASSI/LTR/BELPAO	87.494	2175	161	33	602	2687	708	2860	0.0	2407
R1-1_DYa_2#CLASSI/LINE/R1	R1-1_DYa_2#CLASSI/LINE/R1	100.000	3623	0	0	1	3623	1	3623	0.0	6691
R1-1_DYa_2#CLASSI/LINE/R1	R1-1_DYa#CLASSI/LINE/R1	99.570	1164	5	0	2081	3244	1	1164	0.0	2122
R1-1_DYa_2#CLASSI/LINE/R1	R1-4_DYa#CLASSI/LINE/R1	89.583	144	15	0	406	549	83	226	6.67e-47	183
Gypsy13_Dya_1#CLASSI/LTR/GYPSY	Gypsy13-I_Dya#CLASSI/LTR/GYPSY	100.000	7832	0	0	1	7832	1	7832	0.0	14464
BDGP_jockey2_1#CLASSI/LINE/JOCKEY	BDGP_jockey2#CLASSI/LINE	100.000	809	0	0	1	809	1	809	0.0	1495
Gypsy10_Dya_1#CLASSI/LTR/GYPSY	Gypsy10-I_Dya#CLASSI/LTR	100.000	3967	0	0	1	3967	1	3967	0.0	7326
Gypsy10_Dya_1#CLASSI/LTR/GYPSY	Gypsy10-I_Dya_2#CLASSI/LTR/GYPSY	98.431	3250	31	18	731	3967	1	3243	0.0	5701
Gypsy10_Dya_2#CLASSI/LTR/GYPSY	Gypsy10-I_Dya_2#CLASSI/LTR/GYPSY	100.000	8220	0	0	1	8220	1	8220	0.0	15180
Gypsy10_Dya_2#CLASSI/LTR/GYPSY	Gypsy10-I_Dya#CLASSI/LTR	98.431	3250	31	18	1	3243	731	3967	0.0	5701
P-1_DY_1#CLASSII/TIR/P	DF0001684.1#CLASSII/TIR/P	100.000	4232	0	0	1	4232	1	4232	0.0	7816
Gypsy-29_DYa_1#CLASSI/LTR/GYPSY	Gypsy-29_DYa-I#CLASSI/LTR/GYPSY	100.000	4661	0	0	1	4661	1	4661	0.0	8608
Gypsy-24_DY_1#CLASSI/LTR/GYPSY	Gypsy-24_DY-I#CLASSI/LTR	100.000	1160	0	0	1	1160	1	1160	0.0	2117
I-6_DY_1#CLASSI/LINE/I	con26_I-element#CLASSI/LINE/I	100.000	5273	0	0	1	5273	1	5273	0.0	9738
Minos_1#CLASSII/TIR/TC1MARINER	FBte0000026#CLASSII/TIR/TC1MARINER	100.000	1172	0	0	1	1172	1	1172	0.0	2165
Gypsy6_I_2#CLASSI/LTR/GYPSY	con21_springer#CLASSI/LTR/GYPSY	75.299	4097	962	43	1821	5892	1613	5684	0.0	1914
Gypsy6_I_2#CLASSI/LTR/GYPSY	con2_gtwin#CLASSI/LTR/GYPSY	87.302	63	8	0	5828	5890	5301	5363	3.39e-13	73.1
Gypsy6_I_2#CLASSI/LTR/GYPSY	con3_gypsy_2#CLASSI/LTR/GYPSY	86.792	53	7	0	5830	5882	3933	3985	2.64e-09	60.2
NF-GYPSY-181_1#CLASSI/LTR/GYPSY	con7_Stalker4#CLASSI/LTR/GYPSY	78.537	410	65	21	6864	7260	6816	7215	4.75e-66	248
NF-GYPSY-181_1#CLASSI/LTR/GYPSY	con7_Stalker4_duplicate1#CLASSI/LTR/GYPSY	82.727	220	28	8	6961	7176	66	279	1.05e-47	187
NF-GYPSY-181_1#CLASSI/LTR/GYPSY	con45_Tabor#CLASSI/LTR/GYPSY	95.000	40	2	0	598	637	764	803	1.85e-10	63.9
con2_gypsy10_2#CLASSI/LTR/GYPSY	con2_gypsy10#CLASSI/LTR	87.123	497	37	17	466	946	1	486	2.51e-153	538
RTE-1_DSa_5#CLASSI/LINE/RTE	RTE-1_DSa_3#CLASSI/LINE	88.666	2938	273	39	2	2905	3111	200	0.0	3526
RTE-1_DSa_5#CLASSI/LINE/RTE	RTE-1_DSa#CLASSI/LINE/RTE	88.421	2660	247	53	425	3079	2967	364	0.0	3149
RTE-1_DSa_5#CLASSI/LINE/RTE	RTE-1_DSa_4#CLASSI/LINE	91.050	1553	128	5	1532	3079	1	1547	0.0	2087
RTE-1_DSa_5#CLASSI/LINE/RTE	RTE-1_DSa_2#CLASSI/LINE	94.481	616	29	3	2468	3079	800	186	0.0	944
RTE-1_DSa_5#CLASSI/LINE/RTE	RTE-1B_DSa#CLASSI/LINE	86.047	129	16	2	2939	3066	68	195	4.47e-33	137
NF-GYPSY-21_1#CLASSI/LTR/GYPSY	rnd-1_family-10_s_2_inc#CLASSII/HELITRON	85.549	173	17	4	9157	9328	990	825	1.17e-43	174
NF-P-8_1#CLASSII/TIR/P	DF0001684.1#CLASSII/TIR/P	98.643	1474	14	3	1429	2902	2765	4232	0.0	2606
NF-R1-64_1#CLASSI/LINE/R1	R1-4_DYa#CLASSI/LINE/R1	99.310	1159	8	0	1	1159	396	1554	0.0	2097
Gypsy-22_DY_2#CLASSI/LTR/GYPSY	Gypsy-22_DY-I#CLASSI/LTR	97.897	2425	31	6	4099	6523	3161	757	0.0	4178
Gypsy-1_DSim_2#CLASSI/LTR/GYPSY	Gypsy-1_DSim-I#CLASSI/LTR/GYPSY	99.027	514	3	2	18	531	5130	5641	0.0	920
Gypsy-1_DSim_2#CLASSI/LTR/GYPSY	Gypsy-1_DSim-I_duplicate1#CLASSI/LTR	95.340	515	14	6	17	531	1	505	0.0	809
Gypsy-1_DSim_3#CLASSI/LTR/GYPSY	Gypsy-1_DSim-I_duplicate1#CLASSI/LTR	100.000	536	0	0	1	536	1	536	0.0	990
Gypsy-1_DSim_3#CLASSI/LTR/GYPSY	Gypsy-1_DSim-I#CLASSI/LTR/GYPSY	94.358	514	17	8	2	505	5130	5641	0.0	778
DNAREP1_DSim_1#CLASSII/HELITRON	rnd-1_family-6_inc#CLASSI/LTR/LARD	100.000	128	0	0	35	162	754	881	2.02e-64	237
DNAREP1_DSim_1#CLASSII/HELITRON	rnd-5_family-1111_inc#CLASSII/HELITRON	100.000	127	0	0	36	162	206	332	7.26e-64	235
DNAREP1_DSim_1#CLASSII/HELITRON	DF0001586.1#CLASSII/HELITRON	99.219	128	0	1	35	162	5	131	3.38e-62	230
DNAREP1_DSim_1#CLASSII/HELITRON	rnd-1_family-24_s_0_inc#CLASSII/HELITRON	97.692	130	3	0	33	162	1	130	1.57e-60	224
DNAREP1_DSim_1#CLASSII/HELITRON	rnd-1_family-12_inc#CLASSII/HELITRON	98.425	127	2	0	36	162	2829	2703	1.57e-60	224
DNAREP1_DSim_1#CLASSII/HELITRON	DNAREP1_DSim#CLASSII/HELITRON	100.000	120	0	0	43	162	1	120	5.65e-60	222
DNAREP1_DSim_1#CLASSII/HELITRON	ltr-1_family-165_inc#CLASSII/MITE	99.174	121	1	0	42	162	1	121	7.31e-59	219
DNAREP1_DSim_1#CLASSII/HELITRON	rnd-1_family-10_s_1_inc#CLASSII/HELITRON	94.074	135	7	1	28	162	7108	7241	2.05e-54	204
DNAREP1_DSim_1#CLASSII/HELITRON	rnd-1_family-10_s_2_inc#CLASSII/HELITRON	94.615	130	6	1	33	162	1008	1136	2.65e-53	200
DNAREP1_DSim_1#CLASSII/HELITRON	DNAREP1_DYak#CLASSI/LTR/GYPSY	96.809	94	3	0	69	162	619	526	1.62e-40	158
DNAREP1_DSim_1#CLASSII/HELITRON	rnd-1_family-24_s_2_inc#CLASSII/HELITRON	100.000	64	0	0	52	115	799	862	7.63e-29	119
DNAREP1_DSim_1#CLASSII/HELITRON	BEL-6_DYa-I#CLASSI/LTR/BELPAO	90.110	91	8	1	45	135	90	1	2.74e-28	117
DNAREP1_DSim_1#CLASSII/HELITRON	rnd-5_family-780_inc#CLASSII/HELITRON	98.246	57	1	0	32	88	33	89	2.76e-23	100
DNAREP1_DSim_1#CLASSII/HELITRON	Gypsy20-I_Dya#CLASSI/LTR/GYPSY	100.000	54	0	0	80	133	7053	7000	2.76e-23	100
DNAREP1_DSim_1#CLASSII/HELITRON	Gypsy-30_DWil-I#CLASSI/LTR	97.297	37	1	0	126	162	1981	2017	3.63e-12	63.9
con4_GATE_3#CLASSI/LTR/BELPAO	con4_GATE_2_duplicate1#CLASSI/LTR/BELPAO	90.909	253	22	1	365	617	2910	3161	1.33e-93	339
con4_GATE_3#CLASSI/LTR/BELPAO	con4_GATE_2#CLASSI/LTR	87.681	276	7	9	1	249	2517	2792	8.13e-81	296
con4_GATE_4#CLASSI/LTR/BELPAO	con4_GATE_2_duplicate1#CLASSI/LTR/BELPAO	98.302	1060	12	5	1	1056	2131	3188	0.0	1853
con4_GATE_4#CLASSI/LTR/BELPAO	con4_GATE_2#CLASSI/LTR	95.775	710	13	5	1	706	2377	3073	0.0	1129
con4_GATE_5#CLASSI/LTR/BELPAO	con4_GATE_2_duplicate1#CLASSI/LTR/BELPAO	92.553	940	10	37	1	881	2250	3188	0.0	1293
con4_GATE_5#CLASSI/LTR/BELPAO	con4_GATE_2#CLASSI/LTR	94.624	465	6	15	1	446	2496	2960	0.0	702
con4_GATE_6#CLASSI/LTR/BELPAO	con4_GATE_2_duplicate1#CLASSI/LTR/BELPAO	100.000	3188	0	0	87	3274	1	3188	0.0	5888
con4_GATE_6#CLASSI/LTR/BELPAO	con4_GATE_2#CLASSI/LTR	95.569	2934	71	18	1	2926	191	3073	0.0	4643
con4_GATE_6#CLASSI/LTR/BELPAO	ltr-1_family-18_s_1_inc#CLASSI/LTR/GYPSY	94.152	171	5	5	36	206	6228	6393	1.40e-68	255
con4_GATE_7#CLASSI/LTR/BELPAO	con4_GATE_2_duplicate1#CLASSI/LTR/BELPAO	93.851	2342	88	11	1	2295	856	3188	0.0	3476
con4_GATE_7#CLASSI/LTR/BELPAO	con4_GATE_2#CLASSI/LTR	93.074	1978	109	8	1	1966	1112	3073	0.0	2868
NF-GYPSY-517_1#CLASSI/LTR/GYPSY	con7_Stalker4_duplicate1#CLASSI/LTR/GYPSY	100.000	433	0	0	1	433	1	433	0.0	800
NF-GYPSY-517_1#CLASSI/LTR/GYPSY	con7_Stalker4#CLASSI/LTR/GYPSY	80.548	365	62	8	10	368	1	362	1.59e-74	272
con4_GATE_8#CLASSI/LTR/BELPAO	con4_GATE_2_duplicate1#CLASSI/LTR/BELPAO	89.339	666	19	4	479	1094	2525	3188	0.0	789
con4_GATE_8#CLASSI/LTR/BELPAO	con4_GATE_2#CLASSI/LTR	89.884	346	24	2	1	335	2171	2516	1.41e-122	435
con4_GATE_9#CLASSI/LTR/BELPAO	con4_GATE_2_duplicate1#CLASSI/LTR/BELPAO	97.688	1211	18	5	1	1210	1987	3188	0.0	2073
con4_GATE_9#CLASSI/LTR/BELPAO	con4_GATE_2#CLASSI/LTR	95.935	861	21	2	1	860	2226	3073	0.0	1384
NF-GYPSY-490_1#CLASSI/LTR/GYPSY	con7_Stalker4_duplicate1#CLASSI/LTR/GYPSY	95.531	179	4	3	1	175	255	433	3.60e-77	283
NF-GYPSY-490_1#CLASSI/LTR/GYPSY	con7_Stalker4#CLASSI/LTR/GYPSY	82.014	278	27	15	496	755	1001	1273	1.33e-56	215
con45_Tabor_3#CLASSI/LTR/GYPSY	con45_Tabor#CLASSI/LTR/GYPSY	99.082	2396	21	1	1589	3983	1505	3900	0.0	4301
con45_Tabor_3#CLASSI/LTR/GYPSY	TABOR_I#CLASSI/LTR	94.141	495	13	10	2	484	1	491	0.0	739
con45_Tabor_3#CLASSI/LTR/GYPSY	con7_Stalker4#CLASSI/LTR/GYPSY	86.364	110	9	4	1051	1158	1084	1189	2.71e-26	115
NF-MAVERICK-7_1#CLASSII/MAVERICK	rnd-1_family-374_inc#CLASSII/MAVERICK	100.000	5622	0	0	1	5622	1	5622	0.0	10382
NF-MAVERICK-7_1#CLASSII/MAVERICK	rnd-1_family-629_inc#CLASSII/MAVERICK	98.596	4773	25	10	1	4768	4736	1	0.0	8405
NF-MAVERICK-7_1#CLASSII/MAVERICK	Polinton-1_DY#CLASSII/MAVERICK	99.107	1456	10	2	3747	5199	1456	1	0.0	2614
NF-MAVERICK-7_2#CLASSII/MAVERICK	rnd-1_family-629_inc#CLASSII/MAVERICK	100.000	9230	0	0	1	9230	1	9230	0.0	17045
NF-MAVERICK-7_2#CLASSII/MAVERICK	rnd-1_family-374_inc#CLASSII/MAVERICK	98.596	4773	25	10	1	4736	4768	1	0.0	8405
NF-MAVERICK-7_2#CLASSII/MAVERICK	rnd-5_family-1508_inc#CLASSII/MAVERICK	98.566	4113	22	14	4737	8814	2	4112	0.0	7234
NF-MAVERICK-7_2#CLASSII/MAVERICK	ltr-1_family-138_inc#CLASSII/MAVERICK	97.107	1348	34	2	6050	7392	1348	1	0.0	2268
NF-MAVERICK-7_2#CLASSII/MAVERICK	Polinton-1_DY#CLASSII/MAVERICK	99.121	1024	7	2	1	1022	433	1456	0.0	1840
Polinton-1_DY_2#CLASSII/MAVERICK	rnd-5_family-1508_inc#CLASSII/MAVERICK	100.000	8556	0	0	1	8556	1	8556	0.0	15801
Polinton-1_DY_2#CLASSII/MAVERICK	rnd-1_family-629_inc#CLASSII/MAVERICK	98.566	4113	22	14	2	4112	4737	8814	0.0	7234
Polinton-1_DY_2#CLASSII/MAVERICK	Polinton-1_DY#CLASSII/MAVERICK	99.329	3874	4	2	4705	8556	6295	2422	0.0	6990
Polinton-1_DY_2#CLASSII/MAVERICK	ltr-1_family-138_inc#CLASSII/MAVERICK	96.884	1348	38	1	1322	2665	1348	1	0.0	2254
Gypsy19_Dya_2#CLASSI/LTR/GYPSY	Gypsy19-I_Dya#CLASSI/LTR	94.444	450	14	10	380	827	447	7	0.0	682
NF-MITE-623_1#CLASSII/MITE	rnd-1_family-638_s_1_unconfirmed#CLASSII/MITE	100.000	618	0	0	1	618	1	618	0.0	1142
NF-MITE-654_1#CLASSII/MITE	rnd-1_family-638_s_1_unconfirmed#CLASSII/MITE	98.107	581	0	8	1	571	580	1	0.0	1002
