MDG3_I#CLASSI/LTR/BELPAO	con26_mdg3_1#CLASSI/LTR/GYPSY	100.000	5417	0	0	1	5417	1	5417	0.0	10004
Gypsy-31_DYa-I#CLASSI/LTR/GYPSY	Gypsy-31_DYa_1#CLASSI/LTR/GYPSY	100.000	1099	0	0	1	1099	1	1099	0.0	2030
con12_UnFmcl011_RLX-incomp#CLASSI/SINE	con12_UnFmcl011_RLX-incomp_1#CLASSI/LTR/GYPSY	100.000	725	0	0	1	725	1	725	0.0	1339
Gypsy-2_DSe-I#CLASSI/LTR/GYPSY	Gypsy-2_DSe_1#CLASSI/LTR/GYPSY	100.000	312	0	0	1	312	1	312	2.73e-166	577
BEL-2_DAn-I#CLASSI/LTR/BELPAO	BEL-19_DAn_1#CLASSI/LTR/BELPAO	100.000	3143	0	0	1	3143	1	3143	0.0	5805
Gypsy-23_DY-I#CLASSI/SINE	Gypsy-23_DY_1#CLASSI/LTR/GYPSY	100.000	1229	0	0	1	1229	1	1229	0.0	2270
Gypsy-4_DSe-I#CLASSI/LTR/GYPSY	Gypsy-4_DSe_1#CLASSI/LTR/GYPSY	100.000	733	0	0	1	733	1	733	0.0	1354
Gypsy-4_DSe-I#CLASSI/LTR/GYPSY	Gypsy-4_DSe_2#CLASSI/LTR/GYPSY	98.140	645	4	8	1	637	1394	2038	0.0	1118
Gypsy-4_DSe-I#CLASSI/LTR/GYPSY	DNAREP1_DYak_1#CLASSII/HELITRON	82.911	158	3	19	584	722	95	247	1.35e-28	121
Gypsy-4_DSe-I#CLASSI/LTR/GYPSY	Gypsy20_Dya_1#CLASSI/LTR/GYPSY	83.621	116	4	10	586	686	124	9	8.17e-21	95.3
Gypsy-7_DSe-I#CLASSI/LTR/GYPSY	Gypsy-23_DYa_1#CLASSI/LTR/GYPSY	100.000	1304	0	0	1	1304	1	1304	0.0	2409
con3_gypsy6#CLASSI/LTR/GYPSY	Gypsy6_I_1#CLASSI/LTR/GYPSY	100.000	1707	0	0	1	1707	1	1707	0.0	3153
con3_gypsy6#CLASSI/LTR/GYPSY	Gypsy6_I_2#CLASSI/LTR/GYPSY	97.703	1480	24	8	1	1475	6324	7798	0.0	2536
Gypsy6-I_Dya#CLASSI/LTR/GYPSY	Gypsy6_Dya_1#CLASSI/LTR/GYPSY	100.000	7374	0	0	1	7374	1	7374	0.0	13618
con7_Stalker4#CLASSI/LTR/GYPSY	con7_Stalker4_1#CLASSI/LTR/GYPSY	100.000	7260	0	0	1	7260	1	7260	0.0	13407
con7_Stalker4#CLASSI/LTR/GYPSY	con45_Tabor_1#CLASSI/LTR/GYPSY	74.385	2885	672	55	3691	6537	3655	6510	0.0	1171
con7_Stalker4#CLASSI/LTR/GYPSY	NF-GYPSY-517_1#CLASSI/LTR/GYPSY	80.548	365	62	8	1	362	10	368	3.56e-73	272
con7_Stalker4#CLASSI/LTR/GYPSY	NF-GYPSY-181_1#CLASSI/LTR/GYPSY	78.537	410	65	20	6816	7215	6864	7260	6.01e-66	248
con7_Stalker4#CLASSI/LTR/GYPSY	NF-GYPSY-490_1#CLASSI/LTR/GYPSY	82.014	278	27	15	1001	1273	496	755	6.09e-56	215
con7_Stalker4#CLASSI/LTR/GYPSY	con45_Tabor_3#CLASSI/LTR/GYPSY	86.364	110	9	4	1084	1189	1051	1158	6.36e-26	115
con48_roo#CLASSI/LTR	con48_roo_1#CLASSI/LTR/BELPAO	100.000	929	0	0	1	929	1	929	0.0	1716
Gypsy7-I_Dya#CLASSI/SINE	Gypsy7_Dya_2#CLASSI/LTR/GYPSY	100.000	732	0	0	1	732	1	732	0.0	1352
Gypsy7-I_Dya#CLASSI/SINE	Gypsy7_Dya_1#CLASSI/LTR/GYPSY	95.825	503	12	3	230	732	1	494	0.0	811
Gypsy7-I_Dya#CLASSI/SINE	Gypsy7_Dya_3#CLASSI/LTR/GYPSY	98.148	216	1	2	13	228	3012	3224	9.35e-105	374
Gypsy17-I_Dya#CLASSI/LTR/GYPSY	Gypsy17_Dya_1#CLASSI/LTR/GYPSY	100.000	4619	0	0	1	4619	1	4619	0.0	8530
BEL1-I_Dya#CLASSI/LTR	BEL1_Dya_1#CLASSI/LTR/BELPAO	100.000	315	0	0	1	315	1	315	5.94e-168	582
BEL1-I_Dya#CLASSI/LTR	BEL1_Dya_3#CLASSI/LTR/BELPAO	92.647	272	11	6	1	270	265	1	6.46e-108	383
BEL1-I_Dya#CLASSI/LTR	BEL1_Dya_2#CLASSI/LTR/BELPAO	83.333	222	20	4	1	221	7973	8178	1.51e-49	189
BEL1-I_Dya_2#CLASSI/LTR/BELPAO	BEL1_Dya_2#CLASSI/LTR/BELPAO	100.000	8178	0	0	1	8178	1	8178	0.0	15103
BEL1-I_Dya_2#CLASSI/LTR/BELPAO	BEL1_Dya_3#CLASSI/LTR/BELPAO	86.028	637	41	28	7572	8178	665	47	0.0	640
BEL1-I_Dya_2#CLASSI/LTR/BELPAO	BEL1_Dya_1#CLASSI/LTR/BELPAO	83.333	222	20	4	7973	8178	1	221	4.16e-48	189
BEL-8_DPe-I#CLASSI/LTR/BELPAO	BEL-3_DYa_1#CLASSI/LTR/BELPAO	100.000	4747	0	0	1	4747	1	4747	0.0	8767
BEL-8_DPe-I#CLASSI/LTR/BELPAO	BEL-3_DYa_2#CLASSI/LTR/BELPAO	98.421	190	2	1	4559	4747	1	190	1.05e-91	333
BEL-3_DYa-I#CLASSI/LTR	BEL-3_DYa_2#CLASSI/LTR/BELPAO	100.000	334	0	0	1	334	1	334	1.73e-178	617
BEL-3_DYa-I#CLASSI/LTR	BEL-3_DYa_1#CLASSI/LTR/BELPAO	98.421	190	2	1	1	190	4559	4747	7.02e-93	333
con13_diver#CLASSI/LTR/BELPAO	con13_diver_1#CLASSI/LTR/BELPAO	100.000	6126	0	0	1	6126	1	6126	0.0	11313
con45_Tabor#CLASSI/LTR/GYPSY	con45_Tabor_1#CLASSI/LTR/GYPSY	100.000	7392	0	0	1	7392	1	7392	0.0	13651
con45_Tabor#CLASSI/LTR/GYPSY	con45_Tabor_3#CLASSI/LTR/GYPSY	99.082	2396	21	1	1505	3900	1589	3983	0.0	4301
con45_Tabor#CLASSI/LTR/GYPSY	con7_Stalker4_1#CLASSI/LTR/GYPSY	74.358	2882	678	50	3655	6510	3691	6537	0.0	1171
con45_Tabor#CLASSI/LTR/GYPSY	con45_Tabor_2#CLASSI/LTR/GYPSY	93.663	505	17	6	2	505	1	491	0.0	741
con45_Tabor#CLASSI/LTR/GYPSY	NF-GYPSY-181_1#CLASSI/LTR/GYPSY	95.000	40	2	0	764	803	598	637	2.38e-10	63.9
TABOR_I#CLASSI/LTR	con45_Tabor_2#CLASSI/LTR/GYPSY	100.000	491	0	0	1	491	1	491	0.0	907
TABOR_I#CLASSI/LTR	con45_Tabor_1#CLASSI/LTR/GYPSY	93.663	505	17	6	1	491	2	505	0.0	741
TABOR_I#CLASSI/LTR	con45_Tabor_3#CLASSI/LTR/GYPSY	94.141	495	13	10	1	491	2	484	0.0	739
BEL-6_DYa-I#CLASSI/LTR/BELPAO	BEL-6_DYa_1#CLASSI/LTR/BELPAO	100.000	6202	0	0	1	6202	1	6202	0.0	11454
BEL-6_DYa-I#CLASSI/LTR/BELPAO	BEL-6_DYa_2#CLASSI/LTR/BELPAO	93.866	538	21	5	4864	5395	102	633	0.0	804
BEL-6_DYa-I#CLASSI/LTR/BELPAO	DNAREP1_DSim_1#CLASSII/HELITRON	90.110	91	8	1	1	90	135	45	1.51e-26	117
BEL-6_DYa-I#CLASSI/LTR/BELPAO	DNAREP1_DYak_1#CLASSII/HELITRON	90.110	91	7	2	1	90	104	15	1.51e-26	117
BEL-6_DYa-I#CLASSI/LTR/BELPAO	Gypsy20_Dya_1#CLASSI/LTR/GYPSY	96.226	53	1	1	3	54	7000	7052	4.26e-17	86.1
con2_gypsy10#CLASSI/LTR	con2_gypsy10_1#CLASSI/LTR/GYPSY	100.000	486	0	0	1	486	1	486	0.0	898
con2_gypsy10#CLASSI/LTR	con2_gypsy10_2#CLASSI/LTR/GYPSY	87.097	496	39	14	1	486	466	946	2.06e-154	538
Copia-2_DAn-I#CLASSI/LTR/COPIA	Copia-2_DAn_1#CLASSI/LTR/COPIA	100.000	4409	0	0	1	4409	1	4409	0.0	8142
con20_HMS-Beagle#CLASSI/LTR/BELPAO	con20_HMS-Beagle_1#CLASSI/LTR/GYPSY	100.000	7065	0	0	1	7065	1	7065	0.0	13047
BDGP_ZAM#CLASSI/LTR/GYPSY	BDGP_ZAM_1#CLASSI/LTR/GYPSY	100.000	8389	0	0	1	8389	1	8389	0.0	15492
Gypsy-25_DYa-I#CLASSI/LTR/GYPSY	Gypsy-25_DYa_1#CLASSI/LTR/GYPSY	100.000	770	0	0	1	770	1	770	0.0	1423
Gypsy2-I_DV#CLASSI/LTR/GYPSY	Gypsy2_DV_1#CLASSI/LTR/GYPSY	100.000	5369	0	0	1	5369	1	5369	0.0	9915
con10_3S18#CLASSI/LTR/BELPAO	con10S18_1#CLASSI/LTR/BELPAO	100.000	6184	0	0	1	6184	1	6184	0.0	11420
BEL-5_DYa-I#CLASSI/LTR/BELPAO	BEL-5_DYa_1#CLASSI/LTR/BELPAO	100.000	6240	0	0	1	6240	1	6240	0.0	11524
Gypsy1-I_Dya#CLASSI/LTR/GYPSY	Gypsy1_Dya_1#CLASSI/LTR/GYPSY	100.000	2460	0	0	1	2460	1	2460	0.0	4543
Gypsy-1_DSim-I#CLASSI/LTR/GYPSY	Gypsy-1_DSim_1#CLASSI/LTR/GYPSY	100.000	5641	0	0	1	5641	1	5641	0.0	10418
Gypsy-1_DSim-I#CLASSI/LTR/GYPSY	Gypsy-1_DSim_2#CLASSI/LTR/GYPSY	99.027	514	3	2	5130	5641	18	531	0.0	920
Gypsy-1_DSim-I#CLASSI/LTR/GYPSY	Gypsy-1_DSim_3#CLASSI/LTR/GYPSY	94.358	514	17	8	5130	5641	2	505	0.0	778
Gypsy-1_DKi-I#CLASSI/LTR/GYPSY	Gypsy-1_DKi_1#CLASSI/LTR/GYPSY	100.000	5198	0	0	1	5198	1	5198	0.0	9600
NINJA_I#CLASSI/LTR/BELPAO	NINJA_I_1#CLASSI/LTR/BELPAO	100.000	6737	0	0	1	6737	1	6737	0.0	12441
NINJA_I#CLASSI/LTR/BELPAO	NINJA_I_2#CLASSI/LTR/BELPAO	87.494	2175	161	33	708	2860	602	2687	0.0	2407
FBte0000103#CLASSI/LINE/JOCKEY	Doc2-element_1#CLASSI/LINE/JOCKEY	100.000	4754	0	0	1	4754	1	4754	0.0	8780
FBte0000103#CLASSI/LINE/JOCKEY	Doc2-element_2#CLASSI/LINE/JOCKEY	97.512	4260	32	22	13	4272	1	4186	0.0	7212
FBte0000103#CLASSI/LINE/JOCKEY	con3_Doc3_1#CLASSI/LINE/JOCKEY	73.980	711	181	4	893	1601	736	1444	2.99e-77	285
FBte0000103#CLASSI/LINE/JOCKEY	Jockey-1_DYa_1#CLASSI/LINE/JOCKEY	72.644	435	101	14	4051	4476	4069	4494	5.34e-30	128
FBte0000304#CLASSI/LTR/BELPAO	con17_Max-element_1#CLASSI/LTR/BELPAO	100.000	7466	0	0	1	7466	1	7466	0.0	13788
con5_Cr1a#CLASSI/LINE	con5_Cr1a_1#CLASSI/LINE/CR1	100.000	4413	0	0	1	4413	1	4413	0.0	8150
con4_Doc2#CLASSI/LINE/JOCKEY	Doc2-element_2#CLASSI/LINE/JOCKEY	100.000	4367	0	0	1	4367	1	4367	0.0	8065
con4_Doc2#CLASSI/LINE/JOCKEY	Doc2-element_1#CLASSI/LINE/JOCKEY	97.512	4260	32	22	1	4186	13	4272	0.0	7212
con20_Burdock#CLASSI/LTR/GYPSY	con20_Burdock_1#CLASSI/LTR/GYPSY	100.000	5991	0	0	1	5991	1	5991	0.0	11064
con20_Burdock#CLASSI/LTR/GYPSY	con20_Burdock_2#CLASSI/LTR/GYPSY	100.000	2166	0	0	1	2166	464	2629	0.0	4000
con2_gtwin_duplicate1_2#CLASSI/LTR/GYPSY	con2_gtwin_1#CLASSI/LTR/GYPSY	100.000	7375	0	0	1	7375	1	7375	0.0	13620
con2_gtwin_duplicate1_2#CLASSI/LTR/GYPSY	con3_gypsy_1#CLASSI/LTR/GYPSY	73.965	4202	1025	57	2900	7074	1530	5689	0.0	1635
con2_gtwin_duplicate1_2#CLASSI/LTR/GYPSY	Gypsy6_I_2#CLASSI/LTR/GYPSY	87.302	63	8	0	5301	5363	5828	5890	3.94e-13	73.1
Jockey-1_DYa#CLASSI/LINE/JOCKEY	Jockey-1_DYa_1#CLASSI/LINE/JOCKEY	100.000	4773	0	0	1	4773	1	4773	0.0	8815
Jockey-1_DYa#CLASSI/LINE/JOCKEY	Doc2-element_1#CLASSI/LINE/JOCKEY	72.581	434	103	14	4069	4494	4051	4476	5.36e-30	128
Mariner-4_DY#CLASSII/TIR/TC1MARINER	Mariner-4_DY_1#CLASSII/TIR/TC1MARINER	100.000	1301	0	0	1	1301	1	1301	0.0	2403
DF0001586.1#CLASSII/HELITRON	DNAREP1_DYak_1#CLASSII/HELITRON	100.000	628	0	0	1	628	1	628	0.0	1160
DF0001586.1#CLASSII/HELITRON	DNAREP1_DSim_1#CLASSII/HELITRON	99.219	128	0	1	5	131	35	162	1.83e-61	230
DF0001586.1#CLASSII/HELITRON	Gypsy20_Dya_1#CLASSI/LTR/GYPSY	92.913	127	1	5	97	218	124	1	6.72e-46	178
DF0001586.1#CLASSII/HELITRON	Gypsy-4_DSe_1#CLASSI/LTR/GYPSY	82.911	158	3	19	95	247	584	722	1.15e-28	121
DF0001586.1#CLASSII/HELITRON	BEL-6_DYa_1#CLASSI/LTR/BELPAO	90.110	91	7	2	15	104	90	1	1.49e-27	117
DF0001586.1#CLASSII/HELITRON	Gypsy-4_DSe_2#CLASSI/LTR/GYPSY	93.333	60	2	2	95	154	1981	2038	1.17e-18	87.9
con10_Idefix#CLASSI/LTR/GYPSY	con10_Idefix_1#CLASSI/LTR/GYPSY	100.000	7360	0	0	1	7360	1	7360	0.0	13592
Mariner1_DYa#CLASSII/TIR/TC1MARINER	Mariner1_DYa_1#CLASSII/TIR/TC1MARINER	100.000	1298	0	0	1	1298	1	1298	0.0	2398
Gypsy20-I_Dya#CLASSI/LTR/GYPSY	Gypsy20_Dya_1#CLASSI/LTR/GYPSY	100.000	7053	0	0	1	7053	1	7053	0.0	13025
Gypsy20-I_Dya#CLASSI/LTR/GYPSY	DNAREP1_DYak_1#CLASSII/HELITRON	92.913	127	1	5	1	124	218	97	7.77e-45	178
Gypsy20-I_Dya#CLASSI/LTR/GYPSY	DNAREP1_DSim_1#CLASSII/HELITRON	100.000	54	0	0	7000	7053	133	80	1.73e-21	100
Gypsy20-I_Dya#CLASSI/LTR/GYPSY	Gypsy-4_DSe_1#CLASSI/LTR/GYPSY	83.621	116	4	10	9	124	686	586	8.05e-20	95.3
Gypsy20-I_Dya#CLASSI/LTR/GYPSY	BEL-6_DYa_1#CLASSI/LTR/BELPAO	96.226	53	1	1	7000	7052	3	54	4.84e-17	86.1
Gypsy20-I_Dya#CLASSI/LTR/GYPSY	Gypsy-4_DSe_2#CLASSI/LTR/GYPSY	92.857	56	2	2	71	124	2038	1983	2.25e-15	80.5
Helitron-1_DEu#CLASSII/HELITRON	Helitron-2_DRh_1#CLASSII/HELITRON	100.000	767	0	0	1	767	1	767	0.0	1406
BEL-6_DYa-I_duplicate1#CLASSI/LTR	BEL-6_DYa_2#CLASSI/LTR/BELPAO	100.000	633	0	0	1	633	1	633	0.0	1162
BEL-6_DYa-I_duplicate1#CLASSI/LTR	BEL-6_DYa_1#CLASSI/LTR/BELPAO	93.866	538	21	5	102	633	4864	5395	0.0	804
con21_springer_duplicate1_duplicate1#CLASSI/LTR/GYPSY	con21_springer_1#CLASSI/LTR/GYPSY	100.000	7838	0	0	1	7838	1	7838	0.0	14475
con21_springer_duplicate1_duplicate1#CLASSI/LTR/GYPSY	Gypsy6_I_2#CLASSI/LTR/GYPSY	75.299	4097	962	43	1613	5684	1821	5892	0.0	1914
con12_Doc#CLASSI/LINE/JOCKEY	con12_Doc_1#CLASSI/LINE/JOCKEY	100.000	4696	0	0	1	4696	1	4696	0.0	8672
Mariner-7_DYa#CLASSII/TIR/TC1MARINER	Mariner-7_DYa_1#CLASSII/TIR/TC1MARINER	100.000	1677	0	0	1	1677	1	1677	0.0	3097
con3_gypsy_duplicate1#CLASSI/LTR/GYPSY	con3_gypsy_1#CLASSI/LTR/GYPSY	100.000	5968	0	0	1	5968	1	5968	0.0	11021
con3_gypsy_duplicate1#CLASSI/LTR/GYPSY	con2_gtwin_1#CLASSI/LTR/GYPSY	73.934	4197	1035	47	1530	5689	2900	7074	0.0	1635
con3_gypsy_duplicate1#CLASSI/LTR/GYPSY	Gypsy6_I_2#CLASSI/LTR/GYPSY	86.792	53	7	0	3933	3985	5830	5882	2.48e-09	60.2
con6_UnFmcl028_RLX-incomp#CLASSI/LTR/GYPSY	con6_UnFmcl028_RLX-incomp_1#CLASSI/LTR/GYPSY	100.000	4424	0	0	1	4424	1	4424	0.0	8170
Gypsy-23_DY-I_2#CLASSI/LTR/GYPSY	Gypsy-23_DY_3#CLASSI/LTR/GYPSY	100.000	5128	0	0	1	5128	1	5128	0.0	9470
Gypsy-2_DRh-I#CLASSI/LTR/GYPSY	invader3_1#CLASSI/LTR/GYPSY	100.000	3182	0	0	1	3182	1	3182	0.0	5877
RTE-1_DSa_3#CLASSI/LINE/RTE	RTE-1_DSa_1#CLASSI/LINE/RTE	100.000	2985	0	0	1	2985	1	2985	0.0	5513
RTE-1_DSa_3#CLASSI/LINE/RTE	RTE-1_DSa_3#CLASSI/LINE/RTE	96.520	2500	29	49	535	2985	200	2690	0.0	4082
RTE-1_DSa_3#CLASSI/LINE/RTE	RTE-1_DSa_5#CLASSI/LINE/RTE	88.421	2660	247	53	364	2967	3079	425	0.0	3149
RTE-1_DSa_3#CLASSI/LINE/RTE	RTE-1_DSa_4#CLASSI/LINE/RTE	94.240	1823	70	27	109	1903	1816	1	0.0	2752
RTE-1_DSa_3#CLASSI/LINE/RTE	RTE-1_DSa_2#CLASSI/LINE/RTE	89.617	809	62	19	178	973	1	800	0.0	1009
RTE-1_DSa_2#CLASSI/LINE	RTE-1_DSa_2#CLASSI/LINE/RTE	100.000	800	0	0	1	800	1	800	0.0	1478
RTE-1_DSa_2#CLASSI/LINE	RTE-1_DSa_4#CLASSI/LINE/RTE	91.728	810	57	7	1	800	1741	932	0.0	1116
RTE-1_DSa_2#CLASSI/LINE	RTE-1_DSa_1#CLASSI/LINE/RTE	89.617	809	62	19	1	800	178	973	0.0	1009
RTE-1_DSa_2#CLASSI/LINE	RTE-1_DSa_5#CLASSI/LINE/RTE	94.481	616	29	3	186	800	3079	2468	0.0	944
RTE-1_DSa_2#CLASSI/LINE	RTE-1_DSa_3#CLASSI/LINE/RTE	90.703	441	32	7	360	800	200	631	2.02e-166	579
con3_Doc3#CLASSI/LINE/JOCKEY	con3_Doc3_1#CLASSI/LINE/JOCKEY	100.000	4583	0	0	1	4583	1	4583	0.0	8464
con3_Doc3#CLASSI/LINE/JOCKEY	Doc2-element_1#CLASSI/LINE/JOCKEY	73.980	711	181	4	736	1444	893	1601	2.89e-77	285
Gypsy7-I_Dya_2#CLASSI/LINE	Gypsy7_Dya_3#CLASSI/LTR/GYPSY	100.000	3224	0	0	1	3224	1	3224	0.0	5954
Gypsy7-I_Dya_2#CLASSI/LINE	Gypsy7_Dya_1#CLASSI/LTR/GYPSY	98.070	1606	31	0	1	1606	1733	3338	0.0	2811
Gypsy7-I_Dya_2#CLASSI/LINE	Gypsy7_Dya_2#CLASSI/LTR/GYPSY	98.148	216	1	2	3012	3224	13	228	4.20e-104	374
Gypsy-30_DWil-I#CLASSI/LTR	Gypsy-4_DSe_2#CLASSI/LTR/GYPSY	100.000	2038	0	0	1	2038	1	2038	0.0	3764
Gypsy-30_DWil-I#CLASSI/LTR	Gypsy-4_DSe_1#CLASSI/LTR/GYPSY	98.140	645	4	8	1394	2038	1	637	0.0	1118
Gypsy-30_DWil-I#CLASSI/LTR	DNAREP1_DYak_1#CLASSII/HELITRON	93.333	60	2	2	1981	2038	95	154	3.86e-18	87.9
Gypsy-30_DWil-I#CLASSI/LTR	Gypsy20_Dya_1#CLASSI/LTR/GYPSY	92.857	56	2	2	1983	2038	124	71	6.47e-16	80.5
Gypsy-30_DWil-I#CLASSI/LTR	DNAREP1_DSim_1#CLASSII/HELITRON	97.297	37	1	0	1981	2017	126	162	6.51e-11	63.9
con4_invader6#CLASSI/LTR/GYPSY	con4_invader6_1#CLASSI/LTR/GYPSY	100.000	5314	0	0	1	5314	1	5314	0.0	9814
con14_F-element_duplicate1_duplicate1#CLASSI/LINE/JOCKEY	con14_F-element_1#CLASSI/LINE/JOCKEY	100.000	2127	0	0	1	2127	65	2191	0.0	3928
con14_F-element_duplicate1_duplicate1#CLASSI/LINE/JOCKEY	con14_F-element_2#CLASSI/LINE/JOCKEY	97.853	1444	19	12	692	2127	1	1440	0.0	2484
con4_GATE#CLASSI/LTR	con4_GATE_1#CLASSI/LTR/BELPAO	100.000	375	0	0	1	375	1	375	0.0	678
RTE-1_DSa_duplicate1#CLASSI/LINE	RTE-1_DSa_3#CLASSI/LINE/RTE	100.000	3125	0	0	1	3125	1	3125	0.0	5771
RTE-1_DSa_duplicate1#CLASSI/LINE	RTE-1_DSa_1#CLASSI/LINE/RTE	96.520	2500	29	49	200	2690	535	2985	0.0	4082
RTE-1_DSa_duplicate1#CLASSI/LINE	RTE-1_DSa_5#CLASSI/LINE/RTE	88.666	2938	273	39	200	3111	2905	2	0.0	3526
RTE-1_DSa_duplicate1#CLASSI/LINE	RTE-1_DSa_4#CLASSI/LINE/RTE	94.630	1378	59	9	200	1568	1372	1	0.0	2121
RTE-1_DSa_duplicate1#CLASSI/LINE	RTE-1_DSa_2#CLASSI/LINE/RTE	90.703	441	32	7	200	631	360	800	8.04e-166	579
con14_F-element_duplicate1_duplicate1_2#CLASSI/LINE/JOCKEY	con14_F-element_2#CLASSI/LINE/JOCKEY	100.000	2867	0	0	1	2867	1	2867	0.0	5295
con14_F-element_duplicate1_duplicate1_2#CLASSI/LINE/JOCKEY	con14_F-element_1#CLASSI/LINE/JOCKEY	97.861	1449	19	12	1	1445	756	2196	0.0	2494
R1-3_DYa#CLASSI/LINE/R1	R1-3_DYa_1#CLASSI/LINE/R1	86.928	153	12	8	1	149	3618	3766	2.50e-44	171
con24_X-element#CLASSI/LINE/JOCKEY	con24_X-element_1#CLASSI/LINE/JOCKEY	100.000	3069	0	0	1	3069	1	3069	0.0	5668
R1-1_DYa#CLASSI/LINE/R1	R1-1_DYa_1#CLASSI/LINE/R1	100.000	3305	0	0	1	3305	1	3305	0.0	6104
R1-1_DYa#CLASSI/LINE/R1	R1-1_DYa_2#CLASSI/LINE/R1	99.570	1164	5	0	1	1164	2081	3244	0.0	2122
DF0001581.1#CLASSI/LINE/R1	con14_Rt1a_1#CLASSI/LINE/R1	100.000	849	0	0	1	849	1	849	0.0	1568
con20_Burdock_2#CLASSI/LTR/GYPSY	con20_Burdock_2#CLASSI/LTR/GYPSY	100.000	2629	0	0	1	2629	1	2629	0.0	4855
con20_Burdock_2#CLASSI/LTR/GYPSY	con20_Burdock_1#CLASSI/LTR/GYPSY	100.000	2166	0	0	464	2629	1	2166	0.0	4000
RTE-1_DSa_4#CLASSI/LINE	RTE-1_DSa_4#CLASSI/LINE/RTE	100.000	1962	0	0	1	1962	1	1962	0.0	3624
RTE-1_DSa_4#CLASSI/LINE	RTE-1_DSa_1#CLASSI/LINE/RTE	94.240	1823	70	27	1	1816	1903	109	0.0	2752
RTE-1_DSa_4#CLASSI/LINE	RTE-1_DSa_3#CLASSI/LINE/RTE	94.630	1378	59	9	1	1372	1568	200	0.0	2121
RTE-1_DSa_4#CLASSI/LINE	RTE-1_DSa_5#CLASSI/LINE/RTE	91.050	1553	128	5	1	1547	1532	3079	0.0	2087
RTE-1_DSa_4#CLASSI/LINE	RTE-1_DSa_2#CLASSI/LINE/RTE	91.728	810	57	7	932	1741	800	1	0.0	1116
RTE-1B_DSa#CLASSI/LINE	RTE-1_DSa_1#CLASSI/LINE/RTE	95.802	405	3	11	68	470	501	109	0.0	641
RTE-1B_DSa#CLASSI/LINE	RTE-1_DSa_4#CLASSI/LINE/RTE	91.368	475	26	11	70	533	1409	1879	0.0	636
RTE-1B_DSa#CLASSI/LINE	RTE-1_DSa_2#CLASSI/LINE/RTE	86.462	325	26	13	68	385	326	13	7.16e-95	340
RTE-1B_DSa#CLASSI/LINE	RTE-1_DSa_5#CLASSI/LINE/RTE	86.047	129	16	2	68	195	2939	3066	1.01e-33	137
RTE-1B_DSa#CLASSI/LINE	RTE-1_DSa_3#CLASSI/LINE/RTE	91.935	62	3	1	470	529	127	66	3.70e-18	86.1
Polinton-1_DY#CLASSII/MAVERICK	Polinton-1_DY_1#CLASSII/MAVERICK	100.000	6295	0	0	1	6295	1	6295	0.0	11625
Polinton-1_DY#CLASSII/MAVERICK	Polinton-1_DY_2#CLASSII/MAVERICK	99.329	3874	4	2	2422	6295	8556	4705	0.0	6990
Polinton-1_DY#CLASSII/MAVERICK	NF-MAVERICK-7_1#CLASSII/MAVERICK	99.107	1456	10	2	1	1456	5199	3747	0.0	2614
Polinton-1_DY#CLASSII/MAVERICK	NF-MAVERICK-7_2#CLASSII/MAVERICK	99.121	1024	7	2	433	1456	1	1022	0.0	1840
I-4_DYa#CLASSI/LINE/I	I-4_DYa_1#CLASSI/LINE/I	100.000	3895	0	0	1	3895	1	3895	0.0	7193
con4_GATE_2#CLASSI/LTR	con4_GATE_2#CLASSI/LTR/BELPAO	100.000	3073	0	0	1	3073	1	3073	0.0	5675
con4_GATE_2#CLASSI/LTR	con4_GATE_6#CLASSI/LTR/BELPAO	95.569	2934	71	18	191	3073	1	2926	0.0	4643
con4_GATE_2#CLASSI/LTR	con4_GATE_7#CLASSI/LTR/BELPAO	93.074	1978	109	8	1112	3073	1	1966	0.0	2868
con4_GATE_2#CLASSI/LTR	con4_GATE_9#CLASSI/LTR/BELPAO	95.935	861	21	2	2226	3073	1	860	0.0	1384
con4_GATE_2#CLASSI/LTR	con4_GATE_4#CLASSI/LTR/BELPAO	95.775	710	13	5	2377	3073	1	706	0.0	1129
con4_GATE_2#CLASSI/LTR	con4_GATE_5#CLASSI/LTR/BELPAO	94.624	465	6	15	2496	2960	1	446	0.0	702
con4_GATE_2#CLASSI/LTR	con4_GATE_8#CLASSI/LTR/BELPAO	89.884	346	24	2	2171	2516	1	335	1.81e-122	435
con4_GATE_2#CLASSI/LTR	con4_GATE_3#CLASSI/LTR/BELPAO	87.681	276	7	9	2517	2792	1	249	8.92e-81	296
Gypsy-22_DY-I#CLASSI/LTR	Gypsy-22_DY_1#CLASSI/LTR/GYPSY	100.000	3573	0	0	1	3573	1	3573	0.0	6599
Gypsy-22_DY-I#CLASSI/LTR	Gypsy-22_DY_2#CLASSI/LTR/GYPSY	97.897	2425	31	6	757	3161	6523	4099	0.0	4178
con17_rover#CLASSI/LTR/GYPSY	con17_rover_1#CLASSI/LTR/BELPAO	100.000	6851	0	0	1	6851	1	6851	0.0	12652
con12_UnFmcl011_RLX-incomp_2#CLASSI/LTR/GYPSY	con12_UnFmcl011_RLX-incomp_2#CLASSI/LTR/GYPSY	100.000	3167	0	0	1	3167	1	3167	0.0	5849
I-1_DYa#CLASSI/LINE/I	I-1_DYa_1#CLASSI/LINE/I	100.000	5335	0	0	1	5335	1	5335	0.0	9852
Gypsy19-I_Dya#CLASSI/LTR	Gypsy19_Dya_1#CLASSI/LTR/GYPSY	100.000	738	0	0	1	738	1	738	0.0	1363
Gypsy19-I_Dya#CLASSI/LTR	Gypsy19_Dya_2#CLASSI/LTR/GYPSY	94.444	450	14	10	7	447	827	380	0.0	682
Gypsy-4_DSim-I#CLASSI/LTR	NF-GYPSY-511_1#CLASSI/LTR/GYPSY	100.000	524	0	0	1	524	328	851	0.0	968
BEL1-I_Dya_2_2#CLASSII/HELITRON	BEL1_Dya_3#CLASSI/LTR/BELPAO	100.000	665	0	0	1	665	1	665	0.0	1229
BEL1-I_Dya_2_2#CLASSII/HELITRON	BEL1_Dya_2#CLASSI/LTR/BELPAO	86.028	637	41	27	47	665	8178	7572	0.0	640
BEL1-I_Dya_2_2#CLASSII/HELITRON	BEL1_Dya_1#CLASSI/LTR/BELPAO	92.647	272	11	6	1	265	270	1	1.41e-107	383
R1-3_DYa_2#CLASSI/LINE/R1	R1-3_DYa_1#CLASSI/LINE/R1	100.000	5420	0	0	1	5420	1	5420	0.0	10009
NINJA_I_2#CLASSI/LTR	NINJA_I_2#CLASSI/LTR/BELPAO	100.000	2687	0	0	1	2687	1	2687	0.0	4963
NINJA_I_2#CLASSI/LTR	NINJA_I_1#CLASSI/LTR/BELPAO	87.494	2175	161	33	602	2687	708	2860	0.0	2407
R1-1_DYa_2#CLASSI/LINE/R1	R1-1_DYa_2#CLASSI/LINE/R1	100.000	3623	0	0	1	3623	1	3623	0.0	6691
R1-1_DYa_2#CLASSI/LINE/R1	R1-1_DYa_1#CLASSI/LINE/R1	99.570	1164	5	0	2081	3244	1	1164	0.0	2122
Gypsy13-I_Dya#CLASSI/LTR/GYPSY	Gypsy13_Dya_1#CLASSI/LTR/GYPSY	100.000	7832	0	0	1	7832	1	7832	0.0	14464
BDGP_jockey2#CLASSI/LINE	BDGP_jockey2_1#CLASSI/LINE/JOCKEY	100.000	809	0	0	1	809	1	809	0.0	1495
Gypsy10-I_Dya_2#CLASSI/LTR	Gypsy10_Dya_1#CLASSI/LTR/GYPSY	100.000	3967	0	0	1	3967	1	3967	0.0	7326
Gypsy10-I_Dya_2#CLASSI/LTR	Gypsy10_Dya_2#CLASSI/LTR/GYPSY	98.431	3250	31	18	731	3967	1	3243	0.0	5701
Gypsy10-I_Dya_2_duplicate1#CLASSI/LTR/GYPSY	Gypsy10_Dya_2#CLASSI/LTR/GYPSY	100.000	8220	0	0	1	8220	1	8220	0.0	15180
Gypsy10-I_Dya_2_duplicate1#CLASSI/LTR/GYPSY	Gypsy10_Dya_1#CLASSI/LTR/GYPSY	98.431	3250	31	18	1	3243	731	3967	0.0	5701
DF0001684.1#CLASSII/TIR/P	P-1_DY_1#CLASSII/TIR/P	100.000	4232	0	0	1	4232	1	4232	0.0	7816
DF0001684.1#CLASSII/TIR/P	NF-P-8_1#CLASSII/TIR/P	98.643	1474	14	3	2765	4232	1429	2902	0.0	2606
Gypsy-29_DYa-I_duplicate1_duplicate1#CLASSI/LTR/GYPSY	Gypsy-29_DYa_1#CLASSI/LTR/GYPSY	100.000	4661	0	0	1	4661	1	4661	0.0	8608
Gypsy-24_DY-I#CLASSI/LTR	Gypsy-24_DY_1#CLASSI/LTR/GYPSY	100.000	1160	0	0	1	1160	1	1160	0.0	2117
con26_I-element#CLASSI/LINE/I	I-6_DY_1#CLASSI/LINE/I	100.000	5273	0	0	1	5273	1	5273	0.0	9738
FBte0000026#CLASSII/TIR/TC1MARINER	Minos_1#CLASSII/TIR/TC1MARINER	100.000	1172	0	0	1	1172	1	1172	0.0	2165
D.santomea_STO_CAGO_1482_RefSeq_BELPAO_12--newFamily#CLASSI/LTR/BELPAO	BDGP_rooA_1#CLASSI/LTR/BELPAO	100.000	8090	0	0	1	8090	1	8090	0.0	14940
D.santomea_STO_CAGO_1482_RefSeq_GYPSY_32--newFamily#CLASSI/LTR/GYPSY	BEL-6_DYa_1#CLASSI/LTR/BELPAO	95.025	603	8	9	5890	6490	994	412	0.0	928
D.santomea_STO_CAGO_1482_RefSeq_GYPSY_33--newFamily#CLASSI/LTR/GYPSY	Gypsy6_I_2#CLASSI/LTR/GYPSY	100.000	8130	0	0	1	8130	1	8130	0.0	15014
D.santomea_STO_CAGO_1482_RefSeq_GYPSY_33--newFamily#CLASSI/LTR/GYPSY	Gypsy6_I_1#CLASSI/LTR/GYPSY	97.703	1480	24	8	6324	7798	1	1475	0.0	2536
D.santomea_STO_CAGO_1482_RefSeq_GYPSY_33--newFamily#CLASSI/LTR/GYPSY	con21_springer_1#CLASSI/LTR/GYPSY	75.299	4097	962	43	1821	5892	1613	5684	0.0	1914
D.santomea_STO_CAGO_1482_RefSeq_GYPSY_33--newFamily#CLASSI/LTR/GYPSY	con2_gypsy10_3#CLASSI/LTR/GYPSY	82.474	97	17	0	2791	2887	751	847	7.17e-21	99.0
D.santomea_STO_CAGO_1482_RefSeq_GYPSY_33--newFamily#CLASSI/LTR/GYPSY	con2_gtwin_1#CLASSI/LTR/GYPSY	87.302	63	8	0	5828	5890	5301	5363	4.35e-13	73.1
D.santomea_STO_CAGO_1482_RefSeq_GYPSY_33--newFamily#CLASSI/LTR/GYPSY	con3_gypsy_1#CLASSI/LTR/GYPSY	86.792	53	7	0	5830	5882	3933	3985	3.38e-09	60.2
D.santomea_STO_CAGO_1482_RefSeq_GYPSY_33--newFamily#CLASSI/LTR/GYPSY	con2_gypsy10_2#CLASSI/LTR/GYPSY	96.774	31	1	0	3976	4006	3528	3558	5.66e-07	52.8
D.santomea_STO_CAGO_1482_RefSeq_GYPSY_34--newFamily#CLASSI/LTR/GYPSY	Gypsy14_Dya_1#CLASSI/LTR/GYPSY	100.000	5479	0	0	1	5479	1	5479	0.0	10118
D.santomea_STO_CAGO_1482_RefSeq_GYPSY_35--newFamily#CLASSI/LTR/GYPSY	NF-GYPSY-413_1#CLASSI/LTR/GYPSY	100.000	4846	0	0	1	4846	1	4846	0.0	8949
D.santomea_STO_CAGO_1482_RefSeq_COPIA_2--newFamily#CLASSI/LTR/COPIA	NF-COPIA-7_1#CLASSI/LTR/COPIA	100.000	5368	0	0	1	5368	1	5368	0.0	9913
D.santomea_STO_CAGO_1482_RefSeq_GYPSY_37--newFamily#CLASSI/LTR/GYPSY	NF-GYPSY-319_1#CLASSI/LTR/GYPSY	100.000	5524	0	0	1	5524	1	5524	0.0	10202
D.santomea_STO_CAGO_1482_RefSeq_GYPSY_38--newFamily#CLASSI/LTR/GYPSY	NF-GYPSY-116_1#CLASSI/LTR/GYPSY	100.000	8143	0	0	1	8143	1	8143	0.0	15038
D.santomea_STO_CAGO_1482_RefSeq_GYPSY_39--newFamily#CLASSI/LTR/GYPSY	NF-GYPSY-21_1#CLASSI/LTR/GYPSY	100.000	8449	0	0	1	8449	1143	9591	0.0	15603
D.santomea_STO_CAGO_1482_RefSeq_LARD_1--newFamily#CLASSI/LTR/LARD	BEL1_Dya_2#CLASSI/LTR/BELPAO	79.749	479	53	16	1	441	2944	3416	3.71e-84	307
D.santomea_STO_CAGO_1482_RefSeq_JOCKEY_9--newFamily#CLASSI/LINE/JOCKEY	Doc2-element_1#CLASSI/LINE/JOCKEY	97.036	1518	41	4	300	1816	2658	4172	0.0	2551
D.santomea_STO_CAGO_1482_RefSeq_JOCKEY_9--newFamily#CLASSI/LINE/JOCKEY	Doc2-element_2#CLASSI/LINE/JOCKEY	93.874	1518	49	19	300	1816	2612	4086	0.0	2248
D.santomea_STO_CAGO_1482_RefSeq_JOCKEY_10--newFamily#CLASSI/LINE/JOCKEY	con5_Cr1a_1#CLASSI/LINE/CR1	94.512	656	24	3	492	1136	3524	4178	0.0	1002
D.santomea_STO_CAGO_1482_RefSeq_P_2--newFamily#CLASSII/TIR/P	NF-P-8_1#CLASSII/TIR/P	100.000	2902	0	0	1	2902	1	2902	0.0	5360
D.santomea_STO_CAGO_1482_RefSeq_P_2--newFamily#CLASSII/TIR/P	P-1_DY_1#CLASSII/TIR/P	98.643	1474	14	3	1429	2902	2765	4232	0.0	2606
D.santomea_STO_CAGO_1482_RefSeq_MITE_1--newFamily#CLASSII/MITE	NF-MITE-384_1#CLASSII/MITE	100.000	1030	0	0	1	1030	1	1030	0.0	1903
D.santomea_STO_CAGO_1482_RefSeq_GYPSY_41--newFamily#CLASSI/LTR/GYPSY	NF-GYPSY-316_1#CLASSI/LTR/GYPSY	100.000	5540	0	0	1	5540	1	5540	0.0	10231
D.santomea_STO_CAGO_1482_RefSeq_GYPSY_42--newFamily#CLASSI/LTR/GYPSY	NF-GYPSY-181_1#CLASSI/LTR/GYPSY	100.000	7365	0	0	1	7365	1	7365	0.0	13601
D.santomea_STO_CAGO_1482_RefSeq_GYPSY_42--newFamily#CLASSI/LTR/GYPSY	con7_Stalker4_1#CLASSI/LTR/GYPSY	78.537	410	65	21	6864	7260	6816	7215	6.09e-66	248
D.santomea_STO_CAGO_1482_RefSeq_GYPSY_42--newFamily#CLASSI/LTR/GYPSY	NF-GYPSY-517_1#CLASSI/LTR/GYPSY	82.727	220	28	8	6961	7176	66	279	1.35e-47	187
D.santomea_STO_CAGO_1482_RefSeq_GYPSY_42--newFamily#CLASSI/LTR/GYPSY	con45_Tabor_3#CLASSI/LTR/GYPSY	95.000	40	2	0	598	637	811	850	2.37e-10	63.9
D.santomea_STO_CAGO_1482_RefSeq_GYPSY_42--newFamily#CLASSI/LTR/GYPSY	con45_Tabor_1#CLASSI/LTR/GYPSY	95.000	40	2	0	598	637	764	803	2.37e-10	63.9
D.santomea_STO_CAGO_1482_RefSeq_LOA_1--newFamily#CLASSI/LINE/LOA	NF-LINE-36_1#CLASSI/LINE	100.000	2862	0	0	21	2882	1	2862	0.0	5286
D.santomea_STO_CAGO_1482_RefSeq_LOA_1--newFamily#CLASSI/LINE/LOA	NF-LINE-36_2#CLASSI/LINE	92.417	2611	97	28	369	2882	1	2607	0.0	3631
D.santomea_STO_CAGO_1482_RefSeq_LOA_1--newFamily#CLASSI/LINE/LOA	NF-LINE-27_1#CLASSI/LINE	89.789	2321	120	32	20	2235	2130	4438	0.0	2865
D.santomea_STO_CAGO_1482_RefSeq_LOA_1--newFamily#CLASSI/LINE/LOA	NF-LINE-27_2#CLASSI/LINE	93.688	1410	53	10	20	1396	1827	3233	0.0	2078
D.santomea_STO_CAGO_1482_RefSeq_LOA_2--newFamily#CLASSI/LINE/LOA	NF-LINE-36_2#CLASSI/LINE	100.000	2864	0	0	3	2866	1	2864	0.0	5289
D.santomea_STO_CAGO_1482_RefSeq_LOA_2--newFamily#CLASSI/LINE/LOA	NF-LINE-36_1#CLASSI/LINE	92.420	2612	99	28	1	2609	347	2862	0.0	3635
D.santomea_STO_CAGO_1482_RefSeq_LOA_2--newFamily#CLASSI/LINE/LOA	NF-LINE-27_1#CLASSI/LINE	96.319	1956	45	18	1	1945	2499	4438	0.0	3188
D.santomea_STO_CAGO_1482_RefSeq_LOA_2--newFamily#CLASSI/LINE/LOA	NF-LINE-27_2#CLASSI/LINE	94.815	1080	33	8	1	1077	2174	3233	0.0	1663
D.santomea_STO_CAGO_1482_RefSeq_GYPSY_43--newFamily#CLASSI/LTR/GYPSY	NF-GYPSY-42_1#CLASSI/LTR/GYPSY	100.000	10052	0	0	1	10052	1	10052	0.0	18563
D.santomea_STO_CAGO_1482_RefSeq_RTE_2--newFamily#CLASSI/LINE/RTE	RTE-1_DSa_1#CLASSI/LINE/RTE	95.937	886	26	8	937	1821	361	1237	0.0	1428
D.santomea_STO_CAGO_1482_RefSeq_RTE_2--newFamily#CLASSI/LINE/RTE	RTE-1_DSa_4#CLASSI/LINE/RTE	93.341	886	56	3	937	1821	1550	667	0.0	1306
D.santomea_STO_CAGO_1482_RefSeq_RTE_2--newFamily#CLASSI/LINE/RTE	RTE-1_DSa_3#CLASSI/LINE/RTE	95.609	706	21	8	1117	1821	200	896	0.0	1123
D.santomea_STO_CAGO_1482_RefSeq_RTE_2--newFamily#CLASSI/LINE/RTE	RTE-1_DSa_5#CLASSI/LINE/RTE	88.310	864	96	4	955	1817	3066	2207	0.0	1031
D.santomea_STO_CAGO_1482_RefSeq_RTE_2--newFamily#CLASSI/LINE/RTE	RTE-1_DSa_2#CLASSI/LINE/RTE	89.855	621	59	3	937	1556	183	800	0.0	795
D.santomea_STO_CAGO_1482_RefSeq_RTE_2--newFamily#CLASSI/LINE/RTE	NF-GYPSY-42_1#CLASSI/LTR/GYPSY	84.596	396	39	15	1	377	9616	10008	4.78e-104	374
D.santomea_STO_CAGO_1482_RefSeq_BELPAO_13--newFamily#CLASSI/LTR/BELPAO	con4_GATE_2#CLASSI/LTR/BELPAO	91.586	2876	111	34	2719	5500	1	2839	0.0	3849
D.santomea_STO_CAGO_1482_RefSeq_BELPAO_13--newFamily#CLASSI/LTR/BELPAO	con4_GATE_6#CLASSI/LTR/BELPAO	92.825	2690	97	20	2896	5500	1	2679	0.0	3810
D.santomea_STO_CAGO_1482_RefSeq_BELPAO_13--newFamily#CLASSI/LTR/BELPAO	con4_GATE_7#CLASSI/LTR/BELPAO	91.123	1746	101	11	3782	5500	1	1719	0.0	2316
D.santomea_STO_CAGO_1482_RefSeq_BELPAO_13--newFamily#CLASSI/LTR/BELPAO	con4_GATE_5#CLASSI/LTR/BELPAO	96.745	768	24	1	5833	6599	707	1474	0.0	1279
D.santomea_STO_CAGO_1482_RefSeq_BELPAO_13--newFamily#CLASSI/LTR/BELPAO	con4_GATE_4#CLASSI/LTR/BELPAO	96.615	768	25	1	5833	6599	882	1649	0.0	1273
D.santomea_STO_CAGO_1482_RefSeq_BELPAO_13--newFamily#CLASSI/LTR/BELPAO	con4_GATE_9#CLASSI/LTR/BELPAO	96.484	768	26	1	5833	6599	1036	1803	0.0	1267
D.santomea_STO_CAGO_1482_RefSeq_BELPAO_13--newFamily#CLASSI/LTR/BELPAO	con4_GATE_8#CLASSI/LTR/BELPAO	94.886	743	37	1	5858	6599	945	1687	0.0	1160
D.santomea_STO_CAGO_1482_RefSeq_BELPAO_13--newFamily#CLASSI/LTR/BELPAO	con4_GATE_3#CLASSI/LTR/BELPAO	86.031	766	39	15	5833	6597	470	1168	0.0	760
D.santomea_STO_CAGO_1482_RefSeq_BELPAO_13--newFamily#CLASSI/LTR/BELPAO	con4_GATE_1#CLASSI/LTR/BELPAO	87.467	375	46	1	1176	1549	1	375	3.22e-123	438
D.santomea_STO_CAGO_1482_RefSeq_GYPSY_44--newFamily#CLASSI/LTR/GYPSY	NF-GYPSY-497_1#CLASSI/LTR/GYPSY	96.600	1147	19	8	6539	7676	411	1546	0.0	1884
D.santomea_STO_CAGO_1482_RefSeq_MITE_2--newFamily#CLASSII/MITE	NF-MITE-351_1#CLASSII/MITE	100.000	1063	0	0	1	1063	1	1063	0.0	1964
D.santomea_STO_CAGO_1482_RefSeq_R1_6--newFamily#CLASSI/LINE/R1	NF-R1-64_1#CLASSI/LINE/R1	100.000	4664	0	0	1	4664	1	4664	0.0	8613
D.santomea_STO_CAGO_1482_RefSeq_LOA_3--newFamily#CLASSI/LINE/LOA	NF-LINE-27_2#CLASSI/LINE	100.000	3233	0	0	1	3233	1	3233	0.0	5971
D.santomea_STO_CAGO_1482_RefSeq_LOA_3--newFamily#CLASSI/LINE/LOA	NF-LINE-27_1#CLASSI/LINE	91.889	4204	183	39	1	4058	247	4438	0.0	5729
D.santomea_STO_CAGO_1482_RefSeq_LOA_3--newFamily#CLASSI/LINE/LOA	NF-LINE-36_1#CLASSI/LINE	92.971	2575	97	20	1828	4359	1	2534	0.0	3675
D.santomea_STO_CAGO_1482_RefSeq_LOA_3--newFamily#CLASSI/LINE/LOA	NF-LINE-36_2#CLASSI/LINE	92.766	2267	76	24	2176	4359	1	2262	0.0	3197
D.santomea_STO_CAGO_1482_RefSeq_LOA_4--newFamily#CLASSI/LINE/LOA	NF-LINE-36_2#CLASSI/LINE	93.417	1519	73	12	1265	2765	1350	2859	0.0	2226
D.santomea_STO_CAGO_1482_RefSeq_LOA_4--newFamily#CLASSI/LINE/LOA	NF-LINE-27_1#CLASSI/LINE	92.572	1279	72	12	1	1266	2065	3333	0.0	1814
D.santomea_STO_CAGO_1482_RefSeq_LOA_4--newFamily#CLASSI/LINE/LOA	NF-LINE-27_2#CLASSI/LINE	89.843	1270	82	21	1	1266	1762	2988	0.0	1587
D.santomea_STO_CAGO_1482_RefSeq_LOA_4--newFamily#CLASSI/LINE/LOA	NF-LINE-36_1#CLASSI/LINE	88.748	1262	100	16	1265	2511	1628	2862	0.0	1506
D.santomea_STO_CAGO_1482_RefSeq_JOCKEY_11--newFamily#CLASSI/LINE/JOCKEY	Jockey-2_DBi_1#CLASSI/LINE/JOCKEY	100.000	4780	0	0	1	4780	1	4780	0.0	8828
D.santomea_STO_CAGO_1482_RefSeq_RTE_3--newFamily#CLASSI/LINE/RTE	RTE-1_DSa_5#CLASSI/LINE/RTE	100.000	3064	0	0	1	3064	4	3067	0.0	5659
D.santomea_STO_CAGO_1482_RefSeq_RTE_3--newFamily#CLASSI/LINE/RTE	RTE-1_DSa_3#CLASSI/LINE/RTE	88.658	2936	274	37	1	2902	3110	200	0.0	3522
D.santomea_STO_CAGO_1482_RefSeq_RTE_3--newFamily#CLASSI/LINE/RTE	RTE-1_DSa_1#CLASSI/LINE/RTE	88.482	2648	244	53	422	3064	2967	376	0.0	3144
D.santomea_STO_CAGO_1482_RefSeq_RTE_3--newFamily#CLASSI/LINE/RTE	RTE-1_DSa_4#CLASSI/LINE/RTE	91.270	1535	123	5	1529	3058	1	1529	0.0	2082
D.santomea_STO_CAGO_1482_RefSeq_RTE_3--newFamily#CLASSI/LINE/RTE	RTE-1_DSa_2#CLASSI/LINE/RTE	94.536	604	28	3	2465	3064	800	198	0.0	928
D.santomea_STO_CAGO_1482_RefSeq_LARD_2--newFamily#CLASSI/LTR/LARD	BEL1_Dya_2#CLASSI/LTR/BELPAO	83.761	234	19	10	327	541	772	1005	4.94e-53	204
D.santomea_STO_CAGO_1482_RefSeq_GYPSY_45--newFamily#CLASSI/LTR/GYPSY	NF-GYPSY-105_1#CLASSI/LTR/GYPSY	100.000	8389	0	0	1	8389	1	8389	0.0	15492
D.santomea_STO_CAGO_1482_RefSeq_GYPSY_46--newFamily#CLASSI/LTR/GYPSY	con2_gypsy10_2#CLASSI/LTR/GYPSY	100.000	7339	0	0	1	7339	1	7339	0.0	13553
D.santomea_STO_CAGO_1482_RefSeq_GYPSY_46--newFamily#CLASSI/LTR/GYPSY	con2_gypsy10_3#CLASSI/LTR/GYPSY	82.119	1057	167	15	1601	2642	1	1050	0.0	989
D.santomea_STO_CAGO_1482_RefSeq_GYPSY_46--newFamily#CLASSI/LTR/GYPSY	con2_gypsy10_1#CLASSI/LTR/GYPSY	87.123	497	37	17	466	946	1	486	3.22e-153	538
D.santomea_STO_CAGO_1482_RefSeq_GYPSY_46--newFamily#CLASSI/LTR/GYPSY	Gypsy6_I_2#CLASSI/LTR/GYPSY	96.774	31	1	0	3528	3558	3976	4006	5.11e-07	52.8
D.santomea_STO_CAGO_1482_RefSeq_HELITRON_5--newFamily#CLASSII/HELITRON	Helitron-2_DRh_1#CLASSII/HELITRON	98.435	575	7	1	4361	4935	195	767	0.0	1011
D.santomea_STO_CAGO_1482_RefSeq_HELITRON_5--newFamily#CLASSII/HELITRON	DNAREP1_DYak_1#CLASSII/HELITRON	87.037	378	37	10	156	531	132	499	2.27e-116	416
D.santomea_STO_CAGO_1482_RefSeq_HELITRON_5--newFamily#CLASSII/HELITRON	DNAREP1_DSim_1#CLASSII/HELITRON	89.431	123	3	3	1	113	40	162	3.28e-35	147
D.santomea_STO_CAGO_1482_RefSeq_GYPSY_47--newFamily#CLASSI/LTR/GYPSY	Gypsy-22_DY_2#CLASSI/LTR/GYPSY	100.000	8465	0	0	1	8465	1	8465	0.0	15633
D.santomea_STO_CAGO_1482_RefSeq_GYPSY_47--newFamily#CLASSI/LTR/GYPSY	Gypsy-22_DY_1#CLASSI/LTR/GYPSY	97.897	2425	31	6	4099	6523	3161	757	0.0	4178
D.santomea_STO_CAGO_1482_RefSeq_LOA_5--newFamily#CLASSI/LINE/LOA	NF-LINE-36_2#CLASSI/LINE	93.842	1023	48	6	1111	2122	431	1449	0.0	1526
D.santomea_STO_CAGO_1482_RefSeq_LOA_5--newFamily#CLASSI/LINE/LOA	NF-LINE-27_1#CLASSI/LINE	90.936	1026	64	18	1111	2122	2933	3943	0.0	1352
D.santomea_STO_CAGO_1482_RefSeq_LOA_5--newFamily#CLASSI/LINE/LOA	NF-LINE-36_1#CLASSI/LINE	89.832	1013	77	14	1111	2122	741	1728	0.0	1277
D.santomea_STO_CAGO_1482_RefSeq_LOA_5--newFamily#CLASSI/LINE/LOA	NF-LINE-27_2#CLASSI/LINE	85.440	1147	81	36	35	1107	1360	2494	0.0	1114
D.santomea_STO_CAGO_1482_RefSeq_R1_7--newFamily#CLASSI/LINE/R1	NF-LINE-27_1#CLASSI/LINE	100.000	4438	0	0	1	4438	1	4438	0.0	8196
D.santomea_STO_CAGO_1482_RefSeq_R1_7--newFamily#CLASSI/LINE/R1	NF-LINE-27_2#CLASSI/LINE	92.004	3339	151	30	247	3575	1	3233	0.0	4580
D.santomea_STO_CAGO_1482_RefSeq_R1_7--newFamily#CLASSI/LINE/R1	NF-LINE-36_2#CLASSI/LINE	96.315	1954	45	18	2501	4438	1	1943	0.0	3184
D.santomea_STO_CAGO_1482_RefSeq_R1_7--newFamily#CLASSI/LINE/R1	NF-LINE-36_1#CLASSI/LINE	89.784	2320	120	32	2131	4438	1	2215	0.0	2863
Gypsy-1_DSim-I_duplicate1#CLASSI/LTR	Gypsy-1_DSim_3#CLASSI/LTR/GYPSY	100.000	536	0	0	1	536	1	536	0.0	990
Gypsy-1_DSim-I_duplicate1#CLASSI/LTR	Gypsy-1_DSim_2#CLASSI/LTR/GYPSY	95.340	515	14	6	1	505	17	531	0.0	809
Gypsy-1_DSim-I_duplicate1#CLASSI/LTR	Gypsy-1_DSim_1#CLASSI/LTR/GYPSY	94.358	514	17	8	2	505	5130	5641	0.0	778
DNAREP1_DYak#CLASSI/LTR/GYPSY	DNAREP1_DYak_1#CLASSII/HELITRON	87.928	497	17	21	131	619	499	38	1.58e-156	545
DNAREP1_DYak#CLASSI/LTR/GYPSY	DNAREP1_DSim_1#CLASSII/HELITRON	96.809	94	3	0	526	619	162	69	8.63e-40	158
DNAREP1_DYak#CLASSI/LTR/GYPSY	BEL-6_DYa_1#CLASSI/LTR/BELPAO	94.030	67	3	1	553	619	1	66	1.47e-22	100
DNAREP1_DYak#CLASSI/LTR/GYPSY	Gypsy20_Dya_1#CLASSI/LTR/GYPSY	98.148	54	1	0	555	608	7000	7053	6.86e-21	95.3
con10_Idefix_duplicate1#CLASSI/LTR/GYPSY	con10_Idefix_1#CLASSI/LTR/GYPSY	86.429	280	38	0	1	280	3637	3916	1.02e-95	342
con4_GATE_2_duplicate1#CLASSI/LTR/BELPAO	con4_GATE_6#CLASSI/LTR/BELPAO	100.000	3188	0	0	1	3188	87	3274	0.0	5888
con4_GATE_2_duplicate1#CLASSI/LTR/BELPAO	con4_GATE_2#CLASSI/LTR/BELPAO	96.066	2847	67	10	2	2840	264	3073	0.0	4595
con4_GATE_2_duplicate1#CLASSI/LTR/BELPAO	con4_GATE_7#CLASSI/LTR/BELPAO	93.851	2342	88	11	856	3188	1	2295	0.0	3476
con4_GATE_2_duplicate1#CLASSI/LTR/BELPAO	con4_GATE_9#CLASSI/LTR/BELPAO	97.688	1211	18	5	1987	3188	1	1210	0.0	2073
con4_GATE_2_duplicate1#CLASSI/LTR/BELPAO	con4_GATE_4#CLASSI/LTR/BELPAO	98.302	1060	12	5	2131	3188	1	1056	0.0	1853
con4_GATE_2_duplicate1#CLASSI/LTR/BELPAO	con4_GATE_5#CLASSI/LTR/BELPAO	92.553	940	10	37	2250	3188	1	881	0.0	1293
con4_GATE_2_duplicate1#CLASSI/LTR/BELPAO	con4_GATE_8#CLASSI/LTR/BELPAO	89.339	666	19	4	2525	3188	479	1094	0.0	789
con4_GATE_2_duplicate1#CLASSI/LTR/BELPAO	con4_GATE_3#CLASSI/LTR/BELPAO	90.909	253	22	1	2910	3161	365	617	1.52e-93	339
con7_Stalker4_duplicate1#CLASSI/LTR/GYPSY	NF-GYPSY-517_1#CLASSI/LTR/GYPSY	100.000	433	0	0	1	433	1	433	0.0	800
con7_Stalker4_duplicate1#CLASSI/LTR/GYPSY	NF-GYPSY-490_1#CLASSI/LTR/GYPSY	95.531	179	4	3	255	432	1	176	9.43e-78	283
con7_Stalker4_duplicate1#CLASSI/LTR/GYPSY	con7_Stalker4_1#CLASSI/LTR/GYPSY	80.548	365	62	8	10	368	1	362	2.04e-74	272
con7_Stalker4_duplicate1#CLASSI/LTR/GYPSY	NF-GYPSY-181_1#CLASSI/LTR/GYPSY	86.550	171	21	1	109	279	8	176	7.61e-49	187
DNAREP1_DSim#CLASSII/HELITRON	DNAREP1_DYak_1#CLASSII/HELITRON	91.715	519	10	14	1	518	13	499	0.0	695
DNAREP1_DSim#CLASSII/HELITRON	DNAREP1_DSim_1#CLASSII/HELITRON	100.000	120	0	0	1	120	43	162	3.25e-59	222
DNAREP1_DSim#CLASSII/HELITRON	Gypsy20_Dya_1#CLASSI/LTR/GYPSY	86.713	143	0	7	86	228	124	1	9.35e-35	141
DNAREP1_DSim#CLASSII/HELITRON	BEL-6_DYa_1#CLASSI/LTR/BELPAO	90.110	91	8	1	3	93	90	1	1.58e-27	117
DNAREP1_DSim#CLASSII/HELITRON	Gypsy-4_DSe_2#CLASSI/LTR/GYPSY	96.552	58	2	0	84	141	1981	2038	2.05e-21	97.1
DNAREP1_DSim#CLASSII/HELITRON	Gypsy-4_DSe_1#CLASSI/LTR/GYPSY	83.810	105	2	12	159	257	627	722	4.45e-18	86.1
R1-4_DYa#CLASSI/LINE/R1	NF-R1-64_1#CLASSI/LINE/R1	99.310	1159	8	0	396	1554	1	1159	0.0	2097
R1-4_DYa#CLASSI/LINE/R1	R1-1_DYa_2#CLASSI/LINE/R1	89.583	144	15	0	83	226	406	549	3.67e-47	183
D.santomea_STO_CAGO_1482_RefSeq_MAVERICK_2--newFamily#CLASSII/MAVERICK	NF-MAVERICK-7_2#CLASSII/MAVERICK	97.107	1348	34	2	1	1348	7392	6050	0.0	2268
D.santomea_STO_CAGO_1482_RefSeq_MAVERICK_2--newFamily#CLASSII/MAVERICK	Polinton-1_DY_2#CLASSII/MAVERICK	96.884	1348	38	1	1	1348	2665	1322	0.0	2254
D.santomea_STO_CAGO_1482_RefSeq_MITE_3--newFamily#CLASSII/MITE	DNAREP1_DYak_1#CLASSII/HELITRON	85.285	333	22	9	166	475	143	471	2.93e-88	318
D.santomea_STO_CAGO_1482_RefSeq_MITE_3--newFamily#CLASSII/MITE	DNAREP1_DSim_1#CLASSII/HELITRON	99.174	121	1	0	1	121	42	162	3.06e-58	219
D.santomea_STO_CAGO_1482_RefSeq_MITE_3--newFamily#CLASSII/MITE	BEL-6_DYa_1#CLASSI/LTR/BELPAO	91.209	91	7	1	4	94	90	1	2.46e-29	122
D.santomea_STO_CAGO_1482_RefSeq_MITE_3--newFamily#CLASSII/MITE	Gypsy20_Dya_1#CLASSI/LTR/GYPSY	91.781	73	4	2	87	159	124	54	1.15e-22	100
D.santomea_STO_CAGO_1482_RefSeq_MITE_3--newFamily#CLASSII/MITE	Gypsy-4_DSe_2#CLASSI/LTR/GYPSY	93.103	58	3	1	85	141	1981	2038	1.16e-17	84.2
D.santomea_STO_CAGO_1482_RefSeq_GYPSY_52--newFamily#CLASSI/LTR/GYPSY	Gypsy-23_DY_1#CLASSI/LTR/GYPSY	85.694	713	70	19	16	713	696	1	0.0	723
D.santomea_STO_CAGO_1482_RefSeq_GYPSY_52--newFamily#CLASSI/LTR/GYPSY	con4_GATE_6#CLASSI/LTR/BELPAO	94.152	171	5	5	6228	6393	36	206	3.19e-68	255
D.santomea_STO_CAGO_1482_RefSeq_GYPSY_52--newFamily#CLASSI/LTR/GYPSY	con4_GATE_2#CLASSI/LTR/BELPAO	94.805	154	4	3	6084	6234	1	153	1.16e-62	237
D.santomea_STO_CAGO_1482_RefSeq_MITE_4--newFamily#CLASSII/MITE	con48_roo_1#CLASSI/LTR/BELPAO	100.000	427	0	0	1	427	501	927	0.0	789
D.santomea_STO_CAGO_1482_RefSeq_GYPSY_54--newFamily#CLASSI/LTR/GYPSY	con20_HMS-Beagle_1#CLASSI/LTR/GYPSY	74.950	1505	356	19	3076	4568	3365	4860	0.0	671
D.santomea_STO_CAGO_1482_RefSeq_HELITRON_8--newFamily#CLASSII/HELITRON	DNAREP1_DYak_1#CLASSII/HELITRON	94.615	260	10	3	2398	2657	398	143	6.10e-112	399
D.santomea_STO_CAGO_1482_RefSeq_HELITRON_8--newFamily#CLASSII/HELITRON	DNAREP1_DSim_1#CLASSII/HELITRON	97.692	130	3	0	2703	2832	162	33	3.94e-59	224
D.santomea_STO_CAGO_1482_RefSeq_HELITRON_8--newFamily#CLASSII/HELITRON	Gypsy20_Dya_1#CLASSI/LTR/GYPSY	92.857	84	4	2	2582	2665	1	82	5.32e-28	121
D.santomea_STO_CAGO_1482_RefSeq_HELITRON_8--newFamily#CLASSII/HELITRON	Gypsy-4_DSe_2#CLASSI/LTR/GYPSY	96.552	58	2	0	2682	2739	2038	1981	8.96e-21	97.1
D.santomea_STO_CAGO_1482_RefSeq_HELITRON_8--newFamily#CLASSII/HELITRON	Gypsy-4_DSe_1#CLASSI/LTR/GYPSY	92.857	56	1	3	2590	2645	686	634	3.24e-15	78.7
D.santomea_STO_CAGO_1482_RefSeq_HELITRON_9--newFamily#CLASSII/HELITRON	Helitron-2_DRh_1#CLASSII/HELITRON	91.827	208	15	1	598	803	1	208	1.06e-80	294
D.santomea_STO_CAGO_1482_RefSeq_HELITRON_10--newFamily#CLASSII/HELITRON	DNAREP1_DYak_1#CLASSII/HELITRON	87.574	507	32	16	7112	7597	3	499	2.88e-159	558
D.santomea_STO_CAGO_1482_RefSeq_HELITRON_10--newFamily#CLASSII/HELITRON	DNAREP1_DSim_1#CLASSII/HELITRON	94.074	135	7	1	7108	7241	28	162	1.56e-52	204
D.santomea_STO_CAGO_1482_RefSeq_HELITRON_11--newFamily#CLASSII/HELITRON	DNAREP1_DYak_1#CLASSII/HELITRON	86.837	509	25	23	1285	1774	3	488	2.89e-151	531
D.santomea_STO_CAGO_1482_RefSeq_HELITRON_11--newFamily#CLASSII/HELITRON	DNAREP1_DSim_1#CLASSII/HELITRON	94.615	130	6	1	1008	1136	33	162	9.25e-52	200
D.santomea_STO_CAGO_1482_RefSeq_HELITRON_11--newFamily#CLASSII/HELITRON	Gypsy20_Dya_1#CLASSI/LTR/GYPSY	91.667	132	3	5	1374	1505	124	1	1.56e-44	176
D.santomea_STO_CAGO_1482_RefSeq_HELITRON_11--newFamily#CLASSII/HELITRON	NF-GYPSY-21_1#CLASSI/LTR/GYPSY	86.228	167	15	4	831	990	1309	1144	5.60e-44	174
D.santomea_STO_CAGO_1482_RefSeq_HELITRON_11--newFamily#CLASSII/HELITRON	Gypsy-4_DSe_2#CLASSI/LTR/GYPSY	94.828	58	3	0	1100	1157	1981	2038	5.81e-19	91.6
D.santomea_STO_CAGO_1482_RefSeq_HELITRON_11--newFamily#CLASSII/HELITRON	Gypsy-4_DSe_1#CLASSI/LTR/GYPSY	82.787	122	2	15	1100	1220	584	687	5.81e-19	91.6
D.santomea_STO_CAGO_1482_RefSeq_HELITRON_11--newFamily#CLASSII/HELITRON	BEL-6_DYa_1#CLASSI/LTR/BELPAO	89.855	69	4	3	1315	1381	68	1	2.70e-17	86.1
D.santomea_STO_CAGO_1482_RefSeq_HELITRON_12--newFamily#CLASSII/HELITRON	DNAREP1_DYak_1#CLASSII/HELITRON	86.740	362	35	10	799	1151	22	379	1.73e-109	390
D.santomea_STO_CAGO_1482_RefSeq_HELITRON_12--newFamily#CLASSII/HELITRON	Gypsy20_Dya_1#CLASSI/LTR/GYPSY	94.048	84	3	2	905	988	82	1	5.39e-30	126
D.santomea_STO_CAGO_1482_RefSeq_HELITRON_12--newFamily#CLASSII/HELITRON	DNAREP1_DSim_1#CLASSII/HELITRON	100.000	64	0	0	799	862	52	115	9.02e-28	119
D.santomea_STO_CAGO_1482_RefSeq_HELITRON_12--newFamily#CLASSII/HELITRON	Gypsy-4_DSe_1#CLASSI/LTR/GYPSY	84.762	105	2	12	918	1017	627	722	5.47e-20	93.5
D.santomea_STO_CAGO_1482_RefSeq_HELITRON_13--newFamily#CLASSII/HELITRON	DNAREP1_DYak_1#CLASSII/HELITRON	91.743	436	12	15	4	436	6	420	2.84e-168	584
D.santomea_STO_CAGO_1482_RefSeq_HELITRON_13--newFamily#CLASSII/HELITRON	DNAREP1_DSim_1#CLASSII/HELITRON	97.692	130	3	0	1	130	33	162	7.13e-60	224
D.santomea_STO_CAGO_1482_RefSeq_HELITRON_13--newFamily#CLASSII/HELITRON	Gypsy20_Dya_1#CLASSI/LTR/GYPSY	87.857	140	1	12	96	235	124	1	1.23e-37	150
D.santomea_STO_CAGO_1482_RefSeq_HELITRON_13--newFamily#CLASSII/HELITRON	Gypsy-4_DSe_1#CLASSI/LTR/GYPSY	85.714	105	1	12	165	264	627	722	4.51e-22	99.0
D.santomea_STO_CAGO_1482_RefSeq_HELITRON_13--newFamily#CLASSII/HELITRON	Gypsy-4_DSe_2#CLASSI/LTR/GYPSY	94.828	58	3	0	94	151	1981	2038	7.54e-20	91.6
D.santomea_STO_CAGO_1482_RefSeq_LARD_3--newFamily#CLASSI/LTR/LARD	DNAREP1_DYak_1#CLASSII/HELITRON	91.837	490	13	11	751	1239	2	465	0.0	658
D.santomea_STO_CAGO_1482_RefSeq_LARD_3--newFamily#CLASSI/LTR/LARD	DNAREP1_DSim_1#CLASSII/HELITRON	100.000	128	0	0	754	881	35	162	2.19e-63	237
D.santomea_STO_CAGO_1482_RefSeq_LARD_3--newFamily#CLASSI/LTR/LARD	Gypsy20_Dya_1#CLASSI/LTR/GYPSY	96.429	84	1	2	29	112	82	1	2.29e-33	137
D.santomea_STO_CAGO_1482_RefSeq_LARD_3--newFamily#CLASSI/LTR/LARD	BEL-6_DYa_1#CLASSI/LTR/BELPAO	90.110	91	8	1	764	854	90	1	2.98e-27	117
D.santomea_STO_CAGO_1482_RefSeq_LARD_3--newFamily#CLASSI/LTR/LARD	Gypsy-4_DSe_1#CLASSI/LTR/GYPSY	84.615	104	4	9	920	1019	627	722	5.02e-20	93.5
D.santomea_STO_CAGO_1482_RefSeq_LARD_3--newFamily#CLASSI/LTR/LARD	Gypsy-4_DSe_2#CLASSI/LTR/GYPSY	94.828	58	3	0	845	902	1981	2038	1.81e-19	91.6
D.santomea_STO_CAGO_1482_RefSeq_MAVERICK_3--newFamily#CLASSII/MAVERICK	NF-MAVERICK-7_1#CLASSII/MAVERICK	100.000	5622	0	0	1	5622	1	5622	0.0	10382
D.santomea_STO_CAGO_1482_RefSeq_MAVERICK_3--newFamily#CLASSII/MAVERICK	NF-MAVERICK-7_2#CLASSII/MAVERICK	98.596	4773	25	10	1	4768	4736	1	0.0	8405
D.santomea_STO_CAGO_1482_RefSeq_MAVERICK_3--newFamily#CLASSII/MAVERICK	Polinton-1_DY_1#CLASSII/MAVERICK	99.107	1456	10	2	3747	5199	1456	1	0.0	2614
D.santomea_STO_CAGO_1482_RefSeq_MAVERICK_4--newFamily#CLASSII/MAVERICK	NF-MAVERICK-7_2#CLASSII/MAVERICK	100.000	9230	0	0	1	9230	1	9230	0.0	17045
D.santomea_STO_CAGO_1482_RefSeq_MAVERICK_4--newFamily#CLASSII/MAVERICK	NF-MAVERICK-7_1#CLASSII/MAVERICK	98.596	4773	25	10	1	4736	4768	1	0.0	8405
D.santomea_STO_CAGO_1482_RefSeq_MAVERICK_4--newFamily#CLASSII/MAVERICK	Polinton-1_DY_2#CLASSII/MAVERICK	98.566	4113	22	14	4737	8814	2	4112	0.0	7234
D.santomea_STO_CAGO_1482_RefSeq_MAVERICK_4--newFamily#CLASSII/MAVERICK	Polinton-1_DY_1#CLASSII/MAVERICK	99.121	1024	7	2	1	1022	433	1456	0.0	1840
D.santomea_STO_CAGO_1482_RefSeq_MAVERICK_5--newFamily#CLASSII/MAVERICK	Polinton-1_DY_2#CLASSII/MAVERICK	100.000	8556	0	0	1	8556	1	8556	0.0	15801
D.santomea_STO_CAGO_1482_RefSeq_MAVERICK_5--newFamily#CLASSII/MAVERICK	NF-MAVERICK-7_2#CLASSII/MAVERICK	98.566	4113	22	14	2	4112	4737	8814	0.0	7234
D.santomea_STO_CAGO_1482_RefSeq_MAVERICK_5--newFamily#CLASSII/MAVERICK	Polinton-1_DY_1#CLASSII/MAVERICK	99.329	3874	4	2	4705	8556	6295	2422	0.0	6990
D.santomea_STO_CAGO_1482_RefSeq_HELITRON_14--newFamily#CLASSII/HELITRON	DNAREP1_DYak_1#CLASSII/HELITRON	96.429	336	5	7	378	713	143	471	5.08e-157	547
D.santomea_STO_CAGO_1482_RefSeq_HELITRON_14--newFamily#CLASSII/HELITRON	DNAREP1_DSim_1#CLASSII/HELITRON	100.000	127	0	0	206	332	36	162	4.49e-63	235
D.santomea_STO_CAGO_1482_RefSeq_HELITRON_14--newFamily#CLASSII/HELITRON	Gypsy20_Dya_1#CLASSI/LTR/GYPSY	95.294	85	0	3	373	455	83	1	6.06e-32	132
D.santomea_STO_CAGO_1482_RefSeq_HELITRON_14--newFamily#CLASSII/HELITRON	BEL-6_DYa_1#CLASSI/LTR/BELPAO	90.110	91	8	1	215	305	90	1	1.70e-27	117
D.santomea_STO_CAGO_1482_RefSeq_HELITRON_14--newFamily#CLASSII/HELITRON	Gypsy-4_DSe_2#CLASSI/LTR/GYPSY	96.552	58	2	0	296	353	1981	2038	2.21e-21	97.1
D.santomea_STO_CAGO_1482_RefSeq_HELITRON_14--newFamily#CLASSII/HELITRON	Gypsy-4_DSe_1#CLASSI/LTR/GYPSY	85.294	102	1	12	388	484	630	722	2.86e-20	93.5
D.santomea_STO_CAGO_1482_RefSeq_HELITRON_15--newFamily#CLASSII/HELITRON	Helitron-2_DRh_1#CLASSII/HELITRON	97.391	575	13	1	3750	4324	195	767	0.0	977
D.santomea_STO_CAGO_1482_RefSeq_HELITRON_15--newFamily#CLASSII/HELITRON	DNAREP1_DSim_1#CLASSII/HELITRON	98.246	57	1	0	33	89	32	88	2.29e-21	100
D.santomea_STO_CAGO_1482_RefSeq_HELITRON_15--newFamily#CLASSII/HELITRON	DNAREP1_DYak_1#CLASSII/HELITRON	98.214	56	0	1	34	89	3	57	2.97e-20	97.1
D.santomea_STO_CAGO_1482_RefSeq_MITE_5--newFamily#CLASSII/MITE	NF-MITE-623_1#CLASSII/MITE	100.000	618	0	0	1	618	1	618	0.0	1142
D.santomea_STO_CAGO_1482_RefSeq_MITE_5--newFamily#CLASSII/MITE	NF-MITE-654_1#CLASSII/MITE	98.107	581	0	8	1	580	571	1	0.0	1002
