NF-HELITRON-24_1#CLASSII/HELITRON	rnd-1_family-162_inc#CLASSII/HELITRON	96.484	512	8	4	1683	2193	120	622	0.0	837
NF-HELITRON-24_2#CLASSII/HELITRON	rnd-1_family-162_inc#CLASSII/HELITRON	96.845	1743	25	7	1	1743	1832	120	0.0	2887
NF-HELITRON-113_1#CLASSII/HELITRON	rnd-5_family-946_inc#CLASSII/HELITRON	97.357	454	8	2	1	453	320	770	0.0	771
NF-HELITRON-113_1#CLASSII/HELITRON	rnd-3_family-11_inc#CLASSII/HELITRON	96.522	460	9	3	1	454	1382	924	0.0	758
NF-HELITRON-113_1#CLASSII/HELITRON	FBte0000823#CLASSII/MITE	96.674	451	11	3	2	448	451	1	0.0	752
NF-HELITRON-113_1#CLASSII/HELITRON	rnd-1_family-536_inc#CLASSI/LTR/LARD	95.154	454	16	4	1	453	2185	1737	0.0	712
NF-HELITRON-113_1#CLASSII/HELITRON	rnd-5_family-1661_s_1_unconfirmed#CLASSI/LTR/LARD	94.891	137	5	2	317	453	1838	1704	3.28e-57	213
NF-HELITRON-113_1#CLASSII/HELITRON	rnd-5_family-859_unconfirmed#CLASSI/LTR/TRIM	84.052	232	21	3	194	425	2993	3208	4.24e-56	209
Copia-2_DPer_1#CLASSI/LTR/COPIA	Copia-2_DPer-I#CLASSI/LTR/COPIA	100.000	4539	0	0	1	4539	1	4539	0.0	8383
Copia-2_DPer_2#CLASSI/LTR/COPIA	Copia-2_DPer-I#CLASSI/LTR/COPIA	100.000	740	0	0	1	740	3800	4539	0.0	1367
BEL-3_DPer_1#CLASSI/LTR/BELPAO	BEL-3_DPer-I#CLASSI/LTR	100.000	6285	0	0	1	6285	1	6285	0.0	11607
LOA-1_DPer_1#CLASSI/LINE/LOA	LOA-1_DPer#CLASSI/LINE	100.000	5513	0	0	1	5513	1	5513	0.0	10181
LOA-1_DPer_1#CLASSI/LINE/LOA	LOA-1_DPer_duplicate1#CLASSI/LINE/R1	97.376	2744	60	10	1202	3942	1	2735	0.0	4658
BEL-8_DPe_1#CLASSI/LTR/BELPAO	BEL-3_DYa-I#CLASSI/LTR	100.000	5859	0	0	1	5859	1	5859	0.0	10820
Loa-1_DK_1#CLASSI/LINE/LOA	Loa-1_DK#CLASSI/LINE	100.000	5393	0	0	1	5393	1	5393	0.0	9960
CR1-1_DPer_1#CLASSI/LINE/CR1	CR1-1_DPer#CLASSI/LINE/CR1	100.000	4543	0	0	1	4543	1	4543	0.0	8390
Mariner-5_DAn_1#CLASSII/TIR/TC1MARINER	Mariner-5_DAn#CLASSII/TIR/TC1MARINER	100.000	1622	0	0	1	1622	1	1622	0.0	2996
Helitron-1_DPe_1#CLASSII/HELITRON	Helitron-1_DPe#CLASSII/HELITRON	100.000	6890	0	0	1	6890	1	6890	0.0	12724
Helitron-1_DPe_1#CLASSII/HELITRON	rnd-1_family-423_s_1_inc#CLASSII/HELITRON	89.734	1315	104	20	1162	2461	1540	2838	0.0	1652
Mariner-25_DF_1#CLASSII/TIR/TC1MARINER	Mariner-25_DF#CLASSII/TIR/TC1MARINER	100.000	1544	0	0	1	1544	1	1544	0.0	2852
Mariner-9_DK_1#CLASSII/TIR/TC1MARINER	Mariner-9_DK#CLASSII/TIR/TC1MARINER	100.000	1773	0	0	1	1773	1	1773	0.0	3275
Nobel_I_1#CLASSI/LTR/BELPAO	BEL-3_DYa-I#CLASSI/LTR	80.212	5377	967	70	1688	7005	468	5806	0.0	3945
NF-LINE-26_1#CLASSI/LINE	rnd-5_family-1661_s_1_unconfirmed#CLASSI/LTR/LARD	98.630	73	1	0	4229	4301	1591	1663	2.52e-31	130
NF-MITE-359_1#CLASSII/MITE	rnd-5_family-1520_unconfirmed#CLASSII/MITE	100.000	1052	0	0	1	1052	1	1052	0.0	1943
NF-HELITRON-24_3#CLASSII/HELITRON	rnd-1_family-162_inc#CLASSII/HELITRON	97.908	1243	15	5	130	1372	120	1351	0.0	2141
Polinton-1_DPe_1#CLASSII/MAVERICK	rnd-5_family-1885_inc#CLASSII/MAVERICK	99.930	8528	4	2	1	8528	7707	16232	0.0	15714
NF-CMC-3_1#CLASSII/TIR/CMC	rnd-5_family-859_unconfirmed#CLASSI/LTR/TRIM	88.532	436	29	16	2	432	425	6	2.32e-145	508
NF-CMC-3_1#CLASSII/TIR/CMC	rnd-3_family-11_inc#CLASSII/HELITRON	88.372	344	29	5	3074	3414	2141	1806	5.17e-122	431
NF-HELITRON-24_4#CLASSII/HELITRON	rnd-1_family-162_inc#CLASSII/HELITRON	95.897	1243	22	7	1307	2531	120	1351	0.0	1986
NF-HELITRON-30_1#CLASSII/HELITRON	rnd-5_family-2422_s_2_inc#CLASSII/HELITRON	93.690	840	16	5	4	838	1376	2183	0.0	1223
BEL-3_DPer_2#CLASSI/LTR/BELPAO	BEL-3_DPer-I#CLASSI/LTR	98.545	825	10	2	81	904	1	824	0.0	1456
BEL-3_DPer_3#CLASSI/LTR/BELPAO	BEL-3_DPer-I#CLASSI/LTR	93.299	388	22	4	1	386	5900	6285	1.08e-164	569
NF-MITE-79_1#CLASSII/MITE	rnd-5_family-1334_inc#CLASSII/MITE	100.000	1667	0	0	1	1667	1	1667	0.0	3046
Polinton-1_DPe_2#CLASSII/MAVERICK	rnd-5_family-1885_inc#CLASSII/MAVERICK	100.000	16232	0	0	1	16232	1	16232	0.0	29975
NF-MITE-265_1#CLASSII/MITE	rnd-1_family-114_inc#CLASSII/MITE	100.000	1333	0	0	1	1333	1	1333	0.0	2462
NF-MITE-596_1#CLASSII/MITE	rnd-1_family-99_unconfirmed#CLASSII/MITE	100.000	703	0	0	1	703	1	703	0.0	1299
NF-MITE-511_1#CLASSII/MITE	rnd-1_family-375_unconfirmed#CLASSII/MITE	100.000	793	0	0	1	793	1	793	0.0	1465
NF-MITE-760_1#CLASSII/MITE	rnd-1_family-533_unconfirmed#CLASSII/MITE	100.000	349	0	0	1	349	1	349	0.0	645
NF-MITE-586_1#CLASSII/MITE	rnd-1_family-575_s_2_unconfirmed#CLASSII/MITE	100.000	620	0	0	1	620	1	620	0.0	1146
NF-MITE-381_1#CLASSII/MITE	rnd-5_family-9082_unconfirmed#CLASSII/MITE	100.000	1032	0	0	1	1032	1	1032	0.0	1906
NF-MITE-752_1#CLASSII/MITE	rnd-5_family-11608_unconfirmed#CLASSII/MITE	100.000	381	0	0	1	381	1	381	0.0	704
