Copia-2_DPer-I#CLASSI/LTR/COPIA	Copia-2_DPer_1#CLASSI/LTR/COPIA	100.000	4539	0	0	1	4539	1	4539	0.0	8383
Copia-2_DPer-I#CLASSI/LTR/COPIA	Copia-2_DPer_2#CLASSI/LTR/COPIA	100.000	740	0	0	3800	4539	1	740	0.0	1367
BEL-3_DPer-I#CLASSI/LTR	BEL-3_DPer_1#CLASSI/LTR/BELPAO	100.000	6285	0	0	1	6285	1	6285	0.0	11607
BEL-3_DPer-I#CLASSI/LTR	BEL-3_DPer_2#CLASSI/LTR/BELPAO	98.545	825	10	2	1	824	81	904	0.0	1456
BEL-3_DPer-I#CLASSI/LTR	BEL-3_DPer_3#CLASSI/LTR/BELPAO	93.299	388	22	4	5900	6285	1	386	8.33e-163	569
LOA-1_DPer#CLASSI/LINE	LOA-1_DPer_1#CLASSI/LINE/LOA	100.000	5513	0	0	1	5513	1	5513	0.0	10181
BEL-3_DYa-I#CLASSI/LTR	BEL-8_DPe_1#CLASSI/LTR/BELPAO	100.000	5859	0	0	1	5859	1	5859	0.0	10820
BEL-3_DYa-I#CLASSI/LTR	Nobel_I_1#CLASSI/LTR/BELPAO	80.208	5376	969	67	468	5806	1688	7005	0.0	3945
Loa-1_DK#CLASSI/LINE	Loa-1_DK_1#CLASSI/LINE/LOA	100.000	5393	0	0	1	5393	1	5393	0.0	9960
CR1-1_DPer#CLASSI/LINE/CR1	CR1-1_DPer_1#CLASSI/LINE/CR1	100.000	4543	0	0	1	4543	1	4543	0.0	8390
Mariner-5_DAn#CLASSII/TIR/TC1MARINER	Mariner-5_DAn_1#CLASSII/TIR/TC1MARINER	100.000	1622	0	0	1	1622	1	1622	0.0	2996
Helitron-1_DPe#CLASSII/HELITRON	Helitron-1_DPe_1#CLASSII/HELITRON	100.000	6890	0	0	1	6890	1	6890	0.0	12724
Mariner-25_DF#CLASSII/TIR/TC1MARINER	Mariner-25_DF_1#CLASSII/TIR/TC1MARINER	100.000	1544	0	0	1	1544	1	1544	0.0	2852
Mariner-9_DK#CLASSII/TIR/TC1MARINER	Mariner-9_DK_1#CLASSII/TIR/TC1MARINER	100.000	1773	0	0	1	1773	1	1773	0.0	3275
FBte0000823#CLASSII/MITE	NF-HELITRON-113_1#CLASSII/HELITRON	96.674	451	11	3	1	451	448	2	0.0	752
LOA-1_DPer_duplicate1#CLASSI/LINE/R1	LOA-1_DPer_1#CLASSI/LINE/LOA	97.376	2744	60	10	1	2735	1202	3942	0.0	4658
D.tristis_nanopore_D2_MITE_3--newFamily#CLASSII/MITE	NF-MITE-265_1#CLASSII/MITE	100.000	1333	0	0	1	1333	1	1333	0.0	2462
D.tristis_nanopore_D2_HELITRON_2--newFamily#CLASSII/HELITRON	NF-HELITRON-24_2#CLASSII/HELITRON	96.897	1740	24	7	123	1832	1740	1	0.0	2887
D.tristis_nanopore_D2_HELITRON_2--newFamily#CLASSII/HELITRON	NF-HELITRON-24_3#CLASSII/HELITRON	97.908	1243	15	5	120	1351	130	1372	0.0	2141
D.tristis_nanopore_D2_HELITRON_2--newFamily#CLASSII/HELITRON	NF-HELITRON-24_4#CLASSII/HELITRON	95.897	1243	22	7	120	1351	1307	2531	0.0	1986
D.tristis_nanopore_D2_HELITRON_2--newFamily#CLASSII/HELITRON	NF-HELITRON-24_1#CLASSII/HELITRON	96.484	512	8	4	120	622	1683	2193	0.0	837
D.tristis_nanopore_D2_HELITRON_3--newFamily#CLASSII/HELITRON	Helitron-1_DPe_1#CLASSII/HELITRON	89.734	1315	104	20	1540	2838	1162	2461	0.0	1652
D.tristis_nanopore_D2_LARD_1--newFamily#CLASSI/LTR/LARD	NF-HELITRON-113_1#CLASSII/HELITRON	95.154	454	16	4	1737	2185	453	1	0.0	712
D.tristis_nanopore_D2_HELITRON_4--newFamily#CLASSII/HELITRON	NF-HELITRON-113_1#CLASSII/HELITRON	96.522	460	9	3	924	1382	454	1	0.0	758
D.tristis_nanopore_D2_HELITRON_4--newFamily#CLASSII/HELITRON	NF-CMC-3_1#CLASSII/TIR/CMC	88.372	344	29	5	1806	2141	3414	3074	1.39e-121	431
D.tristis_nanopore_D2_HELITRON_6--newFamily#CLASSII/HELITRON	NF-HELITRON-113_1#CLASSII/HELITRON	97.357	454	8	2	320	770	1	453	0.0	771
D.tristis_nanopore_D2_MAVERICK_1--newFamily#CLASSII/MAVERICK	Polinton-1_DPe_2#CLASSII/MAVERICK	100.000	16232	0	0	1	16232	1	16232	0.0	29975
D.tristis_nanopore_D2_MAVERICK_1--newFamily#CLASSII/MAVERICK	Polinton-1_DPe_1#CLASSII/MAVERICK	99.930	8528	4	2	7707	16232	1	8528	0.0	15714
D.tristis_nanopore_D2_MITE_4--newFamily#CLASSII/MITE	NF-MITE-79_1#CLASSII/MITE	100.000	1667	0	0	1	1667	1	1667	0.0	3046
D.tristis_nanopore_D2_HELITRON_7--newFamily#CLASSII/HELITRON	NF-HELITRON-30_1#CLASSII/HELITRON	93.690	840	16	5	1376	2183	4	838	0.0	1223
D.tristis_nanopore_D2_MITE_7--newFamily#CLASSII/MITE	NF-MITE-596_1#CLASSII/MITE	100.000	703	0	0	1	703	1	703	0.0	1299
D.tristis_nanopore_D2_MITE_8--newFamily#CLASSII/MITE	NF-MITE-511_1#CLASSII/MITE	100.000	793	0	0	1	793	1	793	0.0	1465
D.tristis_nanopore_D2_MITE_9--newFamily#CLASSII/MITE	NF-MITE-760_1#CLASSII/MITE	100.000	349	0	0	1	349	1	349	0.0	645
D.tristis_nanopore_D2_MITE_10--newFamily#CLASSII/MITE	NF-MITE-586_1#CLASSII/MITE	100.000	620	0	0	1	620	1	620	0.0	1146
D.tristis_nanopore_D2_MITE_12--newFamily#CLASSII/MITE	NF-MITE-381_1#CLASSII/MITE	100.000	1032	0	0	1	1032	1	1032	0.0	1906
D.tristis_nanopore_D2_TRIM_1--newFamily#CLASSI/LTR/TRIM	NF-CMC-3_1#CLASSII/TIR/CMC	88.684	433	28	16	9	425	429	2	2.66e-144	508
D.tristis_nanopore_D2_TRIM_1--newFamily#CLASSI/LTR/TRIM	NF-HELITRON-113_1#CLASSII/HELITRON	84.052	232	21	3	2993	3208	194	425	3.03e-54	209
D.tristis_nanopore_D2_MITE_13--newFamily#CLASSII/MITE	NF-MITE-359_1#CLASSII/MITE	100.000	1052	0	0	1	1052	1	1052	0.0	1943
D.tristis_nanopore_D2_MITE_14--newFamily#CLASSII/MITE	NF-MITE-752_1#CLASSII/MITE	100.000	381	0	0	1	381	1	381	0.0	704
D.tristis_nanopore_D2_LARD_2--newFamily#CLASSI/LTR/LARD	NF-HELITRON-113_1#CLASSII/HELITRON	94.286	140	6	2	5059	5196	453	314	1.39e-55	213
D.tristis_nanopore_D2_LARD_2--newFamily#CLASSI/LTR/LARD	NF-LINE-26_1#CLASSI/LINE	98.630	73	1	0	1591	1663	4229	4301	1.44e-30	130
